<?xml version="1.0" encoding="UTF-8"?>
<TestRun id="09cecf06-f217-4c9c-900a-6d1bb4399190" name="parinya.c@PC_004 2012-10-05 09:52:22" runUser="CARPASSAD\parinya.c" xmlns="http://microsoft.com/schemas/VisualStudio/TeamTest/2010">
  <TestSettings name="Local" id="ef382cb5-c94e-4630-beb4-c28e26d8ecd3">
    <Description>These are default test settings for a local test run.</Description>
    <Deployment enabled="false" runDeploymentRoot="parinya.c_PC_004 2012-10-05 09_52_22">
      <DeploymentItem filename="D:\GithubRepositories\AdminChavp\AdminChavp.Test\lib\Newtonsoft.Json.dll" />
      <DeploymentItem filename="D:\GithubRepositories\AdminChavp\AdminChavp.Test\lib\MongoDB.Bson.dll" />
      <DeploymentItem filename="D:\GithubRepositories\AdminChavp\AdminChavp.Test\lib\MongoDB.Driver.dll" />
    </Deployment>
    <Execution>
      <TestTypeSpecific />
      <AgentRule name="Execution Agents">
      </AgentRule>
    </Execution>
  </TestSettings>
  <Times creation="2012-10-05T09:52:22.5485015+07:00" queuing="2012-10-05T09:52:22.6420649+07:00" start="2012-10-05T09:52:22.6576588+07:00" finish="2012-10-05T09:52:23.2502270+07:00" />
  <ResultSummary outcome="Completed">
    <Counters total="1" executed="1" passed="1" error="0" failed="0" timeout="0" aborted="0" inconclusive="0" passedButRunAborted="0" notRunnable="0" notExecuted="0" disconnected="0" warning="0" completed="0" inProgress="0" pending="0" />
  </ResultSummary>
  <TestDefinitions>
    <UnitTest name="GetDetailOfMethod" storage="d:\githubrepositories\adminchavp\adminchavp.test\bin\debug\adminchavp.test.dll" id="ac4dd233-1222-c5c0-194c-46d8d7f0a600">
      <Execution id="d27ce507-18c6-4620-a353-41f0be8bcf78" />
      <TestMethod codeBase="D:/GithubRepositories/AdminChavp/AdminChavp.Test/bin/Debug/AdminChavp.Test.DLL" adapterTypeName="Microsoft.VisualStudio.TestTools.TestTypes.Unit.UnitTestAdapter, Microsoft.VisualStudio.QualityTools.Tips.UnitTest.Adapter, Version=10.0.0.0, Culture=neutral, PublicKeyToken=b03f5f7f11d50a3a" className="AdminChavp.Test.UnitTest1, AdminChavp.Test, Version=1.0.0.0, Culture=neutral, PublicKeyToken=null" name="GetDetailOfMethod" />
    </UnitTest>
  </TestDefinitions>
  <TestLists>
    <TestList name="Results Not in a List" id="8c84fa94-04c1-424b-9868-57a2d4851a1d" />
    <TestList name="All Loaded Results" id="19431567-8539-422a-85d7-44ee4e166bda" />
  </TestLists>
  <TestEntries>
    <TestEntry testId="ac4dd233-1222-c5c0-194c-46d8d7f0a600" executionId="d27ce507-18c6-4620-a353-41f0be8bcf78" testListId="8c84fa94-04c1-424b-9868-57a2d4851a1d" />
  </TestEntries>
  <Results>
    <UnitTestResult executionId="d27ce507-18c6-4620-a353-41f0be8bcf78" testId="ac4dd233-1222-c5c0-194c-46d8d7f0a600" testName="GetDetailOfMethod" computerName="PC_004" duration="00:00:00.3756276" startTime="2012-10-05T09:52:22.6576588+07:00" endTime="2012-10-05T09:52:23.2346331+07:00" testType="13cdc9d9-ddb5-4fa4-a97d-d965ccfc6d4b" outcome="Passed" testListId="8c84fa94-04c1-424b-9868-57a2d4851a1d" relativeResultsDirectory="d27ce507-18c6-4620-a353-41f0be8bcf78">
      <Output>
        <StdOut>{ "createdDate" : ISODate("2012-10-04T02:57:00.533Z") } - { "count" : 1.0 } - 1 - 10/4/2012 9:57:00 AM
{ "createdDate" : ISODate("2012-10-04T02:57:00.611Z") } - { "count" : 1.0 } - 1 - 10/4/2012 9:57:00 AM
{ "createdDate" : ISODate("2012-10-04T02:57:00.674Z") } - { "count" : 1.0 } - 1 - 10/4/2012 9:57:00 AM
{ "createdDate" : ISODate("2012-10-04T02:57:00.752Z") } - { "count" : 1.0 } - 1 - 10/4/2012 9:57:00 AM
{ "createdDate" : ISODate("2012-10-04T02:57:00.845Z") } - { "count" : 1.0 } - 1 - 10/4/2012 9:57:00 AM
{ "createdDate" : ISODate("2012-10-04T02:57:00.908Z") } - { "count" : 1.0 } - 1 - 10/4/2012 9:57:00 AM
{ "createdDate" : ISODate("2012-10-04T02:57:00.986Z") } - { "count" : 1.0 } - 1 - 10/4/2012 9:57:00 AM
{ "createdDate" : ISODate("2012-10-04T02:57:01.064Z") } - { "count" : 1.0 } - 1 - 10/4/2012 9:57:01 AM
{ "createdDate" : ISODate("2012-10-04T02:57:01.158Z") } - { "count" : 1.0 } - 1 - 10/4/2012 9:57:01 AM
{ "createdDate" : ISODate("2012-10-04T02:57:01.236Z") } - { "count" : 1.0 } - 1 - 10/4/2012 9:57:01 AM
{ "createdDate" : ISODate("2012-10-04T02:59:21.642Z") } - { "count" : 1.0 } - 1 - 10/4/2012 9:59:21 AM
{ "createdDate" : ISODate("2012-10-04T02:59:21.736Z") } - { "count" : 1.0 } - 1 - 10/4/2012 9:59:21 AM
{ "createdDate" : ISODate("2012-10-04T02:59:21.939Z") } - { "count" : 1.0 } - 1 - 10/4/2012 9:59:21 AM
{ "createdDate" : ISODate("2012-10-04T02:59:22.064Z") } - { "count" : 1.0 } - 1 - 10/4/2012 9:59:22 AM
{ "createdDate" : ISODate("2012-10-04T02:59:22.158Z") } - { "count" : 1.0 } - 1 - 10/4/2012 9:59:22 AM
{ "createdDate" : ISODate("2012-10-04T02:59:22.314Z") } - { "count" : 1.0 } - 1 - 10/4/2012 9:59:22 AM
{ "createdDate" : ISODate("2012-10-04T02:59:22.424Z") } - { "count" : 1.0 } - 1 - 10/4/2012 9:59:22 AM
{ "createdDate" : ISODate("2012-10-04T02:59:22.517Z") } - { "count" : 1.0 } - 1 - 10/4/2012 9:59:22 AM
{ "createdDate" : ISODate("2012-10-04T02:59:22.845Z") } - { "count" : 1.0 } - 1 - 10/4/2012 9:59:22 AM
{ "createdDate" : ISODate("2012-10-04T02:59:23.033Z") } - { "count" : 1.0 } - 1 - 10/4/2012 9:59:23 AM
{ "createdDate" : ISODate("2012-10-04T03:01:15.377Z") } - { "count" : 1.0 } - 1 - 10/4/2012 10:01:15 AM
{ "createdDate" : ISODate("2012-10-04T03:01:15.439Z") } - { "count" : 1.0 } - 1 - 10/4/2012 10:01:15 AM
{ "createdDate" : ISODate("2012-10-04T03:01:15.517Z") } - { "count" : 1.0 } - 1 - 10/4/2012 10:01:15 AM
{ "createdDate" : ISODate("2012-10-04T03:01:15.595Z") } - { "count" : 1.0 } - 1 - 10/4/2012 10:01:15 AM
{ "createdDate" : ISODate("2012-10-04T03:01:15.658Z") } - { "count" : 1.0 } - 1 - 10/4/2012 10:01:15 AM
{ "createdDate" : ISODate("2012-10-04T03:01:15.72Z") } - { "count" : 1.0 } - 1 - 10/4/2012 10:01:15 AM
{ "createdDate" : ISODate("2012-10-04T03:01:15.783Z") } - { "count" : 1.0 } - 1 - 10/4/2012 10:01:15 AM
{ "createdDate" : ISODate("2012-10-04T03:01:15.861Z") } - { "count" : 1.0 } - 1 - 10/4/2012 10:01:15 AM
{ "createdDate" : ISODate("2012-10-04T03:01:15.924Z") } - { "count" : 1.0 } - 1 - 10/4/2012 10:01:15 AM
{ "createdDate" : ISODate("2012-10-04T03:01:15.986Z") } - { "count" : 1.0 } - 1 - 10/4/2012 10:01:15 AM
{ "createdDate" : ISODate("2012-10-04T03:08:43.595Z") } - { "count" : 1.0 } - 1 - 10/4/2012 10:08:43 AM
{ "createdDate" : ISODate("2012-10-04T03:08:43.658Z") } - { "count" : 1.0 } - 1 - 10/4/2012 10:08:43 AM
{ "createdDate" : ISODate("2012-10-04T03:08:43.72Z") } - { "count" : 1.0 } - 1 - 10/4/2012 10:08:43 AM
{ "createdDate" : ISODate("2012-10-04T03:08:43.783Z") } - { "count" : 1.0 } - 1 - 10/4/2012 10:08:43 AM
{ "createdDate" : ISODate("2012-10-04T03:08:43.845Z") } - { "count" : 1.0 } - 1 - 10/4/2012 10:08:43 AM
{ "createdDate" : ISODate("2012-10-04T03:08:43.924Z") } - { "count" : 1.0 } - 1 - 10/4/2012 10:08:43 AM
{ "createdDate" : ISODate("2012-10-04T03:08:43.986Z") } - { "count" : 1.0 } - 1 - 10/4/2012 10:08:43 AM
{ "createdDate" : ISODate("2012-10-04T03:08:44.049Z") } - { "count" : 1.0 } - 1 - 10/4/2012 10:08:44 AM
{ "createdDate" : ISODate("2012-10-04T03:08:44.127Z") } - { "count" : 1.0 } - 1 - 10/4/2012 10:08:44 AM
{ "createdDate" : ISODate("2012-10-04T03:08:44.314Z") } - { "count" : 1.0 } - 1 - 10/4/2012 10:08:44 AM
{ "createdDate" : ISODate("2012-10-04T03:14:49.97Z") } - { "count" : 1.0 } - 1 - 10/4/2012 10:14:49 AM
{ "createdDate" : ISODate("2012-10-04T03:14:50.064Z") } - { "count" : 1.0 } - 1 - 10/4/2012 10:14:50 AM
{ "createdDate" : ISODate("2012-10-04T03:14:50.127Z") } - { "count" : 1.0 } - 1 - 10/4/2012 10:14:50 AM
{ "createdDate" : ISODate("2012-10-04T03:14:50.22Z") } - { "count" : 1.0 } - 1 - 10/4/2012 10:14:50 AM
{ "createdDate" : ISODate("2012-10-04T03:14:50.299Z") } - { "count" : 1.0 } - 1 - 10/4/2012 10:14:50 AM
{ "createdDate" : ISODate("2012-10-04T03:14:50.377Z") } - { "count" : 1.0 } - 1 - 10/4/2012 10:14:50 AM
{ "createdDate" : ISODate("2012-10-04T03:14:50.455Z") } - { "count" : 1.0 } - 1 - 10/4/2012 10:14:50 AM
{ "createdDate" : ISODate("2012-10-04T03:14:50.533Z") } - { "count" : 1.0 } - 1 - 10/4/2012 10:14:50 AM
{ "createdDate" : ISODate("2012-10-04T03:14:50.611Z") } - { "count" : 1.0 } - 1 - 10/4/2012 10:14:50 AM
{ "createdDate" : ISODate("2012-10-04T03:14:50.689Z") } - { "count" : 1.0 } - 1 - 10/4/2012 10:14:50 AM
{ "createdDate" : ISODate("2012-10-04T03:28:32.986Z") } - { "count" : 1.0 } - 1 - 10/4/2012 10:28:32 AM
{ "createdDate" : ISODate("2012-10-04T03:28:33.377Z") } - { "count" : 1.0 } - 1 - 10/4/2012 10:28:33 AM
{ "createdDate" : ISODate("2012-10-04T03:28:33.439Z") } - { "count" : 1.0 } - 1 - 10/4/2012 10:28:33 AM
{ "createdDate" : ISODate("2012-10-04T03:28:33.502Z") } - { "count" : 1.0 } - 1 - 10/4/2012 10:28:33 AM
{ "createdDate" : ISODate("2012-10-04T03:28:33.564Z") } - { "count" : 1.0 } - 1 - 10/4/2012 10:28:33 AM
{ "createdDate" : ISODate("2012-10-04T03:28:33.627Z") } - { "count" : 1.0 } - 1 - 10/4/2012 10:28:33 AM
{ "createdDate" : ISODate("2012-10-04T03:28:33.689Z") } - { "count" : 1.0 } - 1 - 10/4/2012 10:28:33 AM
{ "createdDate" : ISODate("2012-10-04T03:28:33.752Z") } - { "count" : 1.0 } - 1 - 10/4/2012 10:28:33 AM
{ "createdDate" : ISODate("2012-10-04T03:28:33.814Z") } - { "count" : 1.0 } - 1 - 10/4/2012 10:28:33 AM
{ "createdDate" : ISODate("2012-10-04T03:28:34.314Z") } - { "count" : 1.0 } - 1 - 10/4/2012 10:28:34 AM
{ "createdDate" : ISODate("2012-10-04T03:33:04.236Z") } - { "count" : 1.0 } - 1 - 10/4/2012 10:33:04 AM
{ "createdDate" : ISODate("2012-10-04T03:33:04.33Z") } - { "count" : 1.0 } - 1 - 10/4/2012 10:33:04 AM
{ "createdDate" : ISODate("2012-10-04T03:33:04.392Z") } - { "count" : 1.0 } - 1 - 10/4/2012 10:33:04 AM
{ "createdDate" : ISODate("2012-10-04T03:33:04.47Z") } - { "count" : 1.0 } - 1 - 10/4/2012 10:33:04 AM
{ "createdDate" : ISODate("2012-10-04T03:33:04.549Z") } - { "count" : 1.0 } - 1 - 10/4/2012 10:33:04 AM
{ "createdDate" : ISODate("2012-10-04T03:33:04.611Z") } - { "count" : 1.0 } - 1 - 10/4/2012 10:33:04 AM
{ "createdDate" : ISODate("2012-10-04T03:33:04.689Z") } - { "count" : 1.0 } - 1 - 10/4/2012 10:33:04 AM
{ "createdDate" : ISODate("2012-10-04T03:33:04.767Z") } - { "count" : 1.0 } - 1 - 10/4/2012 10:33:04 AM
{ "createdDate" : ISODate("2012-10-04T03:33:04.845Z") } - { "count" : 1.0 } - 1 - 10/4/2012 10:33:04 AM
{ "createdDate" : ISODate("2012-10-04T03:33:04.924Z") } - { "count" : 1.0 } - 1 - 10/4/2012 10:33:04 AM
{ "createdDate" : ISODate("2012-10-04T03:37:00.299Z") } - { "count" : 1.0 } - 1 - 10/4/2012 10:37:00 AM
{ "createdDate" : ISODate("2012-10-04T03:37:00.392Z") } - { "count" : 1.0 } - 1 - 10/4/2012 10:37:00 AM
{ "createdDate" : ISODate("2012-10-04T03:37:00.486Z") } - { "count" : 1.0 } - 1 - 10/4/2012 10:37:00 AM
{ "createdDate" : ISODate("2012-10-04T03:37:00.564Z") } - { "count" : 1.0 } - 1 - 10/4/2012 10:37:00 AM
{ "createdDate" : ISODate("2012-10-04T03:37:00.658Z") } - { "count" : 1.0 } - 1 - 10/4/2012 10:37:00 AM
{ "createdDate" : ISODate("2012-10-04T03:37:00.736Z") } - { "count" : 1.0 } - 1 - 10/4/2012 10:37:00 AM
{ "createdDate" : ISODate("2012-10-04T03:37:00.814Z") } - { "count" : 1.0 } - 1 - 10/4/2012 10:37:00 AM
{ "createdDate" : ISODate("2012-10-04T03:37:00.892Z") } - { "count" : 1.0 } - 1 - 10/4/2012 10:37:00 AM
{ "createdDate" : ISODate("2012-10-04T03:37:00.955Z") } - { "count" : 1.0 } - 1 - 10/4/2012 10:37:00 AM
{ "createdDate" : ISODate("2012-10-04T03:37:01.049Z") } - { "count" : 1.0 } - 1 - 10/4/2012 10:37:01 AM
{ "createdDate" : ISODate("2012-10-04T04:14:48.705Z") } - { "count" : 1.0 } - 1 - 10/4/2012 11:14:48 AM
{ "createdDate" : ISODate("2012-10-04T04:14:48.783Z") } - { "count" : 1.0 } - 1 - 10/4/2012 11:14:48 AM
{ "createdDate" : ISODate("2012-10-04T04:14:48.845Z") } - { "count" : 1.0 } - 1 - 10/4/2012 11:14:48 AM
{ "createdDate" : ISODate("2012-10-04T04:14:48.924Z") } - { "count" : 1.0 } - 1 - 10/4/2012 11:14:48 AM
{ "createdDate" : ISODate("2012-10-04T04:14:48.986Z") } - { "count" : 1.0 } - 1 - 10/4/2012 11:14:48 AM
{ "createdDate" : ISODate("2012-10-04T04:14:49.049Z") } - { "count" : 1.0 } - 1 - 10/4/2012 11:14:49 AM
{ "createdDate" : ISODate("2012-10-04T04:14:49.127Z") } - { "count" : 1.0 } - 1 - 10/4/2012 11:14:49 AM
{ "createdDate" : ISODate("2012-10-04T04:14:49.189Z") } - { "count" : 1.0 } - 1 - 10/4/2012 11:14:49 AM
{ "createdDate" : ISODate("2012-10-04T04:14:49.267Z") } - { "count" : 1.0 } - 1 - 10/4/2012 11:14:49 AM
{ "createdDate" : ISODate("2012-10-04T04:14:49.345Z") } - { "count" : 1.0 } - 1 - 10/4/2012 11:14:49 AM
{ "createdDate" : ISODate("2012-10-04T04:19:20.158Z") } - { "count" : 1.0 } - 1 - 10/4/2012 11:19:20 AM
{ "createdDate" : ISODate("2012-10-04T04:19:20.377Z") } - { "count" : 1.0 } - 1 - 10/4/2012 11:19:20 AM
{ "createdDate" : ISODate("2012-10-04T04:19:20.439Z") } - { "count" : 1.0 } - 1 - 10/4/2012 11:19:20 AM
{ "createdDate" : ISODate("2012-10-04T04:19:20.674Z") } - { "count" : 1.0 } - 1 - 10/4/2012 11:19:20 AM
{ "createdDate" : ISODate("2012-10-04T04:19:20.814Z") } - { "count" : 1.0 } - 1 - 10/4/2012 11:19:20 AM
{ "createdDate" : ISODate("2012-10-04T04:19:21.049Z") } - { "count" : 1.0 } - 1 - 10/4/2012 11:19:21 AM
{ "createdDate" : ISODate("2012-10-04T04:19:21.127Z") } - { "count" : 1.0 } - 1 - 10/4/2012 11:19:21 AM
{ "createdDate" : ISODate("2012-10-04T04:19:21.189Z") } - { "count" : 1.0 } - 1 - 10/4/2012 11:19:21 AM
{ "createdDate" : ISODate("2012-10-04T04:19:21.267Z") } - { "count" : 1.0 } - 1 - 10/4/2012 11:19:21 AM
{ "createdDate" : ISODate("2012-10-04T04:19:21.345Z") } - { "count" : 1.0 } - 1 - 10/4/2012 11:19:21 AM
{ "createdDate" : ISODate("2012-10-04T04:27:32.08Z") } - { "count" : 1.0 } - 1 - 10/4/2012 11:27:32 AM
{ "createdDate" : ISODate("2012-10-04T04:27:32.158Z") } - { "count" : 1.0 } - 1 - 10/4/2012 11:27:32 AM
{ "createdDate" : ISODate("2012-10-04T04:27:32.22Z") } - { "count" : 1.0 } - 1 - 10/4/2012 11:27:32 AM
{ "createdDate" : ISODate("2012-10-04T04:27:32.283Z") } - { "count" : 1.0 } - 1 - 10/4/2012 11:27:32 AM
{ "createdDate" : ISODate("2012-10-04T04:27:32.345Z") } - { "count" : 1.0 } - 1 - 10/4/2012 11:27:32 AM
{ "createdDate" : ISODate("2012-10-04T04:27:32.424Z") } - { "count" : 1.0 } - 1 - 10/4/2012 11:27:32 AM
{ "createdDate" : ISODate("2012-10-04T04:27:32.486Z") } - { "count" : 1.0 } - 1 - 10/4/2012 11:27:32 AM
{ "createdDate" : ISODate("2012-10-04T04:27:32.549Z") } - { "count" : 1.0 } - 1 - 10/4/2012 11:27:32 AM
{ "createdDate" : ISODate("2012-10-04T04:27:32.611Z") } - { "count" : 1.0 } - 1 - 10/4/2012 11:27:32 AM
{ "createdDate" : ISODate("2012-10-04T04:27:32.674Z") } - { "count" : 1.0 } - 1 - 10/4/2012 11:27:32 AM
{ "createdDate" : ISODate("2012-10-04T06:42:16.392Z") } - { "count" : 1.0 } - 1 - 10/4/2012 1:42:16 PM
{ "createdDate" : ISODate("2012-10-04T06:42:16.455Z") } - { "count" : 1.0 } - 1 - 10/4/2012 1:42:16 PM
{ "createdDate" : ISODate("2012-10-04T06:42:16.517Z") } - { "count" : 1.0 } - 1 - 10/4/2012 1:42:16 PM
{ "createdDate" : ISODate("2012-10-04T06:42:16.564Z") } - { "count" : 1.0 } - 1 - 10/4/2012 1:42:16 PM
{ "createdDate" : ISODate("2012-10-04T06:42:16.642Z") } - { "count" : 1.0 } - 1 - 10/4/2012 1:42:16 PM
{ "createdDate" : ISODate("2012-10-04T06:42:16.705Z") } - { "count" : 1.0 } - 1 - 10/4/2012 1:42:16 PM
{ "createdDate" : ISODate("2012-10-04T06:42:16.767Z") } - { "count" : 1.0 } - 1 - 10/4/2012 1:42:16 PM
{ "createdDate" : ISODate("2012-10-04T06:42:16.83Z") } - { "count" : 1.0 } - 1 - 10/4/2012 1:42:16 PM
{ "createdDate" : ISODate("2012-10-04T06:42:16.892Z") } - { "count" : 1.0 } - 1 - 10/4/2012 1:42:16 PM
{ "createdDate" : ISODate("2012-10-04T06:42:16.955Z") } - { "count" : 1.0 } - 1 - 10/4/2012 1:42:16 PM
{ "createdDate" : ISODate("2012-10-04T06:45:54.267Z") } - { "count" : 1.0 } - 1 - 10/4/2012 1:45:54 PM
{ "createdDate" : ISODate("2012-10-04T06:45:54.33Z") } - { "count" : 1.0 } - 1 - 10/4/2012 1:45:54 PM
{ "createdDate" : ISODate("2012-10-04T06:45:54.392Z") } - { "count" : 1.0 } - 1 - 10/4/2012 1:45:54 PM
{ "createdDate" : ISODate("2012-10-04T06:45:54.455Z") } - { "count" : 1.0 } - 1 - 10/4/2012 1:45:54 PM
{ "createdDate" : ISODate("2012-10-04T06:45:54.517Z") } - { "count" : 1.0 } - 1 - 10/4/2012 1:45:54 PM
{ "createdDate" : ISODate("2012-10-04T06:45:54.595Z") } - { "count" : 1.0 } - 1 - 10/4/2012 1:45:54 PM
{ "createdDate" : ISODate("2012-10-04T06:45:54.658Z") } - { "count" : 1.0 } - 1 - 10/4/2012 1:45:54 PM
{ "createdDate" : ISODate("2012-10-04T06:45:54.72Z") } - { "count" : 1.0 } - 1 - 10/4/2012 1:45:54 PM
{ "createdDate" : ISODate("2012-10-04T06:45:54.783Z") } - { "count" : 1.0 } - 1 - 10/4/2012 1:45:54 PM
{ "createdDate" : ISODate("2012-10-04T06:45:54.861Z") } - { "count" : 1.0 } - 1 - 10/4/2012 1:45:54 PM
{ "createdDate" : ISODate("2012-10-04T06:49:28.97Z") } - { "count" : 1.0 } - 1 - 10/4/2012 1:49:28 PM
{ "createdDate" : ISODate("2012-10-04T06:49:29.033Z") } - { "count" : 1.0 } - 1 - 10/4/2012 1:49:29 PM
{ "createdDate" : ISODate("2012-10-04T06:49:29.095Z") } - { "count" : 1.0 } - 1 - 10/4/2012 1:49:29 PM
{ "createdDate" : ISODate("2012-10-04T06:49:29.158Z") } - { "count" : 1.0 } - 1 - 10/4/2012 1:49:29 PM
{ "createdDate" : ISODate("2012-10-04T06:49:29.22Z") } - { "count" : 1.0 } - 1 - 10/4/2012 1:49:29 PM
{ "createdDate" : ISODate("2012-10-04T06:49:29.283Z") } - { "count" : 1.0 } - 1 - 10/4/2012 1:49:29 PM
{ "createdDate" : ISODate("2012-10-04T06:49:29.345Z") } - { "count" : 1.0 } - 1 - 10/4/2012 1:49:29 PM
{ "createdDate" : ISODate("2012-10-04T06:49:29.408Z") } - { "count" : 1.0 } - 1 - 10/4/2012 1:49:29 PM
{ "createdDate" : ISODate("2012-10-04T06:49:29.47Z") } - { "count" : 1.0 } - 1 - 10/4/2012 1:49:29 PM
{ "createdDate" : ISODate("2012-10-04T06:49:29.533Z") } - { "count" : 1.0 } - 1 - 10/4/2012 1:49:29 PM
{ "createdDate" : ISODate("2012-10-04T06:53:23.361Z") } - { "count" : 1.0 } - 1 - 10/4/2012 1:53:23 PM
{ "createdDate" : ISODate("2012-10-04T06:53:23.424Z") } - { "count" : 1.0 } - 1 - 10/4/2012 1:53:23 PM
{ "createdDate" : ISODate("2012-10-04T06:53:23.486Z") } - { "count" : 1.0 } - 1 - 10/4/2012 1:53:23 PM
{ "createdDate" : ISODate("2012-10-04T06:53:23.533Z") } - { "count" : 1.0 } - 1 - 10/4/2012 1:53:23 PM
{ "createdDate" : ISODate("2012-10-04T06:53:23.595Z") } - { "count" : 1.0 } - 1 - 10/4/2012 1:53:23 PM
{ "createdDate" : ISODate("2012-10-04T06:53:23.658Z") } - { "count" : 1.0 } - 1 - 10/4/2012 1:53:23 PM
{ "createdDate" : ISODate("2012-10-04T06:53:23.72Z") } - { "count" : 1.0 } - 1 - 10/4/2012 1:53:23 PM
{ "createdDate" : ISODate("2012-10-04T06:53:23.783Z") } - { "count" : 1.0 } - 1 - 10/4/2012 1:53:23 PM
{ "createdDate" : ISODate("2012-10-04T06:53:23.83Z") } - { "count" : 1.0 } - 1 - 10/4/2012 1:53:23 PM
{ "createdDate" : ISODate("2012-10-04T06:53:23.892Z") } - { "count" : 1.0 } - 1 - 10/4/2012 1:53:23 PM
{ "createdDate" : ISODate("2012-10-04T06:56:15.564Z") } - { "count" : 1.0 } - 1 - 10/4/2012 1:56:15 PM
{ "createdDate" : ISODate("2012-10-04T06:56:15.674Z") } - { "count" : 1.0 } - 1 - 10/4/2012 1:56:15 PM
{ "createdDate" : ISODate("2012-10-04T06:56:15.814Z") } - { "count" : 1.0 } - 1 - 10/4/2012 1:56:15 PM
{ "createdDate" : ISODate("2012-10-04T06:56:15.892Z") } - { "count" : 1.0 } - 1 - 10/4/2012 1:56:15 PM
{ "createdDate" : ISODate("2012-10-04T06:56:15.986Z") } - { "count" : 1.0 } - 1 - 10/4/2012 1:56:15 PM
{ "createdDate" : ISODate("2012-10-04T06:56:16.064Z") } - { "count" : 1.0 } - 1 - 10/4/2012 1:56:16 PM
{ "createdDate" : ISODate("2012-10-04T06:56:16.189Z") } - { "count" : 1.0 } - 1 - 10/4/2012 1:56:16 PM
{ "createdDate" : ISODate("2012-10-04T06:56:16.267Z") } - { "count" : 1.0 } - 1 - 10/4/2012 1:56:16 PM
{ "createdDate" : ISODate("2012-10-04T06:56:16.361Z") } - { "count" : 1.0 } - 1 - 10/4/2012 1:56:16 PM
{ "createdDate" : ISODate("2012-10-04T06:56:16.439Z") } - { "count" : 1.0 } - 1 - 10/4/2012 1:56:16 PM
{ "createdDate" : ISODate("2012-10-04T07:11:19.674Z") } - { "count" : 1.0 } - 1 - 10/4/2012 2:11:19 PM
{ "createdDate" : ISODate("2012-10-04T07:11:19.767Z") } - { "count" : 1.0 } - 1 - 10/4/2012 2:11:19 PM
{ "createdDate" : ISODate("2012-10-04T07:11:19.877Z") } - { "count" : 1.0 } - 1 - 10/4/2012 2:11:19 PM
{ "createdDate" : ISODate("2012-10-04T07:11:20.08Z") } - { "count" : 1.0 } - 1 - 10/4/2012 2:11:20 PM
{ "createdDate" : ISODate("2012-10-04T07:11:20.22Z") } - { "count" : 1.0 } - 1 - 10/4/2012 2:11:20 PM
{ "createdDate" : ISODate("2012-10-04T07:11:20.455Z") } - { "count" : 1.0 } - 1 - 10/4/2012 2:11:20 PM
{ "createdDate" : ISODate("2012-10-04T07:11:20.58Z") } - { "count" : 1.0 } - 1 - 10/4/2012 2:11:20 PM
{ "createdDate" : ISODate("2012-10-04T07:11:20.814Z") } - { "count" : 1.0 } - 1 - 10/4/2012 2:11:20 PM
{ "createdDate" : ISODate("2012-10-04T07:11:20.924Z") } - { "count" : 1.0 } - 1 - 10/4/2012 2:11:20 PM
{ "createdDate" : ISODate("2012-10-04T07:11:21.158Z") } - { "count" : 1.0 } - 1 - 10/4/2012 2:11:21 PM
{ "createdDate" : ISODate("2012-10-04T07:43:54.986Z") } - { "count" : 1.0 } - 1 - 10/4/2012 2:43:54 PM
{ "createdDate" : ISODate("2012-10-04T07:43:55.22Z") } - { "count" : 1.0 } - 1 - 10/4/2012 2:43:55 PM
{ "createdDate" : ISODate("2012-10-04T07:43:55.408Z") } - { "count" : 1.0 } - 1 - 10/4/2012 2:43:55 PM
{ "createdDate" : ISODate("2012-10-04T07:43:55.486Z") } - { "count" : 1.0 } - 1 - 10/4/2012 2:43:55 PM
{ "createdDate" : ISODate("2012-10-04T07:43:55.658Z") } - { "count" : 1.0 } - 1 - 10/4/2012 2:43:55 PM
{ "createdDate" : ISODate("2012-10-04T07:43:55.892Z") } - { "count" : 1.0 } - 1 - 10/4/2012 2:43:55 PM
{ "createdDate" : ISODate("2012-10-04T07:43:56.111Z") } - { "count" : 1.0 } - 1 - 10/4/2012 2:43:56 PM
{ "createdDate" : ISODate("2012-10-04T07:43:56.174Z") } - { "count" : 1.0 } - 1 - 10/4/2012 2:43:56 PM
{ "createdDate" : ISODate("2012-10-04T07:43:56.252Z") } - { "count" : 1.0 } - 1 - 10/4/2012 2:43:56 PM
{ "createdDate" : ISODate("2012-10-04T07:43:56.314Z") } - { "count" : 1.0 } - 1 - 10/4/2012 2:43:56 PM
{ "createdDate" : ISODate("2012-10-05T02:43:00.267Z") } - { "count" : 1.0 } - 1 - 10/5/2012 9:43:00 AM
{ "createdDate" : ISODate("2012-10-05T02:43:00.486Z") } - { "count" : 1.0 } - 1 - 10/5/2012 9:43:00 AM
{ "createdDate" : ISODate("2012-10-05T02:43:00.72Z") } - { "count" : 1.0 } - 1 - 10/5/2012 9:43:00 AM
{ "createdDate" : ISODate("2012-10-05T02:43:00.955Z") } - { "count" : 1.0 } - 1 - 10/5/2012 9:43:00 AM
{ "createdDate" : ISODate("2012-10-05T02:43:01.174Z") } - { "count" : 1.0 } - 1 - 10/5/2012 9:43:01 AM
{ "createdDate" : ISODate("2012-10-05T02:43:01.392Z") } - { "count" : 1.0 } - 1 - 10/5/2012 9:43:01 AM
{ "createdDate" : ISODate("2012-10-05T02:43:01.455Z") } - { "count" : 1.0 } - 1 - 10/5/2012 9:43:01 AM
{ "createdDate" : ISODate("2012-10-05T02:43:01.517Z") } - { "count" : 1.0 } - 1 - 10/5/2012 9:43:01 AM
{ "createdDate" : ISODate("2012-10-05T02:43:01.58Z") } - { "count" : 1.0 } - 1 - 10/5/2012 9:43:01 AM
{ "createdDate" : ISODate("2012-10-05T02:43:01.642Z") } - { "count" : 1.0 } - 1 - 10/5/2012 9:43:01 AM
{ "createdDate" : ISODate("2012-10-05T02:45:02.314Z") } - { "count" : 1.0 } - 1 - 10/5/2012 9:45:02 AM
{ "createdDate" : ISODate("2012-10-05T02:45:02.377Z") } - { "count" : 1.0 } - 1 - 10/5/2012 9:45:02 AM
{ "createdDate" : ISODate("2012-10-05T02:45:02.424Z") } - { "count" : 1.0 } - 1 - 10/5/2012 9:45:02 AM
{ "createdDate" : ISODate("2012-10-05T02:45:02.502Z") } - { "count" : 1.0 } - 1 - 10/5/2012 9:45:02 AM
{ "createdDate" : ISODate("2012-10-05T02:45:02.549Z") } - { "count" : 1.0 } - 1 - 10/5/2012 9:45:02 AM
{ "createdDate" : ISODate("2012-10-05T02:45:02.595Z") } - { "count" : 1.0 } - 1 - 10/5/2012 9:45:02 AM
{ "createdDate" : ISODate("2012-10-05T02:45:02.658Z") } - { "count" : 1.0 } - 1 - 10/5/2012 9:45:02 AM
{ "createdDate" : ISODate("2012-10-05T02:45:02.705Z") } - { "count" : 1.0 } - 1 - 10/5/2012 9:45:02 AM
{ "createdDate" : ISODate("2012-10-05T02:45:02.767Z") } - { "count" : 1.0 } - 1 - 10/5/2012 9:45:02 AM
{ "createdDate" : ISODate("2012-10-05T02:45:02.83Z") } - { "count" : 1.0 } - 1 - 10/5/2012 9:45:02 AM
{ "createdDate" : ISODate("2012-10-05T02:47:10.642Z") } - { "count" : 1.0 } - 1 - 10/5/2012 9:47:10 AM
{ "createdDate" : ISODate("2012-10-05T02:47:10.705Z") } - { "count" : 1.0 } - 1 - 10/5/2012 9:47:10 AM
{ "createdDate" : ISODate("2012-10-05T02:47:10.767Z") } - { "count" : 1.0 } - 1 - 10/5/2012 9:47:10 AM
{ "createdDate" : ISODate("2012-10-05T02:47:10.83Z") } - { "count" : 1.0 } - 1 - 10/5/2012 9:47:10 AM
{ "createdDate" : ISODate("2012-10-05T02:47:10.892Z") } - { "count" : 1.0 } - 1 - 10/5/2012 9:47:10 AM
{ "createdDate" : ISODate("2012-10-05T02:47:10.955Z") } - { "count" : 1.0 } - 1 - 10/5/2012 9:47:10 AM
{ "createdDate" : ISODate("2012-10-05T02:47:11.033Z") } - { "count" : 1.0 } - 1 - 10/5/2012 9:47:11 AM
{ "createdDate" : ISODate("2012-10-05T02:47:11.127Z") } - { "count" : 1.0 } - 1 - 10/5/2012 9:47:11 AM
{ "createdDate" : ISODate("2012-10-05T02:47:11.205Z") } - { "count" : 1.0 } - 1 - 10/5/2012 9:47:11 AM
{ "createdDate" : ISODate("2012-10-05T02:47:11.267Z") } - { "count" : 1.0 } - 1 - 10/5/2012 9:47:11 AM</StdOut>
      </Output>
    </UnitTestResult>
  </Results>
</TestRun>