<?xml version="1.0" encoding="UTF-8"?>
<TestRun id="9318735b-4e74-40dc-a0f2-c6b278b7be6d" name="parinya.c@PC_004 2012-10-05 09:39:22" runUser="CARPASSAD\parinya.c" xmlns="http://microsoft.com/schemas/VisualStudio/TeamTest/2010">
  <TestSettings name="Local" id="ef382cb5-c94e-4630-beb4-c28e26d8ecd3">
    <Description>These are default test settings for a local test run.</Description>
    <Deployment enabled="false" runDeploymentRoot="parinya.c_PC_004 2012-10-05 09_39_22">
      <DeploymentItem filename="D:\GithubRepositories\AdminChavp\AdminChavp.Test\lib\Newtonsoft.Json.dll" />
      <DeploymentItem filename="D:\GithubRepositories\AdminChavp\AdminChavp.Test\lib\MongoDB.Bson.dll" />
      <DeploymentItem filename="D:\GithubRepositories\AdminChavp\AdminChavp.Test\lib\MongoDB.Driver.dll" />
    </Deployment>
    <Execution>
      <TestTypeSpecific />
      <AgentRule name="Execution Agents">
      </AgentRule>
    </Execution>
  </TestSettings>
  <Times creation="2012-10-05T09:39:22.5512438+07:00" queuing="2012-10-05T09:39:22.6292778+07:00" start="2012-10-05T09:39:22.6292778+07:00" finish="2012-10-05T09:39:24.0651034+07:00" />
  <ResultSummary outcome="Completed">
    <Counters total="2" executed="2" passed="2" error="0" failed="0" timeout="0" aborted="0" inconclusive="0" passedButRunAborted="0" notRunnable="0" notExecuted="0" disconnected="0" warning="0" completed="0" inProgress="0" pending="0" />
  </ResultSummary>
  <TestDefinitions>
    <UnitTest name="GetPerformance" storage="d:\githubrepositories\adminchavp\adminchavp.test\bin\debug\adminchavp.test.dll" id="17255675-58b2-e2a4-c0b0-aca67dff8b69">
      <Execution id="f3309697-e771-4c3b-af1b-12b6da9065f5" />
      <TestMethod codeBase="D:/GithubRepositories/AdminChavp/AdminChavp.Test/bin/Debug/AdminChavp.Test.DLL" adapterTypeName="Microsoft.VisualStudio.TestTools.TestTypes.Unit.UnitTestAdapter, Microsoft.VisualStudio.QualityTools.Tips.UnitTest.Adapter, Version=10.0.0.0, Culture=neutral, PublicKeyToken=b03f5f7f11d50a3a" className="AdminChavp.Test.UnitTest1, AdminChavp.Test, Version=1.0.0.0, Culture=neutral, PublicKeyToken=null" name="GetPerformance" />
    </UnitTest>
    <UnitTest name="GetDetailOfMethod" storage="d:\githubrepositories\adminchavp\adminchavp.test\bin\debug\adminchavp.test.dll" id="ac4dd233-1222-c5c0-194c-46d8d7f0a600">
      <Execution id="fd939464-db34-49f7-8963-fd9648f0cef2" />
      <TestMethod codeBase="D:/GithubRepositories/AdminChavp/AdminChavp.Test/bin/Debug/AdminChavp.Test.DLL" adapterTypeName="Microsoft.VisualStudio.TestTools.TestTypes.Unit.UnitTestAdapter, Microsoft.VisualStudio.QualityTools.Tips.UnitTest.Adapter, Version=10.0.0.0, Culture=neutral, PublicKeyToken=b03f5f7f11d50a3a" className="AdminChavp.Test.UnitTest1, AdminChavp.Test, Version=1.0.0.0, Culture=neutral, PublicKeyToken=null" name="GetDetailOfMethod" />
    </UnitTest>
  </TestDefinitions>
  <TestLists>
    <TestList name="Results Not in a List" id="8c84fa94-04c1-424b-9868-57a2d4851a1d" />
    <TestList name="All Loaded Results" id="19431567-8539-422a-85d7-44ee4e166bda" />
  </TestLists>
  <TestEntries>
    <TestEntry testId="17255675-58b2-e2a4-c0b0-aca67dff8b69" executionId="f3309697-e771-4c3b-af1b-12b6da9065f5" testListId="8c84fa94-04c1-424b-9868-57a2d4851a1d" />
    <TestEntry testId="ac4dd233-1222-c5c0-194c-46d8d7f0a600" executionId="fd939464-db34-49f7-8963-fd9648f0cef2" testListId="8c84fa94-04c1-424b-9868-57a2d4851a1d" />
  </TestEntries>
  <Results>
    <UnitTestResult executionId="f3309697-e771-4c3b-af1b-12b6da9065f5" testId="17255675-58b2-e2a4-c0b0-aca67dff8b69" testName="GetPerformance" computerName="PC_004" duration="00:00:01.1907238" startTime="2012-10-05T09:39:22.6292778+07:00" endTime="2012-10-05T09:39:24.0182830+07:00" testType="13cdc9d9-ddb5-4fa4-a97d-d965ccfc6d4b" outcome="Passed" testListId="8c84fa94-04c1-424b-9868-57a2d4851a1d" relativeResultsDirectory="f3309697-e771-4c3b-af1b-12b6da9065f5">
    </UnitTestResult>
    <UnitTestResult executionId="fd939464-db34-49f7-8963-fd9648f0cef2" testId="ac4dd233-1222-c5c0-194c-46d8d7f0a600" testName="GetDetailOfMethod" computerName="PC_004" duration="00:00:00.0050177" startTime="2012-10-05T09:39:24.0182830+07:00" endTime="2012-10-05T09:39:24.0338898+07:00" testType="13cdc9d9-ddb5-4fa4-a97d-d965ccfc6d4b" outcome="Passed" testListId="8c84fa94-04c1-424b-9868-57a2d4851a1d" relativeResultsDirectory="fd939464-db34-49f7-8963-fd9648f0cef2">
    </UnitTestResult>
  </Results>
</TestRun>