<?xml version="1.0" encoding="UTF-8"?>
<TestRun id="9c2bcead-33e4-45ae-b13d-27b51864e4b6" name="parinya.c@PC_004 2012-10-05 10:00:45" runUser="CARPASSAD\parinya.c" xmlns="http://microsoft.com/schemas/VisualStudio/TeamTest/2010">
  <TestSettings name="Local" id="ef382cb5-c94e-4630-beb4-c28e26d8ecd3">
    <Description>These are default test settings for a local test run.</Description>
    <Deployment enabled="false" runDeploymentRoot="parinya.c_PC_004 2012-10-05 10_00_45">
      <DeploymentItem filename="D:\GithubRepositories\AdminChavp\AdminChavp.Test\lib\Newtonsoft.Json.dll" />
      <DeploymentItem filename="D:\GithubRepositories\AdminChavp\AdminChavp.Test\lib\MongoDB.Bson.dll" />
      <DeploymentItem filename="D:\GithubRepositories\AdminChavp\AdminChavp.Test\lib\MongoDB.Driver.dll" />
    </Deployment>
    <Execution>
      <TestTypeSpecific />
      <AgentRule name="Execution Agents">
      </AgentRule>
    </Execution>
  </TestSettings>
  <Times creation="2012-10-05T10:00:45.9236631+07:00" queuing="2012-10-05T10:00:46.0641198+07:00" start="2012-10-05T10:00:46.0797261+07:00" finish="2012-10-05T10:00:47.3282301+07:00" />
  <ResultSummary outcome="Completed">
    <Counters total="1" executed="1" passed="1" error="0" failed="0" timeout="0" aborted="0" inconclusive="0" passedButRunAborted="0" notRunnable="0" notExecuted="0" disconnected="0" warning="0" completed="0" inProgress="0" pending="0" />
  </ResultSummary>
  <TestDefinitions>
    <UnitTest name="GetDetailOfMethod" storage="d:\githubrepositories\adminchavp\adminchavp.test\bin\debug\adminchavp.test.dll" id="ac4dd233-1222-c5c0-194c-46d8d7f0a600">
      <Execution id="b91791fe-0186-4b8a-a0f7-95191a7939ce" />
      <TestMethod codeBase="D:/GithubRepositories/AdminChavp/AdminChavp.Test/bin/Debug/AdminChavp.Test.DLL" adapterTypeName="Microsoft.VisualStudio.TestTools.TestTypes.Unit.UnitTestAdapter, Microsoft.VisualStudio.QualityTools.Tips.UnitTest.Adapter, Version=10.0.0.0, Culture=neutral, PublicKeyToken=b03f5f7f11d50a3a" className="AdminChavp.Test.UnitTest1, AdminChavp.Test, Version=1.0.0.0, Culture=neutral, PublicKeyToken=null" name="GetDetailOfMethod" />
    </UnitTest>
  </TestDefinitions>
  <TestLists>
    <TestList name="Results Not in a List" id="8c84fa94-04c1-424b-9868-57a2d4851a1d" />
    <TestList name="All Loaded Results" id="19431567-8539-422a-85d7-44ee4e166bda" />
  </TestLists>
  <TestEntries>
    <TestEntry testId="ac4dd233-1222-c5c0-194c-46d8d7f0a600" executionId="b91791fe-0186-4b8a-a0f7-95191a7939ce" testListId="8c84fa94-04c1-424b-9868-57a2d4851a1d" />
  </TestEntries>
  <Results>
    <UnitTestResult executionId="b91791fe-0186-4b8a-a0f7-95191a7939ce" testId="ac4dd233-1222-c5c0-194c-46d8d7f0a600" testName="GetDetailOfMethod" computerName="PC_004" duration="00:00:01.0336659" startTime="2012-10-05T10:00:46.0797261+07:00" endTime="2012-10-05T10:00:47.3126238+07:00" testType="13cdc9d9-ddb5-4fa4-a97d-d965ccfc6d4b" outcome="Passed" testListId="8c84fa94-04c1-424b-9868-57a2d4851a1d" relativeResultsDirectory="b91791fe-0186-4b8a-a0f7-95191a7939ce">
      <Output>
        <StdOut>4/9/112 - { "count" : 180.0, "totalElapsedMilliseconds" : 3821.0 } - 180 - 3821
5/9/112 - { "count" : 30.0, "totalElapsedMilliseconds" : 719.0 } - 30 - 719</StdOut>
      </Output>
    </UnitTestResult>
  </Results>
</TestRun>