<?xml version="1.0" encoding="UTF-8"?>
<TestRun id="f79bf70e-b7fd-4acf-a4c5-6059a8a02839" name="parinya.c@PC_004 2012-10-05 09:51:32" runUser="CARPASSAD\parinya.c" xmlns="http://microsoft.com/schemas/VisualStudio/TeamTest/2010">
  <TestSettings name="Local" id="ef382cb5-c94e-4630-beb4-c28e26d8ecd3">
    <Description>These are default test settings for a local test run.</Description>
    <Deployment enabled="false" runDeploymentRoot="parinya.c_PC_004 2012-10-05 09_51_32">
      <DeploymentItem filename="D:\GithubRepositories\AdminChavp\AdminChavp.Test\lib\Newtonsoft.Json.dll" />
      <DeploymentItem filename="D:\GithubRepositories\AdminChavp\AdminChavp.Test\lib\MongoDB.Bson.dll" />
      <DeploymentItem filename="D:\GithubRepositories\AdminChavp\AdminChavp.Test\lib\MongoDB.Driver.dll" />
    </Deployment>
    <Execution>
      <TestTypeSpecific />
      <AgentRule name="Execution Agents">
      </AgentRule>
    </Execution>
  </TestSettings>
  <Times creation="2012-10-05T09:51:32.9754934+07:00" queuing="2012-10-05T09:51:33.2561836+07:00" start="2012-10-05T09:51:33.2717775+07:00" finish="2012-10-05T09:51:34.3009749+07:00" />
  <ResultSummary outcome="Completed">
    <Counters total="1" executed="1" passed="1" error="0" failed="0" timeout="0" aborted="0" inconclusive="0" passedButRunAborted="0" notRunnable="0" notExecuted="0" disconnected="0" warning="0" completed="0" inProgress="0" pending="0" />
  </ResultSummary>
  <TestDefinitions>
    <UnitTest name="GetDetailOfMethod" storage="d:\githubrepositories\adminchavp\adminchavp.test\bin\debug\adminchavp.test.dll" id="ac4dd233-1222-c5c0-194c-46d8d7f0a600">
      <Execution id="ebcbfdfa-b7a3-4ce8-9493-7259ccdec66d" />
      <TestMethod codeBase="D:/GithubRepositories/AdminChavp/AdminChavp.Test/bin/Debug/AdminChavp.Test.DLL" adapterTypeName="Microsoft.VisualStudio.TestTools.TestTypes.Unit.UnitTestAdapter, Microsoft.VisualStudio.QualityTools.Tips.UnitTest.Adapter, Version=10.0.0.0, Culture=neutral, PublicKeyToken=b03f5f7f11d50a3a" className="AdminChavp.Test.UnitTest1, AdminChavp.Test, Version=1.0.0.0, Culture=neutral, PublicKeyToken=null" name="GetDetailOfMethod" />
    </UnitTest>
  </TestDefinitions>
  <TestLists>
    <TestList name="Results Not in a List" id="8c84fa94-04c1-424b-9868-57a2d4851a1d" />
    <TestList name="All Loaded Results" id="19431567-8539-422a-85d7-44ee4e166bda" />
  </TestLists>
  <TestEntries>
    <TestEntry testId="ac4dd233-1222-c5c0-194c-46d8d7f0a600" executionId="ebcbfdfa-b7a3-4ce8-9493-7259ccdec66d" testListId="8c84fa94-04c1-424b-9868-57a2d4851a1d" />
  </TestEntries>
  <Results>
    <UnitTestResult executionId="ebcbfdfa-b7a3-4ce8-9493-7259ccdec66d" testId="ac4dd233-1222-c5c0-194c-46d8d7f0a600" testName="GetDetailOfMethod" computerName="PC_004" duration="00:00:00.8052488" startTime="2012-10-05T09:51:33.2717775+07:00" endTime="2012-10-05T09:51:34.2697871+07:00" testType="13cdc9d9-ddb5-4fa4-a97d-d965ccfc6d4b" outcome="Passed" testListId="8c84fa94-04c1-424b-9868-57a2d4851a1d" relativeResultsDirectory="ebcbfdfa-b7a3-4ce8-9493-7259ccdec66d">
      <Output>
        <StdOut>{ "createdDate" : ISODate("2012-10-04T02:56:24.002Z") } - { "count" : 1.0 } - 1 - 10/4/2012 9:56:24 AM
{ "createdDate" : ISODate("2012-10-04T02:56:24.08Z") } - { "count" : 1.0 } - 1 - 10/4/2012 9:56:24 AM
{ "createdDate" : ISODate("2012-10-04T02:56:24.158Z") } - { "count" : 1.0 } - 1 - 10/4/2012 9:56:24 AM
{ "createdDate" : ISODate("2012-10-04T02:56:24.22Z") } - { "count" : 1.0 } - 1 - 10/4/2012 9:56:24 AM
{ "createdDate" : ISODate("2012-10-04T02:56:24.283Z") } - { "count" : 1.0 } - 1 - 10/4/2012 9:56:24 AM
{ "createdDate" : ISODate("2012-10-04T02:56:24.33Z") } - { "count" : 1.0 } - 1 - 10/4/2012 9:56:24 AM
{ "createdDate" : ISODate("2012-10-04T02:56:24.439Z") } - { "count" : 1.0 } - 1 - 10/4/2012 9:56:24 AM
{ "createdDate" : ISODate("2012-10-04T02:56:24.502Z") } - { "count" : 1.0 } - 1 - 10/4/2012 9:56:24 AM
{ "createdDate" : ISODate("2012-10-04T02:56:24.564Z") } - { "count" : 1.0 } - 1 - 10/4/2012 9:56:24 AM
{ "createdDate" : ISODate("2012-10-04T02:56:24.627Z") } - { "count" : 1.0 } - 1 - 10/4/2012 9:56:24 AM
{ "createdDate" : ISODate("2012-10-04T02:56:24.689Z") } - { "count" : 1.0 } - 1 - 10/4/2012 9:56:24 AM
{ "createdDate" : ISODate("2012-10-04T02:57:03.595Z") } - { "count" : 1.0 } - 1 - 10/4/2012 9:57:03 AM
{ "createdDate" : ISODate("2012-10-04T02:57:03.642Z") } - { "count" : 1.0 } - 1 - 10/4/2012 9:57:03 AM
{ "createdDate" : ISODate("2012-10-04T02:57:03.689Z") } - { "count" : 1.0 } - 1 - 10/4/2012 9:57:03 AM
{ "createdDate" : ISODate("2012-10-04T02:57:03.752Z") } - { "count" : 1.0 } - 1 - 10/4/2012 9:57:03 AM
{ "createdDate" : ISODate("2012-10-04T02:57:03.799Z") } - { "count" : 1.0 } - 1 - 10/4/2012 9:57:03 AM
{ "createdDate" : ISODate("2012-10-04T02:57:03.845Z") } - { "count" : 1.0 } - 1 - 10/4/2012 9:57:03 AM
{ "createdDate" : ISODate("2012-10-04T02:57:03.892Z") } - { "count" : 1.0 } - 1 - 10/4/2012 9:57:03 AM
{ "createdDate" : ISODate("2012-10-04T02:57:03.939Z") } - { "count" : 1.0 } - 1 - 10/4/2012 9:57:03 AM
{ "createdDate" : ISODate("2012-10-04T02:57:03.986Z") } - { "count" : 1.0 } - 1 - 10/4/2012 9:57:03 AM
{ "createdDate" : ISODate("2012-10-04T02:57:04.049Z") } - { "count" : 1.0 } - 1 - 10/4/2012 9:57:04 AM
{ "createdDate" : ISODate("2012-10-04T02:57:04.111Z") } - { "count" : 1.0 } - 1 - 10/4/2012 9:57:04 AM
{ "createdDate" : ISODate("2012-10-04T02:57:05.47Z") } - { "count" : 1.0 } - 1 - 10/4/2012 9:57:05 AM
{ "createdDate" : ISODate("2012-10-04T02:57:05.549Z") } - { "count" : 1.0 } - 1 - 10/4/2012 9:57:05 AM
{ "createdDate" : ISODate("2012-10-04T02:57:05.611Z") } - { "count" : 1.0 } - 1 - 10/4/2012 9:57:05 AM
{ "createdDate" : ISODate("2012-10-04T02:57:05.689Z") } - { "count" : 1.0 } - 1 - 10/4/2012 9:57:05 AM
{ "createdDate" : ISODate("2012-10-04T02:57:05.752Z") } - { "count" : 1.0 } - 1 - 10/4/2012 9:57:05 AM
{ "createdDate" : ISODate("2012-10-04T02:57:05.877Z") } - { "count" : 1.0 } - 1 - 10/4/2012 9:57:05 AM
{ "createdDate" : ISODate("2012-10-04T02:57:06.017Z") } - { "count" : 1.0 } - 1 - 10/4/2012 9:57:06 AM
{ "createdDate" : ISODate("2012-10-04T02:57:06.142Z") } - { "count" : 1.0 } - 1 - 10/4/2012 9:57:06 AM
{ "createdDate" : ISODate("2012-10-04T02:57:06.252Z") } - { "count" : 1.0 } - 1 - 10/4/2012 9:57:06 AM
{ "createdDate" : ISODate("2012-10-04T02:57:06.361Z") } - { "count" : 1.0 } - 1 - 10/4/2012 9:57:06 AM
{ "createdDate" : ISODate("2012-10-04T02:57:06.58Z") } - { "count" : 1.0 } - 1 - 10/4/2012 9:57:06 AM
{ "createdDate" : ISODate("2012-10-04T02:57:11.892Z") } - { "count" : 1.0 } - 1 - 10/4/2012 9:57:11 AM
{ "createdDate" : ISODate("2012-10-04T02:57:11.97Z") } - { "count" : 1.0 } - 1 - 10/4/2012 9:57:11 AM
{ "createdDate" : ISODate("2012-10-04T02:57:12.033Z") } - { "count" : 1.0 } - 1 - 10/4/2012 9:57:12 AM
{ "createdDate" : ISODate("2012-10-04T02:57:12.127Z") } - { "count" : 1.0 } - 1 - 10/4/2012 9:57:12 AM
{ "createdDate" : ISODate("2012-10-04T02:57:12.189Z") } - { "count" : 1.0 } - 1 - 10/4/2012 9:57:12 AM
{ "createdDate" : ISODate("2012-10-04T02:57:12.283Z") } - { "count" : 1.0 } - 1 - 10/4/2012 9:57:12 AM
{ "createdDate" : ISODate("2012-10-04T02:57:12.361Z") } - { "count" : 1.0 } - 1 - 10/4/2012 9:57:12 AM
{ "createdDate" : ISODate("2012-10-04T02:57:12.439Z") } - { "count" : 1.0 } - 1 - 10/4/2012 9:57:12 AM
{ "createdDate" : ISODate("2012-10-04T02:57:12.502Z") } - { "count" : 1.0 } - 1 - 10/4/2012 9:57:12 AM
{ "createdDate" : ISODate("2012-10-04T02:57:12.58Z") } - { "count" : 1.0 } - 1 - 10/4/2012 9:57:12 AM
{ "createdDate" : ISODate("2012-10-04T02:57:12.642Z") } - { "count" : 1.0 } - 1 - 10/4/2012 9:57:12 AM
{ "createdDate" : ISODate("2012-10-04T02:57:13.424Z") } - { "count" : 1.0 } - 1 - 10/4/2012 9:57:13 AM
{ "createdDate" : ISODate("2012-10-04T02:57:13.502Z") } - { "count" : 1.0 } - 1 - 10/4/2012 9:57:13 AM
{ "createdDate" : ISODate("2012-10-04T02:57:13.83Z") } - { "count" : 1.0 } - 1 - 10/4/2012 9:57:13 AM
{ "createdDate" : ISODate("2012-10-04T02:57:13.924Z") } - { "count" : 1.0 } - 1 - 10/4/2012 9:57:13 AM
{ "createdDate" : ISODate("2012-10-04T02:57:13.986Z") } - { "count" : 1.0 } - 1 - 10/4/2012 9:57:13 AM
{ "createdDate" : ISODate("2012-10-04T02:57:14.049Z") } - { "count" : 1.0 } - 1 - 10/4/2012 9:57:14 AM
{ "createdDate" : ISODate("2012-10-04T02:57:14.095Z") } - { "count" : 1.0 } - 1 - 10/4/2012 9:57:14 AM
{ "createdDate" : ISODate("2012-10-04T02:57:14.158Z") } - { "count" : 1.0 } - 1 - 10/4/2012 9:57:14 AM
{ "createdDate" : ISODate("2012-10-04T02:57:14.205Z") } - { "count" : 1.0 } - 1 - 10/4/2012 9:57:14 AM
{ "createdDate" : ISODate("2012-10-04T02:57:14.252Z") } - { "count" : 1.0 } - 1 - 10/4/2012 9:57:14 AM
{ "createdDate" : ISODate("2012-10-04T02:57:14.314Z") } - { "count" : 1.0 } - 1 - 10/4/2012 9:57:14 AM
{ "createdDate" : ISODate("2012-10-04T02:57:17.424Z") } - { "count" : 1.0 } - 1 - 10/4/2012 9:57:17 AM
{ "createdDate" : ISODate("2012-10-04T02:57:17.549Z") } - { "count" : 1.0 } - 1 - 10/4/2012 9:57:17 AM
{ "createdDate" : ISODate("2012-10-04T02:57:17.627Z") } - { "count" : 1.0 } - 1 - 10/4/2012 9:57:17 AM
{ "createdDate" : ISODate("2012-10-04T02:57:17.705Z") } - { "count" : 1.0 } - 1 - 10/4/2012 9:57:17 AM
{ "createdDate" : ISODate("2012-10-04T02:57:17.783Z") } - { "count" : 1.0 } - 1 - 10/4/2012 9:57:17 AM
{ "createdDate" : ISODate("2012-10-04T02:57:17.877Z") } - { "count" : 1.0 } - 1 - 10/4/2012 9:57:17 AM
{ "createdDate" : ISODate("2012-10-04T02:57:17.955Z") } - { "count" : 1.0 } - 1 - 10/4/2012 9:57:17 AM
{ "createdDate" : ISODate("2012-10-04T02:57:18.033Z") } - { "count" : 1.0 } - 1 - 10/4/2012 9:57:18 AM
{ "createdDate" : ISODate("2012-10-04T02:57:18.111Z") } - { "count" : 1.0 } - 1 - 10/4/2012 9:57:18 AM
{ "createdDate" : ISODate("2012-10-04T02:57:18.189Z") } - { "count" : 1.0 } - 1 - 10/4/2012 9:57:18 AM
{ "createdDate" : ISODate("2012-10-04T02:57:18.252Z") } - { "count" : 1.0 } - 1 - 10/4/2012 9:57:18 AM
{ "createdDate" : ISODate("2012-10-04T02:57:21.095Z") } - { "count" : 1.0 } - 1 - 10/4/2012 9:57:21 AM
{ "createdDate" : ISODate("2012-10-04T02:57:21.345Z") } - { "count" : 1.0 } - 1 - 10/4/2012 9:57:21 AM
{ "createdDate" : ISODate("2012-10-04T02:57:21.455Z") } - { "count" : 1.0 } - 1 - 10/4/2012 9:57:21 AM
{ "createdDate" : ISODate("2012-10-04T02:57:21.549Z") } - { "count" : 1.0 } - 1 - 10/4/2012 9:57:21 AM
{ "createdDate" : ISODate("2012-10-04T02:57:21.783Z") } - { "count" : 1.0 } - 1 - 10/4/2012 9:57:21 AM
{ "createdDate" : ISODate("2012-10-04T02:57:22.002Z") } - { "count" : 1.0 } - 1 - 10/4/2012 9:57:22 AM
{ "createdDate" : ISODate("2012-10-04T02:57:22.127Z") } - { "count" : 1.0 } - 1 - 10/4/2012 9:57:22 AM
{ "createdDate" : ISODate("2012-10-04T02:57:22.267Z") } - { "count" : 1.0 } - 1 - 10/4/2012 9:57:22 AM
{ "createdDate" : ISODate("2012-10-04T02:57:22.377Z") } - { "count" : 1.0 } - 1 - 10/4/2012 9:57:22 AM
{ "createdDate" : ISODate("2012-10-04T02:57:22.642Z") } - { "count" : 1.0 } - 1 - 10/4/2012 9:57:22 AM
{ "createdDate" : ISODate("2012-10-04T02:57:22.83Z") } - { "count" : 1.0 } - 1 - 10/4/2012 9:57:22 AM
{ "createdDate" : ISODate("2012-10-04T02:57:26.595Z") } - { "count" : 1.0 } - 1 - 10/4/2012 9:57:26 AM
{ "createdDate" : ISODate("2012-10-04T02:57:27.002Z") } - { "count" : 1.0 } - 1 - 10/4/2012 9:57:27 AM
{ "createdDate" : ISODate("2012-10-04T02:57:27.267Z") } - { "count" : 1.0 } - 1 - 10/4/2012 9:57:27 AM
{ "createdDate" : ISODate("2012-10-04T02:57:27.424Z") } - { "count" : 1.0 } - 1 - 10/4/2012 9:57:27 AM
{ "createdDate" : ISODate("2012-10-04T02:57:27.517Z") } - { "count" : 1.0 } - 1 - 10/4/2012 9:57:27 AM
{ "createdDate" : ISODate("2012-10-04T02:57:28.377Z") } - { "count" : 1.0 } - 1 - 10/4/2012 9:57:28 AM
{ "createdDate" : ISODate("2012-10-04T02:57:28.783Z") } - { "count" : 1.0 } - 1 - 10/4/2012 9:57:28 AM
{ "createdDate" : ISODate("2012-10-04T02:57:28.939Z") } - { "count" : 1.0 } - 1 - 10/4/2012 9:57:28 AM
{ "createdDate" : ISODate("2012-10-04T02:57:29.064Z") } - { "count" : 1.0 } - 1 - 10/4/2012 9:57:29 AM
{ "createdDate" : ISODate("2012-10-04T02:57:29.283Z") } - { "count" : 1.0 } - 1 - 10/4/2012 9:57:29 AM
{ "createdDate" : ISODate("2012-10-04T02:57:29.377Z") } - { "count" : 1.0 } - 1 - 10/4/2012 9:57:29 AM
{ "createdDate" : ISODate("2012-10-04T02:57:32.845Z") } - { "count" : 1.0 } - 1 - 10/4/2012 9:57:32 AM
{ "createdDate" : ISODate("2012-10-04T02:57:32.924Z") } - { "count" : 1.0 } - 1 - 10/4/2012 9:57:32 AM
{ "createdDate" : ISODate("2012-10-04T02:57:33.017Z") } - { "count" : 1.0 } - 1 - 10/4/2012 9:57:33 AM
{ "createdDate" : ISODate("2012-10-04T02:57:33.111Z") } - { "count" : 1.0 } - 1 - 10/4/2012 9:57:33 AM
{ "createdDate" : ISODate("2012-10-04T02:57:33.252Z") } - { "count" : 1.0 } - 1 - 10/4/2012 9:57:33 AM
{ "createdDate" : ISODate("2012-10-04T02:57:33.549Z") } - { "count" : 1.0 } - 1 - 10/4/2012 9:57:33 AM
{ "createdDate" : ISODate("2012-10-04T02:57:33.767Z") } - { "count" : 1.0 } - 1 - 10/4/2012 9:57:33 AM
{ "createdDate" : ISODate("2012-10-04T02:57:33.939Z") } - { "count" : 1.0 } - 1 - 10/4/2012 9:57:33 AM
{ "createdDate" : ISODate("2012-10-04T02:57:34.064Z") } - { "count" : 1.0 } - 1 - 10/4/2012 9:57:34 AM
{ "createdDate" : ISODate("2012-10-04T02:57:34.205Z") } - { "count" : 1.0 } - 1 - 10/4/2012 9:57:34 AM
{ "createdDate" : ISODate("2012-10-04T02:57:34.33Z") } - { "count" : 1.0 } - 1 - 10/4/2012 9:57:34 AM
{ "createdDate" : ISODate("2012-10-04T02:57:40.033Z") } - { "count" : 1.0 } - 1 - 10/4/2012 9:57:40 AM
{ "createdDate" : ISODate("2012-10-04T02:57:40.455Z") } - { "count" : 1.0 } - 1 - 10/4/2012 9:57:40 AM
{ "createdDate" : ISODate("2012-10-04T02:57:40.627Z") } - { "count" : 1.0 } - 1 - 10/4/2012 9:57:40 AM
{ "createdDate" : ISODate("2012-10-04T02:57:41.267Z") } - { "count" : 1.0 } - 1 - 10/4/2012 9:57:41 AM
{ "createdDate" : ISODate("2012-10-04T02:57:41.361Z") } - { "count" : 1.0 } - 1 - 10/4/2012 9:57:41 AM
{ "createdDate" : ISODate("2012-10-04T02:57:41.611Z") } - { "count" : 1.0 } - 1 - 10/4/2012 9:57:41 AM
{ "createdDate" : ISODate("2012-10-04T02:57:41.674Z") } - { "count" : 1.0 } - 1 - 10/4/2012 9:57:41 AM
{ "createdDate" : ISODate("2012-10-04T02:57:41.799Z") } - { "count" : 1.0 } - 1 - 10/4/2012 9:57:41 AM
{ "createdDate" : ISODate("2012-10-04T02:57:41.892Z") } - { "count" : 1.0 } - 1 - 10/4/2012 9:57:41 AM
{ "createdDate" : ISODate("2012-10-04T02:57:42.002Z") } - { "count" : 1.0 } - 1 - 10/4/2012 9:57:42 AM
{ "createdDate" : ISODate("2012-10-04T02:57:42.111Z") } - { "count" : 1.0 } - 1 - 10/4/2012 9:57:42 AM
{ "createdDate" : ISODate("2012-10-04T02:57:44.892Z") } - { "count" : 1.0 } - 1 - 10/4/2012 9:57:44 AM
{ "createdDate" : ISODate("2012-10-04T02:57:45.095Z") } - { "count" : 1.0 } - 1 - 10/4/2012 9:57:45 AM
{ "createdDate" : ISODate("2012-10-04T02:57:45.455Z") } - { "count" : 1.0 } - 1 - 10/4/2012 9:57:45 AM
{ "createdDate" : ISODate("2012-10-04T02:57:45.564Z") } - { "count" : 1.0 } - 1 - 10/4/2012 9:57:45 AM
{ "createdDate" : ISODate("2012-10-04T02:57:45.627Z") } - { "count" : 1.0 } - 1 - 10/4/2012 9:57:45 AM
{ "createdDate" : ISODate("2012-10-04T02:57:45.689Z") } - { "count" : 1.0 } - 1 - 10/4/2012 9:57:45 AM
{ "createdDate" : ISODate("2012-10-04T02:57:45.767Z") } - { "count" : 1.0 } - 1 - 10/4/2012 9:57:45 AM
{ "createdDate" : ISODate("2012-10-04T02:57:45.83Z") } - { "count" : 1.0 } - 1 - 10/4/2012 9:57:45 AM
{ "createdDate" : ISODate("2012-10-04T02:57:45.908Z") } - { "count" : 1.0 } - 1 - 10/4/2012 9:57:45 AM
{ "createdDate" : ISODate("2012-10-04T02:57:45.97Z") } - { "count" : 1.0 } - 1 - 10/4/2012 9:57:45 AM
{ "createdDate" : ISODate("2012-10-04T02:57:46.017Z") } - { "count" : 1.0 } - 1 - 10/4/2012 9:57:46 AM
{ "createdDate" : ISODate("2012-10-04T02:57:47.439Z") } - { "count" : 1.0 } - 1 - 10/4/2012 9:57:47 AM
{ "createdDate" : ISODate("2012-10-04T02:57:47.517Z") } - { "count" : 1.0 } - 1 - 10/4/2012 9:57:47 AM
{ "createdDate" : ISODate("2012-10-04T02:57:47.627Z") } - { "count" : 1.0 } - 1 - 10/4/2012 9:57:47 AM
{ "createdDate" : ISODate("2012-10-04T02:57:47.689Z") } - { "count" : 1.0 } - 1 - 10/4/2012 9:57:47 AM
{ "createdDate" : ISODate("2012-10-04T02:57:47.752Z") } - { "count" : 1.0 } - 1 - 10/4/2012 9:57:47 AM
{ "createdDate" : ISODate("2012-10-04T02:57:47.845Z") } - { "count" : 1.0 } - 1 - 10/4/2012 9:57:47 AM
{ "createdDate" : ISODate("2012-10-04T02:57:47.908Z") } - { "count" : 1.0 } - 1 - 10/4/2012 9:57:47 AM
{ "createdDate" : ISODate("2012-10-04T02:57:48.002Z") } - { "count" : 1.0 } - 1 - 10/4/2012 9:57:48 AM
{ "createdDate" : ISODate("2012-10-04T02:57:48.08Z") } - { "count" : 1.0 } - 1 - 10/4/2012 9:57:48 AM
{ "createdDate" : ISODate("2012-10-04T02:57:48.158Z") } - { "count" : 1.0 } - 1 - 10/4/2012 9:57:48 AM
{ "createdDate" : ISODate("2012-10-04T02:57:48.22Z") } - { "count" : 1.0 } - 1 - 10/4/2012 9:57:48 AM
{ "createdDate" : ISODate("2012-10-04T02:59:00.33Z") } - { "count" : 1.0 } - 1 - 10/4/2012 9:59:00 AM
{ "createdDate" : ISODate("2012-10-04T02:59:00.549Z") } - { "count" : 1.0 } - 1 - 10/4/2012 9:59:00 AM
{ "createdDate" : ISODate("2012-10-04T02:59:00.783Z") } - { "count" : 1.0 } - 1 - 10/4/2012 9:59:00 AM
{ "createdDate" : ISODate("2012-10-04T02:59:01.033Z") } - { "count" : 1.0 } - 1 - 10/4/2012 9:59:01 AM
{ "createdDate" : ISODate("2012-10-04T02:59:01.095Z") } - { "count" : 1.0 } - 1 - 10/4/2012 9:59:01 AM
{ "createdDate" : ISODate("2012-10-04T02:59:01.158Z") } - { "count" : 1.0 } - 1 - 10/4/2012 9:59:01 AM
{ "createdDate" : ISODate("2012-10-04T02:59:01.236Z") } - { "count" : 1.0 } - 1 - 10/4/2012 9:59:01 AM
{ "createdDate" : ISODate("2012-10-04T02:59:01.283Z") } - { "count" : 1.0 } - 1 - 10/4/2012 9:59:01 AM
{ "createdDate" : ISODate("2012-10-04T02:59:01.345Z") } - { "count" : 1.0 } - 1 - 10/4/2012 9:59:01 AM
{ "createdDate" : ISODate("2012-10-04T02:59:01.392Z") } - { "count" : 1.0 } - 1 - 10/4/2012 9:59:01 AM
{ "createdDate" : ISODate("2012-10-04T02:59:01.455Z") } - { "count" : 1.0 } - 1 - 10/4/2012 9:59:01 AM
{ "createdDate" : ISODate("2012-10-04T02:59:23.502Z") } - { "count" : 1.0 } - 1 - 10/4/2012 9:59:23 AM
{ "createdDate" : ISODate("2012-10-04T02:59:23.595Z") } - { "count" : 1.0 } - 1 - 10/4/2012 9:59:23 AM
{ "createdDate" : ISODate("2012-10-04T02:59:23.736Z") } - { "count" : 1.0 } - 1 - 10/4/2012 9:59:23 AM
{ "createdDate" : ISODate("2012-10-04T02:59:23.908Z") } - { "count" : 1.0 } - 1 - 10/4/2012 9:59:23 AM
{ "createdDate" : ISODate("2012-10-04T02:59:24.174Z") } - { "count" : 1.0 } - 1 - 10/4/2012 9:59:24 AM
{ "createdDate" : ISODate("2012-10-04T02:59:24.299Z") } - { "count" : 1.0 } - 1 - 10/4/2012 9:59:24 AM
{ "createdDate" : ISODate("2012-10-04T02:59:24.549Z") } - { "count" : 1.0 } - 1 - 10/4/2012 9:59:24 AM
{ "createdDate" : ISODate("2012-10-04T02:59:24.845Z") } - { "count" : 1.0 } - 1 - 10/4/2012 9:59:24 AM
{ "createdDate" : ISODate("2012-10-04T02:59:25.064Z") } - { "count" : 1.0 } - 1 - 10/4/2012 9:59:25 AM
{ "createdDate" : ISODate("2012-10-04T02:59:25.267Z") } - { "count" : 1.0 } - 1 - 10/4/2012 9:59:25 AM
{ "createdDate" : ISODate("2012-10-04T02:59:25.517Z") } - { "count" : 1.0 } - 1 - 10/4/2012 9:59:25 AM
{ "createdDate" : ISODate("2012-10-04T02:59:30.314Z") } - { "count" : 1.0 } - 1 - 10/4/2012 9:59:30 AM
{ "createdDate" : ISODate("2012-10-04T02:59:30.424Z") } - { "count" : 1.0 } - 1 - 10/4/2012 9:59:30 AM
{ "createdDate" : ISODate("2012-10-04T02:59:30.658Z") } - { "count" : 1.0 } - 1 - 10/4/2012 9:59:30 AM
{ "createdDate" : ISODate("2012-10-04T02:59:30.736Z") } - { "count" : 1.0 } - 1 - 10/4/2012 9:59:30 AM
{ "createdDate" : ISODate("2012-10-04T02:59:30.924Z") } - { "count" : 1.0 } - 1 - 10/4/2012 9:59:30 AM
{ "createdDate" : ISODate("2012-10-04T02:59:31.111Z") } - { "count" : 1.0 } - 1 - 10/4/2012 9:59:31 AM
{ "createdDate" : ISODate("2012-10-04T02:59:31.361Z") } - { "count" : 1.0 } - 1 - 10/4/2012 9:59:31 AM
{ "createdDate" : ISODate("2012-10-04T02:59:31.424Z") } - { "count" : 1.0 } - 1 - 10/4/2012 9:59:31 AM
{ "createdDate" : ISODate("2012-10-04T02:59:31.502Z") } - { "count" : 1.0 } - 1 - 10/4/2012 9:59:31 AM
{ "createdDate" : ISODate("2012-10-04T02:59:31.564Z") } - { "count" : 1.0 } - 1 - 10/4/2012 9:59:31 AM
{ "createdDate" : ISODate("2012-10-04T02:59:31.627Z") } - { "count" : 1.0 } - 1 - 10/4/2012 9:59:31 AM
{ "createdDate" : ISODate("2012-10-04T02:59:33.314Z") } - { "count" : 1.0 } - 1 - 10/4/2012 9:59:33 AM
{ "createdDate" : ISODate("2012-10-04T02:59:33.58Z") } - { "count" : 1.0 } - 1 - 10/4/2012 9:59:33 AM
{ "createdDate" : ISODate("2012-10-04T02:59:33.783Z") } - { "count" : 1.0 } - 1 - 10/4/2012 9:59:33 AM
{ "createdDate" : ISODate("2012-10-04T02:59:33.892Z") } - { "count" : 1.0 } - 1 - 10/4/2012 9:59:33 AM
{ "createdDate" : ISODate("2012-10-04T02:59:34.002Z") } - { "count" : 1.0 } - 1 - 10/4/2012 9:59:34 AM
{ "createdDate" : ISODate("2012-10-04T02:59:34.142Z") } - { "count" : 1.0 } - 1 - 10/4/2012 9:59:34 AM
{ "createdDate" : ISODate("2012-10-04T02:59:34.252Z") } - { "count" : 1.0 } - 1 - 10/4/2012 9:59:34 AM
{ "createdDate" : ISODate("2012-10-04T02:59:34.377Z") } - { "count" : 1.0 } - 1 - 10/4/2012 9:59:34 AM
{ "createdDate" : ISODate("2012-10-04T02:59:34.642Z") } - { "count" : 1.0 } - 1 - 10/4/2012 9:59:34 AM
{ "createdDate" : ISODate("2012-10-04T02:59:34.814Z") } - { "count" : 1.0 } - 1 - 10/4/2012 9:59:34 AM
{ "createdDate" : ISODate("2012-10-04T02:59:34.986Z") } - { "count" : 1.0 } - 1 - 10/4/2012 9:59:34 AM
{ "createdDate" : ISODate("2012-10-04T02:59:37.908Z") } - { "count" : 1.0 } - 1 - 10/4/2012 9:59:37 AM
{ "createdDate" : ISODate("2012-10-04T02:59:38.033Z") } - { "count" : 1.0 } - 1 - 10/4/2012 9:59:38 AM
{ "createdDate" : ISODate("2012-10-04T02:59:38.111Z") } - { "count" : 1.0 } - 1 - 10/4/2012 9:59:38 AM
{ "createdDate" : ISODate("2012-10-04T02:59:38.205Z") } - { "count" : 1.0 } - 1 - 10/4/2012 9:59:38 AM
{ "createdDate" : ISODate("2012-10-04T02:59:38.283Z") } - { "count" : 1.0 } - 1 - 10/4/2012 9:59:38 AM
{ "createdDate" : ISODate("2012-10-04T02:59:38.392Z") } - { "count" : 1.0 } - 1 - 10/4/2012 9:59:38 AM
{ "createdDate" : ISODate("2012-10-04T02:59:38.486Z") } - { "count" : 1.0 } - 1 - 10/4/2012 9:59:38 AM
{ "createdDate" : ISODate("2012-10-04T02:59:38.564Z") } - { "count" : 1.0 } - 1 - 10/4/2012 9:59:38 AM
{ "createdDate" : ISODate("2012-10-04T02:59:38.642Z") } - { "count" : 1.0 } - 1 - 10/4/2012 9:59:38 AM
{ "createdDate" : ISODate("2012-10-04T02:59:38.705Z") } - { "count" : 1.0 } - 1 - 10/4/2012 9:59:38 AM
{ "createdDate" : ISODate("2012-10-04T02:59:38.767Z") } - { "count" : 1.0 } - 1 - 10/4/2012 9:59:38 AM
{ "createdDate" : ISODate("2012-10-04T02:59:39.517Z") } - { "count" : 1.0 } - 1 - 10/4/2012 9:59:39 AM
{ "createdDate" : ISODate("2012-10-04T02:59:39.642Z") } - { "count" : 1.0 } - 1 - 10/4/2012 9:59:39 AM
{ "createdDate" : ISODate("2012-10-04T02:59:39.767Z") } - { "count" : 1.0 } - 1 - 10/4/2012 9:59:39 AM
{ "createdDate" : ISODate("2012-10-04T02:59:39.97Z") } - { "count" : 1.0 } - 1 - 10/4/2012 9:59:39 AM
{ "createdDate" : ISODate("2012-10-04T02:59:40.064Z") } - { "count" : 1.0 } - 1 - 10/4/2012 9:59:40 AM
{ "createdDate" : ISODate("2012-10-04T02:59:40.299Z") } - { "count" : 1.0 } - 1 - 10/4/2012 9:59:40 AM
{ "createdDate" : ISODate("2012-10-04T02:59:40.424Z") } - { "count" : 1.0 } - 1 - 10/4/2012 9:59:40 AM
{ "createdDate" : ISODate("2012-10-04T02:59:40.611Z") } - { "count" : 1.0 } - 1 - 10/4/2012 9:59:40 AM
{ "createdDate" : ISODate("2012-10-04T02:59:40.674Z") } - { "count" : 1.0 } - 1 - 10/4/2012 9:59:40 AM
{ "createdDate" : ISODate("2012-10-04T02:59:41.002Z") } - { "count" : 1.0 } - 1 - 10/4/2012 9:59:41 AM
{ "createdDate" : ISODate("2012-10-04T02:59:41.064Z") } - { "count" : 1.0 } - 1 - 10/4/2012 9:59:41 AM
{ "createdDate" : ISODate("2012-10-04T02:59:42.33Z") } - { "count" : 1.0 } - 1 - 10/4/2012 9:59:42 AM
{ "createdDate" : ISODate("2012-10-04T02:59:42.439Z") } - { "count" : 1.0 } - 1 - 10/4/2012 9:59:42 AM
{ "createdDate" : ISODate("2012-10-04T02:59:42.486Z") } - { "count" : 1.0 } - 1 - 10/4/2012 9:59:42 AM
{ "createdDate" : ISODate("2012-10-04T02:59:42.533Z") } - { "count" : 1.0 } - 1 - 10/4/2012 9:59:42 AM
{ "createdDate" : ISODate("2012-10-04T02:59:42.595Z") } - { "count" : 1.0 } - 1 - 10/4/2012 9:59:42 AM
{ "createdDate" : ISODate("2012-10-04T02:59:42.658Z") } - { "count" : 1.0 } - 1 - 10/4/2012 9:59:42 AM
{ "createdDate" : ISODate("2012-10-04T02:59:42.72Z") } - { "count" : 1.0 } - 1 - 10/4/2012 9:59:42 AM
{ "createdDate" : ISODate("2012-10-04T02:59:42.783Z") } - { "count" : 1.0 } - 1 - 10/4/2012 9:59:42 AM
{ "createdDate" : ISODate("2012-10-04T02:59:42.845Z") } - { "count" : 1.0 } - 1 - 10/4/2012 9:59:42 AM
{ "createdDate" : ISODate("2012-10-04T02:59:42.892Z") } - { "count" : 1.0 } - 1 - 10/4/2012 9:59:42 AM
{ "createdDate" : ISODate("2012-10-04T02:59:42.955Z") } - { "count" : 1.0 } - 1 - 10/4/2012 9:59:42 AM
{ "createdDate" : ISODate("2012-10-04T02:59:45.377Z") } - { "count" : 1.0 } - 1 - 10/4/2012 9:59:45 AM
{ "createdDate" : ISODate("2012-10-04T02:59:45.642Z") } - { "count" : 1.0 } - 1 - 10/4/2012 9:59:45 AM
{ "createdDate" : ISODate("2012-10-04T02:59:45.814Z") } - { "count" : 1.0 } - 1 - 10/4/2012 9:59:45 AM
{ "createdDate" : ISODate("2012-10-04T02:59:45.892Z") } - { "count" : 1.0 } - 1 - 10/4/2012 9:59:45 AM
{ "createdDate" : ISODate("2012-10-04T02:59:46.049Z") } - { "count" : 1.0 } - 1 - 10/4/2012 9:59:46 AM
{ "createdDate" : ISODate("2012-10-04T02:59:46.127Z") } - { "count" : 1.0 } - 1 - 10/4/2012 9:59:46 AM
{ "createdDate" : ISODate("2012-10-04T02:59:46.189Z") } - { "count" : 1.0 } - 1 - 10/4/2012 9:59:46 AM
{ "createdDate" : ISODate("2012-10-04T02:59:46.252Z") } - { "count" : 1.0 } - 1 - 10/4/2012 9:59:46 AM
{ "createdDate" : ISODate("2012-10-04T02:59:46.314Z") } - { "count" : 1.0 } - 1 - 10/4/2012 9:59:46 AM
{ "createdDate" : ISODate("2012-10-04T02:59:46.361Z") } - { "count" : 1.0 } - 1 - 10/4/2012 9:59:46 AM
{ "createdDate" : ISODate("2012-10-04T02:59:46.439Z") } - { "count" : 1.0 } - 1 - 10/4/2012 9:59:46 AM
{ "createdDate" : ISODate("2012-10-04T02:59:49.345Z") } - { "count" : 1.0 } - 1 - 10/4/2012 9:59:49 AM
{ "createdDate" : ISODate("2012-10-04T02:59:49.424Z") } - { "count" : 1.0 } - 1 - 10/4/2012 9:59:49 AM
{ "createdDate" : ISODate("2012-10-04T02:59:49.486Z") } - { "count" : 1.0 } - 1 - 10/4/2012 9:59:49 AM
{ "createdDate" : ISODate("2012-10-04T02:59:49.549Z") } - { "count" : 1.0 } - 1 - 10/4/2012 9:59:49 AM
{ "createdDate" : ISODate("2012-10-04T02:59:49.611Z") } - { "count" : 1.0 } - 1 - 10/4/2012 9:59:49 AM
{ "createdDate" : ISODate("2012-10-04T02:59:49.658Z") } - { "count" : 1.0 } - 1 - 10/4/2012 9:59:49 AM
{ "createdDate" : ISODate("2012-10-04T02:59:49.72Z") } - { "count" : 1.0 } - 1 - 10/4/2012 9:59:49 AM
{ "createdDate" : ISODate("2012-10-04T02:59:49.767Z") } - { "count" : 1.0 } - 1 - 10/4/2012 9:59:49 AM
{ "createdDate" : ISODate("2012-10-04T02:59:49.83Z") } - { "count" : 1.0 } - 1 - 10/4/2012 9:59:49 AM
{ "createdDate" : ISODate("2012-10-04T02:59:49.892Z") } - { "count" : 1.0 } - 1 - 10/4/2012 9:59:49 AM
{ "createdDate" : ISODate("2012-10-04T02:59:49.955Z") } - { "count" : 1.0 } - 1 - 10/4/2012 9:59:49 AM
{ "createdDate" : ISODate("2012-10-04T02:59:53.83Z") } - { "count" : 1.0 } - 1 - 10/4/2012 9:59:53 AM
{ "createdDate" : ISODate("2012-10-04T02:59:53.892Z") } - { "count" : 1.0 } - 1 - 10/4/2012 9:59:53 AM
{ "createdDate" : ISODate("2012-10-04T02:59:53.939Z") } - { "count" : 1.0 } - 1 - 10/4/2012 9:59:53 AM
{ "createdDate" : ISODate("2012-10-04T02:59:54.002Z") } - { "count" : 1.0 } - 1 - 10/4/2012 9:59:54 AM
{ "createdDate" : ISODate("2012-10-04T02:59:54.064Z") } - { "count" : 1.0 } - 1 - 10/4/2012 9:59:54 AM
{ "createdDate" : ISODate("2012-10-04T02:59:54.174Z") } - { "count" : 1.0 } - 1 - 10/4/2012 9:59:54 AM
{ "createdDate" : ISODate("2012-10-04T02:59:54.283Z") } - { "count" : 1.0 } - 1 - 10/4/2012 9:59:54 AM
{ "createdDate" : ISODate("2012-10-04T02:59:54.549Z") } - { "count" : 1.0 } - 1 - 10/4/2012 9:59:54 AM
{ "createdDate" : ISODate("2012-10-04T02:59:54.627Z") } - { "count" : 1.0 } - 1 - 10/4/2012 9:59:54 AM
{ "createdDate" : ISODate("2012-10-04T02:59:54.861Z") } - { "count" : 1.0 } - 1 - 10/4/2012 9:59:54 AM
{ "createdDate" : ISODate("2012-10-04T02:59:55.08Z") } - { "count" : 1.0 } - 1 - 10/4/2012 9:59:55 AM
{ "createdDate" : ISODate("2012-10-04T02:59:57.345Z") } - { "count" : 1.0 } - 1 - 10/4/2012 9:59:57 AM
{ "createdDate" : ISODate("2012-10-04T02:59:57.408Z") } - { "count" : 1.0 } - 1 - 10/4/2012 9:59:57 AM
{ "createdDate" : ISODate("2012-10-04T02:59:57.486Z") } - { "count" : 1.0 } - 1 - 10/4/2012 9:59:57 AM
{ "createdDate" : ISODate("2012-10-04T02:59:57.564Z") } - { "count" : 1.0 } - 1 - 10/4/2012 9:59:57 AM
{ "createdDate" : ISODate("2012-10-04T02:59:57.627Z") } - { "count" : 1.0 } - 1 - 10/4/2012 9:59:57 AM
{ "createdDate" : ISODate("2012-10-04T02:59:57.689Z") } - { "count" : 1.0 } - 1 - 10/4/2012 9:59:57 AM
{ "createdDate" : ISODate("2012-10-04T02:59:57.752Z") } - { "count" : 1.0 } - 1 - 10/4/2012 9:59:57 AM
{ "createdDate" : ISODate("2012-10-04T02:59:57.814Z") } - { "count" : 1.0 } - 1 - 10/4/2012 9:59:57 AM
{ "createdDate" : ISODate("2012-10-04T02:59:57.892Z") } - { "count" : 1.0 } - 1 - 10/4/2012 9:59:57 AM
{ "createdDate" : ISODate("2012-10-04T02:59:57.955Z") } - { "count" : 1.0 } - 1 - 10/4/2012 9:59:57 AM
{ "createdDate" : ISODate("2012-10-04T02:59:58.002Z") } - { "count" : 1.0 } - 1 - 10/4/2012 9:59:58 AM
{ "createdDate" : ISODate("2012-10-04T03:00:02.361Z") } - { "count" : 1.0 } - 1 - 10/4/2012 10:00:02 AM
{ "createdDate" : ISODate("2012-10-04T03:00:02.408Z") } - { "count" : 1.0 } - 1 - 10/4/2012 10:00:02 AM
{ "createdDate" : ISODate("2012-10-04T03:00:02.486Z") } - { "count" : 1.0 } - 1 - 10/4/2012 10:00:02 AM
{ "createdDate" : ISODate("2012-10-04T03:00:02.58Z") } - { "count" : 1.0 } - 1 - 10/4/2012 10:00:02 AM
{ "createdDate" : ISODate("2012-10-04T03:00:02.83Z") } - { "count" : 1.0 } - 1 - 10/4/2012 10:00:02 AM
{ "createdDate" : ISODate("2012-10-04T03:00:02.924Z") } - { "count" : 1.0 } - 1 - 10/4/2012 10:00:02 AM
{ "createdDate" : ISODate("2012-10-04T03:00:03.017Z") } - { "count" : 1.0 } - 1 - 10/4/2012 10:00:03 AM
{ "createdDate" : ISODate("2012-10-04T03:00:03.127Z") } - { "count" : 1.0 } - 1 - 10/4/2012 10:00:03 AM
{ "createdDate" : ISODate("2012-10-04T03:00:03.22Z") } - { "count" : 1.0 } - 1 - 10/4/2012 10:00:03 AM
{ "createdDate" : ISODate("2012-10-04T03:00:03.314Z") } - { "count" : 1.0 } - 1 - 10/4/2012 10:00:03 AM
{ "createdDate" : ISODate("2012-10-04T03:00:03.455Z") } - { "count" : 1.0 } - 1 - 10/4/2012 10:00:03 AM
{ "createdDate" : ISODate("2012-10-04T03:00:07.033Z") } - { "count" : 1.0 } - 1 - 10/4/2012 10:00:07 AM
{ "createdDate" : ISODate("2012-10-04T03:00:07.111Z") } - { "count" : 1.0 } - 1 - 10/4/2012 10:00:07 AM
{ "createdDate" : ISODate("2012-10-04T03:00:07.158Z") } - { "count" : 1.0 } - 1 - 10/4/2012 10:00:07 AM
{ "createdDate" : ISODate("2012-10-04T03:00:07.22Z") } - { "count" : 1.0 } - 1 - 10/4/2012 10:00:07 AM
{ "createdDate" : ISODate("2012-10-04T03:00:07.283Z") } - { "count" : 1.0 } - 1 - 10/4/2012 10:00:07 AM
{ "createdDate" : ISODate("2012-10-04T03:00:07.345Z") } - { "count" : 1.0 } - 1 - 10/4/2012 10:00:07 AM
{ "createdDate" : ISODate("2012-10-04T03:00:07.392Z") } - { "count" : 1.0 } - 1 - 10/4/2012 10:00:07 AM
{ "createdDate" : ISODate("2012-10-04T03:00:07.424Z") } - { "count" : 1.0 } - 1 - 10/4/2012 10:00:07 AM
{ "createdDate" : ISODate("2012-10-04T03:00:07.486Z") } - { "count" : 1.0 } - 1 - 10/4/2012 10:00:07 AM
{ "createdDate" : ISODate("2012-10-04T03:00:07.533Z") } - { "count" : 1.0 } - 1 - 10/4/2012 10:00:07 AM
{ "createdDate" : ISODate("2012-10-04T03:00:07.58Z") } - { "count" : 1.0 } - 1 - 10/4/2012 10:00:07 AM
{ "createdDate" : ISODate("2012-10-04T03:00:09.877Z") } - { "count" : 1.0 } - 1 - 10/4/2012 10:00:09 AM
{ "createdDate" : ISODate("2012-10-04T03:00:10.017Z") } - { "count" : 1.0 } - 1 - 10/4/2012 10:00:10 AM
{ "createdDate" : ISODate("2012-10-04T03:00:10.064Z") } - { "count" : 1.0 } - 1 - 10/4/2012 10:00:10 AM
{ "createdDate" : ISODate("2012-10-04T03:00:10.127Z") } - { "count" : 1.0 } - 1 - 10/4/2012 10:00:10 AM
{ "createdDate" : ISODate("2012-10-04T03:00:10.283Z") } - { "count" : 1.0 } - 1 - 10/4/2012 10:00:10 AM
{ "createdDate" : ISODate("2012-10-04T03:00:10.345Z") } - { "count" : 1.0 } - 1 - 10/4/2012 10:00:10 AM
{ "createdDate" : ISODate("2012-10-04T03:00:10.392Z") } - { "count" : 1.0 } - 1 - 10/4/2012 10:00:10 AM
{ "createdDate" : ISODate("2012-10-04T03:00:10.439Z") } - { "count" : 1.0 } - 1 - 10/4/2012 10:00:10 AM
{ "createdDate" : ISODate("2012-10-04T03:00:10.502Z") } - { "count" : 1.0 } - 1 - 10/4/2012 10:00:10 AM
{ "createdDate" : ISODate("2012-10-04T03:00:10.549Z") } - { "count" : 1.0 } - 1 - 10/4/2012 10:00:10 AM
{ "createdDate" : ISODate("2012-10-04T03:00:10.627Z") } - { "count" : 1.0 } - 1 - 10/4/2012 10:00:10 AM
{ "createdDate" : ISODate("2012-10-04T03:00:13.861Z") } - { "count" : 1.0 } - 1 - 10/4/2012 10:00:13 AM
{ "createdDate" : ISODate("2012-10-04T03:00:13.908Z") } - { "count" : 1.0 } - 1 - 10/4/2012 10:00:13 AM
{ "createdDate" : ISODate("2012-10-04T03:00:13.97Z") } - { "count" : 1.0 } - 1 - 10/4/2012 10:00:13 AM
{ "createdDate" : ISODate("2012-10-04T03:00:14.033Z") } - { "count" : 1.0 } - 1 - 10/4/2012 10:00:14 AM
{ "createdDate" : ISODate("2012-10-04T03:00:14.08Z") } - { "count" : 1.0 } - 1 - 10/4/2012 10:00:14 AM
{ "createdDate" : ISODate("2012-10-04T03:00:14.142Z") } - { "count" : 1.0 } - 1 - 10/4/2012 10:00:14 AM
{ "createdDate" : ISODate("2012-10-04T03:00:14.189Z") } - { "count" : 1.0 } - 1 - 10/4/2012 10:00:14 AM
{ "createdDate" : ISODate("2012-10-04T03:00:14.236Z") } - { "count" : 1.0 } - 1 - 10/4/2012 10:00:14 AM
{ "createdDate" : ISODate("2012-10-04T03:00:14.283Z") } - { "count" : 1.0 } - 1 - 10/4/2012 10:00:14 AM
{ "createdDate" : ISODate("2012-10-04T03:00:14.33Z") } - { "count" : 1.0 } - 1 - 10/4/2012 10:00:14 AM
{ "createdDate" : ISODate("2012-10-04T03:00:14.377Z") } - { "count" : 1.0 } - 1 - 10/4/2012 10:00:14 AM
{ "createdDate" : ISODate("2012-10-04T03:00:19.111Z") } - { "count" : 1.0 } - 1 - 10/4/2012 10:00:19 AM
{ "createdDate" : ISODate("2012-10-04T03:00:19.174Z") } - { "count" : 1.0 } - 1 - 10/4/2012 10:00:19 AM
{ "createdDate" : ISODate("2012-10-04T03:00:19.236Z") } - { "count" : 1.0 } - 1 - 10/4/2012 10:00:19 AM
{ "createdDate" : ISODate("2012-10-04T03:00:19.299Z") } - { "count" : 1.0 } - 1 - 10/4/2012 10:00:19 AM
{ "createdDate" : ISODate("2012-10-04T03:00:19.361Z") } - { "count" : 1.0 } - 1 - 10/4/2012 10:00:19 AM
{ "createdDate" : ISODate("2012-10-04T03:00:19.424Z") } - { "count" : 1.0 } - 1 - 10/4/2012 10:00:19 AM
{ "createdDate" : ISODate("2012-10-04T03:00:19.486Z") } - { "count" : 1.0 } - 1 - 10/4/2012 10:00:19 AM
{ "createdDate" : ISODate("2012-10-04T03:00:19.549Z") } - { "count" : 1.0 } - 1 - 10/4/2012 10:00:19 AM
{ "createdDate" : ISODate("2012-10-04T03:00:19.595Z") } - { "count" : 1.0 } - 1 - 10/4/2012 10:00:19 AM
{ "createdDate" : ISODate("2012-10-04T03:00:19.658Z") } - { "count" : 1.0 } - 1 - 10/4/2012 10:00:19 AM
{ "createdDate" : ISODate("2012-10-04T03:00:19.705Z") } - { "count" : 1.0 } - 1 - 10/4/2012 10:00:19 AM
{ "createdDate" : ISODate("2012-10-04T03:00:21.845Z") } - { "count" : 1.0 } - 1 - 10/4/2012 10:00:21 AM
{ "createdDate" : ISODate("2012-10-04T03:00:21.924Z") } - { "count" : 1.0 } - 1 - 10/4/2012 10:00:21 AM
{ "createdDate" : ISODate("2012-10-04T03:00:21.97Z") } - { "count" : 1.0 } - 1 - 10/4/2012 10:00:21 AM
{ "createdDate" : ISODate("2012-10-04T03:00:22.017Z") } - { "count" : 1.0 } - 1 - 10/4/2012 10:00:22 AM
{ "createdDate" : ISODate("2012-10-04T03:00:22.08Z") } - { "count" : 1.0 } - 1 - 10/4/2012 10:00:22 AM
{ "createdDate" : ISODate("2012-10-04T03:00:22.127Z") } - { "count" : 1.0 } - 1 - 10/4/2012 10:00:22 AM
{ "createdDate" : ISODate("2012-10-04T03:00:22.174Z") } - { "count" : 1.0 } - 1 - 10/4/2012 10:00:22 AM
{ "createdDate" : ISODate("2012-10-04T03:00:22.22Z") } - { "count" : 1.0 } - 1 - 10/4/2012 10:00:22 AM
{ "createdDate" : ISODate("2012-10-04T03:00:22.267Z") } - { "count" : 1.0 } - 1 - 10/4/2012 10:00:22 AM
{ "createdDate" : ISODate("2012-10-04T03:00:22.314Z") } - { "count" : 1.0 } - 1 - 10/4/2012 10:00:22 AM
{ "createdDate" : ISODate("2012-10-04T03:00:22.361Z") } - { "count" : 1.0 } - 1 - 10/4/2012 10:00:22 AM
{ "createdDate" : ISODate("2012-10-04T03:00:25.845Z") } - { "count" : 1.0 } - 1 - 10/4/2012 10:00:25 AM
{ "createdDate" : ISODate("2012-10-04T03:00:25.908Z") } - { "count" : 1.0 } - 1 - 10/4/2012 10:00:25 AM
{ "createdDate" : ISODate("2012-10-04T03:00:25.97Z") } - { "count" : 1.0 } - 1 - 10/4/2012 10:00:25 AM
{ "createdDate" : ISODate("2012-10-04T03:00:26.017Z") } - { "count" : 1.0 } - 1 - 10/4/2012 10:00:26 AM
{ "createdDate" : ISODate("2012-10-04T03:00:26.064Z") } - { "count" : 1.0 } - 1 - 10/4/2012 10:00:26 AM
{ "createdDate" : ISODate("2012-10-04T03:00:26.127Z") } - { "count" : 1.0 } - 1 - 10/4/2012 10:00:26 AM
{ "createdDate" : ISODate("2012-10-04T03:00:26.189Z") } - { "count" : 1.0 } - 1 - 10/4/2012 10:00:26 AM
{ "createdDate" : ISODate("2012-10-04T03:00:26.252Z") } - { "count" : 1.0 } - 1 - 10/4/2012 10:00:26 AM
{ "createdDate" : ISODate("2012-10-04T03:00:26.314Z") } - { "count" : 1.0 } - 1 - 10/4/2012 10:00:26 AM
{ "createdDate" : ISODate("2012-10-04T03:00:26.377Z") } - { "count" : 1.0 } - 1 - 10/4/2012 10:00:26 AM
{ "createdDate" : ISODate("2012-10-04T03:00:26.439Z") } - { "count" : 1.0 } - 1 - 10/4/2012 10:00:26 AM
{ "createdDate" : ISODate("2012-10-04T03:00:29.845Z") } - { "count" : 1.0 } - 1 - 10/4/2012 10:00:29 AM
{ "createdDate" : ISODate("2012-10-04T03:00:29.924Z") } - { "count" : 1.0 } - 1 - 10/4/2012 10:00:29 AM
{ "createdDate" : ISODate("2012-10-04T03:00:29.986Z") } - { "count" : 1.0 } - 1 - 10/4/2012 10:00:29 AM
{ "createdDate" : ISODate("2012-10-04T03:00:30.049Z") } - { "count" : 1.0 } - 1 - 10/4/2012 10:00:30 AM
{ "createdDate" : ISODate("2012-10-04T03:00:30.111Z") } - { "count" : 1.0 } - 1 - 10/4/2012 10:00:30 AM
{ "createdDate" : ISODate("2012-10-04T03:00:30.158Z") } - { "count" : 1.0 } - 1 - 10/4/2012 10:00:30 AM
{ "createdDate" : ISODate("2012-10-04T03:00:30.22Z") } - { "count" : 1.0 } - 1 - 10/4/2012 10:00:30 AM
{ "createdDate" : ISODate("2012-10-04T03:00:30.299Z") } - { "count" : 1.0 } - 1 - 10/4/2012 10:00:30 AM
{ "createdDate" : ISODate("2012-10-04T03:00:30.361Z") } - { "count" : 1.0 } - 1 - 10/4/2012 10:00:30 AM
{ "createdDate" : ISODate("2012-10-04T03:00:30.408Z") } - { "count" : 1.0 } - 1 - 10/4/2012 10:00:30 AM
{ "createdDate" : ISODate("2012-10-04T03:00:30.47Z") } - { "count" : 1.0 } - 1 - 10/4/2012 10:00:30 AM
{ "createdDate" : ISODate("2012-10-04T03:00:33.345Z") } - { "count" : 1.0 } - 1 - 10/4/2012 10:00:33 AM
{ "createdDate" : ISODate("2012-10-04T03:00:33.408Z") } - { "count" : 1.0 } - 1 - 10/4/2012 10:00:33 AM
{ "createdDate" : ISODate("2012-10-04T03:00:33.47Z") } - { "count" : 1.0 } - 1 - 10/4/2012 10:00:33 AM
{ "createdDate" : ISODate("2012-10-04T03:00:33.533Z") } - { "count" : 1.0 } - 1 - 10/4/2012 10:00:33 AM
{ "createdDate" : ISODate("2012-10-04T03:00:33.595Z") } - { "count" : 1.0 } - 1 - 10/4/2012 10:00:33 AM
{ "createdDate" : ISODate("2012-10-04T03:00:33.642Z") } - { "count" : 1.0 } - 1 - 10/4/2012 10:00:33 AM
{ "createdDate" : ISODate("2012-10-04T03:00:33.705Z") } - { "count" : 1.0 } - 1 - 10/4/2012 10:00:33 AM
{ "createdDate" : ISODate("2012-10-04T03:00:33.752Z") } - { "count" : 1.0 } - 1 - 10/4/2012 10:00:33 AM
{ "createdDate" : ISODate("2012-10-04T03:00:33.799Z") } - { "count" : 1.0 } - 1 - 10/4/2012 10:00:33 AM
{ "createdDate" : ISODate("2012-10-04T03:00:33.845Z") } - { "count" : 1.0 } - 1 - 10/4/2012 10:00:33 AM
{ "createdDate" : ISODate("2012-10-04T03:00:33.908Z") } - { "count" : 1.0 } - 1 - 10/4/2012 10:00:33 AM
{ "createdDate" : ISODate("2012-10-04T03:00:38.502Z") } - { "count" : 1.0 } - 1 - 10/4/2012 10:00:38 AM
{ "createdDate" : ISODate("2012-10-04T03:00:38.564Z") } - { "count" : 1.0 } - 1 - 10/4/2012 10:00:38 AM
{ "createdDate" : ISODate("2012-10-04T03:00:38.627Z") } - { "count" : 1.0 } - 1 - 10/4/2012 10:00:38 AM
{ "createdDate" : ISODate("2012-10-04T03:00:38.689Z") } - { "count" : 1.0 } - 1 - 10/4/2012 10:00:38 AM
{ "createdDate" : ISODate("2012-10-04T03:00:38.736Z") } - { "count" : 1.0 } - 1 - 10/4/2012 10:00:38 AM
{ "createdDate" : ISODate("2012-10-04T03:00:38.799Z") } - { "count" : 1.0 } - 1 - 10/4/2012 10:00:38 AM
{ "createdDate" : ISODate("2012-10-04T03:00:38.861Z") } - { "count" : 1.0 } - 1 - 10/4/2012 10:00:38 AM
{ "createdDate" : ISODate("2012-10-04T03:00:38.924Z") } - { "count" : 1.0 } - 1 - 10/4/2012 10:00:38 AM
{ "createdDate" : ISODate("2012-10-04T03:00:38.986Z") } - { "count" : 1.0 } - 1 - 10/4/2012 10:00:38 AM
{ "createdDate" : ISODate("2012-10-04T03:00:39.049Z") } - { "count" : 1.0 } - 1 - 10/4/2012 10:00:39 AM
{ "createdDate" : ISODate("2012-10-04T03:00:39.111Z") } - { "count" : 1.0 } - 1 - 10/4/2012 10:00:39 AM
{ "createdDate" : ISODate("2012-10-04T03:00:42.502Z") } - { "count" : 1.0 } - 1 - 10/4/2012 10:00:42 AM
{ "createdDate" : ISODate("2012-10-04T03:00:42.549Z") } - { "count" : 1.0 } - 1 - 10/4/2012 10:00:42 AM
{ "createdDate" : ISODate("2012-10-04T03:00:42.595Z") } - { "count" : 1.0 } - 1 - 10/4/2012 10:00:42 AM
{ "createdDate" : ISODate("2012-10-04T03:00:42.658Z") } - { "count" : 1.0 } - 1 - 10/4/2012 10:00:42 AM
{ "createdDate" : ISODate("2012-10-04T03:00:42.705Z") } - { "count" : 1.0 } - 1 - 10/4/2012 10:00:42 AM
{ "createdDate" : ISODate("2012-10-04T03:00:42.767Z") } - { "count" : 1.0 } - 1 - 10/4/2012 10:00:42 AM
{ "createdDate" : ISODate("2012-10-04T03:00:42.83Z") } - { "count" : 1.0 } - 1 - 10/4/2012 10:00:42 AM
{ "createdDate" : ISODate("2012-10-04T03:00:42.892Z") } - { "count" : 1.0 } - 1 - 10/4/2012 10:00:42 AM
{ "createdDate" : ISODate("2012-10-04T03:00:42.955Z") } - { "count" : 1.0 } - 1 - 10/4/2012 10:00:42 AM
{ "createdDate" : ISODate("2012-10-04T03:00:43.142Z") } - { "count" : 1.0 } - 1 - 10/4/2012 10:00:43 AM
{ "createdDate" : ISODate("2012-10-04T03:00:43.205Z") } - { "count" : 1.0 } - 1 - 10/4/2012 10:00:43 AM
{ "createdDate" : ISODate("2012-10-04T03:00:46.017Z") } - { "count" : 1.0 } - 1 - 10/4/2012 10:00:46 AM
{ "createdDate" : ISODate("2012-10-04T03:00:46.095Z") } - { "count" : 1.0 } - 1 - 10/4/2012 10:00:46 AM
{ "createdDate" : ISODate("2012-10-04T03:00:46.158Z") } - { "count" : 1.0 } - 1 - 10/4/2012 10:00:46 AM
{ "createdDate" : ISODate("2012-10-04T03:00:46.22Z") } - { "count" : 1.0 } - 1 - 10/4/2012 10:00:46 AM
{ "createdDate" : ISODate("2012-10-04T03:00:46.283Z") } - { "count" : 1.0 } - 1 - 10/4/2012 10:00:46 AM
{ "createdDate" : ISODate("2012-10-04T03:00:46.345Z") } - { "count" : 1.0 } - 1 - 10/4/2012 10:00:46 AM
{ "createdDate" : ISODate("2012-10-04T03:00:46.392Z") } - { "count" : 1.0 } - 1 - 10/4/2012 10:00:46 AM
{ "createdDate" : ISODate("2012-10-04T03:00:46.455Z") } - { "count" : 1.0 } - 1 - 10/4/2012 10:00:46 AM
{ "createdDate" : ISODate("2012-10-04T03:00:46.517Z") } - { "count" : 1.0 } - 1 - 10/4/2012 10:00:46 AM
{ "createdDate" : ISODate("2012-10-04T03:00:46.58Z") } - { "count" : 1.0 } - 1 - 10/4/2012 10:00:46 AM
{ "createdDate" : ISODate("2012-10-04T03:00:46.658Z") } - { "count" : 1.0 } - 1 - 10/4/2012 10:00:46 AM
{ "createdDate" : ISODate("2012-10-04T03:00:49.705Z") } - { "count" : 1.0 } - 1 - 10/4/2012 10:00:49 AM
{ "createdDate" : ISODate("2012-10-04T03:00:49.767Z") } - { "count" : 1.0 } - 1 - 10/4/2012 10:00:49 AM
{ "createdDate" : ISODate("2012-10-04T03:00:49.814Z") } - { "count" : 1.0 } - 1 - 10/4/2012 10:00:49 AM
{ "createdDate" : ISODate("2012-10-04T03:00:49.877Z") } - { "count" : 1.0 } - 1 - 10/4/2012 10:00:49 AM
{ "createdDate" : ISODate("2012-10-04T03:00:49.955Z") } - { "count" : 1.0 } - 1 - 10/4/2012 10:00:49 AM
{ "createdDate" : ISODate("2012-10-04T03:00:50.017Z") } - { "count" : 1.0 } - 1 - 10/4/2012 10:00:50 AM
{ "createdDate" : ISODate("2012-10-04T03:00:50.095Z") } - { "count" : 1.0 } - 1 - 10/4/2012 10:00:50 AM
{ "createdDate" : ISODate("2012-10-04T03:00:50.142Z") } - { "count" : 1.0 } - 1 - 10/4/2012 10:00:50 AM
{ "createdDate" : ISODate("2012-10-04T03:00:50.299Z") } - { "count" : 1.0 } - 1 - 10/4/2012 10:00:50 AM
{ "createdDate" : ISODate("2012-10-04T03:00:50.345Z") } - { "count" : 1.0 } - 1 - 10/4/2012 10:00:50 AM
{ "createdDate" : ISODate("2012-10-04T03:00:50.408Z") } - { "count" : 1.0 } - 1 - 10/4/2012 10:00:50 AM
{ "createdDate" : ISODate("2012-10-04T03:00:53.345Z") } - { "count" : 1.0 } - 1 - 10/4/2012 10:00:53 AM
{ "createdDate" : ISODate("2012-10-04T03:00:53.439Z") } - { "count" : 1.0 } - 1 - 10/4/2012 10:00:53 AM
{ "createdDate" : ISODate("2012-10-04T03:00:53.517Z") } - { "count" : 1.0 } - 1 - 10/4/2012 10:00:53 AM
{ "createdDate" : ISODate("2012-10-04T03:00:53.627Z") } - { "count" : 1.0 } - 1 - 10/4/2012 10:00:53 AM
{ "createdDate" : ISODate("2012-10-04T03:00:53.814Z") } - { "count" : 1.0 } - 1 - 10/4/2012 10:00:53 AM
{ "createdDate" : ISODate("2012-10-04T03:00:54.095Z") } - { "count" : 1.0 } - 1 - 10/4/2012 10:00:54 AM
{ "createdDate" : ISODate("2012-10-04T03:00:54.158Z") } - { "count" : 1.0 } - 1 - 10/4/2012 10:00:54 AM
{ "createdDate" : ISODate("2012-10-04T03:00:54.33Z") } - { "count" : 1.0 } - 1 - 10/4/2012 10:00:54 AM
{ "createdDate" : ISODate("2012-10-04T03:00:54.392Z") } - { "count" : 1.0 } - 1 - 10/4/2012 10:00:54 AM
{ "createdDate" : ISODate("2012-10-04T03:00:54.455Z") } - { "count" : 1.0 } - 1 - 10/4/2012 10:00:54 AM
{ "createdDate" : ISODate("2012-10-04T03:00:54.517Z") } - { "count" : 1.0 } - 1 - 10/4/2012 10:00:54 AM
{ "createdDate" : ISODate("2012-10-04T03:08:26.502Z") } - { "count" : 1.0 } - 1 - 10/4/2012 10:08:26 AM
{ "createdDate" : ISODate("2012-10-04T03:08:26.564Z") } - { "count" : 1.0 } - 1 - 10/4/2012 10:08:26 AM
{ "createdDate" : ISODate("2012-10-04T03:08:26.611Z") } - { "count" : 1.0 } - 1 - 10/4/2012 10:08:26 AM
{ "createdDate" : ISODate("2012-10-04T03:08:26.674Z") } - { "count" : 1.0 } - 1 - 10/4/2012 10:08:26 AM
{ "createdDate" : ISODate("2012-10-04T03:08:26.736Z") } - { "count" : 1.0 } - 1 - 10/4/2012 10:08:26 AM
{ "createdDate" : ISODate("2012-10-04T03:08:26.783Z") } - { "count" : 1.0 } - 1 - 10/4/2012 10:08:26 AM
{ "createdDate" : ISODate("2012-10-04T03:08:26.845Z") } - { "count" : 1.0 } - 1 - 10/4/2012 10:08:26 AM
{ "createdDate" : ISODate("2012-10-04T03:08:26.908Z") } - { "count" : 1.0 } - 1 - 10/4/2012 10:08:26 AM
{ "createdDate" : ISODate("2012-10-04T03:08:26.97Z") } - { "count" : 1.0 } - 1 - 10/4/2012 10:08:26 AM
{ "createdDate" : ISODate("2012-10-04T03:08:27.033Z") } - { "count" : 1.0 } - 1 - 10/4/2012 10:08:27 AM
{ "createdDate" : ISODate("2012-10-04T03:08:27.095Z") } - { "count" : 1.0 } - 1 - 10/4/2012 10:08:27 AM
{ "createdDate" : ISODate("2012-10-04T03:08:46.674Z") } - { "count" : 1.0 } - 1 - 10/4/2012 10:08:46 AM
{ "createdDate" : ISODate("2012-10-04T03:08:46.736Z") } - { "count" : 1.0 } - 1 - 10/4/2012 10:08:46 AM
{ "createdDate" : ISODate("2012-10-04T03:08:46.783Z") } - { "count" : 1.0 } - 1 - 10/4/2012 10:08:46 AM
{ "createdDate" : ISODate("2012-10-04T03:08:46.845Z") } - { "count" : 1.0 } - 1 - 10/4/2012 10:08:46 AM
{ "createdDate" : ISODate("2012-10-04T03:08:46.924Z") } - { "count" : 1.0 } - 1 - 10/4/2012 10:08:46 AM
{ "createdDate" : ISODate("2012-10-04T03:08:46.97Z") } - { "count" : 1.0 } - 1 - 10/4/2012 10:08:46 AM
{ "createdDate" : ISODate("2012-10-04T03:08:47.033Z") } - { "count" : 1.0 } - 1 - 10/4/2012 10:08:47 AM
{ "createdDate" : ISODate("2012-10-04T03:08:47.095Z") } - { "count" : 1.0 } - 1 - 10/4/2012 10:08:47 AM
{ "createdDate" : ISODate("2012-10-04T03:08:47.158Z") } - { "count" : 1.0 } - 1 - 10/4/2012 10:08:47 AM
{ "createdDate" : ISODate("2012-10-04T03:08:47.22Z") } - { "count" : 1.0 } - 1 - 10/4/2012 10:08:47 AM
{ "createdDate" : ISODate("2012-10-04T03:08:47.267Z") } - { "count" : 1.0 } - 1 - 10/4/2012 10:08:47 AM
{ "createdDate" : ISODate("2012-10-04T03:08:50.689Z") } - { "count" : 1.0 } - 1 - 10/4/2012 10:08:50 AM
{ "createdDate" : ISODate("2012-10-04T03:08:50.783Z") } - { "count" : 1.0 } - 1 - 10/4/2012 10:08:50 AM
{ "createdDate" : ISODate("2012-10-04T03:08:50.892Z") } - { "count" : 1.0 } - 1 - 10/4/2012 10:08:50 AM
{ "createdDate" : ISODate("2012-10-04T03:08:50.97Z") } - { "count" : 1.0 } - 1 - 10/4/2012 10:08:50 AM
{ "createdDate" : ISODate("2012-10-04T03:08:51.033Z") } - { "count" : 1.0 } - 1 - 10/4/2012 10:08:51 AM
{ "createdDate" : ISODate("2012-10-04T03:08:51.111Z") } - { "count" : 1.0 } - 1 - 10/4/2012 10:08:51 AM
{ "createdDate" : ISODate("2012-10-04T03:08:51.174Z") } - { "count" : 1.0 } - 1 - 10/4/2012 10:08:51 AM
{ "createdDate" : ISODate("2012-10-04T03:08:51.252Z") } - { "count" : 1.0 } - 1 - 10/4/2012 10:08:51 AM
{ "createdDate" : ISODate("2012-10-04T03:08:51.33Z") } - { "count" : 1.0 } - 1 - 10/4/2012 10:08:51 AM
{ "createdDate" : ISODate("2012-10-04T03:08:51.392Z") } - { "count" : 1.0 } - 1 - 10/4/2012 10:08:51 AM
{ "createdDate" : ISODate("2012-10-04T03:08:51.517Z") } - { "count" : 1.0 } - 1 - 10/4/2012 10:08:51 AM
{ "createdDate" : ISODate("2012-10-04T03:08:54.767Z") } - { "count" : 1.0 } - 1 - 10/4/2012 10:08:54 AM
{ "createdDate" : ISODate("2012-10-04T03:08:54.877Z") } - { "count" : 1.0 } - 1 - 10/4/2012 10:08:54 AM
{ "createdDate" : ISODate("2012-10-04T03:08:55.033Z") } - { "count" : 1.0 } - 1 - 10/4/2012 10:08:55 AM
{ "createdDate" : ISODate("2012-10-04T03:08:55.142Z") } - { "count" : 1.0 } - 1 - 10/4/2012 10:08:55 AM
{ "createdDate" : ISODate("2012-10-04T03:08:55.299Z") } - { "count" : 1.0 } - 1 - 10/4/2012 10:08:55 AM
{ "createdDate" : ISODate("2012-10-04T03:08:55.549Z") } - { "count" : 1.0 } - 1 - 10/4/2012 10:08:55 AM
{ "createdDate" : ISODate("2012-10-04T03:08:55.752Z") } - { "count" : 1.0 } - 1 - 10/4/2012 10:08:55 AM
{ "createdDate" : ISODate("2012-10-04T03:08:55.814Z") } - { "count" : 1.0 } - 1 - 10/4/2012 10:08:55 AM
{ "createdDate" : ISODate("2012-10-04T03:08:55.97Z") } - { "count" : 1.0 } - 1 - 10/4/2012 10:08:55 AM
{ "createdDate" : ISODate("2012-10-04T03:08:56.064Z") } - { "count" : 1.0 } - 1 - 10/4/2012 10:08:56 AM
{ "createdDate" : ISODate("2012-10-04T03:08:56.205Z") } - { "count" : 1.0 } - 1 - 10/4/2012 10:08:56 AM
{ "createdDate" : ISODate("2012-10-04T03:08:58.674Z") } - { "count" : 1.0 } - 1 - 10/4/2012 10:08:58 AM
{ "createdDate" : ISODate("2012-10-04T03:08:58.736Z") } - { "count" : 1.0 } - 1 - 10/4/2012 10:08:58 AM
{ "createdDate" : ISODate("2012-10-04T03:08:58.799Z") } - { "count" : 1.0 } - 1 - 10/4/2012 10:08:58 AM
{ "createdDate" : ISODate("2012-10-04T03:08:58.861Z") } - { "count" : 1.0 } - 1 - 10/4/2012 10:08:58 AM
{ "createdDate" : ISODate("2012-10-04T03:08:58.924Z") } - { "count" : 1.0 } - 1 - 10/4/2012 10:08:58 AM
{ "createdDate" : ISODate("2012-10-04T03:08:59.017Z") } - { "count" : 1.0 } - 1 - 10/4/2012 10:08:59 AM
{ "createdDate" : ISODate("2012-10-04T03:08:59.08Z") } - { "count" : 1.0 } - 1 - 10/4/2012 10:08:59 AM
{ "createdDate" : ISODate("2012-10-04T03:08:59.283Z") } - { "count" : 1.0 } - 1 - 10/4/2012 10:08:59 AM
{ "createdDate" : ISODate("2012-10-04T03:08:59.345Z") } - { "count" : 1.0 } - 1 - 10/4/2012 10:08:59 AM
{ "createdDate" : ISODate("2012-10-04T03:08:59.533Z") } - { "count" : 1.0 } - 1 - 10/4/2012 10:08:59 AM
{ "createdDate" : ISODate("2012-10-04T03:08:59.595Z") } - { "count" : 1.0 } - 1 - 10/4/2012 10:08:59 AM
{ "createdDate" : ISODate("2012-10-04T03:09:02.674Z") } - { "count" : 1.0 } - 1 - 10/4/2012 10:09:02 AM
{ "createdDate" : ISODate("2012-10-04T03:09:02.736Z") } - { "count" : 1.0 } - 1 - 10/4/2012 10:09:02 AM
{ "createdDate" : ISODate("2012-10-04T03:09:02.799Z") } - { "count" : 1.0 } - 1 - 10/4/2012 10:09:02 AM
{ "createdDate" : ISODate("2012-10-04T03:09:02.861Z") } - { "count" : 1.0 } - 1 - 10/4/2012 10:09:02 AM
{ "createdDate" : ISODate("2012-10-04T03:09:02.908Z") } - { "count" : 1.0 } - 1 - 10/4/2012 10:09:02 AM
{ "createdDate" : ISODate("2012-10-04T03:09:02.986Z") } - { "count" : 1.0 } - 1 - 10/4/2012 10:09:02 AM
{ "createdDate" : ISODate("2012-10-04T03:09:03.033Z") } - { "count" : 1.0 } - 1 - 10/4/2012 10:09:03 AM
{ "createdDate" : ISODate("2012-10-04T03:09:03.095Z") } - { "count" : 1.0 } - 1 - 10/4/2012 10:09:03 AM
{ "createdDate" : ISODate("2012-10-04T03:09:03.158Z") } - { "count" : 1.0 } - 1 - 10/4/2012 10:09:03 AM
{ "createdDate" : ISODate("2012-10-04T03:09:03.22Z") } - { "count" : 1.0 } - 1 - 10/4/2012 10:09:03 AM
{ "createdDate" : ISODate("2012-10-04T03:09:03.283Z") } - { "count" : 1.0 } - 1 - 10/4/2012 10:09:03 AM
{ "createdDate" : ISODate("2012-10-04T03:09:06.689Z") } - { "count" : 1.0 } - 1 - 10/4/2012 10:09:06 AM
{ "createdDate" : ISODate("2012-10-04T03:09:06.752Z") } - { "count" : 1.0 } - 1 - 10/4/2012 10:09:06 AM
{ "createdDate" : ISODate("2012-10-04T03:09:06.814Z") } - { "count" : 1.0 } - 1 - 10/4/2012 10:09:06 AM
{ "createdDate" : ISODate("2012-10-04T03:09:06.877Z") } - { "count" : 1.0 } - 1 - 10/4/2012 10:09:06 AM
{ "createdDate" : ISODate("2012-10-04T03:09:06.939Z") } - { "count" : 1.0 } - 1 - 10/4/2012 10:09:06 AM
{ "createdDate" : ISODate("2012-10-04T03:09:07.017Z") } - { "count" : 1.0 } - 1 - 10/4/2012 10:09:07 AM
{ "createdDate" : ISODate("2012-10-04T03:09:07.095Z") } - { "count" : 1.0 } - 1 - 10/4/2012 10:09:07 AM
{ "createdDate" : ISODate("2012-10-04T03:09:07.142Z") } - { "count" : 1.0 } - 1 - 10/4/2012 10:09:07 AM
{ "createdDate" : ISODate("2012-10-04T03:09:07.205Z") } - { "count" : 1.0 } - 1 - 10/4/2012 10:09:07 AM
{ "createdDate" : ISODate("2012-10-04T03:09:07.267Z") } - { "count" : 1.0 } - 1 - 10/4/2012 10:09:07 AM
{ "createdDate" : ISODate("2012-10-04T03:09:07.345Z") } - { "count" : 1.0 } - 1 - 10/4/2012 10:09:07 AM
{ "createdDate" : ISODate("2012-10-04T03:09:10.72Z") } - { "count" : 1.0 } - 1 - 10/4/2012 10:09:10 AM
{ "createdDate" : ISODate("2012-10-04T03:09:10.939Z") } - { "count" : 1.0 } - 1 - 10/4/2012 10:09:10 AM
{ "createdDate" : ISODate("2012-10-04T03:09:10.986Z") } - { "count" : 1.0 } - 1 - 10/4/2012 10:09:10 AM
{ "createdDate" : ISODate("2012-10-04T03:09:11.049Z") } - { "count" : 1.0 } - 1 - 10/4/2012 10:09:11 AM
{ "createdDate" : ISODate("2012-10-04T03:09:11.111Z") } - { "count" : 1.0 } - 1 - 10/4/2012 10:09:11 AM
{ "createdDate" : ISODate("2012-10-04T03:09:11.205Z") } - { "count" : 1.0 } - 1 - 10/4/2012 10:09:11 AM
{ "createdDate" : ISODate("2012-10-04T03:09:11.283Z") } - { "count" : 1.0 } - 1 - 10/4/2012 10:09:11 AM
{ "createdDate" : ISODate("2012-10-04T03:09:11.345Z") } - { "count" : 1.0 } - 1 - 10/4/2012 10:09:11 AM
{ "createdDate" : ISODate("2012-10-04T03:09:11.424Z") } - { "count" : 1.0 } - 1 - 10/4/2012 10:09:11 AM
{ "createdDate" : ISODate("2012-10-04T03:09:11.58Z") } - { "count" : 1.0 } - 1 - 10/4/2012 10:09:11 AM
{ "createdDate" : ISODate("2012-10-04T03:09:11.642Z") } - { "count" : 1.0 } - 1 - 10/4/2012 10:09:11 AM
{ "createdDate" : ISODate("2012-10-04T03:09:14.877Z") } - { "count" : 1.0 } - 1 - 10/4/2012 10:09:14 AM
{ "createdDate" : ISODate("2012-10-04T03:09:15.049Z") } - { "count" : 1.0 } - 1 - 10/4/2012 10:09:15 AM
{ "createdDate" : ISODate("2012-10-04T03:09:15.111Z") } - { "count" : 1.0 } - 1 - 10/4/2012 10:09:15 AM
{ "createdDate" : ISODate("2012-10-04T03:09:15.236Z") } - { "count" : 1.0 } - 1 - 10/4/2012 10:09:15 AM
{ "createdDate" : ISODate("2012-10-04T03:09:15.33Z") } - { "count" : 1.0 } - 1 - 10/4/2012 10:09:15 AM
{ "createdDate" : ISODate("2012-10-04T03:09:15.502Z") } - { "count" : 1.0 } - 1 - 10/4/2012 10:09:15 AM
{ "createdDate" : ISODate("2012-10-04T03:09:15.689Z") } - { "count" : 1.0 } - 1 - 10/4/2012 10:09:15 AM
{ "createdDate" : ISODate("2012-10-04T03:09:15.767Z") } - { "count" : 1.0 } - 1 - 10/4/2012 10:09:15 AM
{ "createdDate" : ISODate("2012-10-04T03:09:15.908Z") } - { "count" : 1.0 } - 1 - 10/4/2012 10:09:15 AM
{ "createdDate" : ISODate("2012-10-04T03:09:15.986Z") } - { "count" : 1.0 } - 1 - 10/4/2012 10:09:15 AM
{ "createdDate" : ISODate("2012-10-04T03:09:16.064Z") } - { "count" : 1.0 } - 1 - 10/4/2012 10:09:16 AM
{ "createdDate" : ISODate("2012-10-04T03:09:19.424Z") } - { "count" : 1.0 } - 1 - 10/4/2012 10:09:19 AM
{ "createdDate" : ISODate("2012-10-04T03:09:19.533Z") } - { "count" : 1.0 } - 1 - 10/4/2012 10:09:19 AM
{ "createdDate" : ISODate("2012-10-04T03:09:19.627Z") } - { "count" : 1.0 } - 1 - 10/4/2012 10:09:19 AM
{ "createdDate" : ISODate("2012-10-04T03:09:19.689Z") } - { "count" : 1.0 } - 1 - 10/4/2012 10:09:19 AM
{ "createdDate" : ISODate("2012-10-04T03:09:19.752Z") } - { "count" : 1.0 } - 1 - 10/4/2012 10:09:19 AM
{ "createdDate" : ISODate("2012-10-04T03:09:20.064Z") } - { "count" : 1.0 } - 1 - 10/4/2012 10:09:20 AM
{ "createdDate" : ISODate("2012-10-04T03:09:20.08Z") } - { "count" : 1.0 } - 1 - 10/4/2012 10:09:20 AM
{ "createdDate" : ISODate("2012-10-04T03:09:20.361Z") } - { "count" : 1.0 } - 1 - 10/4/2012 10:09:20 AM
{ "createdDate" : ISODate("2012-10-04T03:09:20.752Z") } - { "count" : 1.0 } - 1 - 10/4/2012 10:09:20 AM
{ "createdDate" : ISODate("2012-10-04T03:09:20.799Z") } - { "count" : 1.0 } - 1 - 10/4/2012 10:09:20 AM
{ "createdDate" : ISODate("2012-10-04T03:09:21.236Z") } - { "count" : 1.0 } - 1 - 10/4/2012 10:09:21 AM
{ "createdDate" : ISODate("2012-10-04T03:09:23.142Z") } - { "count" : 1.0 } - 1 - 10/4/2012 10:09:23 AM
{ "createdDate" : ISODate("2012-10-04T03:09:23.439Z") } - { "count" : 1.0 } - 1 - 10/4/2012 10:09:23 AM
{ "createdDate" : ISODate("2012-10-04T03:09:23.877Z") } - { "count" : 1.0 } - 1 - 10/4/2012 10:09:23 AM
{ "createdDate" : ISODate("2012-10-04T03:09:24.127Z") } - { "count" : 1.0 } - 1 - 10/4/2012 10:09:24 AM
{ "createdDate" : ISODate("2012-10-04T03:09:24.595Z") } - { "count" : 1.0 } - 1 - 10/4/2012 10:09:24 AM
{ "createdDate" : ISODate("2012-10-04T03:09:24.814Z") } - { "count" : 1.0 } - 1 - 10/4/2012 10:09:24 AM
{ "createdDate" : ISODate("2012-10-04T03:09:25.033Z") } - { "count" : 1.0 } - 1 - 10/4/2012 10:09:25 AM
{ "createdDate" : ISODate("2012-10-04T03:09:25.47Z") } - { "count" : 1.0 } - 1 - 10/4/2012 10:09:25 AM
{ "createdDate" : ISODate("2012-10-04T03:09:25.924Z") } - { "count" : 1.0 } - 1 - 10/4/2012 10:09:25 AM
{ "createdDate" : ISODate("2012-10-04T03:09:26.345Z") } - { "count" : 1.0 } - 1 - 10/4/2012 10:09:26 AM
{ "createdDate" : ISODate("2012-10-04T03:09:26.424Z") } - { "count" : 1.0 } - 1 - 10/4/2012 10:09:26 AM
{ "createdDate" : ISODate("2012-10-04T03:09:29.408Z") } - { "count" : 1.0 } - 1 - 10/4/2012 10:09:29 AM
{ "createdDate" : ISODate("2012-10-04T03:09:29.83Z") } - { "count" : 1.0 } - 1 - 10/4/2012 10:09:29 AM
{ "createdDate" : ISODate("2012-10-04T03:09:30.22Z") } - { "count" : 1.0 } - 1 - 10/4/2012 10:09:30 AM
{ "createdDate" : ISODate("2012-10-04T03:09:30.314Z") } - { "count" : 1.0 } - 1 - 10/4/2012 10:09:30 AM
{ "createdDate" : ISODate("2012-10-04T03:09:30.58Z") } - { "count" : 1.0 } - 1 - 10/4/2012 10:09:30 AM
{ "createdDate" : ISODate("2012-10-04T03:09:30.627Z") } - { "count" : 1.0 } - 1 - 10/4/2012 10:09:30 AM
{ "createdDate" : ISODate("2012-10-04T03:09:30.689Z") } - { "count" : 1.0 } - 1 - 10/4/2012 10:09:30 AM
{ "createdDate" : ISODate("2012-10-04T03:09:30.814Z") } - { "count" : 1.0 } - 1 - 10/4/2012 10:09:30 AM
{ "createdDate" : ISODate("2012-10-04T03:09:30.877Z") } - { "count" : 1.0 } - 1 - 10/4/2012 10:09:30 AM
{ "createdDate" : ISODate("2012-10-04T03:09:30.939Z") } - { "count" : 1.0 } - 1 - 10/4/2012 10:09:30 AM
{ "createdDate" : ISODate("2012-10-04T03:09:31.158Z") } - { "count" : 1.0 } - 1 - 10/4/2012 10:09:31 AM
{ "createdDate" : ISODate("2012-10-04T03:09:35.455Z") } - { "count" : 1.0 } - 1 - 10/4/2012 10:09:35 AM
{ "createdDate" : ISODate("2012-10-04T03:09:35.611Z") } - { "count" : 1.0 } - 1 - 10/4/2012 10:09:35 AM
{ "createdDate" : ISODate("2012-10-04T03:09:35.736Z") } - { "count" : 1.0 } - 1 - 10/4/2012 10:09:35 AM
{ "createdDate" : ISODate("2012-10-04T03:09:35.83Z") } - { "count" : 1.0 } - 1 - 10/4/2012 10:09:35 AM
{ "createdDate" : ISODate("2012-10-04T03:09:35.908Z") } - { "count" : 1.0 } - 1 - 10/4/2012 10:09:35 AM
{ "createdDate" : ISODate("2012-10-04T03:09:35.986Z") } - { "count" : 1.0 } - 1 - 10/4/2012 10:09:35 AM
{ "createdDate" : ISODate("2012-10-04T03:09:36.064Z") } - { "count" : 1.0 } - 1 - 10/4/2012 10:09:36 AM
{ "createdDate" : ISODate("2012-10-04T03:09:36.189Z") } - { "count" : 1.0 } - 1 - 10/4/2012 10:09:36 AM
{ "createdDate" : ISODate("2012-10-04T03:09:36.252Z") } - { "count" : 1.0 } - 1 - 10/4/2012 10:09:36 AM
{ "createdDate" : ISODate("2012-10-04T03:09:36.345Z") } - { "count" : 1.0 } - 1 - 10/4/2012 10:09:36 AM
{ "createdDate" : ISODate("2012-10-04T03:09:36.408Z") } - { "count" : 1.0 } - 1 - 10/4/2012 10:09:36 AM
{ "createdDate" : ISODate("2012-10-04T03:09:38.455Z") } - { "count" : 1.0 } - 1 - 10/4/2012 10:09:38 AM
{ "createdDate" : ISODate("2012-10-04T03:09:38.627Z") } - { "count" : 1.0 } - 1 - 10/4/2012 10:09:38 AM
{ "createdDate" : ISODate("2012-10-04T03:09:38.767Z") } - { "count" : 1.0 } - 1 - 10/4/2012 10:09:38 AM
{ "createdDate" : ISODate("2012-10-04T03:09:38.892Z") } - { "count" : 1.0 } - 1 - 10/4/2012 10:09:38 AM
{ "createdDate" : ISODate("2012-10-04T03:09:38.955Z") } - { "count" : 1.0 } - 1 - 10/4/2012 10:09:38 AM
{ "createdDate" : ISODate("2012-10-04T03:09:39.111Z") } - { "count" : 1.0 } - 1 - 10/4/2012 10:09:39 AM
{ "createdDate" : ISODate("2012-10-04T03:09:39.189Z") } - { "count" : 1.0 } - 1 - 10/4/2012 10:09:39 AM
{ "createdDate" : ISODate("2012-10-04T03:09:39.283Z") } - { "count" : 1.0 } - 1 - 10/4/2012 10:09:39 AM
{ "createdDate" : ISODate("2012-10-04T03:09:39.345Z") } - { "count" : 1.0 } - 1 - 10/4/2012 10:09:39 AM
{ "createdDate" : ISODate("2012-10-04T03:09:39.455Z") } - { "count" : 1.0 } - 1 - 10/4/2012 10:09:39 AM
{ "createdDate" : ISODate("2012-10-04T03:09:39.502Z") } - { "count" : 1.0 } - 1 - 10/4/2012 10:09:39 AM
{ "createdDate" : ISODate("2012-10-04T03:09:41.705Z") } - { "count" : 1.0 } - 1 - 10/4/2012 10:09:41 AM
{ "createdDate" : ISODate("2012-10-04T03:09:41.767Z") } - { "count" : 1.0 } - 1 - 10/4/2012 10:09:41 AM
{ "createdDate" : ISODate("2012-10-04T03:09:41.845Z") } - { "count" : 1.0 } - 1 - 10/4/2012 10:09:41 AM
{ "createdDate" : ISODate("2012-10-04T03:09:41.908Z") } - { "count" : 1.0 } - 1 - 10/4/2012 10:09:41 AM
{ "createdDate" : ISODate("2012-10-04T03:09:41.97Z") } - { "count" : 1.0 } - 1 - 10/4/2012 10:09:41 AM
{ "createdDate" : ISODate("2012-10-04T03:09:42.033Z") } - { "count" : 1.0 } - 1 - 10/4/2012 10:09:42 AM
{ "createdDate" : ISODate("2012-10-04T03:09:42.095Z") } - { "count" : 1.0 } - 1 - 10/4/2012 10:09:42 AM
{ "createdDate" : ISODate("2012-10-04T03:09:42.158Z") } - { "count" : 1.0 } - 1 - 10/4/2012 10:09:42 AM
{ "createdDate" : ISODate("2012-10-04T03:09:42.205Z") } - { "count" : 1.0 } - 1 - 10/4/2012 10:09:42 AM
{ "createdDate" : ISODate("2012-10-04T03:09:42.267Z") } - { "count" : 1.0 } - 1 - 10/4/2012 10:09:42 AM
{ "createdDate" : ISODate("2012-10-04T03:09:42.33Z") } - { "count" : 1.0 } - 1 - 10/4/2012 10:09:42 AM
{ "createdDate" : ISODate("2012-10-04T03:09:46.189Z") } - { "count" : 1.0 } - 1 - 10/4/2012 10:09:46 AM
{ "createdDate" : ISODate("2012-10-04T03:09:46.252Z") } - { "count" : 1.0 } - 1 - 10/4/2012 10:09:46 AM
{ "createdDate" : ISODate("2012-10-04T03:09:46.314Z") } - { "count" : 1.0 } - 1 - 10/4/2012 10:09:46 AM
{ "createdDate" : ISODate("2012-10-04T03:09:46.361Z") } - { "count" : 1.0 } - 1 - 10/4/2012 10:09:46 AM
{ "createdDate" : ISODate("2012-10-04T03:09:46.424Z") } - { "count" : 1.0 } - 1 - 10/4/2012 10:09:46 AM
{ "createdDate" : ISODate("2012-10-04T03:09:46.486Z") } - { "count" : 1.0 } - 1 - 10/4/2012 10:09:46 AM
{ "createdDate" : ISODate("2012-10-04T03:09:46.549Z") } - { "count" : 1.0 } - 1 - 10/4/2012 10:09:46 AM
{ "createdDate" : ISODate("2012-10-04T03:09:46.611Z") } - { "count" : 1.0 } - 1 - 10/4/2012 10:09:46 AM
{ "createdDate" : ISODate("2012-10-04T03:09:46.674Z") } - { "count" : 1.0 } - 1 - 10/4/2012 10:09:46 AM
{ "createdDate" : ISODate("2012-10-04T03:09:46.736Z") } - { "count" : 1.0 } - 1 - 10/4/2012 10:09:46 AM
{ "createdDate" : ISODate("2012-10-04T03:09:46.799Z") } - { "count" : 1.0 } - 1 - 10/4/2012 10:09:46 AM
{ "createdDate" : ISODate("2012-10-04T03:09:50.22Z") } - { "count" : 1.0 } - 1 - 10/4/2012 10:09:50 AM
{ "createdDate" : ISODate("2012-10-04T03:09:50.267Z") } - { "count" : 1.0 } - 1 - 10/4/2012 10:09:50 AM
{ "createdDate" : ISODate("2012-10-04T03:09:50.33Z") } - { "count" : 1.0 } - 1 - 10/4/2012 10:09:50 AM
{ "createdDate" : ISODate("2012-10-04T03:09:50.392Z") } - { "count" : 1.0 } - 1 - 10/4/2012 10:09:50 AM
{ "createdDate" : ISODate("2012-10-04T03:09:50.455Z") } - { "count" : 1.0 } - 1 - 10/4/2012 10:09:50 AM
{ "createdDate" : ISODate("2012-10-04T03:09:50.502Z") } - { "count" : 1.0 } - 1 - 10/4/2012 10:09:50 AM
{ "createdDate" : ISODate("2012-10-04T03:09:50.564Z") } - { "count" : 1.0 } - 1 - 10/4/2012 10:09:50 AM
{ "createdDate" : ISODate("2012-10-04T03:09:50.611Z") } - { "count" : 1.0 } - 1 - 10/4/2012 10:09:50 AM
{ "createdDate" : ISODate("2012-10-04T03:09:50.674Z") } - { "count" : 1.0 } - 1 - 10/4/2012 10:09:50 AM
{ "createdDate" : ISODate("2012-10-04T03:09:50.736Z") } - { "count" : 1.0 } - 1 - 10/4/2012 10:09:50 AM
{ "createdDate" : ISODate("2012-10-04T03:09:50.799Z") } - { "count" : 1.0 } - 1 - 10/4/2012 10:09:50 AM
{ "createdDate" : ISODate("2012-10-04T03:09:53.236Z") } - { "count" : 1.0 } - 1 - 10/4/2012 10:09:53 AM
{ "createdDate" : ISODate("2012-10-04T03:09:53.283Z") } - { "count" : 1.0 } - 1 - 10/4/2012 10:09:53 AM
{ "createdDate" : ISODate("2012-10-04T03:09:53.345Z") } - { "count" : 1.0 } - 1 - 10/4/2012 10:09:53 AM
{ "createdDate" : ISODate("2012-10-04T03:09:53.408Z") } - { "count" : 1.0 } - 1 - 10/4/2012 10:09:53 AM
{ "createdDate" : ISODate("2012-10-04T03:09:53.47Z") } - { "count" : 1.0 } - 1 - 10/4/2012 10:09:53 AM
{ "createdDate" : ISODate("2012-10-04T03:09:53.533Z") } - { "count" : 1.0 } - 1 - 10/4/2012 10:09:53 AM
{ "createdDate" : ISODate("2012-10-04T03:09:53.595Z") } - { "count" : 1.0 } - 1 - 10/4/2012 10:09:53 AM
{ "createdDate" : ISODate("2012-10-04T03:09:53.658Z") } - { "count" : 1.0 } - 1 - 10/4/2012 10:09:53 AM
{ "createdDate" : ISODate("2012-10-04T03:09:53.72Z") } - { "count" : 1.0 } - 1 - 10/4/2012 10:09:53 AM
{ "createdDate" : ISODate("2012-10-04T03:09:53.783Z") } - { "count" : 1.0 } - 1 - 10/4/2012 10:09:53 AM
{ "createdDate" : ISODate("2012-10-04T03:09:53.845Z") } - { "count" : 1.0 } - 1 - 10/4/2012 10:09:53 AM
{ "createdDate" : ISODate("2012-10-04T03:09:58.299Z") } - { "count" : 1.0 } - 1 - 10/4/2012 10:09:58 AM
{ "createdDate" : ISODate("2012-10-04T03:09:58.361Z") } - { "count" : 1.0 } - 1 - 10/4/2012 10:09:58 AM
{ "createdDate" : ISODate("2012-10-04T03:09:58.439Z") } - { "count" : 1.0 } - 1 - 10/4/2012 10:09:58 AM
{ "createdDate" : ISODate("2012-10-04T03:09:58.502Z") } - { "count" : 1.0 } - 1 - 10/4/2012 10:09:58 AM
{ "createdDate" : ISODate("2012-10-04T03:09:58.58Z") } - { "count" : 1.0 } - 1 - 10/4/2012 10:09:58 AM
{ "createdDate" : ISODate("2012-10-04T03:09:58.642Z") } - { "count" : 1.0 } - 1 - 10/4/2012 10:09:58 AM
{ "createdDate" : ISODate("2012-10-04T03:09:58.705Z") } - { "count" : 1.0 } - 1 - 10/4/2012 10:09:58 AM
{ "createdDate" : ISODate("2012-10-04T03:09:58.783Z") } - { "count" : 1.0 } - 1 - 10/4/2012 10:09:58 AM
{ "createdDate" : ISODate("2012-10-04T03:09:58.845Z") } - { "count" : 1.0 } - 1 - 10/4/2012 10:09:58 AM
{ "createdDate" : ISODate("2012-10-04T03:09:58.908Z") } - { "count" : 1.0 } - 1 - 10/4/2012 10:09:58 AM
{ "createdDate" : ISODate("2012-10-04T03:09:58.97Z") } - { "count" : 1.0 } - 1 - 10/4/2012 10:09:58 AM
{ "createdDate" : ISODate("2012-10-04T03:10:01.283Z") } - { "count" : 1.0 } - 1 - 10/4/2012 10:10:01 AM
{ "createdDate" : ISODate("2012-10-04T03:10:01.33Z") } - { "count" : 1.0 } - 1 - 10/4/2012 10:10:01 AM
{ "createdDate" : ISODate("2012-10-04T03:10:01.392Z") } - { "count" : 1.0 } - 1 - 10/4/2012 10:10:01 AM
{ "createdDate" : ISODate("2012-10-04T03:10:01.455Z") } - { "count" : 1.0 } - 1 - 10/4/2012 10:10:01 AM
{ "createdDate" : ISODate("2012-10-04T03:10:01.517Z") } - { "count" : 1.0 } - 1 - 10/4/2012 10:10:01 AM
{ "createdDate" : ISODate("2012-10-04T03:10:01.58Z") } - { "count" : 1.0 } - 1 - 10/4/2012 10:10:01 AM
{ "createdDate" : ISODate("2012-10-04T03:10:01.642Z") } - { "count" : 1.0 } - 1 - 10/4/2012 10:10:01 AM
{ "createdDate" : ISODate("2012-10-04T03:10:01.72Z") } - { "count" : 1.0 } - 1 - 10/4/2012 10:10:01 AM
{ "createdDate" : ISODate("2012-10-04T03:10:01.783Z") } - { "count" : 1.0 } - 1 - 10/4/2012 10:10:01 AM
{ "createdDate" : ISODate("2012-10-04T03:10:01.845Z") } - { "count" : 1.0 } - 1 - 10/4/2012 10:10:01 AM
{ "createdDate" : ISODate("2012-10-04T03:10:01.908Z") } - { "count" : 1.0 } - 1 - 10/4/2012 10:10:01 AM
{ "createdDate" : ISODate("2012-10-04T03:10:06.799Z") } - { "count" : 1.0 } - 1 - 10/4/2012 10:10:06 AM
{ "createdDate" : ISODate("2012-10-04T03:10:06.861Z") } - { "count" : 1.0 } - 1 - 10/4/2012 10:10:06 AM
{ "createdDate" : ISODate("2012-10-04T03:10:06.924Z") } - { "count" : 1.0 } - 1 - 10/4/2012 10:10:06 AM
{ "createdDate" : ISODate("2012-10-04T03:10:07.002Z") } - { "count" : 1.0 } - 1 - 10/4/2012 10:10:07 AM
{ "createdDate" : ISODate("2012-10-04T03:10:07.064Z") } - { "count" : 1.0 } - 1 - 10/4/2012 10:10:07 AM
{ "createdDate" : ISODate("2012-10-04T03:10:07.127Z") } - { "count" : 1.0 } - 1 - 10/4/2012 10:10:07 AM
{ "createdDate" : ISODate("2012-10-04T03:10:07.189Z") } - { "count" : 1.0 } - 1 - 10/4/2012 10:10:07 AM
{ "createdDate" : ISODate("2012-10-04T03:10:07.252Z") } - { "count" : 1.0 } - 1 - 10/4/2012 10:10:07 AM
{ "createdDate" : ISODate("2012-10-04T03:10:07.314Z") } - { "count" : 1.0 } - 1 - 10/4/2012 10:10:07 AM
{ "createdDate" : ISODate("2012-10-04T03:10:07.377Z") } - { "count" : 1.0 } - 1 - 10/4/2012 10:10:07 AM
{ "createdDate" : ISODate("2012-10-04T03:10:07.439Z") } - { "count" : 1.0 } - 1 - 10/4/2012 10:10:07 AM
{ "createdDate" : ISODate("2012-10-04T03:10:09.83Z") } - { "count" : 1.0 } - 1 - 10/4/2012 10:10:09 AM
{ "createdDate" : ISODate("2012-10-04T03:10:09.892Z") } - { "count" : 1.0 } - 1 - 10/4/2012 10:10:09 AM
{ "createdDate" : ISODate("2012-10-04T03:10:09.955Z") } - { "count" : 1.0 } - 1 - 10/4/2012 10:10:09 AM
{ "createdDate" : ISODate("2012-10-04T03:10:10.017Z") } - { "count" : 1.0 } - 1 - 10/4/2012 10:10:10 AM
{ "createdDate" : ISODate("2012-10-04T03:10:10.095Z") } - { "count" : 1.0 } - 1 - 10/4/2012 10:10:10 AM
{ "createdDate" : ISODate("2012-10-04T03:10:10.142Z") } - { "count" : 1.0 } - 1 - 10/4/2012 10:10:10 AM
{ "createdDate" : ISODate("2012-10-04T03:10:10.205Z") } - { "count" : 1.0 } - 1 - 10/4/2012 10:10:10 AM
{ "createdDate" : ISODate("2012-10-04T03:10:10.267Z") } - { "count" : 1.0 } - 1 - 10/4/2012 10:10:10 AM
{ "createdDate" : ISODate("2012-10-04T03:10:10.33Z") } - { "count" : 1.0 } - 1 - 10/4/2012 10:10:10 AM
{ "createdDate" : ISODate("2012-10-04T03:10:10.392Z") } - { "count" : 1.0 } - 1 - 10/4/2012 10:10:10 AM
{ "createdDate" : ISODate("2012-10-04T03:10:10.455Z") } - { "count" : 1.0 } - 1 - 10/4/2012 10:10:10 AM
{ "createdDate" : ISODate("2012-10-04T03:10:14.33Z") } - { "count" : 1.0 } - 1 - 10/4/2012 10:10:14 AM
{ "createdDate" : ISODate("2012-10-04T03:10:14.377Z") } - { "count" : 1.0 } - 1 - 10/4/2012 10:10:14 AM
{ "createdDate" : ISODate("2012-10-04T03:10:14.439Z") } - { "count" : 1.0 } - 1 - 10/4/2012 10:10:14 AM
{ "createdDate" : ISODate("2012-10-04T03:10:14.502Z") } - { "count" : 1.0 } - 1 - 10/4/2012 10:10:14 AM
{ "createdDate" : ISODate("2012-10-04T03:10:14.564Z") } - { "count" : 1.0 } - 1 - 10/4/2012 10:10:14 AM
{ "createdDate" : ISODate("2012-10-04T03:10:14.611Z") } - { "count" : 1.0 } - 1 - 10/4/2012 10:10:14 AM
{ "createdDate" : ISODate("2012-10-04T03:10:14.689Z") } - { "count" : 1.0 } - 1 - 10/4/2012 10:10:14 AM
{ "createdDate" : ISODate("2012-10-04T03:10:14.736Z") } - { "count" : 1.0 } - 1 - 10/4/2012 10:10:14 AM
{ "createdDate" : ISODate("2012-10-04T03:10:14.799Z") } - { "count" : 1.0 } - 1 - 10/4/2012 10:10:14 AM
{ "createdDate" : ISODate("2012-10-04T03:10:14.861Z") } - { "count" : 1.0 } - 1 - 10/4/2012 10:10:14 AM
{ "createdDate" : ISODate("2012-10-04T03:10:14.924Z") } - { "count" : 1.0 } - 1 - 10/4/2012 10:10:14 AM
{ "createdDate" : ISODate("2012-10-04T03:10:17.361Z") } - { "count" : 1.0 } - 1 - 10/4/2012 10:10:17 AM
{ "createdDate" : ISODate("2012-10-04T03:10:17.439Z") } - { "count" : 1.0 } - 1 - 10/4/2012 10:10:17 AM
{ "createdDate" : ISODate("2012-10-04T03:10:17.502Z") } - { "count" : 1.0 } - 1 - 10/4/2012 10:10:17 AM
{ "createdDate" : ISODate("2012-10-04T03:10:17.564Z") } - { "count" : 1.0 } - 1 - 10/4/2012 10:10:17 AM
{ "createdDate" : ISODate("2012-10-04T03:10:17.627Z") } - { "count" : 1.0 } - 1 - 10/4/2012 10:10:17 AM
{ "createdDate" : ISODate("2012-10-04T03:10:17.705Z") } - { "count" : 1.0 } - 1 - 10/4/2012 10:10:17 AM
{ "createdDate" : ISODate("2012-10-04T03:10:17.767Z") } - { "count" : 1.0 } - 1 - 10/4/2012 10:10:17 AM
{ "createdDate" : ISODate("2012-10-04T03:10:17.83Z") } - { "count" : 1.0 } - 1 - 10/4/2012 10:10:17 AM
{ "createdDate" : ISODate("2012-10-04T03:10:17.892Z") } - { "count" : 1.0 } - 1 - 10/4/2012 10:10:17 AM
{ "createdDate" : ISODate("2012-10-04T03:10:17.955Z") } - { "count" : 1.0 } - 1 - 10/4/2012 10:10:17 AM
{ "createdDate" : ISODate("2012-10-04T03:10:18.017Z") } - { "count" : 1.0 } - 1 - 10/4/2012 10:10:18 AM
{ "createdDate" : ISODate("2012-10-04T03:10:22.455Z") } - { "count" : 1.0 } - 1 - 10/4/2012 10:10:22 AM
{ "createdDate" : ISODate("2012-10-04T03:10:22.517Z") } - { "count" : 1.0 } - 1 - 10/4/2012 10:10:22 AM
{ "createdDate" : ISODate("2012-10-04T03:10:22.58Z") } - { "count" : 1.0 } - 1 - 10/4/2012 10:10:22 AM
{ "createdDate" : ISODate("2012-10-04T03:10:22.658Z") } - { "count" : 1.0 } - 1 - 10/4/2012 10:10:22 AM
{ "createdDate" : ISODate("2012-10-04T03:10:22.783Z") } - { "count" : 1.0 } - 1 - 10/4/2012 10:10:22 AM
{ "createdDate" : ISODate("2012-10-04T03:10:22.845Z") } - { "count" : 1.0 } - 1 - 10/4/2012 10:10:22 AM
{ "createdDate" : ISODate("2012-10-04T03:10:22.908Z") } - { "count" : 1.0 } - 1 - 10/4/2012 10:10:22 AM
{ "createdDate" : ISODate("2012-10-04T03:10:22.97Z") } - { "count" : 1.0 } - 1 - 10/4/2012 10:10:22 AM
{ "createdDate" : ISODate("2012-10-04T03:10:23.049Z") } - { "count" : 1.0 } - 1 - 10/4/2012 10:10:23 AM
{ "createdDate" : ISODate("2012-10-04T03:10:23.127Z") } - { "count" : 1.0 } - 1 - 10/4/2012 10:10:23 AM
{ "createdDate" : ISODate("2012-10-04T03:10:23.189Z") } - { "count" : 1.0 } - 1 - 10/4/2012 10:10:23 AM
{ "createdDate" : ISODate("2012-10-04T03:10:25.736Z") } - { "count" : 1.0 } - 1 - 10/4/2012 10:10:25 AM
{ "createdDate" : ISODate("2012-10-04T03:10:25.814Z") } - { "count" : 1.0 } - 1 - 10/4/2012 10:10:25 AM
{ "createdDate" : ISODate("2012-10-04T03:10:25.877Z") } - { "count" : 1.0 } - 1 - 10/4/2012 10:10:25 AM
{ "createdDate" : ISODate("2012-10-04T03:10:25.939Z") } - { "count" : 1.0 } - 1 - 10/4/2012 10:10:25 AM
{ "createdDate" : ISODate("2012-10-04T03:10:26.002Z") } - { "count" : 1.0 } - 1 - 10/4/2012 10:10:26 AM
{ "createdDate" : ISODate("2012-10-04T03:10:26.064Z") } - { "count" : 1.0 } - 1 - 10/4/2012 10:10:26 AM
{ "createdDate" : ISODate("2012-10-04T03:10:26.127Z") } - { "count" : 1.0 } - 1 - 10/4/2012 10:10:26 AM
{ "createdDate" : ISODate("2012-10-04T03:10:26.205Z") } - { "count" : 1.0 } - 1 - 10/4/2012 10:10:26 AM
{ "createdDate" : ISODate("2012-10-04T03:10:26.267Z") } - { "count" : 1.0 } - 1 - 10/4/2012 10:10:26 AM
{ "createdDate" : ISODate("2012-10-04T03:10:26.33Z") } - { "count" : 1.0 } - 1 - 10/4/2012 10:10:26 AM
{ "createdDate" : ISODate("2012-10-04T03:10:26.392Z") } - { "count" : 1.0 } - 1 - 10/4/2012 10:10:26 AM
{ "createdDate" : ISODate("2012-10-04T03:10:31.283Z") } - { "count" : 1.0 } - 1 - 10/4/2012 10:10:31 AM
{ "createdDate" : ISODate("2012-10-04T03:10:31.345Z") } - { "count" : 1.0 } - 1 - 10/4/2012 10:10:31 AM
{ "createdDate" : ISODate("2012-10-04T03:10:31.408Z") } - { "count" : 1.0 } - 1 - 10/4/2012 10:10:31 AM
{ "createdDate" : ISODate("2012-10-04T03:10:31.47Z") } - { "count" : 1.0 } - 1 - 10/4/2012 10:10:31 AM
{ "createdDate" : ISODate("2012-10-04T03:10:31.533Z") } - { "count" : 1.0 } - 1 - 10/4/2012 10:10:31 AM
{ "createdDate" : ISODate("2012-10-04T03:10:31.58Z") } - { "count" : 1.0 } - 1 - 10/4/2012 10:10:31 AM
{ "createdDate" : ISODate("2012-10-04T03:10:31.642Z") } - { "count" : 1.0 } - 1 - 10/4/2012 10:10:31 AM
{ "createdDate" : ISODate("2012-10-04T03:10:31.705Z") } - { "count" : 1.0 } - 1 - 10/4/2012 10:10:31 AM
{ "createdDate" : ISODate("2012-10-04T03:10:31.767Z") } - { "count" : 1.0 } - 1 - 10/4/2012 10:10:31 AM
{ "createdDate" : ISODate("2012-10-04T03:10:31.83Z") } - { "count" : 1.0 } - 1 - 10/4/2012 10:10:31 AM
{ "createdDate" : ISODate("2012-10-04T03:10:31.892Z") } - { "count" : 1.0 } - 1 - 10/4/2012 10:10:31 AM
{ "createdDate" : ISODate("2012-10-04T03:10:34.158Z") } - { "count" : 1.0 } - 1 - 10/4/2012 10:10:34 AM
{ "createdDate" : ISODate("2012-10-04T03:10:34.252Z") } - { "count" : 1.0 } - 1 - 10/4/2012 10:10:34 AM
{ "createdDate" : ISODate("2012-10-04T03:10:34.33Z") } - { "count" : 1.0 } - 1 - 10/4/2012 10:10:34 AM
{ "createdDate" : ISODate("2012-10-04T03:10:34.392Z") } - { "count" : 1.0 } - 1 - 10/4/2012 10:10:34 AM
{ "createdDate" : ISODate("2012-10-04T03:10:34.47Z") } - { "count" : 1.0 } - 1 - 10/4/2012 10:10:34 AM
{ "createdDate" : ISODate("2012-10-04T03:10:34.564Z") } - { "count" : 1.0 } - 1 - 10/4/2012 10:10:34 AM
{ "createdDate" : ISODate("2012-10-04T03:10:34.642Z") } - { "count" : 1.0 } - 1 - 10/4/2012 10:10:34 AM
{ "createdDate" : ISODate("2012-10-04T03:10:34.705Z") } - { "count" : 1.0 } - 1 - 10/4/2012 10:10:34 AM
{ "createdDate" : ISODate("2012-10-04T03:10:34.767Z") } - { "count" : 1.0 } - 1 - 10/4/2012 10:10:34 AM
{ "createdDate" : ISODate("2012-10-04T03:10:34.83Z") } - { "count" : 1.0 } - 1 - 10/4/2012 10:10:34 AM
{ "createdDate" : ISODate("2012-10-04T03:10:34.908Z") } - { "count" : 1.0 } - 1 - 10/4/2012 10:10:34 AM
{ "createdDate" : ISODate("2012-10-04T03:10:38.861Z") } - { "count" : 1.0 } - 1 - 10/4/2012 10:10:38 AM
{ "createdDate" : ISODate("2012-10-04T03:10:38.924Z") } - { "count" : 1.0 } - 1 - 10/4/2012 10:10:38 AM
{ "createdDate" : ISODate("2012-10-04T03:10:38.986Z") } - { "count" : 1.0 } - 1 - 10/4/2012 10:10:38 AM
{ "createdDate" : ISODate("2012-10-04T03:10:39.049Z") } - { "count" : 1.0 } - 1 - 10/4/2012 10:10:39 AM
{ "createdDate" : ISODate("2012-10-04T03:10:39.127Z") } - { "count" : 1.0 } - 1 - 10/4/2012 10:10:39 AM
{ "createdDate" : ISODate("2012-10-04T03:10:39.189Z") } - { "count" : 1.0 } - 1 - 10/4/2012 10:10:39 AM
{ "createdDate" : ISODate("2012-10-04T03:10:39.252Z") } - { "count" : 1.0 } - 1 - 10/4/2012 10:10:39 AM
{ "createdDate" : ISODate("2012-10-04T03:10:39.33Z") } - { "count" : 1.0 } - 1 - 10/4/2012 10:10:39 AM
{ "createdDate" : ISODate("2012-10-04T03:10:39.392Z") } - { "count" : 1.0 } - 1 - 10/4/2012 10:10:39 AM
{ "createdDate" : ISODate("2012-10-04T03:10:39.455Z") } - { "count" : 1.0 } - 1 - 10/4/2012 10:10:39 AM
{ "createdDate" : ISODate("2012-10-04T03:10:39.517Z") } - { "count" : 1.0 } - 1 - 10/4/2012 10:10:39 AM
{ "createdDate" : ISODate("2012-10-04T03:10:43.314Z") } - { "count" : 1.0 } - 1 - 10/4/2012 10:10:43 AM
{ "createdDate" : ISODate("2012-10-04T03:10:43.424Z") } - { "count" : 1.0 } - 1 - 10/4/2012 10:10:43 AM
{ "createdDate" : ISODate("2012-10-04T03:10:43.564Z") } - { "count" : 1.0 } - 1 - 10/4/2012 10:10:43 AM
{ "createdDate" : ISODate("2012-10-04T03:10:43.642Z") } - { "count" : 1.0 } - 1 - 10/4/2012 10:10:43 AM
{ "createdDate" : ISODate("2012-10-04T03:10:43.705Z") } - { "count" : 1.0 } - 1 - 10/4/2012 10:10:43 AM
{ "createdDate" : ISODate("2012-10-04T03:10:43.767Z") } - { "count" : 1.0 } - 1 - 10/4/2012 10:10:43 AM
{ "createdDate" : ISODate("2012-10-04T03:10:43.83Z") } - { "count" : 1.0 } - 1 - 10/4/2012 10:10:43 AM
{ "createdDate" : ISODate("2012-10-04T03:10:43.892Z") } - { "count" : 1.0 } - 1 - 10/4/2012 10:10:43 AM
{ "createdDate" : ISODate("2012-10-04T03:10:43.955Z") } - { "count" : 1.0 } - 1 - 10/4/2012 10:10:43 AM
{ "createdDate" : ISODate("2012-10-04T03:10:44.033Z") } - { "count" : 1.0 } - 1 - 10/4/2012 10:10:44 AM
{ "createdDate" : ISODate("2012-10-04T03:10:44.142Z") } - { "count" : 1.0 } - 1 - 10/4/2012 10:10:44 AM
{ "createdDate" : ISODate("2012-10-04T03:10:47.892Z") } - { "count" : 1.0 } - 1 - 10/4/2012 10:10:47 AM
{ "createdDate" : ISODate("2012-10-04T03:10:47.939Z") } - { "count" : 1.0 } - 1 - 10/4/2012 10:10:47 AM
{ "createdDate" : ISODate("2012-10-04T03:10:48.002Z") } - { "count" : 1.0 } - 1 - 10/4/2012 10:10:48 AM
{ "createdDate" : ISODate("2012-10-04T03:10:48.08Z") } - { "count" : 1.0 } - 1 - 10/4/2012 10:10:48 AM
{ "createdDate" : ISODate("2012-10-04T03:10:48.267Z") } - { "count" : 1.0 } - 1 - 10/4/2012 10:10:48 AM
{ "createdDate" : ISODate("2012-10-04T03:10:48.361Z") } - { "count" : 1.0 } - 1 - 10/4/2012 10:10:48 AM
{ "createdDate" : ISODate("2012-10-04T03:10:48.455Z") } - { "count" : 1.0 } - 1 - 10/4/2012 10:10:48 AM
{ "createdDate" : ISODate("2012-10-04T03:10:48.533Z") } - { "count" : 1.0 } - 1 - 10/4/2012 10:10:48 AM
{ "createdDate" : ISODate("2012-10-04T03:10:48.595Z") } - { "count" : 1.0 } - 1 - 10/4/2012 10:10:48 AM
{ "createdDate" : ISODate("2012-10-04T03:10:48.642Z") } - { "count" : 1.0 } - 1 - 10/4/2012 10:10:48 AM
{ "createdDate" : ISODate("2012-10-04T03:10:48.72Z") } - { "count" : 1.0 } - 1 - 10/4/2012 10:10:48 AM
{ "createdDate" : ISODate("2012-10-04T03:10:50.877Z") } - { "count" : 1.0 } - 1 - 10/4/2012 10:10:50 AM
{ "createdDate" : ISODate("2012-10-04T03:10:51.08Z") } - { "count" : 1.0 } - 1 - 10/4/2012 10:10:51 AM
{ "createdDate" : ISODate("2012-10-04T03:10:51.142Z") } - { "count" : 1.0 } - 1 - 10/4/2012 10:10:51 AM
{ "createdDate" : ISODate("2012-10-04T03:10:51.22Z") } - { "count" : 1.0 } - 1 - 10/4/2012 10:10:51 AM
{ "createdDate" : ISODate("2012-10-04T03:10:51.299Z") } - { "count" : 1.0 } - 1 - 10/4/2012 10:10:51 AM
{ "createdDate" : ISODate("2012-10-04T03:10:51.345Z") } - { "count" : 1.0 } - 1 - 10/4/2012 10:10:51 AM
{ "createdDate" : ISODate("2012-10-04T03:10:51.408Z") } - { "count" : 1.0 } - 1 - 10/4/2012 10:10:51 AM
{ "createdDate" : ISODate("2012-10-04T03:10:51.47Z") } - { "count" : 1.0 } - 1 - 10/4/2012 10:10:51 AM
{ "createdDate" : ISODate("2012-10-04T03:10:51.533Z") } - { "count" : 1.0 } - 1 - 10/4/2012 10:10:51 AM
{ "createdDate" : ISODate("2012-10-04T03:10:51.595Z") } - { "count" : 1.0 } - 1 - 10/4/2012 10:10:51 AM
{ "createdDate" : ISODate("2012-10-04T03:10:51.642Z") } - { "count" : 1.0 } - 1 - 10/4/2012 10:10:51 AM
{ "createdDate" : ISODate("2012-10-04T03:10:55.924Z") } - { "count" : 1.0 } - 1 - 10/4/2012 10:10:55 AM
{ "createdDate" : ISODate("2012-10-04T03:10:55.986Z") } - { "count" : 1.0 } - 1 - 10/4/2012 10:10:55 AM
{ "createdDate" : ISODate("2012-10-04T03:10:56.049Z") } - { "count" : 1.0 } - 1 - 10/4/2012 10:10:56 AM
{ "createdDate" : ISODate("2012-10-04T03:10:56.111Z") } - { "count" : 1.0 } - 1 - 10/4/2012 10:10:56 AM
{ "createdDate" : ISODate("2012-10-04T03:10:56.174Z") } - { "count" : 1.0 } - 1 - 10/4/2012 10:10:56 AM
{ "createdDate" : ISODate("2012-10-04T03:10:56.236Z") } - { "count" : 1.0 } - 1 - 10/4/2012 10:10:56 AM
{ "createdDate" : ISODate("2012-10-04T03:10:56.283Z") } - { "count" : 1.0 } - 1 - 10/4/2012 10:10:56 AM
{ "createdDate" : ISODate("2012-10-04T03:10:56.345Z") } - { "count" : 1.0 } - 1 - 10/4/2012 10:10:56 AM
{ "createdDate" : ISODate("2012-10-04T03:10:56.392Z") } - { "count" : 1.0 } - 1 - 10/4/2012 10:10:56 AM
{ "createdDate" : ISODate("2012-10-04T03:10:56.455Z") } - { "count" : 1.0 } - 1 - 10/4/2012 10:10:56 AM
{ "createdDate" : ISODate("2012-10-04T03:10:56.517Z") } - { "count" : 1.0 } - 1 - 10/4/2012 10:10:56 AM
{ "createdDate" : ISODate("2012-10-04T03:10:59.549Z") } - { "count" : 1.0 } - 1 - 10/4/2012 10:10:59 AM
{ "createdDate" : ISODate("2012-10-04T03:10:59.642Z") } - { "count" : 1.0 } - 1 - 10/4/2012 10:10:59 AM
{ "createdDate" : ISODate("2012-10-04T03:10:59.845Z") } - { "count" : 1.0 } - 1 - 10/4/2012 10:10:59 AM
{ "createdDate" : ISODate("2012-10-04T03:11:00.064Z") } - { "count" : 1.0 } - 1 - 10/4/2012 10:11:00 AM
{ "createdDate" : ISODate("2012-10-04T03:11:00.299Z") } - { "count" : 1.0 } - 1 - 10/4/2012 10:11:00 AM
{ "createdDate" : ISODate("2012-10-04T03:11:00.533Z") } - { "count" : 1.0 } - 1 - 10/4/2012 10:11:00 AM
{ "createdDate" : ISODate("2012-10-04T03:11:00.752Z") } - { "count" : 1.0 } - 1 - 10/4/2012 10:11:00 AM
{ "createdDate" : ISODate("2012-10-04T03:11:00.97Z") } - { "count" : 1.0 } - 1 - 10/4/2012 10:11:00 AM
{ "createdDate" : ISODate("2012-10-04T03:11:01.049Z") } - { "count" : 1.0 } - 1 - 10/4/2012 10:11:01 AM
{ "createdDate" : ISODate("2012-10-04T03:11:01.127Z") } - { "count" : 1.0 } - 1 - 10/4/2012 10:11:01 AM
{ "createdDate" : ISODate("2012-10-04T03:11:01.236Z") } - { "count" : 1.0 } - 1 - 10/4/2012 10:11:01 AM
{ "createdDate" : ISODate("2012-10-04T03:11:04.049Z") } - { "count" : 1.0 } - 1 - 10/4/2012 10:11:04 AM
{ "createdDate" : ISODate("2012-10-04T03:11:04.189Z") } - { "count" : 1.0 } - 1 - 10/4/2012 10:11:04 AM
{ "createdDate" : ISODate("2012-10-04T03:11:04.299Z") } - { "count" : 1.0 } - 1 - 10/4/2012 10:11:04 AM
{ "createdDate" : ISODate("2012-10-04T03:11:04.345Z") } - { "count" : 1.0 } - 1 - 10/4/2012 10:11:04 AM
{ "createdDate" : ISODate("2012-10-04T03:11:04.595Z") } - { "count" : 1.0 } - 1 - 10/4/2012 10:11:04 AM
{ "createdDate" : ISODate("2012-10-04T03:11:04.689Z") } - { "count" : 1.0 } - 1 - 10/4/2012 10:11:04 AM
{ "createdDate" : ISODate("2012-10-04T03:11:04.861Z") } - { "count" : 1.0 } - 1 - 10/4/2012 10:11:04 AM
{ "createdDate" : ISODate("2012-10-04T03:11:05.08Z") } - { "count" : 1.0 } - 1 - 10/4/2012 10:11:05 AM
{ "createdDate" : ISODate("2012-10-04T03:11:05.392Z") } - { "count" : 1.0 } - 1 - 10/4/2012 10:11:05 AM
{ "createdDate" : ISODate("2012-10-04T03:11:05.595Z") } - { "count" : 1.0 } - 1 - 10/4/2012 10:11:05 AM
{ "createdDate" : ISODate("2012-10-04T03:11:05.783Z") } - { "count" : 1.0 } - 1 - 10/4/2012 10:11:05 AM
{ "createdDate" : ISODate("2012-10-04T03:11:06.892Z") } - { "count" : 1.0 } - 1 - 10/4/2012 10:11:06 AM
{ "createdDate" : ISODate("2012-10-04T03:11:06.97Z") } - { "count" : 1.0 } - 1 - 10/4/2012 10:11:06 AM
{ "createdDate" : ISODate("2012-10-04T03:11:07.049Z") } - { "count" : 1.0 } - 1 - 10/4/2012 10:11:07 AM
{ "createdDate" : ISODate("2012-10-04T03:11:07.189Z") } - { "count" : 1.0 } - 1 - 10/4/2012 10:11:07 AM
{ "createdDate" : ISODate("2012-10-04T03:13:44.533Z") } - { "count" : 1.0 } - 1 - 10/4/2012 10:13:44 AM
{ "createdDate" : ISODate("2012-10-04T03:13:44.595Z") } - { "count" : 1.0 } - 1 - 10/4/2012 10:13:44 AM
{ "createdDate" : ISODate("2012-10-04T03:13:44.767Z") } - { "count" : 1.0 } - 1 - 10/4/2012 10:13:44 AM
{ "createdDate" : ISODate("2012-10-04T03:13:44.892Z") } - { "count" : 1.0 } - 1 - 10/4/2012 10:13:44 AM
{ "createdDate" : ISODate("2012-10-04T03:13:44.986Z") } - { "count" : 1.0 } - 1 - 10/4/2012 10:13:44 AM
{ "createdDate" : ISODate("2012-10-04T03:13:45.111Z") } - { "count" : 1.0 } - 1 - 10/4/2012 10:13:45 AM
{ "createdDate" : ISODate("2012-10-04T03:13:45.189Z") } - { "count" : 1.0 } - 1 - 10/4/2012 10:13:45 AM
{ "createdDate" : ISODate("2012-10-04T03:13:45.345Z") } - { "count" : 1.0 } - 1 - 10/4/2012 10:13:45 AM
{ "createdDate" : ISODate("2012-10-04T03:13:45.439Z") } - { "count" : 1.0 } - 1 - 10/4/2012 10:13:45 AM
{ "createdDate" : ISODate("2012-10-04T03:13:45.658Z") } - { "count" : 1.0 } - 1 - 10/4/2012 10:13:45 AM
{ "createdDate" : ISODate("2012-10-04T03:13:45.814Z") } - { "count" : 1.0 } - 1 - 10/4/2012 10:13:45 AM
{ "createdDate" : ISODate("2012-10-04T03:14:53.111Z") } - { "count" : 1.0 } - 1 - 10/4/2012 10:14:53 AM
{ "createdDate" : ISODate("2012-10-04T03:14:53.174Z") } - { "count" : 1.0 } - 1 - 10/4/2012 10:14:53 AM
{ "createdDate" : ISODate("2012-10-04T03:14:53.22Z") } - { "count" : 1.0 } - 1 - 10/4/2012 10:14:53 AM
{ "createdDate" : ISODate("2012-10-04T03:14:53.267Z") } - { "count" : 1.0 } - 1 - 10/4/2012 10:14:53 AM
{ "createdDate" : ISODate("2012-10-04T03:14:53.314Z") } - { "count" : 1.0 } - 1 - 10/4/2012 10:14:53 AM
{ "createdDate" : ISODate("2012-10-04T03:14:53.377Z") } - { "count" : 1.0 } - 1 - 10/4/2012 10:14:53 AM
{ "createdDate" : ISODate("2012-10-04T03:14:53.424Z") } - { "count" : 1.0 } - 1 - 10/4/2012 10:14:53 AM
{ "createdDate" : ISODate("2012-10-04T03:14:53.502Z") } - { "count" : 1.0 } - 1 - 10/4/2012 10:14:53 AM
{ "createdDate" : ISODate("2012-10-04T03:14:53.595Z") } - { "count" : 1.0 } - 1 - 10/4/2012 10:14:53 AM
{ "createdDate" : ISODate("2012-10-04T03:14:53.658Z") } - { "count" : 1.0 } - 1 - 10/4/2012 10:14:53 AM
{ "createdDate" : ISODate("2012-10-04T03:14:53.72Z") } - { "count" : 1.0 } - 1 - 10/4/2012 10:14:53 AM
{ "createdDate" : ISODate("2012-10-04T03:14:58.095Z") } - { "count" : 1.0 } - 1 - 10/4/2012 10:14:58 AM
{ "createdDate" : ISODate("2012-10-04T03:14:58.189Z") } - { "count" : 1.0 } - 1 - 10/4/2012 10:14:58 AM
{ "createdDate" : ISODate("2012-10-04T03:14:58.377Z") } - { "count" : 1.0 } - 1 - 10/4/2012 10:14:58 AM
{ "createdDate" : ISODate("2012-10-04T03:14:58.502Z") } - { "count" : 1.0 } - 1 - 10/4/2012 10:14:58 AM
{ "createdDate" : ISODate("2012-10-04T03:14:58.611Z") } - { "count" : 1.0 } - 1 - 10/4/2012 10:14:58 AM
{ "createdDate" : ISODate("2012-10-04T03:14:58.72Z") } - { "count" : 1.0 } - 1 - 10/4/2012 10:14:58 AM
{ "createdDate" : ISODate("2012-10-04T03:14:58.83Z") } - { "count" : 1.0 } - 1 - 10/4/2012 10:14:58 AM
{ "createdDate" : ISODate("2012-10-04T03:14:58.939Z") } - { "count" : 1.0 } - 1 - 10/4/2012 10:14:58 AM
{ "createdDate" : ISODate("2012-10-04T03:14:59.002Z") } - { "count" : 1.0 } - 1 - 10/4/2012 10:14:59 AM
{ "createdDate" : ISODate("2012-10-04T03:14:59.111Z") } - { "count" : 1.0 } - 1 - 10/4/2012 10:14:59 AM
{ "createdDate" : ISODate("2012-10-04T03:14:59.205Z") } - { "count" : 1.0 } - 1 - 10/4/2012 10:14:59 AM
{ "createdDate" : ISODate("2012-10-04T03:15:02.892Z") } - { "count" : 1.0 } - 1 - 10/4/2012 10:15:02 AM
{ "createdDate" : ISODate("2012-10-04T03:15:02.955Z") } - { "count" : 1.0 } - 1 - 10/4/2012 10:15:02 AM
{ "createdDate" : ISODate("2012-10-04T03:15:03.002Z") } - { "count" : 1.0 } - 1 - 10/4/2012 10:15:03 AM
{ "createdDate" : ISODate("2012-10-04T03:15:03.049Z") } - { "count" : 1.0 } - 1 - 10/4/2012 10:15:03 AM
{ "createdDate" : ISODate("2012-10-04T03:15:03.095Z") } - { "count" : 1.0 } - 1 - 10/4/2012 10:15:03 AM
{ "createdDate" : ISODate("2012-10-04T03:15:03.158Z") } - { "count" : 1.0 } - 1 - 10/4/2012 10:15:03 AM
{ "createdDate" : ISODate("2012-10-04T03:15:03.205Z") } - { "count" : 1.0 } - 1 - 10/4/2012 10:15:03 AM
{ "createdDate" : ISODate("2012-10-04T03:15:03.361Z") } - { "count" : 1.0 } - 1 - 10/4/2012 10:15:03 AM
{ "createdDate" : ISODate("2012-10-04T03:15:03.408Z") } - { "count" : 1.0 } - 1 - 10/4/2012 10:15:03 AM
{ "createdDate" : ISODate("2012-10-04T03:15:03.47Z") } - { "count" : 1.0 } - 1 - 10/4/2012 10:15:03 AM
{ "createdDate" : ISODate("2012-10-04T03:15:03.517Z") } - { "count" : 1.0 } - 1 - 10/4/2012 10:15:03 AM
{ "createdDate" : ISODate("2012-10-04T03:15:08.47Z") } - { "count" : 1.0 } - 1 - 10/4/2012 10:15:08 AM
{ "createdDate" : ISODate("2012-10-04T03:15:08.549Z") } - { "count" : 1.0 } - 1 - 10/4/2012 10:15:08 AM
{ "createdDate" : ISODate("2012-10-04T03:15:08.642Z") } - { "count" : 1.0 } - 1 - 10/4/2012 10:15:08 AM
{ "createdDate" : ISODate("2012-10-04T03:15:08.783Z") } - { "count" : 1.0 } - 1 - 10/4/2012 10:15:08 AM
{ "createdDate" : ISODate("2012-10-04T03:15:08.908Z") } - { "count" : 1.0 } - 1 - 10/4/2012 10:15:08 AM
{ "createdDate" : ISODate("2012-10-04T03:15:09.049Z") } - { "count" : 1.0 } - 1 - 10/4/2012 10:15:09 AM
{ "createdDate" : ISODate("2012-10-04T03:15:09.283Z") } - { "count" : 1.0 } - 1 - 10/4/2012 10:15:09 AM
{ "createdDate" : ISODate("2012-10-04T03:15:09.361Z") } - { "count" : 1.0 } - 1 - 10/4/2012 10:15:09 AM
{ "createdDate" : ISODate("2012-10-04T03:15:09.517Z") } - { "count" : 1.0 } - 1 - 10/4/2012 10:15:09 AM
{ "createdDate" : ISODate("2012-10-04T03:15:09.611Z") } - { "count" : 1.0 } - 1 - 10/4/2012 10:15:09 AM
{ "createdDate" : ISODate("2012-10-04T03:15:09.72Z") } - { "count" : 1.0 } - 1 - 10/4/2012 10:15:09 AM
{ "createdDate" : ISODate("2012-10-04T03:15:13.017Z") } - { "count" : 1.0 } - 1 - 10/4/2012 10:15:13 AM
{ "createdDate" : ISODate("2012-10-04T03:15:13.08Z") } - { "count" : 1.0 } - 1 - 10/4/2012 10:15:13 AM
{ "createdDate" : ISODate("2012-10-04T03:15:13.127Z") } - { "count" : 1.0 } - 1 - 10/4/2012 10:15:13 AM
{ "createdDate" : ISODate("2012-10-04T03:15:13.174Z") } - { "count" : 1.0 } - 1 - 10/4/2012 10:15:13 AM
{ "createdDate" : ISODate("2012-10-04T03:15:13.22Z") } - { "count" : 1.0 } - 1 - 10/4/2012 10:15:13 AM
{ "createdDate" : ISODate("2012-10-04T03:15:13.267Z") } - { "count" : 1.0 } - 1 - 10/4/2012 10:15:13 AM
{ "createdDate" : ISODate("2012-10-04T03:15:13.345Z") } - { "count" : 1.0 } - 1 - 10/4/2012 10:15:13 AM
{ "createdDate" : ISODate("2012-10-04T03:15:13.408Z") } - { "count" : 1.0 } - 1 - 10/4/2012 10:15:13 AM
{ "createdDate" : ISODate("2012-10-04T03:15:13.486Z") } - { "count" : 1.0 } - 1 - 10/4/2012 10:15:13 AM
{ "createdDate" : ISODate("2012-10-04T03:15:13.533Z") } - { "count" : 1.0 } - 1 - 10/4/2012 10:15:13 AM
{ "createdDate" : ISODate("2012-10-04T03:15:13.58Z") } - { "count" : 1.0 } - 1 - 10/4/2012 10:15:13 AM
{ "createdDate" : ISODate("2012-10-04T03:15:17.627Z") } - { "count" : 1.0 } - 1 - 10/4/2012 10:15:17 AM
{ "createdDate" : ISODate("2012-10-04T03:15:17.674Z") } - { "count" : 1.0 } - 1 - 10/4/2012 10:15:17 AM
{ "createdDate" : ISODate("2012-10-04T03:15:17.752Z") } - { "count" : 1.0 } - 1 - 10/4/2012 10:15:17 AM
{ "createdDate" : ISODate("2012-10-04T03:15:17.799Z") } - { "count" : 1.0 } - 1 - 10/4/2012 10:15:17 AM
{ "createdDate" : ISODate("2012-10-04T03:15:17.877Z") } - { "count" : 1.0 } - 1 - 10/4/2012 10:15:17 AM
{ "createdDate" : ISODate("2012-10-04T03:15:17.939Z") } - { "count" : 1.0 } - 1 - 10/4/2012 10:15:17 AM
{ "createdDate" : ISODate("2012-10-04T03:15:18.002Z") } - { "count" : 1.0 } - 1 - 10/4/2012 10:15:18 AM
{ "createdDate" : ISODate("2012-10-04T03:15:18.08Z") } - { "count" : 1.0 } - 1 - 10/4/2012 10:15:18 AM
{ "createdDate" : ISODate("2012-10-04T03:15:18.158Z") } - { "count" : 1.0 } - 1 - 10/4/2012 10:15:18 AM
{ "createdDate" : ISODate("2012-10-04T03:15:18.22Z") } - { "count" : 1.0 } - 1 - 10/4/2012 10:15:18 AM
{ "createdDate" : ISODate("2012-10-04T03:15:18.33Z") } - { "count" : 1.0 } - 1 - 10/4/2012 10:15:18 AM
{ "createdDate" : ISODate("2012-10-04T03:15:29.033Z") } - { "count" : 1.0 } - 1 - 10/4/2012 10:15:29 AM
{ "createdDate" : ISODate("2012-10-04T03:15:29.236Z") } - { "count" : 1.0 } - 1 - 10/4/2012 10:15:29 AM
{ "createdDate" : ISODate("2012-10-04T03:15:29.33Z") } - { "count" : 1.0 } - 1 - 10/4/2012 10:15:29 AM
{ "createdDate" : ISODate("2012-10-04T03:15:29.533Z") } - { "count" : 1.0 } - 1 - 10/4/2012 10:15:29 AM
{ "createdDate" : ISODate("2012-10-04T03:15:29.58Z") } - { "count" : 1.0 } - 1 - 10/4/2012 10:15:29 AM
{ "createdDate" : ISODate("2012-10-04T03:15:29.658Z") } - { "count" : 1.0 } - 1 - 10/4/2012 10:15:29 AM
{ "createdDate" : ISODate("2012-10-04T03:15:29.924Z") } - { "count" : 1.0 } - 1 - 10/4/2012 10:15:29 AM
{ "createdDate" : ISODate("2012-10-04T03:15:30.08Z") } - { "count" : 1.0 } - 1 - 10/4/2012 10:15:30 AM
{ "createdDate" : ISODate("2012-10-04T03:15:30.299Z") } - { "count" : 1.0 } - 1 - 10/4/2012 10:15:30 AM
{ "createdDate" : ISODate("2012-10-04T03:15:30.361Z") } - { "count" : 1.0 } - 1 - 10/4/2012 10:15:30 AM
{ "createdDate" : ISODate("2012-10-04T03:15:30.627Z") } - { "count" : 1.0 } - 1 - 10/4/2012 10:15:30 AM
{ "createdDate" : ISODate("2012-10-04T03:28:07.455Z") } - { "count" : 1.0 } - 1 - 10/4/2012 10:28:07 AM
{ "createdDate" : ISODate("2012-10-04T03:28:07.533Z") } - { "count" : 1.0 } - 1 - 10/4/2012 10:28:07 AM
{ "createdDate" : ISODate("2012-10-04T03:28:07.642Z") } - { "count" : 1.0 } - 1 - 10/4/2012 10:28:07 AM
{ "createdDate" : ISODate("2012-10-04T03:28:07.752Z") } - { "count" : 1.0 } - 1 - 10/4/2012 10:28:07 AM
{ "createdDate" : ISODate("2012-10-04T03:28:07.814Z") } - { "count" : 1.0 } - 1 - 10/4/2012 10:28:07 AM
{ "createdDate" : ISODate("2012-10-04T03:28:07.861Z") } - { "count" : 1.0 } - 1 - 10/4/2012 10:28:07 AM
{ "createdDate" : ISODate("2012-10-04T03:28:07.924Z") } - { "count" : 1.0 } - 1 - 10/4/2012 10:28:07 AM
{ "createdDate" : ISODate("2012-10-04T03:28:07.986Z") } - { "count" : 1.0 } - 1 - 10/4/2012 10:28:07 AM
{ "createdDate" : ISODate("2012-10-04T03:28:08.033Z") } - { "count" : 1.0 } - 1 - 10/4/2012 10:28:08 AM
{ "createdDate" : ISODate("2012-10-04T03:28:08.111Z") } - { "count" : 1.0 } - 1 - 10/4/2012 10:28:08 AM
{ "createdDate" : ISODate("2012-10-04T03:28:08.174Z") } - { "count" : 1.0 } - 1 - 10/4/2012 10:28:08 AM
{ "createdDate" : ISODate("2012-10-04T03:28:34.533Z") } - { "count" : 1.0 } - 1 - 10/4/2012 10:28:34 AM
{ "createdDate" : ISODate("2012-10-04T03:28:34.595Z") } - { "count" : 1.0 } - 1 - 10/4/2012 10:28:34 AM
{ "createdDate" : ISODate("2012-10-04T03:28:34.674Z") } - { "count" : 1.0 } - 1 - 10/4/2012 10:28:34 AM
{ "createdDate" : ISODate("2012-10-04T03:28:34.83Z") } - { "count" : 1.0 } - 1 - 10/4/2012 10:28:34 AM
{ "createdDate" : ISODate("2012-10-04T03:28:35.033Z") } - { "count" : 1.0 } - 1 - 10/4/2012 10:28:35 AM
{ "createdDate" : ISODate("2012-10-04T03:28:35.095Z") } - { "count" : 1.0 } - 1 - 10/4/2012 10:28:35 AM
{ "createdDate" : ISODate("2012-10-04T03:28:35.267Z") } - { "count" : 1.0 } - 1 - 10/4/2012 10:28:35 AM
{ "createdDate" : ISODate("2012-10-04T03:28:35.345Z") } - { "count" : 1.0 } - 1 - 10/4/2012 10:28:35 AM
{ "createdDate" : ISODate("2012-10-04T03:28:35.517Z") } - { "count" : 1.0 } - 1 - 10/4/2012 10:28:35 AM
{ "createdDate" : ISODate("2012-10-04T03:28:35.767Z") } - { "count" : 1.0 } - 1 - 10/4/2012 10:28:35 AM
{ "createdDate" : ISODate("2012-10-04T03:28:35.799Z") } - { "count" : 1.0 } - 1 - 10/4/2012 10:28:35 AM
{ "createdDate" : ISODate("2012-10-04T03:28:37.517Z") } - { "count" : 1.0 } - 1 - 10/4/2012 10:28:37 AM
{ "createdDate" : ISODate("2012-10-04T03:28:37.58Z") } - { "count" : 1.0 } - 1 - 10/4/2012 10:28:37 AM
{ "createdDate" : ISODate("2012-10-04T03:28:37.627Z") } - { "count" : 1.0 } - 1 - 10/4/2012 10:28:37 AM
{ "createdDate" : ISODate("2012-10-04T03:28:37.674Z") } - { "count" : 1.0 } - 1 - 10/4/2012 10:28:37 AM
{ "createdDate" : ISODate("2012-10-04T03:28:37.72Z") } - { "count" : 1.0 } - 1 - 10/4/2012 10:28:37 AM
{ "createdDate" : ISODate("2012-10-04T03:28:37.783Z") } - { "count" : 1.0 } - 1 - 10/4/2012 10:28:37 AM
{ "createdDate" : ISODate("2012-10-04T03:28:37.83Z") } - { "count" : 1.0 } - 1 - 10/4/2012 10:28:37 AM
{ "createdDate" : ISODate("2012-10-04T03:28:37.877Z") } - { "count" : 1.0 } - 1 - 10/4/2012 10:28:37 AM
{ "createdDate" : ISODate("2012-10-04T03:28:37.924Z") } - { "count" : 1.0 } - 1 - 10/4/2012 10:28:37 AM
{ "createdDate" : ISODate("2012-10-04T03:28:37.97Z") } - { "count" : 1.0 } - 1 - 10/4/2012 10:28:37 AM
{ "createdDate" : ISODate("2012-10-04T03:28:38.017Z") } - { "count" : 1.0 } - 1 - 10/4/2012 10:28:38 AM
{ "createdDate" : ISODate("2012-10-04T03:28:43.049Z") } - { "count" : 1.0 } - 1 - 10/4/2012 10:28:43 AM
{ "createdDate" : ISODate("2012-10-04T03:28:43.111Z") } - { "count" : 1.0 } - 1 - 10/4/2012 10:28:43 AM
{ "createdDate" : ISODate("2012-10-04T03:28:43.158Z") } - { "count" : 1.0 } - 1 - 10/4/2012 10:28:43 AM
{ "createdDate" : ISODate("2012-10-04T03:28:43.236Z") } - { "count" : 1.0 } - 1 - 10/4/2012 10:28:43 AM
{ "createdDate" : ISODate("2012-10-04T03:28:43.299Z") } - { "count" : 1.0 } - 1 - 10/4/2012 10:28:43 AM
{ "createdDate" : ISODate("2012-10-04T03:28:43.345Z") } - { "count" : 1.0 } - 1 - 10/4/2012 10:28:43 AM
{ "createdDate" : ISODate("2012-10-04T03:28:43.392Z") } - { "count" : 1.0 } - 1 - 10/4/2012 10:28:43 AM
{ "createdDate" : ISODate("2012-10-04T03:28:43.439Z") } - { "count" : 1.0 } - 1 - 10/4/2012 10:28:43 AM
{ "createdDate" : ISODate("2012-10-04T03:28:43.486Z") } - { "count" : 1.0 } - 1 - 10/4/2012 10:28:43 AM
{ "createdDate" : ISODate("2012-10-04T03:28:43.533Z") } - { "count" : 1.0 } - 1 - 10/4/2012 10:28:43 AM
{ "createdDate" : ISODate("2012-10-04T03:28:43.58Z") } - { "count" : 1.0 } - 1 - 10/4/2012 10:28:43 AM
{ "createdDate" : ISODate("2012-10-04T03:28:44.97Z") } - { "count" : 1.0 } - 1 - 10/4/2012 10:28:44 AM
{ "createdDate" : ISODate("2012-10-04T03:28:45.017Z") } - { "count" : 1.0 } - 1 - 10/4/2012 10:28:45 AM
{ "createdDate" : ISODate("2012-10-04T03:28:45.064Z") } - { "count" : 1.0 } - 1 - 10/4/2012 10:28:45 AM
{ "createdDate" : ISODate("2012-10-04T03:28:45.127Z") } - { "count" : 1.0 } - 1 - 10/4/2012 10:28:45 AM
{ "createdDate" : ISODate("2012-10-04T03:28:45.189Z") } - { "count" : 1.0 } - 1 - 10/4/2012 10:28:45 AM
{ "createdDate" : ISODate("2012-10-04T03:28:45.236Z") } - { "count" : 1.0 } - 1 - 10/4/2012 10:28:45 AM
{ "createdDate" : ISODate("2012-10-04T03:28:45.299Z") } - { "count" : 1.0 } - 1 - 10/4/2012 10:28:45 AM
{ "createdDate" : ISODate("2012-10-04T03:28:45.345Z") } - { "count" : 1.0 } - 1 - 10/4/2012 10:28:45 AM
{ "createdDate" : ISODate("2012-10-04T03:28:45.392Z") } - { "count" : 1.0 } - 1 - 10/4/2012 10:28:45 AM
{ "createdDate" : ISODate("2012-10-04T03:28:45.455Z") } - { "count" : 1.0 } - 1 - 10/4/2012 10:28:45 AM
{ "createdDate" : ISODate("2012-10-04T03:28:45.502Z") } - { "count" : 1.0 } - 1 - 10/4/2012 10:28:45 AM
{ "createdDate" : ISODate("2012-10-04T03:28:50.111Z") } - { "count" : 1.0 } - 1 - 10/4/2012 10:28:50 AM
{ "createdDate" : ISODate("2012-10-04T03:28:50.158Z") } - { "count" : 1.0 } - 1 - 10/4/2012 10:28:50 AM
{ "createdDate" : ISODate("2012-10-04T03:28:50.205Z") } - { "count" : 1.0 } - 1 - 10/4/2012 10:28:50 AM
{ "createdDate" : ISODate("2012-10-04T03:28:50.392Z") } - { "count" : 1.0 } - 1 - 10/4/2012 10:28:50 AM
{ "createdDate" : ISODate("2012-10-04T03:28:50.439Z") } - { "count" : 1.0 } - 1 - 10/4/2012 10:28:50 AM
{ "createdDate" : ISODate("2012-10-04T03:28:50.627Z") } - { "count" : 1.0 } - 1 - 10/4/2012 10:28:50 AM
{ "createdDate" : ISODate("2012-10-04T03:28:50.674Z") } - { "count" : 1.0 } - 1 - 10/4/2012 10:28:50 AM
{ "createdDate" : ISODate("2012-10-04T03:28:50.861Z") } - { "count" : 1.0 } - 1 - 10/4/2012 10:28:50 AM
{ "createdDate" : ISODate("2012-10-04T03:28:51.064Z") } - { "count" : 1.0 } - 1 - 10/4/2012 10:28:51 AM
{ "createdDate" : ISODate("2012-10-04T03:28:51.299Z") } - { "count" : 1.0 } - 1 - 10/4/2012 10:28:51 AM
{ "createdDate" : ISODate("2012-10-04T03:28:51.533Z") } - { "count" : 1.0 } - 1 - 10/4/2012 10:28:51 AM
{ "createdDate" : ISODate("2012-10-04T03:28:55.174Z") } - { "count" : 1.0 } - 1 - 10/4/2012 10:28:55 AM
{ "createdDate" : ISODate("2012-10-04T03:28:55.22Z") } - { "count" : 1.0 } - 1 - 10/4/2012 10:28:55 AM
{ "createdDate" : ISODate("2012-10-04T03:28:55.377Z") } - { "count" : 1.0 } - 1 - 10/4/2012 10:28:55 AM
{ "createdDate" : ISODate("2012-10-04T03:28:55.439Z") } - { "count" : 1.0 } - 1 - 10/4/2012 10:28:55 AM
{ "createdDate" : ISODate("2012-10-04T03:28:55.642Z") } - { "count" : 1.0 } - 1 - 10/4/2012 10:28:55 AM
{ "createdDate" : ISODate("2012-10-04T03:28:55.861Z") } - { "count" : 1.0 } - 1 - 10/4/2012 10:28:55 AM
{ "createdDate" : ISODate("2012-10-04T03:28:56.08Z") } - { "count" : 1.0 } - 1 - 10/4/2012 10:28:56 AM
{ "createdDate" : ISODate("2012-10-04T03:28:56.314Z") } - { "count" : 1.0 } - 1 - 10/4/2012 10:28:56 AM
{ "createdDate" : ISODate("2012-10-04T03:28:56.361Z") } - { "count" : 1.0 } - 1 - 10/4/2012 10:28:56 AM
{ "createdDate" : ISODate("2012-10-04T03:28:56.408Z") } - { "count" : 1.0 } - 1 - 10/4/2012 10:28:56 AM
{ "createdDate" : ISODate("2012-10-04T03:28:56.455Z") } - { "count" : 1.0 } - 1 - 10/4/2012 10:28:56 AM
{ "createdDate" : ISODate("2012-10-04T03:28:58.455Z") } - { "count" : 1.0 } - 1 - 10/4/2012 10:28:58 AM
{ "createdDate" : ISODate("2012-10-04T03:28:58.517Z") } - { "count" : 1.0 } - 1 - 10/4/2012 10:28:58 AM
{ "createdDate" : ISODate("2012-10-04T03:28:58.564Z") } - { "count" : 1.0 } - 1 - 10/4/2012 10:28:58 AM
{ "createdDate" : ISODate("2012-10-04T03:28:58.611Z") } - { "count" : 1.0 } - 1 - 10/4/2012 10:28:58 AM
{ "createdDate" : ISODate("2012-10-04T03:28:58.658Z") } - { "count" : 1.0 } - 1 - 10/4/2012 10:28:58 AM
{ "createdDate" : ISODate("2012-10-04T03:28:58.72Z") } - { "count" : 1.0 } - 1 - 10/4/2012 10:28:58 AM
{ "createdDate" : ISODate("2012-10-04T03:28:58.767Z") } - { "count" : 1.0 } - 1 - 10/4/2012 10:28:58 AM
{ "createdDate" : ISODate("2012-10-04T03:28:58.814Z") } - { "count" : 1.0 } - 1 - 10/4/2012 10:28:58 AM
{ "createdDate" : ISODate("2012-10-04T03:28:58.861Z") } - { "count" : 1.0 } - 1 - 10/4/2012 10:28:58 AM
{ "createdDate" : ISODate("2012-10-04T03:28:58.908Z") } - { "count" : 1.0 } - 1 - 10/4/2012 10:28:58 AM
{ "createdDate" : ISODate("2012-10-04T03:28:58.955Z") } - { "count" : 1.0 } - 1 - 10/4/2012 10:28:58 AM
{ "createdDate" : ISODate("2012-10-04T03:29:02.97Z") } - { "count" : 1.0 } - 1 - 10/4/2012 10:29:02 AM
{ "createdDate" : ISODate("2012-10-04T03:29:03.033Z") } - { "count" : 1.0 } - 1 - 10/4/2012 10:29:03 AM
{ "createdDate" : ISODate("2012-10-04T03:29:03.08Z") } - { "count" : 1.0 } - 1 - 10/4/2012 10:29:03 AM
{ "createdDate" : ISODate("2012-10-04T03:29:03.127Z") } - { "count" : 1.0 } - 1 - 10/4/2012 10:29:03 AM
{ "createdDate" : ISODate("2012-10-04T03:29:03.174Z") } - { "count" : 1.0 } - 1 - 10/4/2012 10:29:03 AM
{ "createdDate" : ISODate("2012-10-04T03:29:03.236Z") } - { "count" : 1.0 } - 1 - 10/4/2012 10:29:03 AM
{ "createdDate" : ISODate("2012-10-04T03:29:03.283Z") } - { "count" : 1.0 } - 1 - 10/4/2012 10:29:03 AM
{ "createdDate" : ISODate("2012-10-04T03:29:03.33Z") } - { "count" : 1.0 } - 1 - 10/4/2012 10:29:03 AM
{ "createdDate" : ISODate("2012-10-04T03:29:03.377Z") } - { "count" : 1.0 } - 1 - 10/4/2012 10:29:03 AM
{ "createdDate" : ISODate("2012-10-04T03:29:03.424Z") } - { "count" : 1.0 } - 1 - 10/4/2012 10:29:03 AM
{ "createdDate" : ISODate("2012-10-04T03:29:03.47Z") } - { "count" : 1.0 } - 1 - 10/4/2012 10:29:03 AM
{ "createdDate" : ISODate("2012-10-04T03:29:06.658Z") } - { "count" : 1.0 } - 1 - 10/4/2012 10:29:06 AM
{ "createdDate" : ISODate("2012-10-04T03:29:06.705Z") } - { "count" : 1.0 } - 1 - 10/4/2012 10:29:06 AM
{ "createdDate" : ISODate("2012-10-04T03:29:06.752Z") } - { "count" : 1.0 } - 1 - 10/4/2012 10:29:06 AM
{ "createdDate" : ISODate("2012-10-04T03:29:06.799Z") } - { "count" : 1.0 } - 1 - 10/4/2012 10:29:06 AM
{ "createdDate" : ISODate("2012-10-04T03:29:06.845Z") } - { "count" : 1.0 } - 1 - 10/4/2012 10:29:06 AM
{ "createdDate" : ISODate("2012-10-04T03:29:06.892Z") } - { "count" : 1.0 } - 1 - 10/4/2012 10:29:06 AM
{ "createdDate" : ISODate("2012-10-04T03:29:06.939Z") } - { "count" : 1.0 } - 1 - 10/4/2012 10:29:06 AM
{ "createdDate" : ISODate("2012-10-04T03:29:06.986Z") } - { "count" : 1.0 } - 1 - 10/4/2012 10:29:06 AM
{ "createdDate" : ISODate("2012-10-04T03:29:07.033Z") } - { "count" : 1.0 } - 1 - 10/4/2012 10:29:07 AM
{ "createdDate" : ISODate("2012-10-04T03:29:07.08Z") } - { "count" : 1.0 } - 1 - 10/4/2012 10:29:07 AM
{ "createdDate" : ISODate("2012-10-04T03:29:07.127Z") } - { "count" : 1.0 } - 1 - 10/4/2012 10:29:07 AM
{ "createdDate" : ISODate("2012-10-04T03:29:09.58Z") } - { "count" : 1.0 } - 1 - 10/4/2012 10:29:09 AM
{ "createdDate" : ISODate("2012-10-04T03:29:09.658Z") } - { "count" : 1.0 } - 1 - 10/4/2012 10:29:09 AM
{ "createdDate" : ISODate("2012-10-04T03:29:09.892Z") } - { "count" : 1.0 } - 1 - 10/4/2012 10:29:09 AM
{ "createdDate" : ISODate("2012-10-04T03:29:10.08Z") } - { "count" : 1.0 } - 1 - 10/4/2012 10:29:10 AM
{ "createdDate" : ISODate("2012-10-04T03:29:10.127Z") } - { "count" : 1.0 } - 1 - 10/4/2012 10:29:10 AM
{ "createdDate" : ISODate("2012-10-04T03:29:10.314Z") } - { "count" : 1.0 } - 1 - 10/4/2012 10:29:10 AM
{ "createdDate" : ISODate("2012-10-04T03:29:10.533Z") } - { "count" : 1.0 } - 1 - 10/4/2012 10:29:10 AM
{ "createdDate" : ISODate("2012-10-04T03:29:10.752Z") } - { "count" : 1.0 } - 1 - 10/4/2012 10:29:10 AM
{ "createdDate" : ISODate("2012-10-04T03:29:10.799Z") } - { "count" : 1.0 } - 1 - 10/4/2012 10:29:10 AM
{ "createdDate" : ISODate("2012-10-04T03:29:10.986Z") } - { "count" : 1.0 } - 1 - 10/4/2012 10:29:10 AM
{ "createdDate" : ISODate("2012-10-04T03:29:11.049Z") } - { "count" : 1.0 } - 1 - 10/4/2012 10:29:11 AM
{ "createdDate" : ISODate("2012-10-04T03:29:15.033Z") } - { "count" : 1.0 } - 1 - 10/4/2012 10:29:15 AM
{ "createdDate" : ISODate("2012-10-04T03:29:15.08Z") } - { "count" : 1.0 } - 1 - 10/4/2012 10:29:15 AM
{ "createdDate" : ISODate("2012-10-04T03:29:15.142Z") } - { "count" : 1.0 } - 1 - 10/4/2012 10:29:15 AM
{ "createdDate" : ISODate("2012-10-04T03:29:15.189Z") } - { "count" : 1.0 } - 1 - 10/4/2012 10:29:15 AM
{ "createdDate" : ISODate("2012-10-04T03:29:15.236Z") } - { "count" : 1.0 } - 1 - 10/4/2012 10:29:15 AM
{ "createdDate" : ISODate("2012-10-04T03:29:15.283Z") } - { "count" : 1.0 } - 1 - 10/4/2012 10:29:15 AM
{ "createdDate" : ISODate("2012-10-04T03:29:15.345Z") } - { "count" : 1.0 } - 1 - 10/4/2012 10:29:15 AM
{ "createdDate" : ISODate("2012-10-04T03:29:15.392Z") } - { "count" : 1.0 } - 1 - 10/4/2012 10:29:15 AM
{ "createdDate" : ISODate("2012-10-04T03:29:15.439Z") } - { "count" : 1.0 } - 1 - 10/4/2012 10:29:15 AM
{ "createdDate" : ISODate("2012-10-04T03:29:15.486Z") } - { "count" : 1.0 } - 1 - 10/4/2012 10:29:15 AM
{ "createdDate" : ISODate("2012-10-04T03:29:15.533Z") } - { "count" : 1.0 } - 1 - 10/4/2012 10:29:15 AM
{ "createdDate" : ISODate("2012-10-04T03:29:17.517Z") } - { "count" : 1.0 } - 1 - 10/4/2012 10:29:17 AM
{ "createdDate" : ISODate("2012-10-04T03:29:17.564Z") } - { "count" : 1.0 } - 1 - 10/4/2012 10:29:17 AM
{ "createdDate" : ISODate("2012-10-04T03:29:17.627Z") } - { "count" : 1.0 } - 1 - 10/4/2012 10:29:17 AM
{ "createdDate" : ISODate("2012-10-04T03:29:17.674Z") } - { "count" : 1.0 } - 1 - 10/4/2012 10:29:17 AM
{ "createdDate" : ISODate("2012-10-04T03:29:17.72Z") } - { "count" : 1.0 } - 1 - 10/4/2012 10:29:17 AM
{ "createdDate" : ISODate("2012-10-04T03:29:17.783Z") } - { "count" : 1.0 } - 1 - 10/4/2012 10:29:17 AM
{ "createdDate" : ISODate("2012-10-04T03:29:17.814Z") } - { "count" : 1.0 } - 1 - 10/4/2012 10:29:17 AM
{ "createdDate" : ISODate("2012-10-04T03:29:17.877Z") } - { "count" : 1.0 } - 1 - 10/4/2012 10:29:17 AM
{ "createdDate" : ISODate("2012-10-04T03:29:17.924Z") } - { "count" : 1.0 } - 1 - 10/4/2012 10:29:17 AM
{ "createdDate" : ISODate("2012-10-04T03:29:17.97Z") } - { "count" : 1.0 } - 1 - 10/4/2012 10:29:17 AM
{ "createdDate" : ISODate("2012-10-04T03:29:18.017Z") } - { "count" : 1.0 } - 1 - 10/4/2012 10:29:18 AM
{ "createdDate" : ISODate("2012-10-04T03:29:22.595Z") } - { "count" : 1.0 } - 1 - 10/4/2012 10:29:22 AM
{ "createdDate" : ISODate("2012-10-04T03:29:22.642Z") } - { "count" : 1.0 } - 1 - 10/4/2012 10:29:22 AM
{ "createdDate" : ISODate("2012-10-04T03:29:22.689Z") } - { "count" : 1.0 } - 1 - 10/4/2012 10:29:22 AM
{ "createdDate" : ISODate("2012-10-04T03:29:22.736Z") } - { "count" : 1.0 } - 1 - 10/4/2012 10:29:22 AM
{ "createdDate" : ISODate("2012-10-04T03:29:22.783Z") } - { "count" : 1.0 } - 1 - 10/4/2012 10:29:22 AM
{ "createdDate" : ISODate("2012-10-04T03:29:22.83Z") } - { "count" : 1.0 } - 1 - 10/4/2012 10:29:22 AM
{ "createdDate" : ISODate("2012-10-04T03:29:22.877Z") } - { "count" : 1.0 } - 1 - 10/4/2012 10:29:22 AM
{ "createdDate" : ISODate("2012-10-04T03:29:22.939Z") } - { "count" : 1.0 } - 1 - 10/4/2012 10:29:22 AM
{ "createdDate" : ISODate("2012-10-04T03:29:22.986Z") } - { "count" : 1.0 } - 1 - 10/4/2012 10:29:22 AM
{ "createdDate" : ISODate("2012-10-04T03:29:23.033Z") } - { "count" : 1.0 } - 1 - 10/4/2012 10:29:23 AM
{ "createdDate" : ISODate("2012-10-04T03:29:23.08Z") } - { "count" : 1.0 } - 1 - 10/4/2012 10:29:23 AM
{ "createdDate" : ISODate("2012-10-04T03:29:25.799Z") } - { "count" : 1.0 } - 1 - 10/4/2012 10:29:25 AM
{ "createdDate" : ISODate("2012-10-04T03:29:25.908Z") } - { "count" : 1.0 } - 1 - 10/4/2012 10:29:25 AM
{ "createdDate" : ISODate("2012-10-04T03:29:26.049Z") } - { "count" : 1.0 } - 1 - 10/4/2012 10:29:26 AM
{ "createdDate" : ISODate("2012-10-04T03:29:26.095Z") } - { "count" : 1.0 } - 1 - 10/4/2012 10:29:26 AM
{ "createdDate" : ISODate("2012-10-04T03:29:26.158Z") } - { "count" : 1.0 } - 1 - 10/4/2012 10:29:26 AM
{ "createdDate" : ISODate("2012-10-04T03:29:26.205Z") } - { "count" : 1.0 } - 1 - 10/4/2012 10:29:26 AM
{ "createdDate" : ISODate("2012-10-04T03:29:26.252Z") } - { "count" : 1.0 } - 1 - 10/4/2012 10:29:26 AM
{ "createdDate" : ISODate("2012-10-04T03:29:26.314Z") } - { "count" : 1.0 } - 1 - 10/4/2012 10:29:26 AM
{ "createdDate" : ISODate("2012-10-04T03:29:26.361Z") } - { "count" : 1.0 } - 1 - 10/4/2012 10:29:26 AM
{ "createdDate" : ISODate("2012-10-04T03:29:26.408Z") } - { "count" : 1.0 } - 1 - 10/4/2012 10:29:26 AM
{ "createdDate" : ISODate("2012-10-04T03:29:26.47Z") } - { "count" : 1.0 } - 1 - 10/4/2012 10:29:26 AM
{ "createdDate" : ISODate("2012-10-04T03:29:30.767Z") } - { "count" : 1.0 } - 1 - 10/4/2012 10:29:30 AM
{ "createdDate" : ISODate("2012-10-04T03:29:30.97Z") } - { "count" : 1.0 } - 1 - 10/4/2012 10:29:30 AM
{ "createdDate" : ISODate("2012-10-04T03:29:31.095Z") } - { "count" : 1.0 } - 1 - 10/4/2012 10:29:31 AM
{ "createdDate" : ISODate("2012-10-04T03:29:31.189Z") } - { "count" : 1.0 } - 1 - 10/4/2012 10:29:31 AM
{ "createdDate" : ISODate("2012-10-04T03:29:31.361Z") } - { "count" : 1.0 } - 1 - 10/4/2012 10:29:31 AM
{ "createdDate" : ISODate("2012-10-04T03:29:31.47Z") } - { "count" : 1.0 } - 1 - 10/4/2012 10:29:31 AM
{ "createdDate" : ISODate("2012-10-04T03:29:31.549Z") } - { "count" : 1.0 } - 1 - 10/4/2012 10:29:31 AM
{ "createdDate" : ISODate("2012-10-04T03:29:31.642Z") } - { "count" : 1.0 } - 1 - 10/4/2012 10:29:31 AM
{ "createdDate" : ISODate("2012-10-04T03:29:31.689Z") } - { "count" : 1.0 } - 1 - 10/4/2012 10:29:31 AM
{ "createdDate" : ISODate("2012-10-04T03:29:31.767Z") } - { "count" : 1.0 } - 1 - 10/4/2012 10:29:31 AM
{ "createdDate" : ISODate("2012-10-04T03:29:31.83Z") } - { "count" : 1.0 } - 1 - 10/4/2012 10:29:31 AM
{ "createdDate" : ISODate("2012-10-04T03:29:34.674Z") } - { "count" : 1.0 } - 1 - 10/4/2012 10:29:34 AM
{ "createdDate" : ISODate("2012-10-04T03:29:34.845Z") } - { "count" : 1.0 } - 1 - 10/4/2012 10:29:34 AM
{ "createdDate" : ISODate("2012-10-04T03:29:35.08Z") } - { "count" : 1.0 } - 1 - 10/4/2012 10:29:35 AM
{ "createdDate" : ISODate("2012-10-04T03:29:35.267Z") } - { "count" : 1.0 } - 1 - 10/4/2012 10:29:35 AM
{ "createdDate" : ISODate("2012-10-04T03:29:35.314Z") } - { "count" : 1.0 } - 1 - 10/4/2012 10:29:35 AM
{ "createdDate" : ISODate("2012-10-04T03:29:35.517Z") } - { "count" : 1.0 } - 1 - 10/4/2012 10:29:35 AM
{ "createdDate" : ISODate("2012-10-04T03:29:35.736Z") } - { "count" : 1.0 } - 1 - 10/4/2012 10:29:35 AM
{ "createdDate" : ISODate("2012-10-04T03:29:35.783Z") } - { "count" : 1.0 } - 1 - 10/4/2012 10:29:35 AM
{ "createdDate" : ISODate("2012-10-04T03:29:35.955Z") } - { "count" : 1.0 } - 1 - 10/4/2012 10:29:35 AM
{ "createdDate" : ISODate("2012-10-04T03:29:36.002Z") } - { "count" : 1.0 } - 1 - 10/4/2012 10:29:36 AM
{ "createdDate" : ISODate("2012-10-04T03:29:36.049Z") } - { "count" : 1.0 } - 1 - 10/4/2012 10:29:36 AM
{ "createdDate" : ISODate("2012-10-04T03:29:39.095Z") } - { "count" : 1.0 } - 1 - 10/4/2012 10:29:39 AM
{ "createdDate" : ISODate("2012-10-04T03:29:39.283Z") } - { "count" : 1.0 } - 1 - 10/4/2012 10:29:39 AM
{ "createdDate" : ISODate("2012-10-04T03:29:39.33Z") } - { "count" : 1.0 } - 1 - 10/4/2012 10:29:39 AM
{ "createdDate" : ISODate("2012-10-04T03:29:39.564Z") } - { "count" : 1.0 } - 1 - 10/4/2012 10:29:39 AM
{ "createdDate" : ISODate("2012-10-04T03:29:39.658Z") } - { "count" : 1.0 } - 1 - 10/4/2012 10:29:39 AM
{ "createdDate" : ISODate("2012-10-04T03:29:39.877Z") } - { "count" : 1.0 } - 1 - 10/4/2012 10:29:39 AM
{ "createdDate" : ISODate("2012-10-04T03:29:39.986Z") } - { "count" : 1.0 } - 1 - 10/4/2012 10:29:39 AM
{ "createdDate" : ISODate("2012-10-04T03:29:40.08Z") } - { "count" : 1.0 } - 1 - 10/4/2012 10:29:40 AM
{ "createdDate" : ISODate("2012-10-04T03:29:40.22Z") } - { "count" : 1.0 } - 1 - 10/4/2012 10:29:40 AM
{ "createdDate" : ISODate("2012-10-04T03:29:40.314Z") } - { "count" : 1.0 } - 1 - 10/4/2012 10:29:40 AM
{ "createdDate" : ISODate("2012-10-04T03:29:40.533Z") } - { "count" : 1.0 } - 1 - 10/4/2012 10:29:40 AM
{ "createdDate" : ISODate("2012-10-04T03:29:42.08Z") } - { "count" : 1.0 } - 1 - 10/4/2012 10:29:42 AM
{ "createdDate" : ISODate("2012-10-04T03:29:42.127Z") } - { "count" : 1.0 } - 1 - 10/4/2012 10:29:42 AM
{ "createdDate" : ISODate("2012-10-04T03:29:42.252Z") } - { "count" : 1.0 } - 1 - 10/4/2012 10:29:42 AM
{ "createdDate" : ISODate("2012-10-04T03:29:42.33Z") } - { "count" : 1.0 } - 1 - 10/4/2012 10:29:42 AM
{ "createdDate" : ISODate("2012-10-04T03:29:42.377Z") } - { "count" : 1.0 } - 1 - 10/4/2012 10:29:42 AM
{ "createdDate" : ISODate("2012-10-04T03:29:42.455Z") } - { "count" : 1.0 } - 1 - 10/4/2012 10:29:42 AM
{ "createdDate" : ISODate("2012-10-04T03:29:42.517Z") } - { "count" : 1.0 } - 1 - 10/4/2012 10:29:42 AM
{ "createdDate" : ISODate("2012-10-04T03:29:42.58Z") } - { "count" : 1.0 } - 1 - 10/4/2012 10:29:42 AM
{ "createdDate" : ISODate("2012-10-04T03:29:42.642Z") } - { "count" : 1.0 } - 1 - 10/4/2012 10:29:42 AM
{ "createdDate" : ISODate("2012-10-04T03:29:42.705Z") } - { "count" : 1.0 } - 1 - 10/4/2012 10:29:42 AM
{ "createdDate" : ISODate("2012-10-04T03:29:42.767Z") } - { "count" : 1.0 } - 1 - 10/4/2012 10:29:42 AM
{ "createdDate" : ISODate("2012-10-04T03:29:47.627Z") } - { "count" : 1.0 } - 1 - 10/4/2012 10:29:47 AM
{ "createdDate" : ISODate("2012-10-04T03:29:47.705Z") } - { "count" : 1.0 } - 1 - 10/4/2012 10:29:47 AM
{ "createdDate" : ISODate("2012-10-04T03:29:47.752Z") } - { "count" : 1.0 } - 1 - 10/4/2012 10:29:47 AM
{ "createdDate" : ISODate("2012-10-04T03:29:47.799Z") } - { "count" : 1.0 } - 1 - 10/4/2012 10:29:47 AM
{ "createdDate" : ISODate("2012-10-04T03:29:47.861Z") } - { "count" : 1.0 } - 1 - 10/4/2012 10:29:47 AM
{ "createdDate" : ISODate("2012-10-04T03:29:47.908Z") } - { "count" : 1.0 } - 1 - 10/4/2012 10:29:47 AM
{ "createdDate" : ISODate("2012-10-04T03:29:47.955Z") } - { "count" : 1.0 } - 1 - 10/4/2012 10:29:47 AM
{ "createdDate" : ISODate("2012-10-04T03:29:48.002Z") } - { "count" : 1.0 } - 1 - 10/4/2012 10:29:48 AM
{ "createdDate" : ISODate("2012-10-04T03:29:48.111Z") } - { "count" : 1.0 } - 1 - 10/4/2012 10:29:48 AM
{ "createdDate" : ISODate("2012-10-04T03:29:48.205Z") } - { "count" : 1.0 } - 1 - 10/4/2012 10:29:48 AM
{ "createdDate" : ISODate("2012-10-04T03:29:48.252Z") } - { "count" : 1.0 } - 1 - 10/4/2012 10:29:48 AM
{ "createdDate" : ISODate("2012-10-04T03:29:50.345Z") } - { "count" : 1.0 } - 1 - 10/4/2012 10:29:50 AM
{ "createdDate" : ISODate("2012-10-04T03:29:50.47Z") } - { "count" : 1.0 } - 1 - 10/4/2012 10:29:50 AM
{ "createdDate" : ISODate("2012-10-04T03:29:50.595Z") } - { "count" : 1.0 } - 1 - 10/4/2012 10:29:50 AM
{ "createdDate" : ISODate("2012-10-04T03:29:50.814Z") } - { "count" : 1.0 } - 1 - 10/4/2012 10:29:50 AM
{ "createdDate" : ISODate("2012-10-04T03:29:51.064Z") } - { "count" : 1.0 } - 1 - 10/4/2012 10:29:51 AM
{ "createdDate" : ISODate("2012-10-04T03:29:51.127Z") } - { "count" : 1.0 } - 1 - 10/4/2012 10:29:51 AM
{ "createdDate" : ISODate("2012-10-04T03:29:51.174Z") } - { "count" : 1.0 } - 1 - 10/4/2012 10:29:51 AM
{ "createdDate" : ISODate("2012-10-04T03:29:51.236Z") } - { "count" : 1.0 } - 1 - 10/4/2012 10:29:51 AM
{ "createdDate" : ISODate("2012-10-04T03:29:51.283Z") } - { "count" : 1.0 } - 1 - 10/4/2012 10:29:51 AM
{ "createdDate" : ISODate("2012-10-04T03:29:51.33Z") } - { "count" : 1.0 } - 1 - 10/4/2012 10:29:51 AM
{ "createdDate" : ISODate("2012-10-04T03:29:51.47Z") } - { "count" : 1.0 } - 1 - 10/4/2012 10:29:51 AM
{ "createdDate" : ISODate("2012-10-04T03:29:55.314Z") } - { "count" : 1.0 } - 1 - 10/4/2012 10:29:55 AM
{ "createdDate" : ISODate("2012-10-04T03:29:55.533Z") } - { "count" : 1.0 } - 1 - 10/4/2012 10:29:55 AM
{ "createdDate" : ISODate("2012-10-04T03:29:55.767Z") } - { "count" : 1.0 } - 1 - 10/4/2012 10:29:55 AM
{ "createdDate" : ISODate("2012-10-04T03:29:55.892Z") } - { "count" : 1.0 } - 1 - 10/4/2012 10:29:55 AM
{ "createdDate" : ISODate("2012-10-04T03:29:55.986Z") } - { "count" : 1.0 } - 1 - 10/4/2012 10:29:55 AM
{ "createdDate" : ISODate("2012-10-04T03:29:56.189Z") } - { "count" : 1.0 } - 1 - 10/4/2012 10:29:56 AM
{ "createdDate" : ISODate("2012-10-04T03:29:56.424Z") } - { "count" : 1.0 } - 1 - 10/4/2012 10:29:56 AM
{ "createdDate" : ISODate("2012-10-04T03:29:56.47Z") } - { "count" : 1.0 } - 1 - 10/4/2012 10:29:56 AM
{ "createdDate" : ISODate("2012-10-04T03:29:56.533Z") } - { "count" : 1.0 } - 1 - 10/4/2012 10:29:56 AM
{ "createdDate" : ISODate("2012-10-04T03:29:56.595Z") } - { "count" : 1.0 } - 1 - 10/4/2012 10:29:56 AM
{ "createdDate" : ISODate("2012-10-04T03:29:56.642Z") } - { "count" : 1.0 } - 1 - 10/4/2012 10:29:56 AM
{ "createdDate" : ISODate("2012-10-04T03:29:59.377Z") } - { "count" : 1.0 } - 1 - 10/4/2012 10:29:59 AM
{ "createdDate" : ISODate("2012-10-04T03:29:59.424Z") } - { "count" : 1.0 } - 1 - 10/4/2012 10:29:59 AM
{ "createdDate" : ISODate("2012-10-04T03:29:59.47Z") } - { "count" : 1.0 } - 1 - 10/4/2012 10:29:59 AM
{ "createdDate" : ISODate("2012-10-04T03:29:59.517Z") } - { "count" : 1.0 } - 1 - 10/4/2012 10:29:59 AM
{ "createdDate" : ISODate("2012-10-04T03:29:59.564Z") } - { "count" : 1.0 } - 1 - 10/4/2012 10:29:59 AM
{ "createdDate" : ISODate("2012-10-04T03:29:59.611Z") } - { "count" : 1.0 } - 1 - 10/4/2012 10:29:59 AM
{ "createdDate" : ISODate("2012-10-04T03:29:59.658Z") } - { "count" : 1.0 } - 1 - 10/4/2012 10:29:59 AM
{ "createdDate" : ISODate("2012-10-04T03:29:59.705Z") } - { "count" : 1.0 } - 1 - 10/4/2012 10:29:59 AM
{ "createdDate" : ISODate("2012-10-04T03:29:59.767Z") } - { "count" : 1.0 } - 1 - 10/4/2012 10:29:59 AM
{ "createdDate" : ISODate("2012-10-04T03:29:59.814Z") } - { "count" : 1.0 } - 1 - 10/4/2012 10:29:59 AM
{ "createdDate" : ISODate("2012-10-04T03:29:59.861Z") } - { "count" : 1.0 } - 1 - 10/4/2012 10:29:59 AM
{ "createdDate" : ISODate("2012-10-04T03:30:04.236Z") } - { "count" : 1.0 } - 1 - 10/4/2012 10:30:04 AM
{ "createdDate" : ISODate("2012-10-04T03:30:04.299Z") } - { "count" : 1.0 } - 1 - 10/4/2012 10:30:04 AM
{ "createdDate" : ISODate("2012-10-04T03:30:04.345Z") } - { "count" : 1.0 } - 1 - 10/4/2012 10:30:04 AM
{ "createdDate" : ISODate("2012-10-04T03:30:04.549Z") } - { "count" : 1.0 } - 1 - 10/4/2012 10:30:04 AM
{ "createdDate" : ISODate("2012-10-04T03:30:04.611Z") } - { "count" : 1.0 } - 1 - 10/4/2012 10:30:04 AM
{ "createdDate" : ISODate("2012-10-04T03:30:04.658Z") } - { "count" : 1.0 } - 1 - 10/4/2012 10:30:04 AM
{ "createdDate" : ISODate("2012-10-04T03:30:04.892Z") } - { "count" : 1.0 } - 1 - 10/4/2012 10:30:04 AM
{ "createdDate" : ISODate("2012-10-04T03:30:05.08Z") } - { "count" : 1.0 } - 1 - 10/4/2012 10:30:05 AM
{ "createdDate" : ISODate("2012-10-04T03:30:05.314Z") } - { "count" : 1.0 } - 1 - 10/4/2012 10:30:05 AM
{ "createdDate" : ISODate("2012-10-04T03:30:05.549Z") } - { "count" : 1.0 } - 1 - 10/4/2012 10:30:05 AM
{ "createdDate" : ISODate("2012-10-04T03:30:05.752Z") } - { "count" : 1.0 } - 1 - 10/4/2012 10:30:05 AM
{ "createdDate" : ISODate("2012-10-04T03:30:07.814Z") } - { "count" : 1.0 } - 1 - 10/4/2012 10:30:07 AM
{ "createdDate" : ISODate("2012-10-04T03:30:07.861Z") } - { "count" : 1.0 } - 1 - 10/4/2012 10:30:07 AM
{ "createdDate" : ISODate("2012-10-04T03:30:07.908Z") } - { "count" : 1.0 } - 1 - 10/4/2012 10:30:07 AM
{ "createdDate" : ISODate("2012-10-04T03:30:07.955Z") } - { "count" : 1.0 } - 1 - 10/4/2012 10:30:07 AM
{ "createdDate" : ISODate("2012-10-04T03:30:08.002Z") } - { "count" : 1.0 } - 1 - 10/4/2012 10:30:08 AM
{ "createdDate" : ISODate("2012-10-04T03:30:08.049Z") } - { "count" : 1.0 } - 1 - 10/4/2012 10:30:08 AM
{ "createdDate" : ISODate("2012-10-04T03:30:08.095Z") } - { "count" : 1.0 } - 1 - 10/4/2012 10:30:08 AM
{ "createdDate" : ISODate("2012-10-04T03:30:08.142Z") } - { "count" : 1.0 } - 1 - 10/4/2012 10:30:08 AM
{ "createdDate" : ISODate("2012-10-04T03:30:08.205Z") } - { "count" : 1.0 } - 1 - 10/4/2012 10:30:08 AM
{ "createdDate" : ISODate("2012-10-04T03:30:08.252Z") } - { "count" : 1.0 } - 1 - 10/4/2012 10:30:08 AM
{ "createdDate" : ISODate("2012-10-04T03:30:08.299Z") } - { "count" : 1.0 } - 1 - 10/4/2012 10:30:08 AM
{ "createdDate" : ISODate("2012-10-04T03:30:11.424Z") } - { "count" : 1.0 } - 1 - 10/4/2012 10:30:11 AM
{ "createdDate" : ISODate("2012-10-04T03:30:11.486Z") } - { "count" : 1.0 } - 1 - 10/4/2012 10:30:11 AM
{ "createdDate" : ISODate("2012-10-04T03:30:11.533Z") } - { "count" : 1.0 } - 1 - 10/4/2012 10:30:11 AM
{ "createdDate" : ISODate("2012-10-04T03:30:11.58Z") } - { "count" : 1.0 } - 1 - 10/4/2012 10:30:11 AM
{ "createdDate" : ISODate("2012-10-04T03:30:11.627Z") } - { "count" : 1.0 } - 1 - 10/4/2012 10:30:11 AM
{ "createdDate" : ISODate("2012-10-04T03:30:11.674Z") } - { "count" : 1.0 } - 1 - 10/4/2012 10:30:11 AM
{ "createdDate" : ISODate("2012-10-04T03:30:11.72Z") } - { "count" : 1.0 } - 1 - 10/4/2012 10:30:11 AM
{ "createdDate" : ISODate("2012-10-04T03:30:11.767Z") } - { "count" : 1.0 } - 1 - 10/4/2012 10:30:11 AM
{ "createdDate" : ISODate("2012-10-04T03:30:11.814Z") } - { "count" : 1.0 } - 1 - 10/4/2012 10:30:11 AM
{ "createdDate" : ISODate("2012-10-04T03:30:11.877Z") } - { "count" : 1.0 } - 1 - 10/4/2012 10:30:11 AM
{ "createdDate" : ISODate("2012-10-04T03:30:11.924Z") } - { "count" : 1.0 } - 1 - 10/4/2012 10:30:11 AM
{ "createdDate" : ISODate("2012-10-04T03:30:14.267Z") } - { "count" : 1.0 } - 1 - 10/4/2012 10:30:14 AM
{ "createdDate" : ISODate("2012-10-04T03:30:14.33Z") } - { "count" : 1.0 } - 1 - 10/4/2012 10:30:14 AM
{ "createdDate" : ISODate("2012-10-04T03:30:14.377Z") } - { "count" : 1.0 } - 1 - 10/4/2012 10:30:14 AM
{ "createdDate" : ISODate("2012-10-04T03:30:14.424Z") } - { "count" : 1.0 } - 1 - 10/4/2012 10:30:14 AM
{ "createdDate" : ISODate("2012-10-04T03:30:14.47Z") } - { "count" : 1.0 } - 1 - 10/4/2012 10:30:14 AM
{ "createdDate" : ISODate("2012-10-04T03:30:14.517Z") } - { "count" : 1.0 } - 1 - 10/4/2012 10:30:14 AM
{ "createdDate" : ISODate("2012-10-04T03:30:14.564Z") } - { "count" : 1.0 } - 1 - 10/4/2012 10:30:14 AM
{ "createdDate" : ISODate("2012-10-04T03:30:14.627Z") } - { "count" : 1.0 } - 1 - 10/4/2012 10:30:14 AM
{ "createdDate" : ISODate("2012-10-04T03:30:14.674Z") } - { "count" : 1.0 } - 1 - 10/4/2012 10:30:14 AM
{ "createdDate" : ISODate("2012-10-04T03:30:14.736Z") } - { "count" : 1.0 } - 1 - 10/4/2012 10:30:14 AM
{ "createdDate" : ISODate("2012-10-04T03:30:14.783Z") } - { "count" : 1.0 } - 1 - 10/4/2012 10:30:14 AM
{ "createdDate" : ISODate("2012-10-04T03:32:31.767Z") } - { "count" : 1.0 } - 1 - 10/4/2012 10:32:31 AM
{ "createdDate" : ISODate("2012-10-04T03:32:31.83Z") } - { "count" : 1.0 } - 1 - 10/4/2012 10:32:31 AM
{ "createdDate" : ISODate("2012-10-04T03:32:31.892Z") } - { "count" : 1.0 } - 1 - 10/4/2012 10:32:31 AM
{ "createdDate" : ISODate("2012-10-04T03:32:31.939Z") } - { "count" : 1.0 } - 1 - 10/4/2012 10:32:31 AM
{ "createdDate" : ISODate("2012-10-04T03:32:31.986Z") } - { "count" : 1.0 } - 1 - 10/4/2012 10:32:31 AM
{ "createdDate" : ISODate("2012-10-04T03:32:32.033Z") } - { "count" : 1.0 } - 1 - 10/4/2012 10:32:32 AM
{ "createdDate" : ISODate("2012-10-04T03:32:32.095Z") } - { "count" : 1.0 } - 1 - 10/4/2012 10:32:32 AM
{ "createdDate" : ISODate("2012-10-04T03:32:32.142Z") } - { "count" : 1.0 } - 1 - 10/4/2012 10:32:32 AM
{ "createdDate" : ISODate("2012-10-04T03:32:32.189Z") } - { "count" : 1.0 } - 1 - 10/4/2012 10:32:32 AM
{ "createdDate" : ISODate("2012-10-04T03:32:32.236Z") } - { "count" : 1.0 } - 1 - 10/4/2012 10:32:32 AM
{ "createdDate" : ISODate("2012-10-04T03:32:32.283Z") } - { "count" : 1.0 } - 1 - 10/4/2012 10:32:32 AM
{ "createdDate" : ISODate("2012-10-04T03:33:07.595Z") } - { "count" : 1.0 } - 1 - 10/4/2012 10:33:07 AM
{ "createdDate" : ISODate("2012-10-04T03:33:07.642Z") } - { "count" : 1.0 } - 1 - 10/4/2012 10:33:07 AM
{ "createdDate" : ISODate("2012-10-04T03:33:07.689Z") } - { "count" : 1.0 } - 1 - 10/4/2012 10:33:07 AM
{ "createdDate" : ISODate("2012-10-04T03:33:07.752Z") } - { "count" : 1.0 } - 1 - 10/4/2012 10:33:07 AM
{ "createdDate" : ISODate("2012-10-04T03:33:07.83Z") } - { "count" : 1.0 } - 1 - 10/4/2012 10:33:07 AM
{ "createdDate" : ISODate("2012-10-04T03:33:07.892Z") } - { "count" : 1.0 } - 1 - 10/4/2012 10:33:07 AM
{ "createdDate" : ISODate("2012-10-04T03:33:07.939Z") } - { "count" : 1.0 } - 1 - 10/4/2012 10:33:07 AM
{ "createdDate" : ISODate("2012-10-04T03:33:07.986Z") } - { "count" : 1.0 } - 1 - 10/4/2012 10:33:07 AM
{ "createdDate" : ISODate("2012-10-04T03:33:08.033Z") } - { "count" : 1.0 } - 1 - 10/4/2012 10:33:08 AM
{ "createdDate" : ISODate("2012-10-04T03:33:08.095Z") } - { "count" : 1.0 } - 1 - 10/4/2012 10:33:08 AM
{ "createdDate" : ISODate("2012-10-04T03:33:08.142Z") } - { "count" : 1.0 } - 1 - 10/4/2012 10:33:08 AM
{ "createdDate" : ISODate("2012-10-04T03:33:11.611Z") } - { "count" : 1.0 } - 1 - 10/4/2012 10:33:11 AM
{ "createdDate" : ISODate("2012-10-04T03:33:11.689Z") } - { "count" : 1.0 } - 1 - 10/4/2012 10:33:11 AM
{ "createdDate" : ISODate("2012-10-04T03:33:11.736Z") } - { "count" : 1.0 } - 1 - 10/4/2012 10:33:11 AM
{ "createdDate" : ISODate("2012-10-04T03:33:11.783Z") } - { "count" : 1.0 } - 1 - 10/4/2012 10:33:11 AM
{ "createdDate" : ISODate("2012-10-04T03:33:11.845Z") } - { "count" : 1.0 } - 1 - 10/4/2012 10:33:11 AM
{ "createdDate" : ISODate("2012-10-04T03:33:11.892Z") } - { "count" : 1.0 } - 1 - 10/4/2012 10:33:11 AM
{ "createdDate" : ISODate("2012-10-04T03:33:11.939Z") } - { "count" : 1.0 } - 1 - 10/4/2012 10:33:11 AM
{ "createdDate" : ISODate("2012-10-04T03:33:11.986Z") } - { "count" : 1.0 } - 1 - 10/4/2012 10:33:11 AM
{ "createdDate" : ISODate("2012-10-04T03:33:12.033Z") } - { "count" : 1.0 } - 1 - 10/4/2012 10:33:12 AM
{ "createdDate" : ISODate("2012-10-04T03:33:12.08Z") } - { "count" : 1.0 } - 1 - 10/4/2012 10:33:12 AM
{ "createdDate" : ISODate("2012-10-04T03:33:12.142Z") } - { "count" : 1.0 } - 1 - 10/4/2012 10:33:12 AM
{ "createdDate" : ISODate("2012-10-04T03:33:17.705Z") } - { "count" : 1.0 } - 1 - 10/4/2012 10:33:17 AM
{ "createdDate" : ISODate("2012-10-04T03:33:17.783Z") } - { "count" : 1.0 } - 1 - 10/4/2012 10:33:17 AM
{ "createdDate" : ISODate("2012-10-04T03:33:17.845Z") } - { "count" : 1.0 } - 1 - 10/4/2012 10:33:17 AM
{ "createdDate" : ISODate("2012-10-04T03:33:17.908Z") } - { "count" : 1.0 } - 1 - 10/4/2012 10:33:17 AM
{ "createdDate" : ISODate("2012-10-04T03:33:17.97Z") } - { "count" : 1.0 } - 1 - 10/4/2012 10:33:17 AM
{ "createdDate" : ISODate("2012-10-04T03:33:18.033Z") } - { "count" : 1.0 } - 1 - 10/4/2012 10:33:18 AM
{ "createdDate" : ISODate("2012-10-04T03:33:18.08Z") } - { "count" : 1.0 } - 1 - 10/4/2012 10:33:18 AM
{ "createdDate" : ISODate("2012-10-04T03:33:18.142Z") } - { "count" : 1.0 } - 1 - 10/4/2012 10:33:18 AM
{ "createdDate" : ISODate("2012-10-04T03:33:18.205Z") } - { "count" : 1.0 } - 1 - 10/4/2012 10:33:18 AM
{ "createdDate" : ISODate("2012-10-04T03:33:18.252Z") } - { "count" : 1.0 } - 1 - 10/4/2012 10:33:18 AM
{ "createdDate" : ISODate("2012-10-04T03:33:18.299Z") } - { "count" : 1.0 } - 1 - 10/4/2012 10:33:18 AM
{ "createdDate" : ISODate("2012-10-04T03:33:19.658Z") } - { "count" : 1.0 } - 1 - 10/4/2012 10:33:19 AM
{ "createdDate" : ISODate("2012-10-04T03:33:19.877Z") } - { "count" : 1.0 } - 1 - 10/4/2012 10:33:19 AM
{ "createdDate" : ISODate("2012-10-04T03:33:20.095Z") } - { "count" : 1.0 } - 1 - 10/4/2012 10:33:20 AM
{ "createdDate" : ISODate("2012-10-04T03:33:20.299Z") } - { "count" : 1.0 } - 1 - 10/4/2012 10:33:20 AM
{ "createdDate" : ISODate("2012-10-04T03:33:20.345Z") } - { "count" : 1.0 } - 1 - 10/4/2012 10:33:20 AM
{ "createdDate" : ISODate("2012-10-04T03:33:20.564Z") } - { "count" : 1.0 } - 1 - 10/4/2012 10:33:20 AM
{ "createdDate" : ISODate("2012-10-04T03:33:20.752Z") } - { "count" : 1.0 } - 1 - 10/4/2012 10:33:20 AM
{ "createdDate" : ISODate("2012-10-04T03:33:20.799Z") } - { "count" : 1.0 } - 1 - 10/4/2012 10:33:20 AM
{ "createdDate" : ISODate("2012-10-04T03:33:20.986Z") } - { "count" : 1.0 } - 1 - 10/4/2012 10:33:20 AM
{ "createdDate" : ISODate("2012-10-04T03:33:21.033Z") } - { "count" : 1.0 } - 1 - 10/4/2012 10:33:21 AM
{ "createdDate" : ISODate("2012-10-04T03:33:21.08Z") } - { "count" : 1.0 } - 1 - 10/4/2012 10:33:21 AM
{ "createdDate" : ISODate("2012-10-04T03:33:23.627Z") } - { "count" : 1.0 } - 1 - 10/4/2012 10:33:23 AM
{ "createdDate" : ISODate("2012-10-04T03:33:23.674Z") } - { "count" : 1.0 } - 1 - 10/4/2012 10:33:23 AM
{ "createdDate" : ISODate("2012-10-04T03:33:23.736Z") } - { "count" : 1.0 } - 1 - 10/4/2012 10:33:23 AM
{ "createdDate" : ISODate("2012-10-04T03:33:23.814Z") } - { "count" : 1.0 } - 1 - 10/4/2012 10:33:23 AM
{ "createdDate" : ISODate("2012-10-04T03:33:23.892Z") } - { "count" : 1.0 } - 1 - 10/4/2012 10:33:23 AM
{ "createdDate" : ISODate("2012-10-04T03:33:23.955Z") } - { "count" : 1.0 } - 1 - 10/4/2012 10:33:23 AM
{ "createdDate" : ISODate("2012-10-04T03:33:24.002Z") } - { "count" : 1.0 } - 1 - 10/4/2012 10:33:24 AM
{ "createdDate" : ISODate("2012-10-04T03:33:24.049Z") } - { "count" : 1.0 } - 1 - 10/4/2012 10:33:24 AM
{ "createdDate" : ISODate("2012-10-04T03:33:24.095Z") } - { "count" : 1.0 } - 1 - 10/4/2012 10:33:24 AM
{ "createdDate" : ISODate("2012-10-04T03:33:24.299Z") } - { "count" : 1.0 } - 1 - 10/4/2012 10:33:24 AM
{ "createdDate" : ISODate("2012-10-04T03:33:24.345Z") } - { "count" : 1.0 } - 1 - 10/4/2012 10:33:24 AM
{ "createdDate" : ISODate("2012-10-04T03:33:27.642Z") } - { "count" : 1.0 } - 1 - 10/4/2012 10:33:27 AM
{ "createdDate" : ISODate("2012-10-04T03:33:27.689Z") } - { "count" : 1.0 } - 1 - 10/4/2012 10:33:27 AM
{ "createdDate" : ISODate("2012-10-04T03:33:27.736Z") } - { "count" : 1.0 } - 1 - 10/4/2012 10:33:27 AM
{ "createdDate" : ISODate("2012-10-04T03:33:27.799Z") } - { "count" : 1.0 } - 1 - 10/4/2012 10:33:27 AM
{ "createdDate" : ISODate("2012-10-04T03:33:27.939Z") } - { "count" : 1.0 } - 1 - 10/4/2012 10:33:27 AM
{ "createdDate" : ISODate("2012-10-04T03:33:28.017Z") } - { "count" : 1.0 } - 1 - 10/4/2012 10:33:28 AM
{ "createdDate" : ISODate("2012-10-04T03:33:28.064Z") } - { "count" : 1.0 } - 1 - 10/4/2012 10:33:28 AM
{ "createdDate" : ISODate("2012-10-04T03:33:28.111Z") } - { "count" : 1.0 } - 1 - 10/4/2012 10:33:28 AM
{ "createdDate" : ISODate("2012-10-04T03:33:28.158Z") } - { "count" : 1.0 } - 1 - 10/4/2012 10:33:28 AM
{ "createdDate" : ISODate("2012-10-04T03:33:28.205Z") } - { "count" : 1.0 } - 1 - 10/4/2012 10:33:28 AM
{ "createdDate" : ISODate("2012-10-04T03:33:28.252Z") } - { "count" : 1.0 } - 1 - 10/4/2012 10:33:28 AM
{ "createdDate" : ISODate("2012-10-04T03:33:31.642Z") } - { "count" : 1.0 } - 1 - 10/4/2012 10:33:31 AM
{ "createdDate" : ISODate("2012-10-04T03:33:31.705Z") } - { "count" : 1.0 } - 1 - 10/4/2012 10:33:31 AM
{ "createdDate" : ISODate("2012-10-04T03:33:31.767Z") } - { "count" : 1.0 } - 1 - 10/4/2012 10:33:31 AM
{ "createdDate" : ISODate("2012-10-04T03:33:31.908Z") } - { "count" : 1.0 } - 1 - 10/4/2012 10:33:31 AM
{ "createdDate" : ISODate("2012-10-04T03:33:31.986Z") } - { "count" : 1.0 } - 1 - 10/4/2012 10:33:31 AM
{ "createdDate" : ISODate("2012-10-04T03:33:32.033Z") } - { "count" : 1.0 } - 1 - 10/4/2012 10:33:32 AM
{ "createdDate" : ISODate("2012-10-04T03:33:32.08Z") } - { "count" : 1.0 } - 1 - 10/4/2012 10:33:32 AM
{ "createdDate" : ISODate("2012-10-04T03:33:32.127Z") } - { "count" : 1.0 } - 1 - 10/4/2012 10:33:32 AM
{ "createdDate" : ISODate("2012-10-04T03:33:32.174Z") } - { "count" : 1.0 } - 1 - 10/4/2012 10:33:32 AM
{ "createdDate" : ISODate("2012-10-04T03:33:32.236Z") } - { "count" : 1.0 } - 1 - 10/4/2012 10:33:32 AM
{ "createdDate" : ISODate("2012-10-04T03:33:32.283Z") } - { "count" : 1.0 } - 1 - 10/4/2012 10:33:32 AM
{ "createdDate" : ISODate("2012-10-04T03:33:36.736Z") } - { "count" : 1.0 } - 1 - 10/4/2012 10:33:36 AM
{ "createdDate" : ISODate("2012-10-04T03:33:36.799Z") } - { "count" : 1.0 } - 1 - 10/4/2012 10:33:36 AM
{ "createdDate" : ISODate("2012-10-04T03:33:36.845Z") } - { "count" : 1.0 } - 1 - 10/4/2012 10:33:36 AM
{ "createdDate" : ISODate("2012-10-04T03:33:36.892Z") } - { "count" : 1.0 } - 1 - 10/4/2012 10:33:36 AM
{ "createdDate" : ISODate("2012-10-04T03:33:36.939Z") } - { "count" : 1.0 } - 1 - 10/4/2012 10:33:36 AM
{ "createdDate" : ISODate("2012-10-04T03:33:36.986Z") } - { "count" : 1.0 } - 1 - 10/4/2012 10:33:36 AM
{ "createdDate" : ISODate("2012-10-04T03:33:37.049Z") } - { "count" : 1.0 } - 1 - 10/4/2012 10:33:37 AM
{ "createdDate" : ISODate("2012-10-04T03:33:37.095Z") } - { "count" : 1.0 } - 1 - 10/4/2012 10:33:37 AM
{ "createdDate" : ISODate("2012-10-04T03:33:37.142Z") } - { "count" : 1.0 } - 1 - 10/4/2012 10:33:37 AM
{ "createdDate" : ISODate("2012-10-04T03:33:37.189Z") } - { "count" : 1.0 } - 1 - 10/4/2012 10:33:37 AM
{ "createdDate" : ISODate("2012-10-04T03:33:37.236Z") } - { "count" : 1.0 } - 1 - 10/4/2012 10:33:37 AM
{ "createdDate" : ISODate("2012-10-04T03:33:39.642Z") } - { "count" : 1.0 } - 1 - 10/4/2012 10:33:39 AM
{ "createdDate" : ISODate("2012-10-04T03:33:39.689Z") } - { "count" : 1.0 } - 1 - 10/4/2012 10:33:39 AM
{ "createdDate" : ISODate("2012-10-04T03:33:39.752Z") } - { "count" : 1.0 } - 1 - 10/4/2012 10:33:39 AM
{ "createdDate" : ISODate("2012-10-04T03:33:39.799Z") } - { "count" : 1.0 } - 1 - 10/4/2012 10:33:39 AM
{ "createdDate" : ISODate("2012-10-04T03:33:39.845Z") } - { "count" : 1.0 } - 1 - 10/4/2012 10:33:39 AM
{ "createdDate" : ISODate("2012-10-04T03:33:39.97Z") } - { "count" : 1.0 } - 1 - 10/4/2012 10:33:39 AM
{ "createdDate" : ISODate("2012-10-04T03:33:40.033Z") } - { "count" : 1.0 } - 1 - 10/4/2012 10:33:40 AM
{ "createdDate" : ISODate("2012-10-04T03:33:40.08Z") } - { "count" : 1.0 } - 1 - 10/4/2012 10:33:40 AM
{ "createdDate" : ISODate("2012-10-04T03:33:40.127Z") } - { "count" : 1.0 } - 1 - 10/4/2012 10:33:40 AM
{ "createdDate" : ISODate("2012-10-04T03:33:40.174Z") } - { "count" : 1.0 } - 1 - 10/4/2012 10:33:40 AM
{ "createdDate" : ISODate("2012-10-04T03:33:40.22Z") } - { "count" : 1.0 } - 1 - 10/4/2012 10:33:40 AM
{ "createdDate" : ISODate("2012-10-04T03:33:43.674Z") } - { "count" : 1.0 } - 1 - 10/4/2012 10:33:43 AM
{ "createdDate" : ISODate("2012-10-04T03:33:43.72Z") } - { "count" : 1.0 } - 1 - 10/4/2012 10:33:43 AM
{ "createdDate" : ISODate("2012-10-04T03:33:43.767Z") } - { "count" : 1.0 } - 1 - 10/4/2012 10:33:43 AM
{ "createdDate" : ISODate("2012-10-04T03:33:43.814Z") } - { "count" : 1.0 } - 1 - 10/4/2012 10:33:43 AM
{ "createdDate" : ISODate("2012-10-04T03:33:43.861Z") } - { "count" : 1.0 } - 1 - 10/4/2012 10:33:43 AM
{ "createdDate" : ISODate("2012-10-04T03:33:43.924Z") } - { "count" : 1.0 } - 1 - 10/4/2012 10:33:43 AM
{ "createdDate" : ISODate("2012-10-04T03:33:43.986Z") } - { "count" : 1.0 } - 1 - 10/4/2012 10:33:43 AM
{ "createdDate" : ISODate("2012-10-04T03:33:44.049Z") } - { "count" : 1.0 } - 1 - 10/4/2012 10:33:44 AM
{ "createdDate" : ISODate("2012-10-04T03:33:44.111Z") } - { "count" : 1.0 } - 1 - 10/4/2012 10:33:44 AM
{ "createdDate" : ISODate("2012-10-04T03:33:44.158Z") } - { "count" : 1.0 } - 1 - 10/4/2012 10:33:44 AM
{ "createdDate" : ISODate("2012-10-04T03:33:44.252Z") } - { "count" : 1.0 } - 1 - 10/4/2012 10:33:44 AM
{ "createdDate" : ISODate("2012-10-04T03:33:48.595Z") } - { "count" : 1.0 } - 1 - 10/4/2012 10:33:48 AM
{ "createdDate" : ISODate("2012-10-04T03:33:48.642Z") } - { "count" : 1.0 } - 1 - 10/4/2012 10:33:48 AM
{ "createdDate" : ISODate("2012-10-04T03:33:48.689Z") } - { "count" : 1.0 } - 1 - 10/4/2012 10:33:48 AM
{ "createdDate" : ISODate("2012-10-04T03:33:48.736Z") } - { "count" : 1.0 } - 1 - 10/4/2012 10:33:48 AM
{ "createdDate" : ISODate("2012-10-04T03:33:48.783Z") } - { "count" : 1.0 } - 1 - 10/4/2012 10:33:48 AM
{ "createdDate" : ISODate("2012-10-04T03:33:48.845Z") } - { "count" : 1.0 } - 1 - 10/4/2012 10:33:48 AM
{ "createdDate" : ISODate("2012-10-04T03:33:48.892Z") } - { "count" : 1.0 } - 1 - 10/4/2012 10:33:48 AM
{ "createdDate" : ISODate("2012-10-04T03:33:48.939Z") } - { "count" : 1.0 } - 1 - 10/4/2012 10:33:48 AM
{ "createdDate" : ISODate("2012-10-04T03:33:48.986Z") } - { "count" : 1.0 } - 1 - 10/4/2012 10:33:48 AM
{ "createdDate" : ISODate("2012-10-04T03:33:49.033Z") } - { "count" : 1.0 } - 1 - 10/4/2012 10:33:49 AM
{ "createdDate" : ISODate("2012-10-04T03:33:49.08Z") } - { "count" : 1.0 } - 1 - 10/4/2012 10:33:49 AM
{ "createdDate" : ISODate("2012-10-04T03:33:51.689Z") } - { "count" : 1.0 } - 1 - 10/4/2012 10:33:51 AM
{ "createdDate" : ISODate("2012-10-04T03:33:51.767Z") } - { "count" : 1.0 } - 1 - 10/4/2012 10:33:51 AM
{ "createdDate" : ISODate("2012-10-04T03:33:51.814Z") } - { "count" : 1.0 } - 1 - 10/4/2012 10:33:51 AM
{ "createdDate" : ISODate("2012-10-04T03:33:51.861Z") } - { "count" : 1.0 } - 1 - 10/4/2012 10:33:51 AM
{ "createdDate" : ISODate("2012-10-04T03:33:51.908Z") } - { "count" : 1.0 } - 1 - 10/4/2012 10:33:51 AM
{ "createdDate" : ISODate("2012-10-04T03:33:51.97Z") } - { "count" : 1.0 } - 1 - 10/4/2012 10:33:51 AM
{ "createdDate" : ISODate("2012-10-04T03:33:52.017Z") } - { "count" : 1.0 } - 1 - 10/4/2012 10:33:52 AM
{ "createdDate" : ISODate("2012-10-04T03:33:52.111Z") } - { "count" : 1.0 } - 1 - 10/4/2012 10:33:52 AM
{ "createdDate" : ISODate("2012-10-04T03:33:52.158Z") } - { "count" : 1.0 } - 1 - 10/4/2012 10:33:52 AM
{ "createdDate" : ISODate("2012-10-04T03:33:52.205Z") } - { "count" : 1.0 } - 1 - 10/4/2012 10:33:52 AM
{ "createdDate" : ISODate("2012-10-04T03:33:52.267Z") } - { "count" : 1.0 } - 1 - 10/4/2012 10:33:52 AM
{ "createdDate" : ISODate("2012-10-04T03:33:55.72Z") } - { "count" : 1.0 } - 1 - 10/4/2012 10:33:55 AM
{ "createdDate" : ISODate("2012-10-04T03:33:55.845Z") } - { "count" : 1.0 } - 1 - 10/4/2012 10:33:55 AM
{ "createdDate" : ISODate("2012-10-04T03:33:55.97Z") } - { "count" : 1.0 } - 1 - 10/4/2012 10:33:55 AM
{ "createdDate" : ISODate("2012-10-04T03:33:56.08Z") } - { "count" : 1.0 } - 1 - 10/4/2012 10:33:56 AM
{ "createdDate" : ISODate("2012-10-04T03:33:56.424Z") } - { "count" : 1.0 } - 1 - 10/4/2012 10:33:56 AM
{ "createdDate" : ISODate("2012-10-04T03:33:56.486Z") } - { "count" : 1.0 } - 1 - 10/4/2012 10:33:56 AM
{ "createdDate" : ISODate("2012-10-04T03:33:56.549Z") } - { "count" : 1.0 } - 1 - 10/4/2012 10:33:56 AM
{ "createdDate" : ISODate("2012-10-04T03:33:56.595Z") } - { "count" : 1.0 } - 1 - 10/4/2012 10:33:56 AM
{ "createdDate" : ISODate("2012-10-04T03:33:56.658Z") } - { "count" : 1.0 } - 1 - 10/4/2012 10:33:56 AM
{ "createdDate" : ISODate("2012-10-04T03:33:56.705Z") } - { "count" : 1.0 } - 1 - 10/4/2012 10:33:56 AM
{ "createdDate" : ISODate("2012-10-04T03:33:56.752Z") } - { "count" : 1.0 } - 1 - 10/4/2012 10:33:56 AM
{ "createdDate" : ISODate("2012-10-04T03:33:59.689Z") } - { "count" : 1.0 } - 1 - 10/4/2012 10:33:59 AM
{ "createdDate" : ISODate("2012-10-04T03:33:59.736Z") } - { "count" : 1.0 } - 1 - 10/4/2012 10:33:59 AM
{ "createdDate" : ISODate("2012-10-04T03:33:59.799Z") } - { "count" : 1.0 } - 1 - 10/4/2012 10:33:59 AM
{ "createdDate" : ISODate("2012-10-04T03:33:59.845Z") } - { "count" : 1.0 } - 1 - 10/4/2012 10:33:59 AM
{ "createdDate" : ISODate("2012-10-04T03:33:59.892Z") } - { "count" : 1.0 } - 1 - 10/4/2012 10:33:59 AM
{ "createdDate" : ISODate("2012-10-04T03:33:59.939Z") } - { "count" : 1.0 } - 1 - 10/4/2012 10:33:59 AM
{ "createdDate" : ISODate("2012-10-04T03:33:59.986Z") } - { "count" : 1.0 } - 1 - 10/4/2012 10:33:59 AM
{ "createdDate" : ISODate("2012-10-04T03:34:00.111Z") } - { "count" : 1.0 } - 1 - 10/4/2012 10:34:00 AM
{ "createdDate" : ISODate("2012-10-04T03:34:00.158Z") } - { "count" : 1.0 } - 1 - 10/4/2012 10:34:00 AM
{ "createdDate" : ISODate("2012-10-04T03:34:00.205Z") } - { "count" : 1.0 } - 1 - 10/4/2012 10:34:00 AM
{ "createdDate" : ISODate("2012-10-04T03:34:00.267Z") } - { "count" : 1.0 } - 1 - 10/4/2012 10:34:00 AM
{ "createdDate" : ISODate("2012-10-04T03:34:03.799Z") } - { "count" : 1.0 } - 1 - 10/4/2012 10:34:03 AM
{ "createdDate" : ISODate("2012-10-04T03:34:03.845Z") } - { "count" : 1.0 } - 1 - 10/4/2012 10:34:03 AM
{ "createdDate" : ISODate("2012-10-04T03:34:03.892Z") } - { "count" : 1.0 } - 1 - 10/4/2012 10:34:03 AM
{ "createdDate" : ISODate("2012-10-04T03:34:03.939Z") } - { "count" : 1.0 } - 1 - 10/4/2012 10:34:03 AM
{ "createdDate" : ISODate("2012-10-04T03:34:04.002Z") } - { "count" : 1.0 } - 1 - 10/4/2012 10:34:04 AM
{ "createdDate" : ISODate("2012-10-04T03:34:04.205Z") } - { "count" : 1.0 } - 1 - 10/4/2012 10:34:04 AM
{ "createdDate" : ISODate("2012-10-04T03:34:04.299Z") } - { "count" : 1.0 } - 1 - 10/4/2012 10:34:04 AM
{ "createdDate" : ISODate("2012-10-04T03:34:04.345Z") } - { "count" : 1.0 } - 1 - 10/4/2012 10:34:04 AM
{ "createdDate" : ISODate("2012-10-04T03:34:04.439Z") } - { "count" : 1.0 } - 1 - 10/4/2012 10:34:04 AM
{ "createdDate" : ISODate("2012-10-04T03:34:04.564Z") } - { "count" : 1.0 } - 1 - 10/4/2012 10:34:04 AM
{ "createdDate" : ISODate("2012-10-04T03:34:04.611Z") } - { "count" : 1.0 } - 1 - 10/4/2012 10:34:04 AM
{ "createdDate" : ISODate("2012-10-04T03:34:07.674Z") } - { "count" : 1.0 } - 1 - 10/4/2012 10:34:07 AM
{ "createdDate" : ISODate("2012-10-04T03:34:07.736Z") } - { "count" : 1.0 } - 1 - 10/4/2012 10:34:07 AM
{ "createdDate" : ISODate("2012-10-04T03:34:07.783Z") } - { "count" : 1.0 } - 1 - 10/4/2012 10:34:07 AM
{ "createdDate" : ISODate("2012-10-04T03:34:07.845Z") } - { "count" : 1.0 } - 1 - 10/4/2012 10:34:07 AM
{ "createdDate" : ISODate("2012-10-04T03:34:07.892Z") } - { "count" : 1.0 } - 1 - 10/4/2012 10:34:07 AM
{ "createdDate" : ISODate("2012-10-04T03:34:07.939Z") } - { "count" : 1.0 } - 1 - 10/4/2012 10:34:07 AM
{ "createdDate" : ISODate("2012-10-04T03:34:07.986Z") } - { "count" : 1.0 } - 1 - 10/4/2012 10:34:07 AM
{ "createdDate" : ISODate("2012-10-04T03:34:08.049Z") } - { "count" : 1.0 } - 1 - 10/4/2012 10:34:08 AM
{ "createdDate" : ISODate("2012-10-04T03:34:08.142Z") } - { "count" : 1.0 } - 1 - 10/4/2012 10:34:08 AM
{ "createdDate" : ISODate("2012-10-04T03:34:08.205Z") } - { "count" : 1.0 } - 1 - 10/4/2012 10:34:08 AM
{ "createdDate" : ISODate("2012-10-04T03:34:08.252Z") } - { "count" : 1.0 } - 1 - 10/4/2012 10:34:08 AM
{ "createdDate" : ISODate("2012-10-04T03:34:11.892Z") } - { "count" : 1.0 } - 1 - 10/4/2012 10:34:11 AM
{ "createdDate" : ISODate("2012-10-04T03:34:11.955Z") } - { "count" : 1.0 } - 1 - 10/4/2012 10:34:11 AM
{ "createdDate" : ISODate("2012-10-04T03:34:12.017Z") } - { "count" : 1.0 } - 1 - 10/4/2012 10:34:12 AM
{ "createdDate" : ISODate("2012-10-04T03:34:12.142Z") } - { "count" : 1.0 } - 1 - 10/4/2012 10:34:12 AM
{ "createdDate" : ISODate("2012-10-04T03:34:12.205Z") } - { "count" : 1.0 } - 1 - 10/4/2012 10:34:12 AM
{ "createdDate" : ISODate("2012-10-04T03:34:12.267Z") } - { "count" : 1.0 } - 1 - 10/4/2012 10:34:12 AM
{ "createdDate" : ISODate("2012-10-04T03:34:12.33Z") } - { "count" : 1.0 } - 1 - 10/4/2012 10:34:12 AM
{ "createdDate" : ISODate("2012-10-04T03:34:12.392Z") } - { "count" : 1.0 } - 1 - 10/4/2012 10:34:12 AM
{ "createdDate" : ISODate("2012-10-04T03:34:12.455Z") } - { "count" : 1.0 } - 1 - 10/4/2012 10:34:12 AM
{ "createdDate" : ISODate("2012-10-04T03:34:12.502Z") } - { "count" : 1.0 } - 1 - 10/4/2012 10:34:12 AM
{ "createdDate" : ISODate("2012-10-04T03:34:12.564Z") } - { "count" : 1.0 } - 1 - 10/4/2012 10:34:12 AM
{ "createdDate" : ISODate("2012-10-04T03:34:15.689Z") } - { "count" : 1.0 } - 1 - 10/4/2012 10:34:15 AM
{ "createdDate" : ISODate("2012-10-04T03:34:15.736Z") } - { "count" : 1.0 } - 1 - 10/4/2012 10:34:15 AM
{ "createdDate" : ISODate("2012-10-04T03:34:15.783Z") } - { "count" : 1.0 } - 1 - 10/4/2012 10:34:15 AM
{ "createdDate" : ISODate("2012-10-04T03:34:15.83Z") } - { "count" : 1.0 } - 1 - 10/4/2012 10:34:15 AM
{ "createdDate" : ISODate("2012-10-04T03:34:15.877Z") } - { "count" : 1.0 } - 1 - 10/4/2012 10:34:15 AM
{ "createdDate" : ISODate("2012-10-04T03:34:15.955Z") } - { "count" : 1.0 } - 1 - 10/4/2012 10:34:15 AM
{ "createdDate" : ISODate("2012-10-04T03:34:16.002Z") } - { "count" : 1.0 } - 1 - 10/4/2012 10:34:16 AM
{ "createdDate" : ISODate("2012-10-04T03:34:16.049Z") } - { "count" : 1.0 } - 1 - 10/4/2012 10:34:16 AM
{ "createdDate" : ISODate("2012-10-04T03:34:16.095Z") } - { "count" : 1.0 } - 1 - 10/4/2012 10:34:16 AM
{ "createdDate" : ISODate("2012-10-04T03:34:16.142Z") } - { "count" : 1.0 } - 1 - 10/4/2012 10:34:16 AM
{ "createdDate" : ISODate("2012-10-04T03:34:16.205Z") } - { "count" : 1.0 } - 1 - 10/4/2012 10:34:16 AM
{ "createdDate" : ISODate("2012-10-04T03:34:19.689Z") } - { "count" : 1.0 } - 1 - 10/4/2012 10:34:19 AM
{ "createdDate" : ISODate("2012-10-04T03:34:19.767Z") } - { "count" : 1.0 } - 1 - 10/4/2012 10:34:19 AM
{ "createdDate" : ISODate("2012-10-04T03:34:20.158Z") } - { "count" : 1.0 } - 1 - 10/4/2012 10:34:20 AM
{ "createdDate" : ISODate("2012-10-04T03:34:20.299Z") } - { "count" : 1.0 } - 1 - 10/4/2012 10:34:20 AM
{ "createdDate" : ISODate("2012-10-04T03:34:20.361Z") } - { "count" : 1.0 } - 1 - 10/4/2012 10:34:20 AM
{ "createdDate" : ISODate("2012-10-04T03:34:20.408Z") } - { "count" : 1.0 } - 1 - 10/4/2012 10:34:20 AM
{ "createdDate" : ISODate("2012-10-04T03:34:20.455Z") } - { "count" : 1.0 } - 1 - 10/4/2012 10:34:20 AM
{ "createdDate" : ISODate("2012-10-04T03:34:20.517Z") } - { "count" : 1.0 } - 1 - 10/4/2012 10:34:20 AM
{ "createdDate" : ISODate("2012-10-04T03:34:20.564Z") } - { "count" : 1.0 } - 1 - 10/4/2012 10:34:20 AM
{ "createdDate" : ISODate("2012-10-04T03:34:20.627Z") } - { "count" : 1.0 } - 1 - 10/4/2012 10:34:20 AM
{ "createdDate" : ISODate("2012-10-04T03:34:20.674Z") } - { "count" : 1.0 } - 1 - 10/4/2012 10:34:20 AM
{ "createdDate" : ISODate("2012-10-04T03:34:23.861Z") } - { "count" : 1.0 } - 1 - 10/4/2012 10:34:23 AM
{ "createdDate" : ISODate("2012-10-04T03:34:23.908Z") } - { "count" : 1.0 } - 1 - 10/4/2012 10:34:23 AM
{ "createdDate" : ISODate("2012-10-04T03:34:23.955Z") } - { "count" : 1.0 } - 1 - 10/4/2012 10:34:23 AM
{ "createdDate" : ISODate("2012-10-04T03:34:24.017Z") } - { "count" : 1.0 } - 1 - 10/4/2012 10:34:24 AM
{ "createdDate" : ISODate("2012-10-04T03:34:24.08Z") } - { "count" : 1.0 } - 1 - 10/4/2012 10:34:24 AM
{ "createdDate" : ISODate("2012-10-04T03:34:24.158Z") } - { "count" : 1.0 } - 1 - 10/4/2012 10:34:24 AM
{ "createdDate" : ISODate("2012-10-04T03:34:24.22Z") } - { "count" : 1.0 } - 1 - 10/4/2012 10:34:24 AM
{ "createdDate" : ISODate("2012-10-04T03:34:24.283Z") } - { "count" : 1.0 } - 1 - 10/4/2012 10:34:24 AM
{ "createdDate" : ISODate("2012-10-04T03:34:24.33Z") } - { "count" : 1.0 } - 1 - 10/4/2012 10:34:24 AM
{ "createdDate" : ISODate("2012-10-04T03:34:24.377Z") } - { "count" : 1.0 } - 1 - 10/4/2012 10:34:24 AM
{ "createdDate" : ISODate("2012-10-04T03:34:24.439Z") } - { "count" : 1.0 } - 1 - 10/4/2012 10:34:24 AM
{ "createdDate" : ISODate("2012-10-04T03:34:27.877Z") } - { "count" : 1.0 } - 1 - 10/4/2012 10:34:27 AM
{ "createdDate" : ISODate("2012-10-04T03:34:27.939Z") } - { "count" : 1.0 } - 1 - 10/4/2012 10:34:27 AM
{ "createdDate" : ISODate("2012-10-04T03:34:27.986Z") } - { "count" : 1.0 } - 1 - 10/4/2012 10:34:27 AM
{ "createdDate" : ISODate("2012-10-04T03:34:28.033Z") } - { "count" : 1.0 } - 1 - 10/4/2012 10:34:28 AM
{ "createdDate" : ISODate("2012-10-04T03:34:28.095Z") } - { "count" : 1.0 } - 1 - 10/4/2012 10:34:28 AM
{ "createdDate" : ISODate("2012-10-04T03:34:28.142Z") } - { "count" : 1.0 } - 1 - 10/4/2012 10:34:28 AM
{ "createdDate" : ISODate("2012-10-04T03:34:28.252Z") } - { "count" : 1.0 } - 1 - 10/4/2012 10:34:28 AM
{ "createdDate" : ISODate("2012-10-04T03:34:28.408Z") } - { "count" : 1.0 } - 1 - 10/4/2012 10:34:28 AM
{ "createdDate" : ISODate("2012-10-04T03:36:26.314Z") } - { "count" : 1.0 } - 1 - 10/4/2012 10:36:26 AM
{ "createdDate" : ISODate("2012-10-04T03:36:26.377Z") } - { "count" : 1.0 } - 1 - 10/4/2012 10:36:26 AM
{ "createdDate" : ISODate("2012-10-04T03:36:26.455Z") } - { "count" : 1.0 } - 1 - 10/4/2012 10:36:26 AM
{ "createdDate" : ISODate("2012-10-04T03:36:26.517Z") } - { "count" : 1.0 } - 1 - 10/4/2012 10:36:26 AM
{ "createdDate" : ISODate("2012-10-04T03:36:26.564Z") } - { "count" : 1.0 } - 1 - 10/4/2012 10:36:26 AM
{ "createdDate" : ISODate("2012-10-04T03:36:26.611Z") } - { "count" : 1.0 } - 1 - 10/4/2012 10:36:26 AM
{ "createdDate" : ISODate("2012-10-04T03:36:26.674Z") } - { "count" : 1.0 } - 1 - 10/4/2012 10:36:26 AM
{ "createdDate" : ISODate("2012-10-04T03:36:26.736Z") } - { "count" : 1.0 } - 1 - 10/4/2012 10:36:26 AM
{ "createdDate" : ISODate("2012-10-04T03:36:26.783Z") } - { "count" : 1.0 } - 1 - 10/4/2012 10:36:26 AM
{ "createdDate" : ISODate("2012-10-04T03:36:26.845Z") } - { "count" : 1.0 } - 1 - 10/4/2012 10:36:26 AM
{ "createdDate" : ISODate("2012-10-04T03:36:26.892Z") } - { "count" : 1.0 } - 1 - 10/4/2012 10:36:26 AM
{ "createdDate" : ISODate("2012-10-04T03:37:01.72Z") } - { "count" : 1.0 } - 1 - 10/4/2012 10:37:01 AM
{ "createdDate" : ISODate("2012-10-04T03:37:01.783Z") } - { "count" : 1.0 } - 1 - 10/4/2012 10:37:01 AM
{ "createdDate" : ISODate("2012-10-04T03:37:01.845Z") } - { "count" : 1.0 } - 1 - 10/4/2012 10:37:01 AM
{ "createdDate" : ISODate("2012-10-04T03:37:01.892Z") } - { "count" : 1.0 } - 1 - 10/4/2012 10:37:01 AM
{ "createdDate" : ISODate("2012-10-04T03:37:01.955Z") } - { "count" : 1.0 } - 1 - 10/4/2012 10:37:01 AM
{ "createdDate" : ISODate("2012-10-04T03:37:02.017Z") } - { "count" : 1.0 } - 1 - 10/4/2012 10:37:02 AM
{ "createdDate" : ISODate("2012-10-04T03:37:02.08Z") } - { "count" : 1.0 } - 1 - 10/4/2012 10:37:02 AM
{ "createdDate" : ISODate("2012-10-04T03:37:02.127Z") } - { "count" : 1.0 } - 1 - 10/4/2012 10:37:02 AM
{ "createdDate" : ISODate("2012-10-04T03:37:02.189Z") } - { "count" : 1.0 } - 1 - 10/4/2012 10:37:02 AM
{ "createdDate" : ISODate("2012-10-04T03:37:02.236Z") } - { "count" : 1.0 } - 1 - 10/4/2012 10:37:02 AM
{ "createdDate" : ISODate("2012-10-04T03:37:02.299Z") } - { "count" : 1.0 } - 1 - 10/4/2012 10:37:02 AM
{ "createdDate" : ISODate("2012-10-04T03:37:07.064Z") } - { "count" : 1.0 } - 1 - 10/4/2012 10:37:07 AM
{ "createdDate" : ISODate("2012-10-04T03:37:07.299Z") } - { "count" : 1.0 } - 1 - 10/4/2012 10:37:07 AM
{ "createdDate" : ISODate("2012-10-04T03:37:07.424Z") } - { "count" : 1.0 } - 1 - 10/4/2012 10:37:07 AM
{ "createdDate" : ISODate("2012-10-04T03:37:07.549Z") } - { "count" : 1.0 } - 1 - 10/4/2012 10:37:07 AM
{ "createdDate" : ISODate("2012-10-04T03:37:07.658Z") } - { "count" : 1.0 } - 1 - 10/4/2012 10:37:07 AM
{ "createdDate" : ISODate("2012-10-04T03:37:07.814Z") } - { "count" : 1.0 } - 1 - 10/4/2012 10:37:07 AM
{ "createdDate" : ISODate("2012-10-04T03:37:07.939Z") } - { "count" : 1.0 } - 1 - 10/4/2012 10:37:07 AM
{ "createdDate" : ISODate("2012-10-04T03:37:08.049Z") } - { "count" : 1.0 } - 1 - 10/4/2012 10:37:08 AM
{ "createdDate" : ISODate("2012-10-04T03:37:08.174Z") } - { "count" : 1.0 } - 1 - 10/4/2012 10:37:08 AM
{ "createdDate" : ISODate("2012-10-04T03:37:08.283Z") } - { "count" : 1.0 } - 1 - 10/4/2012 10:37:08 AM
{ "createdDate" : ISODate("2012-10-04T03:37:08.361Z") } - { "count" : 1.0 } - 1 - 10/4/2012 10:37:08 AM
{ "createdDate" : ISODate("2012-10-04T03:37:11.83Z") } - { "count" : 1.0 } - 1 - 10/4/2012 10:37:11 AM
{ "createdDate" : ISODate("2012-10-04T03:37:11.877Z") } - { "count" : 1.0 } - 1 - 10/4/2012 10:37:11 AM
{ "createdDate" : ISODate("2012-10-04T03:37:11.939Z") } - { "count" : 1.0 } - 1 - 10/4/2012 10:37:11 AM
{ "createdDate" : ISODate("2012-10-04T03:37:11.986Z") } - { "count" : 1.0 } - 1 - 10/4/2012 10:37:11 AM
{ "createdDate" : ISODate("2012-10-04T03:37:12.033Z") } - { "count" : 1.0 } - 1 - 10/4/2012 10:37:12 AM
{ "createdDate" : ISODate("2012-10-04T03:37:12.08Z") } - { "count" : 1.0 } - 1 - 10/4/2012 10:37:12 AM
{ "createdDate" : ISODate("2012-10-04T03:37:12.142Z") } - { "count" : 1.0 } - 1 - 10/4/2012 10:37:12 AM
{ "createdDate" : ISODate("2012-10-04T03:37:12.189Z") } - { "count" : 1.0 } - 1 - 10/4/2012 10:37:12 AM
{ "createdDate" : ISODate("2012-10-04T03:37:12.236Z") } - { "count" : 1.0 } - 1 - 10/4/2012 10:37:12 AM
{ "createdDate" : ISODate("2012-10-04T03:37:12.299Z") } - { "count" : 1.0 } - 1 - 10/4/2012 10:37:12 AM
{ "createdDate" : ISODate("2012-10-04T03:37:12.345Z") } - { "count" : 1.0 } - 1 - 10/4/2012 10:37:12 AM
{ "createdDate" : ISODate("2012-10-04T03:37:17.127Z") } - { "count" : 1.0 } - 1 - 10/4/2012 10:37:17 AM
{ "createdDate" : ISODate("2012-10-04T03:37:17.267Z") } - { "count" : 1.0 } - 1 - 10/4/2012 10:37:17 AM
{ "createdDate" : ISODate("2012-10-04T03:37:17.377Z") } - { "count" : 1.0 } - 1 - 10/4/2012 10:37:17 AM
{ "createdDate" : ISODate("2012-10-04T03:37:17.502Z") } - { "count" : 1.0 } - 1 - 10/4/2012 10:37:17 AM
{ "createdDate" : ISODate("2012-10-04T03:37:17.642Z") } - { "count" : 1.0 } - 1 - 10/4/2012 10:37:17 AM
{ "createdDate" : ISODate("2012-10-04T03:37:17.736Z") } - { "count" : 1.0 } - 1 - 10/4/2012 10:37:17 AM
{ "createdDate" : ISODate("2012-10-04T03:37:17.814Z") } - { "count" : 1.0 } - 1 - 10/4/2012 10:37:17 AM
{ "createdDate" : ISODate("2012-10-04T03:37:17.877Z") } - { "count" : 1.0 } - 1 - 10/4/2012 10:37:17 AM
{ "createdDate" : ISODate("2012-10-04T03:37:17.939Z") } - { "count" : 1.0 } - 1 - 10/4/2012 10:37:17 AM
{ "createdDate" : ISODate("2012-10-04T03:37:17.986Z") } - { "count" : 1.0 } - 1 - 10/4/2012 10:37:17 AM
{ "createdDate" : ISODate("2012-10-04T03:37:18.049Z") } - { "count" : 1.0 } - 1 - 10/4/2012 10:37:18 AM
{ "createdDate" : ISODate("2012-10-04T03:37:20.674Z") } - { "count" : 1.0 } - 1 - 10/4/2012 10:37:20 AM
{ "createdDate" : ISODate("2012-10-04T03:37:20.72Z") } - { "count" : 1.0 } - 1 - 10/4/2012 10:37:20 AM
{ "createdDate" : ISODate("2012-10-04T03:37:20.767Z") } - { "count" : 1.0 } - 1 - 10/4/2012 10:37:20 AM
{ "createdDate" : ISODate("2012-10-04T03:37:20.814Z") } - { "count" : 1.0 } - 1 - 10/4/2012 10:37:20 AM
{ "createdDate" : ISODate("2012-10-04T03:37:20.877Z") } - { "count" : 1.0 } - 1 - 10/4/2012 10:37:20 AM
{ "createdDate" : ISODate("2012-10-04T03:37:20.924Z") } - { "count" : 1.0 } - 1 - 10/4/2012 10:37:20 AM
{ "createdDate" : ISODate("2012-10-04T03:37:20.97Z") } - { "count" : 1.0 } - 1 - 10/4/2012 10:37:20 AM
{ "createdDate" : ISODate("2012-10-04T03:37:21.017Z") } - { "count" : 1.0 } - 1 - 10/4/2012 10:37:21 AM
{ "createdDate" : ISODate("2012-10-04T03:37:21.08Z") } - { "count" : 1.0 } - 1 - 10/4/2012 10:37:21 AM
{ "createdDate" : ISODate("2012-10-04T03:37:21.127Z") } - { "count" : 1.0 } - 1 - 10/4/2012 10:37:21 AM
{ "createdDate" : ISODate("2012-10-04T03:37:21.174Z") } - { "count" : 1.0 } - 1 - 10/4/2012 10:37:21 AM
{ "createdDate" : ISODate("2012-10-04T03:37:23.611Z") } - { "count" : 1.0 } - 1 - 10/4/2012 10:37:23 AM
{ "createdDate" : ISODate("2012-10-04T03:37:23.72Z") } - { "count" : 1.0 } - 1 - 10/4/2012 10:37:23 AM
{ "createdDate" : ISODate("2012-10-04T03:37:23.799Z") } - { "count" : 1.0 } - 1 - 10/4/2012 10:37:23 AM
{ "createdDate" : ISODate("2012-10-04T03:37:23.955Z") } - { "count" : 1.0 } - 1 - 10/4/2012 10:37:23 AM
{ "createdDate" : ISODate("2012-10-04T03:37:24.314Z") } - { "count" : 1.0 } - 1 - 10/4/2012 10:37:24 AM
{ "createdDate" : ISODate("2012-10-04T03:37:24.595Z") } - { "count" : 1.0 } - 1 - 10/4/2012 10:37:24 AM
{ "createdDate" : ISODate("2012-10-04T03:37:24.861Z") } - { "count" : 1.0 } - 1 - 10/4/2012 10:37:24 AM
{ "createdDate" : ISODate("2012-10-04T03:37:25.111Z") } - { "count" : 1.0 } - 1 - 10/4/2012 10:37:25 AM
{ "createdDate" : ISODate("2012-10-04T03:37:25.283Z") } - { "count" : 1.0 } - 1 - 10/4/2012 10:37:25 AM
{ "createdDate" : ISODate("2012-10-04T03:37:25.517Z") } - { "count" : 1.0 } - 1 - 10/4/2012 10:37:25 AM
{ "createdDate" : ISODate("2012-10-04T03:37:25.767Z") } - { "count" : 1.0 } - 1 - 10/4/2012 10:37:25 AM
{ "createdDate" : ISODate("2012-10-04T03:37:29.986Z") } - { "count" : 1.0 } - 1 - 10/4/2012 10:37:29 AM
{ "createdDate" : ISODate("2012-10-04T03:37:30.049Z") } - { "count" : 1.0 } - 1 - 10/4/2012 10:37:30 AM
{ "createdDate" : ISODate("2012-10-04T03:37:30.189Z") } - { "count" : 1.0 } - 1 - 10/4/2012 10:37:30 AM
{ "createdDate" : ISODate("2012-10-04T03:37:30.283Z") } - { "count" : 1.0 } - 1 - 10/4/2012 10:37:30 AM
{ "createdDate" : ISODate("2012-10-04T03:37:30.455Z") } - { "count" : 1.0 } - 1 - 10/4/2012 10:37:30 AM
{ "createdDate" : ISODate("2012-10-04T03:37:30.689Z") } - { "count" : 1.0 } - 1 - 10/4/2012 10:37:30 AM
{ "createdDate" : ISODate("2012-10-04T03:37:30.924Z") } - { "count" : 1.0 } - 1 - 10/4/2012 10:37:30 AM
{ "createdDate" : ISODate("2012-10-04T03:37:31.127Z") } - { "count" : 1.0 } - 1 - 10/4/2012 10:37:31 AM
{ "createdDate" : ISODate("2012-10-04T03:37:31.189Z") } - { "count" : 1.0 } - 1 - 10/4/2012 10:37:31 AM
{ "createdDate" : ISODate("2012-10-04T03:37:31.236Z") } - { "count" : 1.0 } - 1 - 10/4/2012 10:37:31 AM
{ "createdDate" : ISODate("2012-10-04T03:37:31.283Z") } - { "count" : 1.0 } - 1 - 10/4/2012 10:37:31 AM
{ "createdDate" : ISODate("2012-10-04T03:37:36.814Z") } - { "count" : 1.0 } - 1 - 10/4/2012 10:37:36 AM
{ "createdDate" : ISODate("2012-10-04T03:37:36.861Z") } - { "count" : 1.0 } - 1 - 10/4/2012 10:37:36 AM
{ "createdDate" : ISODate("2012-10-04T03:37:36.908Z") } - { "count" : 1.0 } - 1 - 10/4/2012 10:37:36 AM
{ "createdDate" : ISODate("2012-10-04T03:37:36.97Z") } - { "count" : 1.0 } - 1 - 10/4/2012 10:37:36 AM
{ "createdDate" : ISODate("2012-10-04T03:37:37.033Z") } - { "count" : 1.0 } - 1 - 10/4/2012 10:37:37 AM
{ "createdDate" : ISODate("2012-10-04T03:37:37.111Z") } - { "count" : 1.0 } - 1 - 10/4/2012 10:37:37 AM
{ "createdDate" : ISODate("2012-10-04T03:37:37.174Z") } - { "count" : 1.0 } - 1 - 10/4/2012 10:37:37 AM
{ "createdDate" : ISODate("2012-10-04T03:37:37.236Z") } - { "count" : 1.0 } - 1 - 10/4/2012 10:37:37 AM
{ "createdDate" : ISODate("2012-10-04T03:37:37.299Z") } - { "count" : 1.0 } - 1 - 10/4/2012 10:37:37 AM
{ "createdDate" : ISODate("2012-10-04T03:37:37.345Z") } - { "count" : 1.0 } - 1 - 10/4/2012 10:37:37 AM
{ "createdDate" : ISODate("2012-10-04T03:37:37.392Z") } - { "count" : 1.0 } - 1 - 10/4/2012 10:37:37 AM
{ "createdDate" : ISODate("2012-10-04T03:37:39.283Z") } - { "count" : 1.0 } - 1 - 10/4/2012 10:37:39 AM
{ "createdDate" : ISODate("2012-10-04T03:37:39.345Z") } - { "count" : 1.0 } - 1 - 10/4/2012 10:37:39 AM
{ "createdDate" : ISODate("2012-10-04T03:37:39.564Z") } - { "count" : 1.0 } - 1 - 10/4/2012 10:37:39 AM
{ "createdDate" : ISODate("2012-10-04T03:37:39.674Z") } - { "count" : 1.0 } - 1 - 10/4/2012 10:37:39 AM
{ "createdDate" : ISODate("2012-10-04T03:37:39.736Z") } - { "count" : 1.0 } - 1 - 10/4/2012 10:37:39 AM
{ "createdDate" : ISODate("2012-10-04T03:37:39.892Z") } - { "count" : 1.0 } - 1 - 10/4/2012 10:37:39 AM
{ "createdDate" : ISODate("2012-10-04T03:37:40.095Z") } - { "count" : 1.0 } - 1 - 10/4/2012 10:37:40 AM
{ "createdDate" : ISODate("2012-10-04T03:37:40.33Z") } - { "count" : 1.0 } - 1 - 10/4/2012 10:37:40 AM
{ "createdDate" : ISODate("2012-10-04T03:37:40.392Z") } - { "count" : 1.0 } - 1 - 10/4/2012 10:37:40 AM
{ "createdDate" : ISODate("2012-10-04T03:37:40.564Z") } - { "count" : 1.0 } - 1 - 10/4/2012 10:37:40 AM
{ "createdDate" : ISODate("2012-10-04T03:37:40.627Z") } - { "count" : 1.0 } - 1 - 10/4/2012 10:37:40 AM
{ "createdDate" : ISODate("2012-10-04T03:37:42.908Z") } - { "count" : 1.0 } - 1 - 10/4/2012 10:37:42 AM
{ "createdDate" : ISODate("2012-10-04T03:37:42.955Z") } - { "count" : 1.0 } - 1 - 10/4/2012 10:37:42 AM
{ "createdDate" : ISODate("2012-10-04T03:37:43.017Z") } - { "count" : 1.0 } - 1 - 10/4/2012 10:37:43 AM
{ "createdDate" : ISODate("2012-10-04T03:37:43.064Z") } - { "count" : 1.0 } - 1 - 10/4/2012 10:37:43 AM
{ "createdDate" : ISODate("2012-10-04T03:37:43.111Z") } - { "count" : 1.0 } - 1 - 10/4/2012 10:37:43 AM
{ "createdDate" : ISODate("2012-10-04T03:37:43.174Z") } - { "count" : 1.0 } - 1 - 10/4/2012 10:37:43 AM
{ "createdDate" : ISODate("2012-10-04T03:37:43.22Z") } - { "count" : 1.0 } - 1 - 10/4/2012 10:37:43 AM
{ "createdDate" : ISODate("2012-10-04T03:37:43.283Z") } - { "count" : 1.0 } - 1 - 10/4/2012 10:37:43 AM
{ "createdDate" : ISODate("2012-10-04T03:37:43.361Z") } - { "count" : 1.0 } - 1 - 10/4/2012 10:37:43 AM
{ "createdDate" : ISODate("2012-10-04T03:37:43.424Z") } - { "count" : 1.0 } - 1 - 10/4/2012 10:37:43 AM
{ "createdDate" : ISODate("2012-10-04T03:37:43.47Z") } - { "count" : 1.0 } - 1 - 10/4/2012 10:37:43 AM
{ "createdDate" : ISODate("2012-10-04T03:37:46.017Z") } - { "count" : 1.0 } - 1 - 10/4/2012 10:37:46 AM
{ "createdDate" : ISODate("2012-10-04T03:37:46.111Z") } - { "count" : 1.0 } - 1 - 10/4/2012 10:37:46 AM
{ "createdDate" : ISODate("2012-10-04T03:37:46.252Z") } - { "count" : 1.0 } - 1 - 10/4/2012 10:37:46 AM
{ "createdDate" : ISODate("2012-10-04T03:37:46.345Z") } - { "count" : 1.0 } - 1 - 10/4/2012 10:37:46 AM
{ "createdDate" : ISODate("2012-10-04T03:37:46.408Z") } - { "count" : 1.0 } - 1 - 10/4/2012 10:37:46 AM
{ "createdDate" : ISODate("2012-10-04T03:37:46.455Z") } - { "count" : 1.0 } - 1 - 10/4/2012 10:37:46 AM
{ "createdDate" : ISODate("2012-10-04T03:37:46.517Z") } - { "count" : 1.0 } - 1 - 10/4/2012 10:37:46 AM
{ "createdDate" : ISODate("2012-10-04T03:37:46.564Z") } - { "count" : 1.0 } - 1 - 10/4/2012 10:37:46 AM
{ "createdDate" : ISODate("2012-10-04T03:37:46.611Z") } - { "count" : 1.0 } - 1 - 10/4/2012 10:37:46 AM
{ "createdDate" : ISODate("2012-10-04T03:37:46.658Z") } - { "count" : 1.0 } - 1 - 10/4/2012 10:37:46 AM
{ "createdDate" : ISODate("2012-10-04T03:37:46.705Z") } - { "count" : 1.0 } - 1 - 10/4/2012 10:37:46 AM
{ "createdDate" : ISODate("2012-10-04T03:37:51.439Z") } - { "count" : 1.0 } - 1 - 10/4/2012 10:37:51 AM
{ "createdDate" : ISODate("2012-10-04T03:37:51.502Z") } - { "count" : 1.0 } - 1 - 10/4/2012 10:37:51 AM
{ "createdDate" : ISODate("2012-10-04T03:37:51.549Z") } - { "count" : 1.0 } - 1 - 10/4/2012 10:37:51 AM
{ "createdDate" : ISODate("2012-10-04T03:37:51.611Z") } - { "count" : 1.0 } - 1 - 10/4/2012 10:37:51 AM
{ "createdDate" : ISODate("2012-10-04T03:37:51.658Z") } - { "count" : 1.0 } - 1 - 10/4/2012 10:37:51 AM
{ "createdDate" : ISODate("2012-10-04T03:37:51.72Z") } - { "count" : 1.0 } - 1 - 10/4/2012 10:37:51 AM
{ "createdDate" : ISODate("2012-10-04T03:37:51.767Z") } - { "count" : 1.0 } - 1 - 10/4/2012 10:37:51 AM
{ "createdDate" : ISODate("2012-10-04T03:37:51.83Z") } - { "count" : 1.0 } - 1 - 10/4/2012 10:37:51 AM
{ "createdDate" : ISODate("2012-10-04T03:37:51.892Z") } - { "count" : 1.0 } - 1 - 10/4/2012 10:37:51 AM
{ "createdDate" : ISODate("2012-10-04T03:37:51.955Z") } - { "count" : 1.0 } - 1 - 10/4/2012 10:37:51 AM
{ "createdDate" : ISODate("2012-10-04T03:37:52.033Z") } - { "count" : 1.0 } - 1 - 10/4/2012 10:37:52 AM
{ "createdDate" : ISODate("2012-10-04T03:37:54.127Z") } - { "count" : 1.0 } - 1 - 10/4/2012 10:37:54 AM
{ "createdDate" : ISODate("2012-10-04T03:37:54.33Z") } - { "count" : 1.0 } - 1 - 10/4/2012 10:37:54 AM
{ "createdDate" : ISODate("2012-10-04T03:37:54.549Z") } - { "count" : 1.0 } - 1 - 10/4/2012 10:37:54 AM
{ "createdDate" : ISODate("2012-10-04T03:37:54.627Z") } - { "count" : 1.0 } - 1 - 10/4/2012 10:37:54 AM
{ "createdDate" : ISODate("2012-10-04T03:37:54.689Z") } - { "count" : 1.0 } - 1 - 10/4/2012 10:37:54 AM
{ "createdDate" : ISODate("2012-10-04T03:37:54.924Z") } - { "count" : 1.0 } - 1 - 10/4/2012 10:37:54 AM
{ "createdDate" : ISODate("2012-10-04T03:37:55.127Z") } - { "count" : 1.0 } - 1 - 10/4/2012 10:37:55 AM
{ "createdDate" : ISODate("2012-10-04T03:37:55.267Z") } - { "count" : 1.0 } - 1 - 10/4/2012 10:37:55 AM
{ "createdDate" : ISODate("2012-10-04T03:37:55.392Z") } - { "count" : 1.0 } - 1 - 10/4/2012 10:37:55 AM
{ "createdDate" : ISODate("2012-10-04T03:37:55.611Z") } - { "count" : 1.0 } - 1 - 10/4/2012 10:37:55 AM
{ "createdDate" : ISODate("2012-10-04T03:37:55.83Z") } - { "count" : 1.0 } - 1 - 10/4/2012 10:37:55 AM
{ "createdDate" : ISODate("2012-10-04T03:38:00.345Z") } - { "count" : 1.0 } - 1 - 10/4/2012 10:38:00 AM
{ "createdDate" : ISODate("2012-10-04T03:38:00.611Z") } - { "count" : 1.0 } - 1 - 10/4/2012 10:38:00 AM
{ "createdDate" : ISODate("2012-10-04T03:38:00.689Z") } - { "count" : 1.0 } - 1 - 10/4/2012 10:38:00 AM
{ "createdDate" : ISODate("2012-10-04T03:38:00.861Z") } - { "count" : 1.0 } - 1 - 10/4/2012 10:38:00 AM
{ "createdDate" : ISODate("2012-10-04T03:38:00.939Z") } - { "count" : 1.0 } - 1 - 10/4/2012 10:38:00 AM
{ "createdDate" : ISODate("2012-10-04T03:38:01.08Z") } - { "count" : 1.0 } - 1 - 10/4/2012 10:38:01 AM
{ "createdDate" : ISODate("2012-10-04T03:38:01.314Z") } - { "count" : 1.0 } - 1 - 10/4/2012 10:38:01 AM
{ "createdDate" : ISODate("2012-10-04T03:38:01.377Z") } - { "count" : 1.0 } - 1 - 10/4/2012 10:38:01 AM
{ "createdDate" : ISODate("2012-10-04T03:38:01.424Z") } - { "count" : 1.0 } - 1 - 10/4/2012 10:38:01 AM
{ "createdDate" : ISODate("2012-10-04T03:38:01.47Z") } - { "count" : 1.0 } - 1 - 10/4/2012 10:38:01 AM
{ "createdDate" : ISODate("2012-10-04T03:38:01.533Z") } - { "count" : 1.0 } - 1 - 10/4/2012 10:38:01 AM
{ "createdDate" : ISODate("2012-10-04T03:38:03.439Z") } - { "count" : 1.0 } - 1 - 10/4/2012 10:38:03 AM
{ "createdDate" : ISODate("2012-10-04T03:38:03.502Z") } - { "count" : 1.0 } - 1 - 10/4/2012 10:38:03 AM
{ "createdDate" : ISODate("2012-10-04T03:38:03.595Z") } - { "count" : 1.0 } - 1 - 10/4/2012 10:38:03 AM
{ "createdDate" : ISODate("2012-10-04T03:38:03.674Z") } - { "count" : 1.0 } - 1 - 10/4/2012 10:38:03 AM
{ "createdDate" : ISODate("2012-10-04T03:38:03.72Z") } - { "count" : 1.0 } - 1 - 10/4/2012 10:38:03 AM
{ "createdDate" : ISODate("2012-10-04T03:38:03.767Z") } - { "count" : 1.0 } - 1 - 10/4/2012 10:38:03 AM
{ "createdDate" : ISODate("2012-10-04T03:38:03.814Z") } - { "count" : 1.0 } - 1 - 10/4/2012 10:38:03 AM
{ "createdDate" : ISODate("2012-10-04T03:38:03.861Z") } - { "count" : 1.0 } - 1 - 10/4/2012 10:38:03 AM
{ "createdDate" : ISODate("2012-10-04T03:38:03.924Z") } - { "count" : 1.0 } - 1 - 10/4/2012 10:38:03 AM
{ "createdDate" : ISODate("2012-10-04T03:38:03.955Z") } - { "count" : 1.0 } - 1 - 10/4/2012 10:38:03 AM
{ "createdDate" : ISODate("2012-10-04T03:38:04.017Z") } - { "count" : 1.0 } - 1 - 10/4/2012 10:38:04 AM
{ "createdDate" : ISODate("2012-10-04T03:38:08.22Z") } - { "count" : 1.0 } - 1 - 10/4/2012 10:38:08 AM
{ "createdDate" : ISODate("2012-10-04T03:38:08.283Z") } - { "count" : 1.0 } - 1 - 10/4/2012 10:38:08 AM
{ "createdDate" : ISODate("2012-10-04T03:38:08.33Z") } - { "count" : 1.0 } - 1 - 10/4/2012 10:38:08 AM
{ "createdDate" : ISODate("2012-10-04T03:38:08.377Z") } - { "count" : 1.0 } - 1 - 10/4/2012 10:38:08 AM
{ "createdDate" : ISODate("2012-10-04T03:38:08.439Z") } - { "count" : 1.0 } - 1 - 10/4/2012 10:38:08 AM
{ "createdDate" : ISODate("2012-10-04T03:38:08.486Z") } - { "count" : 1.0 } - 1 - 10/4/2012 10:38:08 AM
{ "createdDate" : ISODate("2012-10-04T03:38:08.533Z") } - { "count" : 1.0 } - 1 - 10/4/2012 10:38:08 AM
{ "createdDate" : ISODate("2012-10-04T03:38:08.611Z") } - { "count" : 1.0 } - 1 - 10/4/2012 10:38:08 AM
{ "createdDate" : ISODate("2012-10-04T03:38:08.658Z") } - { "count" : 1.0 } - 1 - 10/4/2012 10:38:08 AM
{ "createdDate" : ISODate("2012-10-04T03:38:08.72Z") } - { "count" : 1.0 } - 1 - 10/4/2012 10:38:08 AM
{ "createdDate" : ISODate("2012-10-04T03:38:08.767Z") } - { "count" : 1.0 } - 1 - 10/4/2012 10:38:08 AM
{ "createdDate" : ISODate("2012-10-04T03:38:11.22Z") } - { "count" : 1.0 } - 1 - 10/4/2012 10:38:11 AM
{ "createdDate" : ISODate("2012-10-04T03:38:11.283Z") } - { "count" : 1.0 } - 1 - 10/4/2012 10:38:11 AM
{ "createdDate" : ISODate("2012-10-04T03:38:11.345Z") } - { "count" : 1.0 } - 1 - 10/4/2012 10:38:11 AM
{ "createdDate" : ISODate("2012-10-04T03:38:11.392Z") } - { "count" : 1.0 } - 1 - 10/4/2012 10:38:11 AM
{ "createdDate" : ISODate("2012-10-04T03:38:11.439Z") } - { "count" : 1.0 } - 1 - 10/4/2012 10:38:11 AM
{ "createdDate" : ISODate("2012-10-04T03:38:11.502Z") } - { "count" : 1.0 } - 1 - 10/4/2012 10:38:11 AM
{ "createdDate" : ISODate("2012-10-04T03:38:11.736Z") } - { "count" : 1.0 } - 1 - 10/4/2012 10:38:11 AM
{ "createdDate" : ISODate("2012-10-04T03:38:11.799Z") } - { "count" : 1.0 } - 1 - 10/4/2012 10:38:11 AM
{ "createdDate" : ISODate("2012-10-04T03:38:11.861Z") } - { "count" : 1.0 } - 1 - 10/4/2012 10:38:11 AM
{ "createdDate" : ISODate("2012-10-04T03:38:11.924Z") } - { "count" : 1.0 } - 1 - 10/4/2012 10:38:11 AM
{ "createdDate" : ISODate("2012-10-04T03:38:11.97Z") } - { "count" : 1.0 } - 1 - 10/4/2012 10:38:11 AM
{ "createdDate" : ISODate("2012-10-04T03:38:15.877Z") } - { "count" : 1.0 } - 1 - 10/4/2012 10:38:15 AM
{ "createdDate" : ISODate("2012-10-04T03:38:16.111Z") } - { "count" : 1.0 } - 1 - 10/4/2012 10:38:16 AM
{ "createdDate" : ISODate("2012-10-04T03:38:16.158Z") } - { "count" : 1.0 } - 1 - 10/4/2012 10:38:16 AM
{ "createdDate" : ISODate("2012-10-04T03:38:16.392Z") } - { "count" : 1.0 } - 1 - 10/4/2012 10:38:16 AM
{ "createdDate" : ISODate("2012-10-04T03:38:16.439Z") } - { "count" : 1.0 } - 1 - 10/4/2012 10:38:16 AM
{ "createdDate" : ISODate("2012-10-04T03:38:16.486Z") } - { "count" : 1.0 } - 1 - 10/4/2012 10:38:16 AM
{ "createdDate" : ISODate("2012-10-04T03:38:16.533Z") } - { "count" : 1.0 } - 1 - 10/4/2012 10:38:16 AM
{ "createdDate" : ISODate("2012-10-04T03:38:16.58Z") } - { "count" : 1.0 } - 1 - 10/4/2012 10:38:16 AM
{ "createdDate" : ISODate("2012-10-04T03:38:16.627Z") } - { "count" : 1.0 } - 1 - 10/4/2012 10:38:16 AM
{ "createdDate" : ISODate("2012-10-04T03:38:16.674Z") } - { "count" : 1.0 } - 1 - 10/4/2012 10:38:16 AM
{ "createdDate" : ISODate("2012-10-04T03:38:16.72Z") } - { "count" : 1.0 } - 1 - 10/4/2012 10:38:16 AM
{ "createdDate" : ISODate("2012-10-04T03:38:19.236Z") } - { "count" : 1.0 } - 1 - 10/4/2012 10:38:19 AM
{ "createdDate" : ISODate("2012-10-04T03:38:19.283Z") } - { "count" : 1.0 } - 1 - 10/4/2012 10:38:19 AM
{ "createdDate" : ISODate("2012-10-04T03:38:19.33Z") } - { "count" : 1.0 } - 1 - 10/4/2012 10:38:19 AM
{ "createdDate" : ISODate("2012-10-04T03:38:19.377Z") } - { "count" : 1.0 } - 1 - 10/4/2012 10:38:19 AM
{ "createdDate" : ISODate("2012-10-04T03:38:19.439Z") } - { "count" : 1.0 } - 1 - 10/4/2012 10:38:19 AM
{ "createdDate" : ISODate("2012-10-04T03:38:19.486Z") } - { "count" : 1.0 } - 1 - 10/4/2012 10:38:19 AM
{ "createdDate" : ISODate("2012-10-04T03:38:19.533Z") } - { "count" : 1.0 } - 1 - 10/4/2012 10:38:19 AM
{ "createdDate" : ISODate("2012-10-04T03:38:19.58Z") } - { "count" : 1.0 } - 1 - 10/4/2012 10:38:19 AM
{ "createdDate" : ISODate("2012-10-04T03:38:19.642Z") } - { "count" : 1.0 } - 1 - 10/4/2012 10:38:19 AM
{ "createdDate" : ISODate("2012-10-04T03:38:19.689Z") } - { "count" : 1.0 } - 1 - 10/4/2012 10:38:19 AM
{ "createdDate" : ISODate("2012-10-04T03:38:19.752Z") } - { "count" : 1.0 } - 1 - 10/4/2012 10:38:19 AM
{ "createdDate" : ISODate("2012-10-04T03:38:25.392Z") } - { "count" : 1.0 } - 1 - 10/4/2012 10:38:25 AM
{ "createdDate" : ISODate("2012-10-04T03:38:25.611Z") } - { "count" : 1.0 } - 1 - 10/4/2012 10:38:25 AM
{ "createdDate" : ISODate("2012-10-04T03:38:25.861Z") } - { "count" : 1.0 } - 1 - 10/4/2012 10:38:25 AM
{ "createdDate" : ISODate("2012-10-04T03:38:26.033Z") } - { "count" : 1.0 } - 1 - 10/4/2012 10:38:26 AM
{ "createdDate" : ISODate("2012-10-04T03:38:26.111Z") } - { "count" : 1.0 } - 1 - 10/4/2012 10:38:26 AM
{ "createdDate" : ISODate("2012-10-04T03:38:26.345Z") } - { "count" : 1.0 } - 1 - 10/4/2012 10:38:26 AM
{ "createdDate" : ISODate("2012-10-04T03:38:26.564Z") } - { "count" : 1.0 } - 1 - 10/4/2012 10:38:26 AM
{ "createdDate" : ISODate("2012-10-04T03:38:26.627Z") } - { "count" : 1.0 } - 1 - 10/4/2012 10:38:26 AM
{ "createdDate" : ISODate("2012-10-04T03:38:26.674Z") } - { "count" : 1.0 } - 1 - 10/4/2012 10:38:26 AM
{ "createdDate" : ISODate("2012-10-04T03:38:26.72Z") } - { "count" : 1.0 } - 1 - 10/4/2012 10:38:26 AM
{ "createdDate" : ISODate("2012-10-04T03:38:26.767Z") } - { "count" : 1.0 } - 1 - 10/4/2012 10:38:26 AM
{ "createdDate" : ISODate("2012-10-04T03:38:28.314Z") } - { "count" : 1.0 } - 1 - 10/4/2012 10:38:28 AM
{ "createdDate" : ISODate("2012-10-04T03:38:28.361Z") } - { "count" : 1.0 } - 1 - 10/4/2012 10:38:28 AM
{ "createdDate" : ISODate("2012-10-04T03:38:28.408Z") } - { "count" : 1.0 } - 1 - 10/4/2012 10:38:28 AM
{ "createdDate" : ISODate("2012-10-04T03:38:28.455Z") } - { "count" : 1.0 } - 1 - 10/4/2012 10:38:28 AM
{ "createdDate" : ISODate("2012-10-04T03:38:28.502Z") } - { "count" : 1.0 } - 1 - 10/4/2012 10:38:28 AM
{ "createdDate" : ISODate("2012-10-04T03:38:28.564Z") } - { "count" : 1.0 } - 1 - 10/4/2012 10:38:28 AM
{ "createdDate" : ISODate("2012-10-04T03:38:28.611Z") } - { "count" : 1.0 } - 1 - 10/4/2012 10:38:28 AM
{ "createdDate" : ISODate("2012-10-04T03:38:28.658Z") } - { "count" : 1.0 } - 1 - 10/4/2012 10:38:28 AM
{ "createdDate" : ISODate("2012-10-04T03:38:28.72Z") } - { "count" : 1.0 } - 1 - 10/4/2012 10:38:28 AM
{ "createdDate" : ISODate("2012-10-04T03:38:28.767Z") } - { "count" : 1.0 } - 1 - 10/4/2012 10:38:28 AM
{ "createdDate" : ISODate("2012-10-04T03:38:28.83Z") } - { "count" : 1.0 } - 1 - 10/4/2012 10:38:28 AM
{ "createdDate" : ISODate("2012-10-04T03:38:31.299Z") } - { "count" : 1.0 } - 1 - 10/4/2012 10:38:31 AM
{ "createdDate" : ISODate("2012-10-04T03:38:31.361Z") } - { "count" : 1.0 } - 1 - 10/4/2012 10:38:31 AM
{ "createdDate" : ISODate("2012-10-04T03:38:31.408Z") } - { "count" : 1.0 } - 1 - 10/4/2012 10:38:31 AM
{ "createdDate" : ISODate("2012-10-04T03:38:31.455Z") } - { "count" : 1.0 } - 1 - 10/4/2012 10:38:31 AM
{ "createdDate" : ISODate("2012-10-04T03:38:31.517Z") } - { "count" : 1.0 } - 1 - 10/4/2012 10:38:31 AM
{ "createdDate" : ISODate("2012-10-04T03:38:31.564Z") } - { "count" : 1.0 } - 1 - 10/4/2012 10:38:31 AM
{ "createdDate" : ISODate("2012-10-04T03:38:31.611Z") } - { "count" : 1.0 } - 1 - 10/4/2012 10:38:31 AM
{ "createdDate" : ISODate("2012-10-04T03:38:31.658Z") } - { "count" : 1.0 } - 1 - 10/4/2012 10:38:31 AM
{ "createdDate" : ISODate("2012-10-04T03:38:31.705Z") } - { "count" : 1.0 } - 1 - 10/4/2012 10:38:31 AM
{ "createdDate" : ISODate("2012-10-04T03:38:31.752Z") } - { "count" : 1.0 } - 1 - 10/4/2012 10:38:31 AM
{ "createdDate" : ISODate("2012-10-04T03:38:31.799Z") } - { "count" : 1.0 } - 1 - 10/4/2012 10:38:31 AM
{ "createdDate" : ISODate("2012-10-04T03:38:35.299Z") } - { "count" : 1.0 } - 1 - 10/4/2012 10:38:35 AM
{ "createdDate" : ISODate("2012-10-04T03:38:35.345Z") } - { "count" : 1.0 } - 1 - 10/4/2012 10:38:35 AM
{ "createdDate" : ISODate("2012-10-04T03:38:35.408Z") } - { "count" : 1.0 } - 1 - 10/4/2012 10:38:35 AM
{ "createdDate" : ISODate("2012-10-04T03:38:35.455Z") } - { "count" : 1.0 } - 1 - 10/4/2012 10:38:35 AM
{ "createdDate" : ISODate("2012-10-04T03:38:35.502Z") } - { "count" : 1.0 } - 1 - 10/4/2012 10:38:35 AM
{ "createdDate" : ISODate("2012-10-04T03:38:35.564Z") } - { "count" : 1.0 } - 1 - 10/4/2012 10:38:35 AM
{ "createdDate" : ISODate("2012-10-04T03:38:35.611Z") } - { "count" : 1.0 } - 1 - 10/4/2012 10:38:35 AM
{ "createdDate" : ISODate("2012-10-04T03:38:35.658Z") } - { "count" : 1.0 } - 1 - 10/4/2012 10:38:35 AM
{ "createdDate" : ISODate("2012-10-04T03:38:35.705Z") } - { "count" : 1.0 } - 1 - 10/4/2012 10:38:35 AM
{ "createdDate" : ISODate("2012-10-04T03:38:35.752Z") } - { "count" : 1.0 } - 1 - 10/4/2012 10:38:35 AM
{ "createdDate" : ISODate("2012-10-04T03:38:35.814Z") } - { "count" : 1.0 } - 1 - 10/4/2012 10:38:35 AM
{ "createdDate" : ISODate("2012-10-04T03:38:41.017Z") } - { "count" : 1.0 } - 1 - 10/4/2012 10:38:41 AM
{ "createdDate" : ISODate("2012-10-04T03:38:41.236Z") } - { "count" : 1.0 } - 1 - 10/4/2012 10:38:41 AM
{ "createdDate" : ISODate("2012-10-04T03:38:41.486Z") } - { "count" : 1.0 } - 1 - 10/4/2012 10:38:41 AM
{ "createdDate" : ISODate("2012-10-04T03:38:41.533Z") } - { "count" : 1.0 } - 1 - 10/4/2012 10:38:41 AM
{ "createdDate" : ISODate("2012-10-04T03:38:41.58Z") } - { "count" : 1.0 } - 1 - 10/4/2012 10:38:41 AM
{ "createdDate" : ISODate("2012-10-04T03:38:41.642Z") } - { "count" : 1.0 } - 1 - 10/4/2012 10:38:41 AM
{ "createdDate" : ISODate("2012-10-04T03:38:41.689Z") } - { "count" : 1.0 } - 1 - 10/4/2012 10:38:41 AM
{ "createdDate" : ISODate("2012-10-04T03:38:41.736Z") } - { "count" : 1.0 } - 1 - 10/4/2012 10:38:41 AM
{ "createdDate" : ISODate("2012-10-04T03:38:41.783Z") } - { "count" : 1.0 } - 1 - 10/4/2012 10:38:41 AM
{ "createdDate" : ISODate("2012-10-04T03:38:41.83Z") } - { "count" : 1.0 } - 1 - 10/4/2012 10:38:41 AM
{ "createdDate" : ISODate("2012-10-04T03:38:41.877Z") } - { "count" : 1.0 } - 1 - 10/4/2012 10:38:41 AM
{ "createdDate" : ISODate("2012-10-04T03:38:43.361Z") } - { "count" : 1.0 } - 1 - 10/4/2012 10:38:43 AM
{ "createdDate" : ISODate("2012-10-04T03:38:43.424Z") } - { "count" : 1.0 } - 1 - 10/4/2012 10:38:43 AM
{ "createdDate" : ISODate("2012-10-04T03:38:43.486Z") } - { "count" : 1.0 } - 1 - 10/4/2012 10:38:43 AM
{ "createdDate" : ISODate("2012-10-04T03:38:43.533Z") } - { "count" : 1.0 } - 1 - 10/4/2012 10:38:43 AM
{ "createdDate" : ISODate("2012-10-04T03:38:43.595Z") } - { "count" : 1.0 } - 1 - 10/4/2012 10:38:43 AM
{ "createdDate" : ISODate("2012-10-04T03:38:43.642Z") } - { "count" : 1.0 } - 1 - 10/4/2012 10:38:43 AM
{ "createdDate" : ISODate("2012-10-04T03:38:43.705Z") } - { "count" : 1.0 } - 1 - 10/4/2012 10:38:43 AM
{ "createdDate" : ISODate("2012-10-04T03:38:43.767Z") } - { "count" : 1.0 } - 1 - 10/4/2012 10:38:43 AM
{ "createdDate" : ISODate("2012-10-04T03:38:43.83Z") } - { "count" : 1.0 } - 1 - 10/4/2012 10:38:43 AM
{ "createdDate" : ISODate("2012-10-04T03:38:43.877Z") } - { "count" : 1.0 } - 1 - 10/4/2012 10:38:43 AM
{ "createdDate" : ISODate("2012-10-04T03:38:43.939Z") } - { "count" : 1.0 } - 1 - 10/4/2012 10:38:43 AM
{ "createdDate" : ISODate("2012-10-04T03:38:48.986Z") } - { "count" : 1.0 } - 1 - 10/4/2012 10:38:48 AM
{ "createdDate" : ISODate("2012-10-04T03:38:49.033Z") } - { "count" : 1.0 } - 1 - 10/4/2012 10:38:49 AM
{ "createdDate" : ISODate("2012-10-04T03:38:49.08Z") } - { "count" : 1.0 } - 1 - 10/4/2012 10:38:49 AM
{ "createdDate" : ISODate("2012-10-04T03:38:49.111Z") } - { "count" : 1.0 } - 1 - 10/4/2012 10:38:49 AM
{ "createdDate" : ISODate("2012-10-04T03:38:49.158Z") } - { "count" : 1.0 } - 1 - 10/4/2012 10:38:49 AM
{ "createdDate" : ISODate("2012-10-04T03:38:49.22Z") } - { "count" : 1.0 } - 1 - 10/4/2012 10:38:49 AM
{ "createdDate" : ISODate("2012-10-04T03:38:49.267Z") } - { "count" : 1.0 } - 1 - 10/4/2012 10:38:49 AM
{ "createdDate" : ISODate("2012-10-04T03:38:49.314Z") } - { "count" : 1.0 } - 1 - 10/4/2012 10:38:49 AM
{ "createdDate" : ISODate("2012-10-04T03:38:49.361Z") } - { "count" : 1.0 } - 1 - 10/4/2012 10:38:49 AM
{ "createdDate" : ISODate("2012-10-04T03:38:49.424Z") } - { "count" : 1.0 } - 1 - 10/4/2012 10:38:49 AM
{ "createdDate" : ISODate("2012-10-04T03:38:49.455Z") } - { "count" : 1.0 } - 1 - 10/4/2012 10:38:49 AM
{ "createdDate" : ISODate("2012-10-04T03:38:52.08Z") } - { "count" : 1.0 } - 1 - 10/4/2012 10:38:52 AM
{ "createdDate" : ISODate("2012-10-04T03:38:52.127Z") } - { "count" : 1.0 } - 1 - 10/4/2012 10:38:52 AM
{ "createdDate" : ISODate("2012-10-04T03:38:52.174Z") } - { "count" : 1.0 } - 1 - 10/4/2012 10:38:52 AM
{ "createdDate" : ISODate("2012-10-04T03:38:52.22Z") } - { "count" : 1.0 } - 1 - 10/4/2012 10:38:52 AM
{ "createdDate" : ISODate("2012-10-04T03:38:52.283Z") } - { "count" : 1.0 } - 1 - 10/4/2012 10:38:52 AM
{ "createdDate" : ISODate("2012-10-04T03:38:52.33Z") } - { "count" : 1.0 } - 1 - 10/4/2012 10:38:52 AM
{ "createdDate" : ISODate("2012-10-04T03:38:52.392Z") } - { "count" : 1.0 } - 1 - 10/4/2012 10:38:52 AM
{ "createdDate" : ISODate("2012-10-04T03:38:52.439Z") } - { "count" : 1.0 } - 1 - 10/4/2012 10:38:52 AM
{ "createdDate" : ISODate("2012-10-04T03:38:52.486Z") } - { "count" : 1.0 } - 1 - 10/4/2012 10:38:52 AM
{ "createdDate" : ISODate("2012-10-04T03:38:52.533Z") } - { "count" : 1.0 } - 1 - 10/4/2012 10:38:52 AM
{ "createdDate" : ISODate("2012-10-04T03:38:52.58Z") } - { "count" : 1.0 } - 1 - 10/4/2012 10:38:52 AM
{ "createdDate" : ISODate("2012-10-04T03:38:56.533Z") } - { "count" : 1.0 } - 1 - 10/4/2012 10:38:56 AM
{ "createdDate" : ISODate("2012-10-04T03:38:56.58Z") } - { "count" : 1.0 } - 1 - 10/4/2012 10:38:56 AM
{ "createdDate" : ISODate("2012-10-04T03:38:56.642Z") } - { "count" : 1.0 } - 1 - 10/4/2012 10:38:56 AM
{ "createdDate" : ISODate("2012-10-04T03:38:56.689Z") } - { "count" : 1.0 } - 1 - 10/4/2012 10:38:56 AM
{ "createdDate" : ISODate("2012-10-04T03:38:56.736Z") } - { "count" : 1.0 } - 1 - 10/4/2012 10:38:56 AM
{ "createdDate" : ISODate("2012-10-04T03:38:56.783Z") } - { "count" : 1.0 } - 1 - 10/4/2012 10:38:56 AM
{ "createdDate" : ISODate("2012-10-04T03:38:56.861Z") } - { "count" : 1.0 } - 1 - 10/4/2012 10:38:56 AM
{ "createdDate" : ISODate("2012-10-04T03:38:56.908Z") } - { "count" : 1.0 } - 1 - 10/4/2012 10:38:56 AM
{ "createdDate" : ISODate("2012-10-04T03:38:56.97Z") } - { "count" : 1.0 } - 1 - 10/4/2012 10:38:56 AM
{ "createdDate" : ISODate("2012-10-04T03:38:57.017Z") } - { "count" : 1.0 } - 1 - 10/4/2012 10:38:57 AM
{ "createdDate" : ISODate("2012-10-04T03:38:57.08Z") } - { "count" : 1.0 } - 1 - 10/4/2012 10:38:57 AM
{ "createdDate" : ISODate("2012-10-04T03:38:59.549Z") } - { "count" : 1.0 } - 1 - 10/4/2012 10:38:59 AM
{ "createdDate" : ISODate("2012-10-04T03:38:59.595Z") } - { "count" : 1.0 } - 1 - 10/4/2012 10:38:59 AM
{ "createdDate" : ISODate("2012-10-04T03:38:59.674Z") } - { "count" : 1.0 } - 1 - 10/4/2012 10:38:59 AM
{ "createdDate" : ISODate("2012-10-04T03:38:59.814Z") } - { "count" : 1.0 } - 1 - 10/4/2012 10:38:59 AM
{ "createdDate" : ISODate("2012-10-04T03:38:59.955Z") } - { "count" : 1.0 } - 1 - 10/4/2012 10:38:59 AM
{ "createdDate" : ISODate("2012-10-04T03:39:00.111Z") } - { "count" : 1.0 } - 1 - 10/4/2012 10:39:00 AM
{ "createdDate" : ISODate("2012-10-04T03:39:00.236Z") } - { "count" : 1.0 } - 1 - 10/4/2012 10:39:00 AM
{ "createdDate" : ISODate("2012-10-04T03:39:00.361Z") } - { "count" : 1.0 } - 1 - 10/4/2012 10:39:00 AM
{ "createdDate" : ISODate("2012-10-04T03:39:00.486Z") } - { "count" : 1.0 } - 1 - 10/4/2012 10:39:00 AM
{ "createdDate" : ISODate("2012-10-04T03:39:00.674Z") } - { "count" : 1.0 } - 1 - 10/4/2012 10:39:00 AM
{ "createdDate" : ISODate("2012-10-04T03:39:00.799Z") } - { "count" : 1.0 } - 1 - 10/4/2012 10:39:00 AM
{ "createdDate" : ISODate("2012-10-04T03:39:05.595Z") } - { "count" : 1.0 } - 1 - 10/4/2012 10:39:05 AM
{ "createdDate" : ISODate("2012-10-04T03:39:05.642Z") } - { "count" : 1.0 } - 1 - 10/4/2012 10:39:05 AM
{ "createdDate" : ISODate("2012-10-04T03:39:05.689Z") } - { "count" : 1.0 } - 1 - 10/4/2012 10:39:05 AM
{ "createdDate" : ISODate("2012-10-04T03:39:05.736Z") } - { "count" : 1.0 } - 1 - 10/4/2012 10:39:05 AM
{ "createdDate" : ISODate("2012-10-04T03:39:05.799Z") } - { "count" : 1.0 } - 1 - 10/4/2012 10:39:05 AM
{ "createdDate" : ISODate("2012-10-04T03:39:05.845Z") } - { "count" : 1.0 } - 1 - 10/4/2012 10:39:05 AM
{ "createdDate" : ISODate("2012-10-04T03:39:05.892Z") } - { "count" : 1.0 } - 1 - 10/4/2012 10:39:05 AM
{ "createdDate" : ISODate("2012-10-04T03:39:05.939Z") } - { "count" : 1.0 } - 1 - 10/4/2012 10:39:05 AM
{ "createdDate" : ISODate("2012-10-04T03:39:06.002Z") } - { "count" : 1.0 } - 1 - 10/4/2012 10:39:06 AM
{ "createdDate" : ISODate("2012-10-04T03:39:06.049Z") } - { "count" : 1.0 } - 1 - 10/4/2012 10:39:06 AM
{ "createdDate" : ISODate("2012-10-04T03:39:06.095Z") } - { "count" : 1.0 } - 1 - 10/4/2012 10:39:06 AM
{ "createdDate" : ISODate("2012-10-04T03:39:07.533Z") } - { "count" : 1.0 } - 1 - 10/4/2012 10:39:07 AM
{ "createdDate" : ISODate("2012-10-04T03:39:07.611Z") } - { "count" : 1.0 } - 1 - 10/4/2012 10:39:07 AM
{ "createdDate" : ISODate("2012-10-04T03:39:07.658Z") } - { "count" : 1.0 } - 1 - 10/4/2012 10:39:07 AM
{ "createdDate" : ISODate("2012-10-04T03:39:07.72Z") } - { "count" : 1.0 } - 1 - 10/4/2012 10:39:07 AM
{ "createdDate" : ISODate("2012-10-04T03:39:07.767Z") } - { "count" : 1.0 } - 1 - 10/4/2012 10:39:07 AM
{ "createdDate" : ISODate("2012-10-04T03:39:07.814Z") } - { "count" : 1.0 } - 1 - 10/4/2012 10:39:07 AM
{ "createdDate" : ISODate("2012-10-04T03:39:07.877Z") } - { "count" : 1.0 } - 1 - 10/4/2012 10:39:07 AM
{ "createdDate" : ISODate("2012-10-04T03:39:07.924Z") } - { "count" : 1.0 } - 1 - 10/4/2012 10:39:07 AM
{ "createdDate" : ISODate("2012-10-04T03:39:07.97Z") } - { "count" : 1.0 } - 1 - 10/4/2012 10:39:07 AM
{ "createdDate" : ISODate("2012-10-04T03:39:08.033Z") } - { "count" : 1.0 } - 1 - 10/4/2012 10:39:08 AM
{ "createdDate" : ISODate("2012-10-04T03:39:08.08Z") } - { "count" : 1.0 } - 1 - 10/4/2012 10:39:08 AM
{ "createdDate" : ISODate("2012-10-04T03:39:12.189Z") } - { "count" : 1.0 } - 1 - 10/4/2012 10:39:12 AM
{ "createdDate" : ISODate("2012-10-04T03:39:12.236Z") } - { "count" : 1.0 } - 1 - 10/4/2012 10:39:12 AM
{ "createdDate" : ISODate("2012-10-04T03:39:12.283Z") } - { "count" : 1.0 } - 1 - 10/4/2012 10:39:12 AM
{ "createdDate" : ISODate("2012-10-04T03:39:12.345Z") } - { "count" : 1.0 } - 1 - 10/4/2012 10:39:12 AM
{ "createdDate" : ISODate("2012-10-04T03:39:12.392Z") } - { "count" : 1.0 } - 1 - 10/4/2012 10:39:12 AM
{ "createdDate" : ISODate("2012-10-04T03:39:12.439Z") } - { "count" : 1.0 } - 1 - 10/4/2012 10:39:12 AM
{ "createdDate" : ISODate("2012-10-04T03:39:12.502Z") } - { "count" : 1.0 } - 1 - 10/4/2012 10:39:12 AM
{ "createdDate" : ISODate("2012-10-04T03:39:12.549Z") } - { "count" : 1.0 } - 1 - 10/4/2012 10:39:12 AM
{ "createdDate" : ISODate("2012-10-04T03:39:12.595Z") } - { "count" : 1.0 } - 1 - 10/4/2012 10:39:12 AM
{ "createdDate" : ISODate("2012-10-04T03:39:12.642Z") } - { "count" : 1.0 } - 1 - 10/4/2012 10:39:12 AM
{ "createdDate" : ISODate("2012-10-04T03:39:12.689Z") } - { "count" : 1.0 } - 1 - 10/4/2012 10:39:12 AM
{ "createdDate" : ISODate("2012-10-04T03:39:15.783Z") } - { "count" : 1.0 } - 1 - 10/4/2012 10:39:15 AM
{ "createdDate" : ISODate("2012-10-04T03:39:15.97Z") } - { "count" : 1.0 } - 1 - 10/4/2012 10:39:15 AM
{ "createdDate" : ISODate("2012-10-04T03:39:16.017Z") } - { "count" : 1.0 } - 1 - 10/4/2012 10:39:16 AM
{ "createdDate" : ISODate("2012-10-04T03:39:16.08Z") } - { "count" : 1.0 } - 1 - 10/4/2012 10:39:16 AM
{ "createdDate" : ISODate("2012-10-04T03:39:16.142Z") } - { "count" : 1.0 } - 1 - 10/4/2012 10:39:16 AM
{ "createdDate" : ISODate("2012-10-04T03:39:16.205Z") } - { "count" : 1.0 } - 1 - 10/4/2012 10:39:16 AM
{ "createdDate" : ISODate("2012-10-04T03:39:16.252Z") } - { "count" : 1.0 } - 1 - 10/4/2012 10:39:16 AM
{ "createdDate" : ISODate("2012-10-04T03:39:16.299Z") } - { "count" : 1.0 } - 1 - 10/4/2012 10:39:16 AM
{ "createdDate" : ISODate("2012-10-04T03:39:16.361Z") } - { "count" : 1.0 } - 1 - 10/4/2012 10:39:16 AM
{ "createdDate" : ISODate("2012-10-04T03:39:16.408Z") } - { "count" : 1.0 } - 1 - 10/4/2012 10:39:16 AM
{ "createdDate" : ISODate("2012-10-04T03:39:16.455Z") } - { "count" : 1.0 } - 1 - 10/4/2012 10:39:16 AM
{ "createdDate" : ISODate("2012-10-04T03:39:21.424Z") } - { "count" : 1.0 } - 1 - 10/4/2012 10:39:21 AM
{ "createdDate" : ISODate("2012-10-04T03:39:21.47Z") } - { "count" : 1.0 } - 1 - 10/4/2012 10:39:21 AM
{ "createdDate" : ISODate("2012-10-04T03:39:21.533Z") } - { "count" : 1.0 } - 1 - 10/4/2012 10:39:21 AM
{ "createdDate" : ISODate("2012-10-04T03:39:21.58Z") } - { "count" : 1.0 } - 1 - 10/4/2012 10:39:21 AM
{ "createdDate" : ISODate("2012-10-04T03:39:21.627Z") } - { "count" : 1.0 } - 1 - 10/4/2012 10:39:21 AM
{ "createdDate" : ISODate("2012-10-04T03:39:21.674Z") } - { "count" : 1.0 } - 1 - 10/4/2012 10:39:21 AM
{ "createdDate" : ISODate("2012-10-04T03:39:21.72Z") } - { "count" : 1.0 } - 1 - 10/4/2012 10:39:21 AM
{ "createdDate" : ISODate("2012-10-04T03:39:21.767Z") } - { "count" : 1.0 } - 1 - 10/4/2012 10:39:21 AM
{ "createdDate" : ISODate("2012-10-04T03:39:21.814Z") } - { "count" : 1.0 } - 1 - 10/4/2012 10:39:21 AM
{ "createdDate" : ISODate("2012-10-04T03:39:21.877Z") } - { "count" : 1.0 } - 1 - 10/4/2012 10:39:21 AM
{ "createdDate" : ISODate("2012-10-04T03:39:21.924Z") } - { "count" : 1.0 } - 1 - 10/4/2012 10:39:21 AM
{ "createdDate" : ISODate("2012-10-04T03:39:24.08Z") } - { "count" : 1.0 } - 1 - 10/4/2012 10:39:24 AM
{ "createdDate" : ISODate("2012-10-04T03:39:24.299Z") } - { "count" : 1.0 } - 1 - 10/4/2012 10:39:24 AM
{ "createdDate" : ISODate("2012-10-04T03:39:24.345Z") } - { "count" : 1.0 } - 1 - 10/4/2012 10:39:24 AM
{ "createdDate" : ISODate("2012-10-04T03:39:24.58Z") } - { "count" : 1.0 } - 1 - 10/4/2012 10:39:24 AM
{ "createdDate" : ISODate("2012-10-04T03:39:24.689Z") } - { "count" : 1.0 } - 1 - 10/4/2012 10:39:24 AM
{ "createdDate" : ISODate("2012-10-04T03:39:24.908Z") } - { "count" : 1.0 } - 1 - 10/4/2012 10:39:24 AM
{ "createdDate" : ISODate("2012-10-04T03:39:25.127Z") } - { "count" : 1.0 } - 1 - 10/4/2012 10:39:25 AM
{ "createdDate" : ISODate("2012-10-04T03:39:25.252Z") } - { "count" : 1.0 } - 1 - 10/4/2012 10:39:25 AM
{ "createdDate" : ISODate("2012-10-04T03:39:25.377Z") } - { "count" : 1.0 } - 1 - 10/4/2012 10:39:25 AM
{ "createdDate" : ISODate("2012-10-04T03:39:25.486Z") } - { "count" : 1.0 } - 1 - 10/4/2012 10:39:25 AM
{ "createdDate" : ISODate("2012-10-04T03:39:25.611Z") } - { "count" : 1.0 } - 1 - 10/4/2012 10:39:25 AM
{ "createdDate" : ISODate("2012-10-04T03:39:30.189Z") } - { "count" : 1.0 } - 1 - 10/4/2012 10:39:30 AM
{ "createdDate" : ISODate("2012-10-04T03:39:30.236Z") } - { "count" : 1.0 } - 1 - 10/4/2012 10:39:30 AM
{ "createdDate" : ISODate("2012-10-04T03:39:30.299Z") } - { "count" : 1.0 } - 1 - 10/4/2012 10:39:30 AM
{ "createdDate" : ISODate("2012-10-04T03:39:30.361Z") } - { "count" : 1.0 } - 1 - 10/4/2012 10:39:30 AM
{ "createdDate" : ISODate("2012-10-04T03:39:30.424Z") } - { "count" : 1.0 } - 1 - 10/4/2012 10:39:30 AM
{ "createdDate" : ISODate("2012-10-04T03:39:30.47Z") } - { "count" : 1.0 } - 1 - 10/4/2012 10:39:30 AM
{ "createdDate" : ISODate("2012-10-04T03:39:30.517Z") } - { "count" : 1.0 } - 1 - 10/4/2012 10:39:30 AM
{ "createdDate" : ISODate("2012-10-04T03:39:30.58Z") } - { "count" : 1.0 } - 1 - 10/4/2012 10:39:30 AM
{ "createdDate" : ISODate("2012-10-04T03:39:30.627Z") } - { "count" : 1.0 } - 1 - 10/4/2012 10:39:30 AM
{ "createdDate" : ISODate("2012-10-04T03:39:30.674Z") } - { "count" : 1.0 } - 1 - 10/4/2012 10:39:30 AM
{ "createdDate" : ISODate("2012-10-04T03:39:30.72Z") } - { "count" : 1.0 } - 1 - 10/4/2012 10:39:30 AM
{ "createdDate" : ISODate("2012-10-04T03:39:32.549Z") } - { "count" : 1.0 } - 1 - 10/4/2012 10:39:32 AM
{ "createdDate" : ISODate("2012-10-04T03:39:32.611Z") } - { "count" : 1.0 } - 1 - 10/4/2012 10:39:32 AM
{ "createdDate" : ISODate("2012-10-04T03:39:32.674Z") } - { "count" : 1.0 } - 1 - 10/4/2012 10:39:32 AM
{ "createdDate" : ISODate("2012-10-04T03:39:32.736Z") } - { "count" : 1.0 } - 1 - 10/4/2012 10:39:32 AM
{ "createdDate" : ISODate("2012-10-04T03:39:32.783Z") } - { "count" : 1.0 } - 1 - 10/4/2012 10:39:32 AM
{ "createdDate" : ISODate("2012-10-04T03:39:32.83Z") } - { "count" : 1.0 } - 1 - 10/4/2012 10:39:32 AM
{ "createdDate" : ISODate("2012-10-04T03:39:32.892Z") } - { "count" : 1.0 } - 1 - 10/4/2012 10:39:32 AM
{ "createdDate" : ISODate("2012-10-04T03:39:32.955Z") } - { "count" : 1.0 } - 1 - 10/4/2012 10:39:32 AM
{ "createdDate" : ISODate("2012-10-04T03:39:33.002Z") } - { "count" : 1.0 } - 1 - 10/4/2012 10:39:33 AM
{ "createdDate" : ISODate("2012-10-04T03:39:33.049Z") } - { "count" : 1.0 } - 1 - 10/4/2012 10:39:33 AM
{ "createdDate" : ISODate("2012-10-04T03:39:33.095Z") } - { "count" : 1.0 } - 1 - 10/4/2012 10:39:33 AM
{ "createdDate" : ISODate("2012-10-04T03:39:38.095Z") } - { "count" : 1.0 } - 1 - 10/4/2012 10:39:38 AM
{ "createdDate" : ISODate("2012-10-04T03:39:38.142Z") } - { "count" : 1.0 } - 1 - 10/4/2012 10:39:38 AM
{ "createdDate" : ISODate("2012-10-04T03:39:38.205Z") } - { "count" : 1.0 } - 1 - 10/4/2012 10:39:38 AM
{ "createdDate" : ISODate("2012-10-04T03:39:38.252Z") } - { "count" : 1.0 } - 1 - 10/4/2012 10:39:38 AM
{ "createdDate" : ISODate("2012-10-04T03:39:38.299Z") } - { "count" : 1.0 } - 1 - 10/4/2012 10:39:38 AM
{ "createdDate" : ISODate("2012-10-04T03:39:38.345Z") } - { "count" : 1.0 } - 1 - 10/4/2012 10:39:38 AM
{ "createdDate" : ISODate("2012-10-04T03:39:38.486Z") } - { "count" : 1.0 } - 1 - 10/4/2012 10:39:38 AM
{ "createdDate" : ISODate("2012-10-04T03:39:38.533Z") } - { "count" : 1.0 } - 1 - 10/4/2012 10:39:38 AM
{ "createdDate" : ISODate("2012-10-04T03:39:38.58Z") } - { "count" : 1.0 } - 1 - 10/4/2012 10:39:38 AM
{ "createdDate" : ISODate("2012-10-04T03:39:38.627Z") } - { "count" : 1.0 } - 1 - 10/4/2012 10:39:38 AM
{ "createdDate" : ISODate("2012-10-04T03:39:38.689Z") } - { "count" : 1.0 } - 1 - 10/4/2012 10:39:38 AM
{ "createdDate" : ISODate("2012-10-04T03:39:40.627Z") } - { "count" : 1.0 } - 1 - 10/4/2012 10:39:40 AM
{ "createdDate" : ISODate("2012-10-04T03:39:40.689Z") } - { "count" : 1.0 } - 1 - 10/4/2012 10:39:40 AM
{ "createdDate" : ISODate("2012-10-04T03:39:40.736Z") } - { "count" : 1.0 } - 1 - 10/4/2012 10:39:40 AM
{ "createdDate" : ISODate("2012-10-04T03:39:40.799Z") } - { "count" : 1.0 } - 1 - 10/4/2012 10:39:40 AM
{ "createdDate" : ISODate("2012-10-04T03:39:40.845Z") } - { "count" : 1.0 } - 1 - 10/4/2012 10:39:40 AM
{ "createdDate" : ISODate("2012-10-04T03:39:40.892Z") } - { "count" : 1.0 } - 1 - 10/4/2012 10:39:40 AM
{ "createdDate" : ISODate("2012-10-04T03:39:40.955Z") } - { "count" : 1.0 } - 1 - 10/4/2012 10:39:40 AM
{ "createdDate" : ISODate("2012-10-04T03:39:41.017Z") } - { "count" : 1.0 } - 1 - 10/4/2012 10:39:41 AM
{ "createdDate" : ISODate("2012-10-04T03:39:41.064Z") } - { "count" : 1.0 } - 1 - 10/4/2012 10:39:41 AM
{ "createdDate" : ISODate("2012-10-04T03:39:41.111Z") } - { "count" : 1.0 } - 1 - 10/4/2012 10:39:41 AM
{ "createdDate" : ISODate("2012-10-04T03:39:41.174Z") } - { "count" : 1.0 } - 1 - 10/4/2012 10:39:41 AM
{ "createdDate" : ISODate("2012-10-04T03:39:45.674Z") } - { "count" : 1.0 } - 1 - 10/4/2012 10:39:45 AM
{ "createdDate" : ISODate("2012-10-04T03:39:45.72Z") } - { "count" : 1.0 } - 1 - 10/4/2012 10:39:45 AM
{ "createdDate" : ISODate("2012-10-04T03:39:45.783Z") } - { "count" : 1.0 } - 1 - 10/4/2012 10:39:45 AM
{ "createdDate" : ISODate("2012-10-04T03:39:45.83Z") } - { "count" : 1.0 } - 1 - 10/4/2012 10:39:45 AM
{ "createdDate" : ISODate("2012-10-04T03:39:45.892Z") } - { "count" : 1.0 } - 1 - 10/4/2012 10:39:45 AM
{ "createdDate" : ISODate("2012-10-04T03:39:45.955Z") } - { "count" : 1.0 } - 1 - 10/4/2012 10:39:45 AM
{ "createdDate" : ISODate("2012-10-04T03:39:46.002Z") } - { "count" : 1.0 } - 1 - 10/4/2012 10:39:46 AM
{ "createdDate" : ISODate("2012-10-04T03:39:46.049Z") } - { "count" : 1.0 } - 1 - 10/4/2012 10:39:46 AM
{ "createdDate" : ISODate("2012-10-04T03:39:46.095Z") } - { "count" : 1.0 } - 1 - 10/4/2012 10:39:46 AM
{ "createdDate" : ISODate("2012-10-04T03:39:46.158Z") } - { "count" : 1.0 } - 1 - 10/4/2012 10:39:46 AM
{ "createdDate" : ISODate("2012-10-04T03:39:46.47Z") } - { "count" : 1.0 } - 1 - 10/4/2012 10:39:46 AM
{ "createdDate" : ISODate("2012-10-04T03:39:49.627Z") } - { "count" : 1.0 } - 1 - 10/4/2012 10:39:49 AM
{ "createdDate" : ISODate("2012-10-04T03:39:49.689Z") } - { "count" : 1.0 } - 1 - 10/4/2012 10:39:49 AM
{ "createdDate" : ISODate("2012-10-04T03:39:49.736Z") } - { "count" : 1.0 } - 1 - 10/4/2012 10:39:49 AM
{ "createdDate" : ISODate("2012-10-04T03:39:49.799Z") } - { "count" : 1.0 } - 1 - 10/4/2012 10:39:49 AM
{ "createdDate" : ISODate("2012-10-04T03:39:49.845Z") } - { "count" : 1.0 } - 1 - 10/4/2012 10:39:49 AM
{ "createdDate" : ISODate("2012-10-04T03:39:50.189Z") } - { "count" : 1.0 } - 1 - 10/4/2012 10:39:50 AM
{ "createdDate" : ISODate("2012-10-04T03:39:50.267Z") } - { "count" : 1.0 } - 1 - 10/4/2012 10:39:50 AM
{ "createdDate" : ISODate("2012-10-04T03:39:50.424Z") } - { "count" : 1.0 } - 1 - 10/4/2012 10:39:50 AM
{ "createdDate" : ISODate("2012-10-04T03:39:50.486Z") } - { "count" : 1.0 } - 1 - 10/4/2012 10:39:50 AM
{ "createdDate" : ISODate("2012-10-04T03:39:50.549Z") } - { "count" : 1.0 } - 1 - 10/4/2012 10:39:50 AM
{ "createdDate" : ISODate("2012-10-04T03:39:50.611Z") } - { "count" : 1.0 } - 1 - 10/4/2012 10:39:50 AM
{ "createdDate" : ISODate("2012-10-04T03:39:54.205Z") } - { "count" : 1.0 } - 1 - 10/4/2012 10:39:54 AM
{ "createdDate" : ISODate("2012-10-04T03:39:54.361Z") } - { "count" : 1.0 } - 1 - 10/4/2012 10:39:54 AM
{ "createdDate" : ISODate("2012-10-04T03:39:54.455Z") } - { "count" : 1.0 } - 1 - 10/4/2012 10:39:54 AM
{ "createdDate" : ISODate("2012-10-04T03:39:54.549Z") } - { "count" : 1.0 } - 1 - 10/4/2012 10:39:54 AM
{ "createdDate" : ISODate("2012-10-04T03:39:54.611Z") } - { "count" : 1.0 } - 1 - 10/4/2012 10:39:54 AM
{ "createdDate" : ISODate("2012-10-04T03:39:54.767Z") } - { "count" : 1.0 } - 1 - 10/4/2012 10:39:54 AM
{ "createdDate" : ISODate("2012-10-04T03:39:54.814Z") } - { "count" : 1.0 } - 1 - 10/4/2012 10:39:54 AM
{ "createdDate" : ISODate("2012-10-04T03:39:54.892Z") } - { "count" : 1.0 } - 1 - 10/4/2012 10:39:54 AM
{ "createdDate" : ISODate("2012-10-04T03:39:54.955Z") } - { "count" : 1.0 } - 1 - 10/4/2012 10:39:54 AM
{ "createdDate" : ISODate("2012-10-04T03:39:55.002Z") } - { "count" : 1.0 } - 1 - 10/4/2012 10:39:55 AM
{ "createdDate" : ISODate("2012-10-04T03:39:55.064Z") } - { "count" : 1.0 } - 1 - 10/4/2012 10:39:55 AM
{ "createdDate" : ISODate("2012-10-04T03:39:56.658Z") } - { "count" : 1.0 } - 1 - 10/4/2012 10:39:56 AM
{ "createdDate" : ISODate("2012-10-04T03:39:56.705Z") } - { "count" : 1.0 } - 1 - 10/4/2012 10:39:56 AM
{ "createdDate" : ISODate("2012-10-04T03:39:56.767Z") } - { "count" : 1.0 } - 1 - 10/4/2012 10:39:56 AM
{ "createdDate" : ISODate("2012-10-04T03:39:56.845Z") } - { "count" : 1.0 } - 1 - 10/4/2012 10:39:56 AM
{ "createdDate" : ISODate("2012-10-04T03:39:56.892Z") } - { "count" : 1.0 } - 1 - 10/4/2012 10:39:56 AM
{ "createdDate" : ISODate("2012-10-04T03:39:56.955Z") } - { "count" : 1.0 } - 1 - 10/4/2012 10:39:56 AM
{ "createdDate" : ISODate("2012-10-04T03:39:57.002Z") } - { "count" : 1.0 } - 1 - 10/4/2012 10:39:57 AM
{ "createdDate" : ISODate("2012-10-04T03:39:57.064Z") } - { "count" : 1.0 } - 1 - 10/4/2012 10:39:57 AM
{ "createdDate" : ISODate("2012-10-04T03:39:57.111Z") } - { "count" : 1.0 } - 1 - 10/4/2012 10:39:57 AM
{ "createdDate" : ISODate("2012-10-04T03:39:57.174Z") } - { "count" : 1.0 } - 1 - 10/4/2012 10:39:57 AM
{ "createdDate" : ISODate("2012-10-04T03:39:57.22Z") } - { "count" : 1.0 } - 1 - 10/4/2012 10:39:57 AM
{ "createdDate" : ISODate("2012-10-04T03:40:02.174Z") } - { "count" : 1.0 } - 1 - 10/4/2012 10:40:02 AM
{ "createdDate" : ISODate("2012-10-04T03:40:02.22Z") } - { "count" : 1.0 } - 1 - 10/4/2012 10:40:02 AM
{ "createdDate" : ISODate("2012-10-04T03:40:02.283Z") } - { "count" : 1.0 } - 1 - 10/4/2012 10:40:02 AM
{ "createdDate" : ISODate("2012-10-04T03:40:02.33Z") } - { "count" : 1.0 } - 1 - 10/4/2012 10:40:02 AM
{ "createdDate" : ISODate("2012-10-04T03:40:02.392Z") } - { "count" : 1.0 } - 1 - 10/4/2012 10:40:02 AM
{ "createdDate" : ISODate("2012-10-04T03:40:02.439Z") } - { "count" : 1.0 } - 1 - 10/4/2012 10:40:02 AM
{ "createdDate" : ISODate("2012-10-04T03:40:02.486Z") } - { "count" : 1.0 } - 1 - 10/4/2012 10:40:02 AM
{ "createdDate" : ISODate("2012-10-04T03:40:02.549Z") } - { "count" : 1.0 } - 1 - 10/4/2012 10:40:02 AM
{ "createdDate" : ISODate("2012-10-04T03:40:02.595Z") } - { "count" : 1.0 } - 1 - 10/4/2012 10:40:02 AM
{ "createdDate" : ISODate("2012-10-04T03:40:02.642Z") } - { "count" : 1.0 } - 1 - 10/4/2012 10:40:02 AM
{ "createdDate" : ISODate("2012-10-04T03:40:02.705Z") } - { "count" : 1.0 } - 1 - 10/4/2012 10:40:02 AM
{ "createdDate" : ISODate("2012-10-04T03:40:05.892Z") } - { "count" : 1.0 } - 1 - 10/4/2012 10:40:05 AM
{ "createdDate" : ISODate("2012-10-04T03:40:06.127Z") } - { "count" : 1.0 } - 1 - 10/4/2012 10:40:06 AM
{ "createdDate" : ISODate("2012-10-04T03:40:06.361Z") } - { "count" : 1.0 } - 1 - 10/4/2012 10:40:06 AM
{ "createdDate" : ISODate("2012-10-04T03:40:06.564Z") } - { "count" : 1.0 } - 1 - 10/4/2012 10:40:06 AM
{ "createdDate" : ISODate("2012-10-04T03:40:06.627Z") } - { "count" : 1.0 } - 1 - 10/4/2012 10:40:06 AM
{ "createdDate" : ISODate("2012-10-04T03:40:06.705Z") } - { "count" : 1.0 } - 1 - 10/4/2012 10:40:06 AM
{ "createdDate" : ISODate("2012-10-04T03:40:06.814Z") } - { "count" : 1.0 } - 1 - 10/4/2012 10:40:06 AM
{ "createdDate" : ISODate("2012-10-04T03:40:06.861Z") } - { "count" : 1.0 } - 1 - 10/4/2012 10:40:06 AM
{ "createdDate" : ISODate("2012-10-04T03:40:06.908Z") } - { "count" : 1.0 } - 1 - 10/4/2012 10:40:06 AM
{ "createdDate" : ISODate("2012-10-04T03:40:06.97Z") } - { "count" : 1.0 } - 1 - 10/4/2012 10:40:06 AM
{ "createdDate" : ISODate("2012-10-04T03:40:07.017Z") } - { "count" : 1.0 } - 1 - 10/4/2012 10:40:07 AM
{ "createdDate" : ISODate("2012-10-04T03:40:10.189Z") } - { "count" : 1.0 } - 1 - 10/4/2012 10:40:10 AM
{ "createdDate" : ISODate("2012-10-04T03:40:10.252Z") } - { "count" : 1.0 } - 1 - 10/4/2012 10:40:10 AM
{ "createdDate" : ISODate("2012-10-04T03:40:10.314Z") } - { "count" : 1.0 } - 1 - 10/4/2012 10:40:10 AM
{ "createdDate" : ISODate("2012-10-04T03:40:10.392Z") } - { "count" : 1.0 } - 1 - 10/4/2012 10:40:10 AM
{ "createdDate" : ISODate("2012-10-04T03:40:10.47Z") } - { "count" : 1.0 } - 1 - 10/4/2012 10:40:10 AM
{ "createdDate" : ISODate("2012-10-04T03:40:10.517Z") } - { "count" : 1.0 } - 1 - 10/4/2012 10:40:10 AM
{ "createdDate" : ISODate("2012-10-04T03:40:10.58Z") } - { "count" : 1.0 } - 1 - 10/4/2012 10:40:10 AM
{ "createdDate" : ISODate("2012-10-04T03:40:10.642Z") } - { "count" : 1.0 } - 1 - 10/4/2012 10:40:10 AM
{ "createdDate" : ISODate("2012-10-04T03:40:10.689Z") } - { "count" : 1.0 } - 1 - 10/4/2012 10:40:10 AM
{ "createdDate" : ISODate("2012-10-04T03:40:10.799Z") } - { "count" : 1.0 } - 1 - 10/4/2012 10:40:10 AM
{ "createdDate" : ISODate("2012-10-04T03:40:10.908Z") } - { "count" : 1.0 } - 1 - 10/4/2012 10:40:10 AM
{ "createdDate" : ISODate("2012-10-04T03:40:12.83Z") } - { "count" : 1.0 } - 1 - 10/4/2012 10:40:12 AM
{ "createdDate" : ISODate("2012-10-04T03:40:12.892Z") } - { "count" : 1.0 } - 1 - 10/4/2012 10:40:12 AM
{ "createdDate" : ISODate("2012-10-04T03:40:12.955Z") } - { "count" : 1.0 } - 1 - 10/4/2012 10:40:12 AM
{ "createdDate" : ISODate("2012-10-04T03:40:13.111Z") } - { "count" : 1.0 } - 1 - 10/4/2012 10:40:13 AM
{ "createdDate" : ISODate("2012-10-04T03:40:13.252Z") } - { "count" : 1.0 } - 1 - 10/4/2012 10:40:13 AM
{ "createdDate" : ISODate("2012-10-04T03:40:13.314Z") } - { "count" : 1.0 } - 1 - 10/4/2012 10:40:13 AM
{ "createdDate" : ISODate("2012-10-04T03:40:13.549Z") } - { "count" : 1.0 } - 1 - 10/4/2012 10:40:13 AM
{ "createdDate" : ISODate("2012-10-04T03:40:13.767Z") } - { "count" : 1.0 } - 1 - 10/4/2012 10:40:13 AM
{ "createdDate" : ISODate("2012-10-04T03:40:13.97Z") } - { "count" : 1.0 } - 1 - 10/4/2012 10:40:13 AM
{ "createdDate" : ISODate("2012-10-04T03:40:14.033Z") } - { "count" : 1.0 } - 1 - 10/4/2012 10:40:14 AM
{ "createdDate" : ISODate("2012-10-04T03:40:14.111Z") } - { "count" : 1.0 } - 1 - 10/4/2012 10:40:14 AM
{ "createdDate" : ISODate("2012-10-04T03:40:18.267Z") } - { "count" : 1.0 } - 1 - 10/4/2012 10:40:18 AM
{ "createdDate" : ISODate("2012-10-04T03:40:18.361Z") } - { "count" : 1.0 } - 1 - 10/4/2012 10:40:18 AM
{ "createdDate" : ISODate("2012-10-04T03:40:18.517Z") } - { "count" : 1.0 } - 1 - 10/4/2012 10:40:18 AM
{ "createdDate" : ISODate("2012-10-04T03:40:18.627Z") } - { "count" : 1.0 } - 1 - 10/4/2012 10:40:18 AM
{ "createdDate" : ISODate("2012-10-04T03:40:18.783Z") } - { "count" : 1.0 } - 1 - 10/4/2012 10:40:18 AM
{ "createdDate" : ISODate("2012-10-04T03:40:18.861Z") } - { "count" : 1.0 } - 1 - 10/4/2012 10:40:18 AM
{ "createdDate" : ISODate("2012-10-04T03:40:18.97Z") } - { "count" : 1.0 } - 1 - 10/4/2012 10:40:18 AM
{ "createdDate" : ISODate("2012-10-04T03:40:19.033Z") } - { "count" : 1.0 } - 1 - 10/4/2012 10:40:19 AM
{ "createdDate" : ISODate("2012-10-04T03:40:19.08Z") } - { "count" : 1.0 } - 1 - 10/4/2012 10:40:19 AM
{ "createdDate" : ISODate("2012-10-04T03:40:19.299Z") } - { "count" : 1.0 } - 1 - 10/4/2012 10:40:19 AM
{ "createdDate" : ISODate("2012-10-04T03:40:19.345Z") } - { "count" : 1.0 } - 1 - 10/4/2012 10:40:19 AM
{ "createdDate" : ISODate("2012-10-04T03:40:20.799Z") } - { "count" : 1.0 } - 1 - 10/4/2012 10:40:20 AM
{ "createdDate" : ISODate("2012-10-04T03:40:20.892Z") } - { "count" : 1.0 } - 1 - 10/4/2012 10:40:20 AM
{ "createdDate" : ISODate("2012-10-04T03:40:21.049Z") } - { "count" : 1.0 } - 1 - 10/4/2012 10:40:21 AM
{ "createdDate" : ISODate("2012-10-04T03:40:21.111Z") } - { "count" : 1.0 } - 1 - 10/4/2012 10:40:21 AM
{ "createdDate" : ISODate("2012-10-04T03:40:21.158Z") } - { "count" : 1.0 } - 1 - 10/4/2012 10:40:21 AM
{ "createdDate" : ISODate("2012-10-04T03:40:21.22Z") } - { "count" : 1.0 } - 1 - 10/4/2012 10:40:21 AM
{ "createdDate" : ISODate("2012-10-04T03:40:21.267Z") } - { "count" : 1.0 } - 1 - 10/4/2012 10:40:21 AM
{ "createdDate" : ISODate("2012-10-04T03:40:21.314Z") } - { "count" : 1.0 } - 1 - 10/4/2012 10:40:21 AM
{ "createdDate" : ISODate("2012-10-04T03:40:21.361Z") } - { "count" : 1.0 } - 1 - 10/4/2012 10:40:21 AM
{ "createdDate" : ISODate("2012-10-04T03:40:21.408Z") } - { "count" : 1.0 } - 1 - 10/4/2012 10:40:21 AM
{ "createdDate" : ISODate("2012-10-04T03:40:21.47Z") } - { "count" : 1.0 } - 1 - 10/4/2012 10:40:21 AM
{ "createdDate" : ISODate("2012-10-04T03:40:26.299Z") } - { "count" : 1.0 } - 1 - 10/4/2012 10:40:26 AM
{ "createdDate" : ISODate("2012-10-04T03:40:26.345Z") } - { "count" : 1.0 } - 1 - 10/4/2012 10:40:26 AM
{ "createdDate" : ISODate("2012-10-04T03:40:26.408Z") } - { "count" : 1.0 } - 1 - 10/4/2012 10:40:26 AM
{ "createdDate" : ISODate("2012-10-04T03:40:26.455Z") } - { "count" : 1.0 } - 1 - 10/4/2012 10:40:26 AM
{ "createdDate" : ISODate("2012-10-04T03:40:26.502Z") } - { "count" : 1.0 } - 1 - 10/4/2012 10:40:26 AM
{ "createdDate" : ISODate("2012-10-04T03:40:26.549Z") } - { "count" : 1.0 } - 1 - 10/4/2012 10:40:26 AM
{ "createdDate" : ISODate("2012-10-04T03:40:26.595Z") } - { "count" : 1.0 } - 1 - 10/4/2012 10:40:26 AM
{ "createdDate" : ISODate("2012-10-04T03:40:26.642Z") } - { "count" : 1.0 } - 1 - 10/4/2012 10:40:26 AM
{ "createdDate" : ISODate("2012-10-04T03:40:26.689Z") } - { "count" : 1.0 } - 1 - 10/4/2012 10:40:26 AM
{ "createdDate" : ISODate("2012-10-04T03:40:26.736Z") } - { "count" : 1.0 } - 1 - 10/4/2012 10:40:26 AM
{ "createdDate" : ISODate("2012-10-04T03:40:26.783Z") } - { "count" : 1.0 } - 1 - 10/4/2012 10:40:26 AM
{ "createdDate" : ISODate("2012-10-04T03:40:30.33Z") } - { "count" : 1.0 } - 1 - 10/4/2012 10:40:30 AM
{ "createdDate" : ISODate("2012-10-04T03:40:30.455Z") } - { "count" : 1.0 } - 1 - 10/4/2012 10:40:30 AM
{ "createdDate" : ISODate("2012-10-04T03:40:30.58Z") } - { "count" : 1.0 } - 1 - 10/4/2012 10:40:30 AM
{ "createdDate" : ISODate("2012-10-04T03:40:30.814Z") } - { "count" : 1.0 } - 1 - 10/4/2012 10:40:30 AM
{ "createdDate" : ISODate("2012-10-04T03:40:30.892Z") } - { "count" : 1.0 } - 1 - 10/4/2012 10:40:30 AM
{ "createdDate" : ISODate("2012-10-04T03:40:31.017Z") } - { "count" : 1.0 } - 1 - 10/4/2012 10:40:31 AM
{ "createdDate" : ISODate("2012-10-04T03:40:31.252Z") } - { "count" : 1.0 } - 1 - 10/4/2012 10:40:31 AM
{ "createdDate" : ISODate("2012-10-04T03:40:31.502Z") } - { "count" : 1.0 } - 1 - 10/4/2012 10:40:31 AM
{ "createdDate" : ISODate("2012-10-04T03:40:31.549Z") } - { "count" : 1.0 } - 1 - 10/4/2012 10:40:31 AM
{ "createdDate" : ISODate("2012-10-04T03:40:31.595Z") } - { "count" : 1.0 } - 1 - 10/4/2012 10:40:31 AM
{ "createdDate" : ISODate("2012-10-04T03:40:31.658Z") } - { "count" : 1.0 } - 1 - 10/4/2012 10:40:31 AM
{ "createdDate" : ISODate("2012-10-04T03:40:34.361Z") } - { "count" : 1.0 } - 1 - 10/4/2012 10:40:34 AM
{ "createdDate" : ISODate("2012-10-04T03:40:34.533Z") } - { "count" : 1.0 } - 1 - 10/4/2012 10:40:34 AM
{ "createdDate" : ISODate("2012-10-04T03:40:34.595Z") } - { "count" : 1.0 } - 1 - 10/4/2012 10:40:34 AM
{ "createdDate" : ISODate("2012-10-04T03:40:34.674Z") } - { "count" : 1.0 } - 1 - 10/4/2012 10:40:34 AM
{ "createdDate" : ISODate("2012-10-04T03:40:34.908Z") } - { "count" : 1.0 } - 1 - 10/4/2012 10:40:34 AM
{ "createdDate" : ISODate("2012-10-04T03:40:34.97Z") } - { "count" : 1.0 } - 1 - 10/4/2012 10:40:34 AM
{ "createdDate" : ISODate("2012-10-04T03:40:35.142Z") } - { "count" : 1.0 } - 1 - 10/4/2012 10:40:35 AM
{ "createdDate" : ISODate("2012-10-04T03:40:35.377Z") } - { "count" : 1.0 } - 1 - 10/4/2012 10:40:35 AM
{ "createdDate" : ISODate("2012-10-04T03:40:35.611Z") } - { "count" : 1.0 } - 1 - 10/4/2012 10:40:35 AM
{ "createdDate" : ISODate("2012-10-04T03:40:35.814Z") } - { "count" : 1.0 } - 1 - 10/4/2012 10:40:35 AM
{ "createdDate" : ISODate("2012-10-04T03:40:36.064Z") } - { "count" : 1.0 } - 1 - 10/4/2012 10:40:36 AM
{ "createdDate" : ISODate("2012-10-04T03:40:37.142Z") } - { "count" : 1.0 } - 1 - 10/4/2012 10:40:37 AM
{ "createdDate" : ISODate("2012-10-04T03:40:37.189Z") } - { "count" : 1.0 } - 1 - 10/4/2012 10:40:37 AM
{ "createdDate" : ISODate("2012-10-04T03:40:37.236Z") } - { "count" : 1.0 } - 1 - 10/4/2012 10:40:37 AM
{ "createdDate" : ISODate("2012-10-04T03:40:37.283Z") } - { "count" : 1.0 } - 1 - 10/4/2012 10:40:37 AM
{ "createdDate" : ISODate("2012-10-04T03:40:37.33Z") } - { "count" : 1.0 } - 1 - 10/4/2012 10:40:37 AM
{ "createdDate" : ISODate("2012-10-04T03:40:37.377Z") } - { "count" : 1.0 } - 1 - 10/4/2012 10:40:37 AM
{ "createdDate" : ISODate("2012-10-04T03:40:37.439Z") } - { "count" : 1.0 } - 1 - 10/4/2012 10:40:37 AM
{ "createdDate" : ISODate("2012-10-04T03:40:37.486Z") } - { "count" : 1.0 } - 1 - 10/4/2012 10:40:37 AM
{ "createdDate" : ISODate("2012-10-04T03:40:37.533Z") } - { "count" : 1.0 } - 1 - 10/4/2012 10:40:37 AM
{ "createdDate" : ISODate("2012-10-04T03:40:37.595Z") } - { "count" : 1.0 } - 1 - 10/4/2012 10:40:37 AM
{ "createdDate" : ISODate("2012-10-04T03:40:37.642Z") } - { "count" : 1.0 } - 1 - 10/4/2012 10:40:37 AM
{ "createdDate" : ISODate("2012-10-04T03:40:42.533Z") } - { "count" : 1.0 } - 1 - 10/4/2012 10:40:42 AM
{ "createdDate" : ISODate("2012-10-04T03:40:42.58Z") } - { "count" : 1.0 } - 1 - 10/4/2012 10:40:42 AM
{ "createdDate" : ISODate("2012-10-04T03:40:42.642Z") } - { "count" : 1.0 } - 1 - 10/4/2012 10:40:42 AM
{ "createdDate" : ISODate("2012-10-04T03:40:42.689Z") } - { "count" : 1.0 } - 1 - 10/4/2012 10:40:42 AM
{ "createdDate" : ISODate("2012-10-04T03:40:42.736Z") } - { "count" : 1.0 } - 1 - 10/4/2012 10:40:42 AM
{ "createdDate" : ISODate("2012-10-04T03:40:42.767Z") } - { "count" : 1.0 } - 1 - 10/4/2012 10:40:42 AM
{ "createdDate" : ISODate("2012-10-04T03:40:42.83Z") } - { "count" : 1.0 } - 1 - 10/4/2012 10:40:42 AM
{ "createdDate" : ISODate("2012-10-04T03:40:42.877Z") } - { "count" : 1.0 } - 1 - 10/4/2012 10:40:42 AM
{ "createdDate" : ISODate("2012-10-04T03:40:42.924Z") } - { "count" : 1.0 } - 1 - 10/4/2012 10:40:42 AM
{ "createdDate" : ISODate("2012-10-04T03:40:42.97Z") } - { "count" : 1.0 } - 1 - 10/4/2012 10:40:42 AM
{ "createdDate" : ISODate("2012-10-04T03:40:43.017Z") } - { "count" : 1.0 } - 1 - 10/4/2012 10:40:43 AM
{ "createdDate" : ISODate("2012-10-04T03:40:45.814Z") } - { "count" : 1.0 } - 1 - 10/4/2012 10:40:45 AM
{ "createdDate" : ISODate("2012-10-04T03:40:45.861Z") } - { "count" : 1.0 } - 1 - 10/4/2012 10:40:45 AM
{ "createdDate" : ISODate("2012-10-04T03:40:45.908Z") } - { "count" : 1.0 } - 1 - 10/4/2012 10:40:45 AM
{ "createdDate" : ISODate("2012-10-04T03:40:45.955Z") } - { "count" : 1.0 } - 1 - 10/4/2012 10:40:45 AM
{ "createdDate" : ISODate("2012-10-04T03:40:46.002Z") } - { "count" : 1.0 } - 1 - 10/4/2012 10:40:46 AM
{ "createdDate" : ISODate("2012-10-04T03:40:46.049Z") } - { "count" : 1.0 } - 1 - 10/4/2012 10:40:46 AM
{ "createdDate" : ISODate("2012-10-04T03:40:46.095Z") } - { "count" : 1.0 } - 1 - 10/4/2012 10:40:46 AM
{ "createdDate" : ISODate("2012-10-04T03:40:46.142Z") } - { "count" : 1.0 } - 1 - 10/4/2012 10:40:46 AM
{ "createdDate" : ISODate("2012-10-04T03:40:46.189Z") } - { "count" : 1.0 } - 1 - 10/4/2012 10:40:46 AM
{ "createdDate" : ISODate("2012-10-04T03:40:46.236Z") } - { "count" : 1.0 } - 1 - 10/4/2012 10:40:46 AM
{ "createdDate" : ISODate("2012-10-04T03:40:46.299Z") } - { "count" : 1.0 } - 1 - 10/4/2012 10:40:46 AM
{ "createdDate" : ISODate("2012-10-04T03:40:49.877Z") } - { "count" : 1.0 } - 1 - 10/4/2012 10:40:49 AM
{ "createdDate" : ISODate("2012-10-04T03:40:49.924Z") } - { "count" : 1.0 } - 1 - 10/4/2012 10:40:49 AM
{ "createdDate" : ISODate("2012-10-04T03:40:49.97Z") } - { "count" : 1.0 } - 1 - 10/4/2012 10:40:49 AM
{ "createdDate" : ISODate("2012-10-04T03:40:50.017Z") } - { "count" : 1.0 } - 1 - 10/4/2012 10:40:50 AM
{ "createdDate" : ISODate("2012-10-04T03:40:50.064Z") } - { "count" : 1.0 } - 1 - 10/4/2012 10:40:50 AM
{ "createdDate" : ISODate("2012-10-04T03:40:50.111Z") } - { "count" : 1.0 } - 1 - 10/4/2012 10:40:50 AM
{ "createdDate" : ISODate("2012-10-04T03:40:50.158Z") } - { "count" : 1.0 } - 1 - 10/4/2012 10:40:50 AM
{ "createdDate" : ISODate("2012-10-04T03:40:50.22Z") } - { "count" : 1.0 } - 1 - 10/4/2012 10:40:50 AM
{ "createdDate" : ISODate("2012-10-04T03:40:50.267Z") } - { "count" : 1.0 } - 1 - 10/4/2012 10:40:50 AM
{ "createdDate" : ISODate("2012-10-04T03:40:50.314Z") } - { "count" : 1.0 } - 1 - 10/4/2012 10:40:50 AM
{ "createdDate" : ISODate("2012-10-04T03:40:50.361Z") } - { "count" : 1.0 } - 1 - 10/4/2012 10:40:50 AM
{ "createdDate" : ISODate("2012-10-04T03:40:53.236Z") } - { "count" : 1.0 } - 1 - 10/4/2012 10:40:53 AM
{ "createdDate" : ISODate("2012-10-04T03:40:53.299Z") } - { "count" : 1.0 } - 1 - 10/4/2012 10:40:53 AM
{ "createdDate" : ISODate("2012-10-04T03:40:53.345Z") } - { "count" : 1.0 } - 1 - 10/4/2012 10:40:53 AM
{ "createdDate" : ISODate("2012-10-04T03:40:53.392Z") } - { "count" : 1.0 } - 1 - 10/4/2012 10:40:53 AM
{ "createdDate" : ISODate("2012-10-04T03:40:53.439Z") } - { "count" : 1.0 } - 1 - 10/4/2012 10:40:53 AM
{ "createdDate" : ISODate("2012-10-04T03:40:53.486Z") } - { "count" : 1.0 } - 1 - 10/4/2012 10:40:53 AM
{ "createdDate" : ISODate("2012-10-04T03:40:53.549Z") } - { "count" : 1.0 } - 1 - 10/4/2012 10:40:53 AM
{ "createdDate" : ISODate("2012-10-04T03:40:53.595Z") } - { "count" : 1.0 } - 1 - 10/4/2012 10:40:53 AM
{ "createdDate" : ISODate("2012-10-04T03:40:53.642Z") } - { "count" : 1.0 } - 1 - 10/4/2012 10:40:53 AM
{ "createdDate" : ISODate("2012-10-04T03:40:53.689Z") } - { "count" : 1.0 } - 1 - 10/4/2012 10:40:53 AM
{ "createdDate" : ISODate("2012-10-04T03:40:53.736Z") } - { "count" : 1.0 } - 1 - 10/4/2012 10:40:53 AM
{ "createdDate" : ISODate("2012-10-04T03:40:58.299Z") } - { "count" : 1.0 } - 1 - 10/4/2012 10:40:58 AM
{ "createdDate" : ISODate("2012-10-04T03:40:58.345Z") } - { "count" : 1.0 } - 1 - 10/4/2012 10:40:58 AM
{ "createdDate" : ISODate("2012-10-04T03:40:58.424Z") } - { "count" : 1.0 } - 1 - 10/4/2012 10:40:58 AM
{ "createdDate" : ISODate("2012-10-04T03:40:58.47Z") } - { "count" : 1.0 } - 1 - 10/4/2012 10:40:58 AM
{ "createdDate" : ISODate("2012-10-04T03:40:58.517Z") } - { "count" : 1.0 } - 1 - 10/4/2012 10:40:58 AM
{ "createdDate" : ISODate("2012-10-04T03:40:58.58Z") } - { "count" : 1.0 } - 1 - 10/4/2012 10:40:58 AM
{ "createdDate" : ISODate("2012-10-04T03:40:58.627Z") } - { "count" : 1.0 } - 1 - 10/4/2012 10:40:58 AM
{ "createdDate" : ISODate("2012-10-04T03:40:58.674Z") } - { "count" : 1.0 } - 1 - 10/4/2012 10:40:58 AM
{ "createdDate" : ISODate("2012-10-04T03:40:58.72Z") } - { "count" : 1.0 } - 1 - 10/4/2012 10:40:58 AM
{ "createdDate" : ISODate("2012-10-04T03:40:58.767Z") } - { "count" : 1.0 } - 1 - 10/4/2012 10:40:58 AM
{ "createdDate" : ISODate("2012-10-04T03:40:58.814Z") } - { "count" : 1.0 } - 1 - 10/4/2012 10:40:58 AM
{ "createdDate" : ISODate("2012-10-04T03:41:01.299Z") } - { "count" : 1.0 } - 1 - 10/4/2012 10:41:01 AM
{ "createdDate" : ISODate("2012-10-04T03:41:01.345Z") } - { "count" : 1.0 } - 1 - 10/4/2012 10:41:01 AM
{ "createdDate" : ISODate("2012-10-04T03:41:01.408Z") } - { "count" : 1.0 } - 1 - 10/4/2012 10:41:01 AM
{ "createdDate" : ISODate("2012-10-04T03:41:01.455Z") } - { "count" : 1.0 } - 1 - 10/4/2012 10:41:01 AM
{ "createdDate" : ISODate("2012-10-04T03:41:01.502Z") } - { "count" : 1.0 } - 1 - 10/4/2012 10:41:01 AM
{ "createdDate" : ISODate("2012-10-04T03:41:01.564Z") } - { "count" : 1.0 } - 1 - 10/4/2012 10:41:01 AM
{ "createdDate" : ISODate("2012-10-04T03:41:01.611Z") } - { "count" : 1.0 } - 1 - 10/4/2012 10:41:01 AM
{ "createdDate" : ISODate("2012-10-04T03:41:01.658Z") } - { "count" : 1.0 } - 1 - 10/4/2012 10:41:01 AM
{ "createdDate" : ISODate("2012-10-04T03:41:01.72Z") } - { "count" : 1.0 } - 1 - 10/4/2012 10:41:01 AM
{ "createdDate" : ISODate("2012-10-04T03:41:01.767Z") } - { "count" : 1.0 } - 1 - 10/4/2012 10:41:01 AM
{ "createdDate" : ISODate("2012-10-04T03:41:01.814Z") } - { "count" : 1.0 } - 1 - 10/4/2012 10:41:01 AM
{ "createdDate" : ISODate("2012-10-04T03:41:05.892Z") } - { "count" : 1.0 } - 1 - 10/4/2012 10:41:05 AM
{ "createdDate" : ISODate("2012-10-04T03:41:06.033Z") } - { "count" : 1.0 } - 1 - 10/4/2012 10:41:06 AM
{ "createdDate" : ISODate("2012-10-04T03:41:06.252Z") } - { "count" : 1.0 } - 1 - 10/4/2012 10:41:06 AM
{ "createdDate" : ISODate("2012-10-04T03:41:06.502Z") } - { "count" : 1.0 } - 1 - 10/4/2012 10:41:06 AM
{ "createdDate" : ISODate("2012-10-04T03:41:06.72Z") } - { "count" : 1.0 } - 1 - 10/4/2012 10:41:06 AM
{ "createdDate" : ISODate("2012-10-04T03:41:06.861Z") } - { "count" : 1.0 } - 1 - 10/4/2012 10:41:06 AM
{ "createdDate" : ISODate("2012-10-04T03:41:06.924Z") } - { "count" : 1.0 } - 1 - 10/4/2012 10:41:06 AM
{ "createdDate" : ISODate("2012-10-04T03:41:07.095Z") } - { "count" : 1.0 } - 1 - 10/4/2012 10:41:07 AM
{ "createdDate" : ISODate("2012-10-04T03:41:07.236Z") } - { "count" : 1.0 } - 1 - 10/4/2012 10:41:07 AM
{ "createdDate" : ISODate("2012-10-04T03:41:07.47Z") } - { "count" : 1.0 } - 1 - 10/4/2012 10:41:07 AM
{ "createdDate" : ISODate("2012-10-04T03:41:07.517Z") } - { "count" : 1.0 } - 1 - 10/4/2012 10:41:07 AM
{ "createdDate" : ISODate("2012-10-04T03:41:09.408Z") } - { "count" : 1.0 } - 1 - 10/4/2012 10:41:09 AM
{ "createdDate" : ISODate("2012-10-04T03:41:09.564Z") } - { "count" : 1.0 } - 1 - 10/4/2012 10:41:09 AM
{ "createdDate" : ISODate("2012-10-04T03:41:09.658Z") } - { "count" : 1.0 } - 1 - 10/4/2012 10:41:09 AM
{ "createdDate" : ISODate("2012-10-04T03:41:09.736Z") } - { "count" : 1.0 } - 1 - 10/4/2012 10:41:09 AM
{ "createdDate" : ISODate("2012-10-04T03:41:09.814Z") } - { "count" : 1.0 } - 1 - 10/4/2012 10:41:09 AM
{ "createdDate" : ISODate("2012-10-04T03:41:10.439Z") } - { "count" : 1.0 } - 1 - 10/4/2012 10:41:10 AM
{ "createdDate" : ISODate("2012-10-04T03:41:10.58Z") } - { "count" : 1.0 } - 1 - 10/4/2012 10:41:10 AM
{ "createdDate" : ISODate("2012-10-04T03:41:11.064Z") } - { "count" : 1.0 } - 1 - 10/4/2012 10:41:11 AM
{ "createdDate" : ISODate("2012-10-04T03:41:11.158Z") } - { "count" : 1.0 } - 1 - 10/4/2012 10:41:11 AM
{ "createdDate" : ISODate("2012-10-04T03:41:11.22Z") } - { "count" : 1.0 } - 1 - 10/4/2012 10:41:11 AM
{ "createdDate" : ISODate("2012-10-04T03:41:11.392Z") } - { "count" : 1.0 } - 1 - 10/4/2012 10:41:11 AM
{ "createdDate" : ISODate("2012-10-04T03:41:16.345Z") } - { "count" : 1.0 } - 1 - 10/4/2012 10:41:16 AM
{ "createdDate" : ISODate("2012-10-04T03:41:16.392Z") } - { "count" : 1.0 } - 1 - 10/4/2012 10:41:16 AM
{ "createdDate" : ISODate("2012-10-04T03:41:16.455Z") } - { "count" : 1.0 } - 1 - 10/4/2012 10:41:16 AM
{ "createdDate" : ISODate("2012-10-04T03:41:16.502Z") } - { "count" : 1.0 } - 1 - 10/4/2012 10:41:16 AM
{ "createdDate" : ISODate("2012-10-04T03:41:16.549Z") } - { "count" : 1.0 } - 1 - 10/4/2012 10:41:16 AM
{ "createdDate" : ISODate("2012-10-04T03:41:16.595Z") } - { "count" : 1.0 } - 1 - 10/4/2012 10:41:16 AM
{ "createdDate" : ISODate("2012-10-04T03:41:16.642Z") } - { "count" : 1.0 } - 1 - 10/4/2012 10:41:16 AM
{ "createdDate" : ISODate("2012-10-04T03:41:16.689Z") } - { "count" : 1.0 } - 1 - 10/4/2012 10:41:16 AM
{ "createdDate" : ISODate("2012-10-04T03:41:16.736Z") } - { "count" : 1.0 } - 1 - 10/4/2012 10:41:16 AM
{ "createdDate" : ISODate("2012-10-04T03:41:16.783Z") } - { "count" : 1.0 } - 1 - 10/4/2012 10:41:16 AM
{ "createdDate" : ISODate("2012-10-04T03:41:16.83Z") } - { "count" : 1.0 } - 1 - 10/4/2012 10:41:16 AM
{ "createdDate" : ISODate("2012-10-04T03:41:17.736Z") } - { "count" : 1.0 } - 1 - 10/4/2012 10:41:17 AM
{ "createdDate" : ISODate("2012-10-04T03:41:17.799Z") } - { "count" : 1.0 } - 1 - 10/4/2012 10:41:17 AM
{ "createdDate" : ISODate("2012-10-04T03:41:17.845Z") } - { "count" : 1.0 } - 1 - 10/4/2012 10:41:17 AM
{ "createdDate" : ISODate("2012-10-04T03:41:17.892Z") } - { "count" : 1.0 } - 1 - 10/4/2012 10:41:17 AM
{ "createdDate" : ISODate("2012-10-04T03:41:17.939Z") } - { "count" : 1.0 } - 1 - 10/4/2012 10:41:17 AM
{ "createdDate" : ISODate("2012-10-04T03:41:17.986Z") } - { "count" : 1.0 } - 1 - 10/4/2012 10:41:17 AM
{ "createdDate" : ISODate("2012-10-04T03:41:18.049Z") } - { "count" : 1.0 } - 1 - 10/4/2012 10:41:18 AM
{ "createdDate" : ISODate("2012-10-04T03:41:18.095Z") } - { "count" : 1.0 } - 1 - 10/4/2012 10:41:18 AM
{ "createdDate" : ISODate("2012-10-04T03:41:18.142Z") } - { "count" : 1.0 } - 1 - 10/4/2012 10:41:18 AM
{ "createdDate" : ISODate("2012-10-04T03:41:18.189Z") } - { "count" : 1.0 } - 1 - 10/4/2012 10:41:18 AM
{ "createdDate" : ISODate("2012-10-04T03:41:18.236Z") } - { "count" : 1.0 } - 1 - 10/4/2012 10:41:18 AM
{ "createdDate" : ISODate("2012-10-04T03:41:23.252Z") } - { "count" : 1.0 } - 1 - 10/4/2012 10:41:23 AM
{ "createdDate" : ISODate("2012-10-04T03:41:23.299Z") } - { "count" : 1.0 } - 1 - 10/4/2012 10:41:23 AM
{ "createdDate" : ISODate("2012-10-04T03:41:23.345Z") } - { "count" : 1.0 } - 1 - 10/4/2012 10:41:23 AM
{ "createdDate" : ISODate("2012-10-04T03:41:23.392Z") } - { "count" : 1.0 } - 1 - 10/4/2012 10:41:23 AM
{ "createdDate" : ISODate("2012-10-04T03:41:23.439Z") } - { "count" : 1.0 } - 1 - 10/4/2012 10:41:23 AM
{ "createdDate" : ISODate("2012-10-04T03:41:23.486Z") } - { "count" : 1.0 } - 1 - 10/4/2012 10:41:23 AM
{ "createdDate" : ISODate("2012-10-04T03:41:23.533Z") } - { "count" : 1.0 } - 1 - 10/4/2012 10:41:23 AM
{ "createdDate" : ISODate("2012-10-04T03:41:23.58Z") } - { "count" : 1.0 } - 1 - 10/4/2012 10:41:23 AM
{ "createdDate" : ISODate("2012-10-04T03:41:23.627Z") } - { "count" : 1.0 } - 1 - 10/4/2012 10:41:23 AM
{ "createdDate" : ISODate("2012-10-04T03:41:23.674Z") } - { "count" : 1.0 } - 1 - 10/4/2012 10:41:23 AM
{ "createdDate" : ISODate("2012-10-04T03:41:23.72Z") } - { "count" : 1.0 } - 1 - 10/4/2012 10:41:23 AM
{ "createdDate" : ISODate("2012-10-04T03:41:25.783Z") } - { "count" : 1.0 } - 1 - 10/4/2012 10:41:25 AM
{ "createdDate" : ISODate("2012-10-04T03:41:25.83Z") } - { "count" : 1.0 } - 1 - 10/4/2012 10:41:25 AM
{ "createdDate" : ISODate("2012-10-04T03:41:25.877Z") } - { "count" : 1.0 } - 1 - 10/4/2012 10:41:25 AM
{ "createdDate" : ISODate("2012-10-04T03:41:25.924Z") } - { "count" : 1.0 } - 1 - 10/4/2012 10:41:25 AM
{ "createdDate" : ISODate("2012-10-04T03:41:25.97Z") } - { "count" : 1.0 } - 1 - 10/4/2012 10:41:25 AM
{ "createdDate" : ISODate("2012-10-04T03:41:26.017Z") } - { "count" : 1.0 } - 1 - 10/4/2012 10:41:26 AM
{ "createdDate" : ISODate("2012-10-04T03:41:26.064Z") } - { "count" : 1.0 } - 1 - 10/4/2012 10:41:26 AM
{ "createdDate" : ISODate("2012-10-04T03:41:26.111Z") } - { "count" : 1.0 } - 1 - 10/4/2012 10:41:26 AM
{ "createdDate" : ISODate("2012-10-04T03:41:26.158Z") } - { "count" : 1.0 } - 1 - 10/4/2012 10:41:26 AM
{ "createdDate" : ISODate("2012-10-04T03:41:26.22Z") } - { "count" : 1.0 } - 1 - 10/4/2012 10:41:26 AM
{ "createdDate" : ISODate("2012-10-04T03:41:26.267Z") } - { "count" : 1.0 } - 1 - 10/4/2012 10:41:26 AM
{ "createdDate" : ISODate("2012-10-04T03:41:31.314Z") } - { "count" : 1.0 } - 1 - 10/4/2012 10:41:31 AM
{ "createdDate" : ISODate("2012-10-04T03:41:31.361Z") } - { "count" : 1.0 } - 1 - 10/4/2012 10:41:31 AM
{ "createdDate" : ISODate("2012-10-04T03:41:31.408Z") } - { "count" : 1.0 } - 1 - 10/4/2012 10:41:31 AM
{ "createdDate" : ISODate("2012-10-04T03:41:31.455Z") } - { "count" : 1.0 } - 1 - 10/4/2012 10:41:31 AM
{ "createdDate" : ISODate("2012-10-04T03:41:31.502Z") } - { "count" : 1.0 } - 1 - 10/4/2012 10:41:31 AM
{ "createdDate" : ISODate("2012-10-04T03:41:31.549Z") } - { "count" : 1.0 } - 1 - 10/4/2012 10:41:31 AM
{ "createdDate" : ISODate("2012-10-04T03:41:31.595Z") } - { "count" : 1.0 } - 1 - 10/4/2012 10:41:31 AM
{ "createdDate" : ISODate("2012-10-04T03:41:31.642Z") } - { "count" : 1.0 } - 1 - 10/4/2012 10:41:31 AM
{ "createdDate" : ISODate("2012-10-04T03:41:31.689Z") } - { "count" : 1.0 } - 1 - 10/4/2012 10:41:31 AM
{ "createdDate" : ISODate("2012-10-04T03:41:31.736Z") } - { "count" : 1.0 } - 1 - 10/4/2012 10:41:31 AM
{ "createdDate" : ISODate("2012-10-04T03:41:31.799Z") } - { "count" : 1.0 } - 1 - 10/4/2012 10:41:31 AM
{ "createdDate" : ISODate("2012-10-04T03:41:35.002Z") } - { "count" : 1.0 } - 1 - 10/4/2012 10:41:35 AM
{ "createdDate" : ISODate("2012-10-04T03:41:35.049Z") } - { "count" : 1.0 } - 1 - 10/4/2012 10:41:35 AM
{ "createdDate" : ISODate("2012-10-04T03:41:35.111Z") } - { "count" : 1.0 } - 1 - 10/4/2012 10:41:35 AM
{ "createdDate" : ISODate("2012-10-04T03:41:35.158Z") } - { "count" : 1.0 } - 1 - 10/4/2012 10:41:35 AM
{ "createdDate" : ISODate("2012-10-04T03:41:35.205Z") } - { "count" : 1.0 } - 1 - 10/4/2012 10:41:35 AM
{ "createdDate" : ISODate("2012-10-04T03:41:35.252Z") } - { "count" : 1.0 } - 1 - 10/4/2012 10:41:35 AM
{ "createdDate" : ISODate("2012-10-04T03:41:35.299Z") } - { "count" : 1.0 } - 1 - 10/4/2012 10:41:35 AM
{ "createdDate" : ISODate("2012-10-04T03:41:35.345Z") } - { "count" : 1.0 } - 1 - 10/4/2012 10:41:35 AM
{ "createdDate" : ISODate("2012-10-04T03:41:35.392Z") } - { "count" : 1.0 } - 1 - 10/4/2012 10:41:35 AM
{ "createdDate" : ISODate("2012-10-04T03:41:35.439Z") } - { "count" : 1.0 } - 1 - 10/4/2012 10:41:35 AM
{ "createdDate" : ISODate("2012-10-04T03:41:35.486Z") } - { "count" : 1.0 } - 1 - 10/4/2012 10:41:35 AM
{ "createdDate" : ISODate("2012-10-04T03:41:38.892Z") } - { "count" : 1.0 } - 1 - 10/4/2012 10:41:38 AM
{ "createdDate" : ISODate("2012-10-04T03:41:38.955Z") } - { "count" : 1.0 } - 1 - 10/4/2012 10:41:38 AM
{ "createdDate" : ISODate("2012-10-04T03:41:39.002Z") } - { "count" : 1.0 } - 1 - 10/4/2012 10:41:39 AM
{ "createdDate" : ISODate("2012-10-04T03:41:39.049Z") } - { "count" : 1.0 } - 1 - 10/4/2012 10:41:39 AM
{ "createdDate" : ISODate("2012-10-04T03:41:39.095Z") } - { "count" : 1.0 } - 1 - 10/4/2012 10:41:39 AM
{ "createdDate" : ISODate("2012-10-04T03:41:39.142Z") } - { "count" : 1.0 } - 1 - 10/4/2012 10:41:39 AM
{ "createdDate" : ISODate("2012-10-04T03:41:39.205Z") } - { "count" : 1.0 } - 1 - 10/4/2012 10:41:39 AM
{ "createdDate" : ISODate("2012-10-04T03:41:39.267Z") } - { "count" : 1.0 } - 1 - 10/4/2012 10:41:39 AM
{ "createdDate" : ISODate("2012-10-04T03:41:39.314Z") } - { "count" : 1.0 } - 1 - 10/4/2012 10:41:39 AM
{ "createdDate" : ISODate("2012-10-04T03:41:39.377Z") } - { "count" : 1.0 } - 1 - 10/4/2012 10:41:39 AM
{ "createdDate" : ISODate("2012-10-04T03:41:39.424Z") } - { "count" : 1.0 } - 1 - 10/4/2012 10:41:39 AM
{ "createdDate" : ISODate("2012-10-04T03:41:41.877Z") } - { "count" : 1.0 } - 1 - 10/4/2012 10:41:41 AM
{ "createdDate" : ISODate("2012-10-04T03:41:41.924Z") } - { "count" : 1.0 } - 1 - 10/4/2012 10:41:41 AM
{ "createdDate" : ISODate("2012-10-04T03:41:41.97Z") } - { "count" : 1.0 } - 1 - 10/4/2012 10:41:41 AM
{ "createdDate" : ISODate("2012-10-04T03:41:42.017Z") } - { "count" : 1.0 } - 1 - 10/4/2012 10:41:42 AM
{ "createdDate" : ISODate("2012-10-04T03:41:42.064Z") } - { "count" : 1.0 } - 1 - 10/4/2012 10:41:42 AM
{ "createdDate" : ISODate("2012-10-04T03:41:42.111Z") } - { "count" : 1.0 } - 1 - 10/4/2012 10:41:42 AM
{ "createdDate" : ISODate("2012-10-04T03:41:42.158Z") } - { "count" : 1.0 } - 1 - 10/4/2012 10:41:42 AM
{ "createdDate" : ISODate("2012-10-04T03:41:42.205Z") } - { "count" : 1.0 } - 1 - 10/4/2012 10:41:42 AM
{ "createdDate" : ISODate("2012-10-04T03:41:42.252Z") } - { "count" : 1.0 } - 1 - 10/4/2012 10:41:42 AM
{ "createdDate" : ISODate("2012-10-04T03:41:42.299Z") } - { "count" : 1.0 } - 1 - 10/4/2012 10:41:42 AM
{ "createdDate" : ISODate("2012-10-04T03:41:42.345Z") } - { "count" : 1.0 } - 1 - 10/4/2012 10:41:42 AM
{ "createdDate" : ISODate("2012-10-04T03:41:47.549Z") } - { "count" : 1.0 } - 1 - 10/4/2012 10:41:47 AM
{ "createdDate" : ISODate("2012-10-04T03:41:47.595Z") } - { "count" : 1.0 } - 1 - 10/4/2012 10:41:47 AM
{ "createdDate" : ISODate("2012-10-04T03:41:47.642Z") } - { "count" : 1.0 } - 1 - 10/4/2012 10:41:47 AM
{ "createdDate" : ISODate("2012-10-04T03:41:47.705Z") } - { "count" : 1.0 } - 1 - 10/4/2012 10:41:47 AM
{ "createdDate" : ISODate("2012-10-04T03:41:47.752Z") } - { "count" : 1.0 } - 1 - 10/4/2012 10:41:47 AM
{ "createdDate" : ISODate("2012-10-04T03:41:47.814Z") } - { "count" : 1.0 } - 1 - 10/4/2012 10:41:47 AM
{ "createdDate" : ISODate("2012-10-04T03:41:47.877Z") } - { "count" : 1.0 } - 1 - 10/4/2012 10:41:47 AM
{ "createdDate" : ISODate("2012-10-04T03:41:47.939Z") } - { "count" : 1.0 } - 1 - 10/4/2012 10:41:47 AM
{ "createdDate" : ISODate("2012-10-04T03:41:47.986Z") } - { "count" : 1.0 } - 1 - 10/4/2012 10:41:47 AM
{ "createdDate" : ISODate("2012-10-04T03:41:48.127Z") } - { "count" : 1.0 } - 1 - 10/4/2012 10:41:48 AM
{ "createdDate" : ISODate("2012-10-04T03:41:48.174Z") } - { "count" : 1.0 } - 1 - 10/4/2012 10:41:48 AM
{ "createdDate" : ISODate("2012-10-04T03:41:49.986Z") } - { "count" : 1.0 } - 1 - 10/4/2012 10:41:49 AM
{ "createdDate" : ISODate("2012-10-04T03:41:50.033Z") } - { "count" : 1.0 } - 1 - 10/4/2012 10:41:50 AM
{ "createdDate" : ISODate("2012-10-04T03:41:50.095Z") } - { "count" : 1.0 } - 1 - 10/4/2012 10:41:50 AM
{ "createdDate" : ISODate("2012-10-04T03:41:50.142Z") } - { "count" : 1.0 } - 1 - 10/4/2012 10:41:50 AM
{ "createdDate" : ISODate("2012-10-04T03:41:50.189Z") } - { "count" : 1.0 } - 1 - 10/4/2012 10:41:50 AM
{ "createdDate" : ISODate("2012-10-04T03:41:50.236Z") } - { "count" : 1.0 } - 1 - 10/4/2012 10:41:50 AM
{ "createdDate" : ISODate("2012-10-04T03:41:50.283Z") } - { "count" : 1.0 } - 1 - 10/4/2012 10:41:50 AM
{ "createdDate" : ISODate("2012-10-04T03:41:50.33Z") } - { "count" : 1.0 } - 1 - 10/4/2012 10:41:50 AM
{ "createdDate" : ISODate("2012-10-04T03:41:50.377Z") } - { "count" : 1.0 } - 1 - 10/4/2012 10:41:50 AM
{ "createdDate" : ISODate("2012-10-04T03:41:50.424Z") } - { "count" : 1.0 } - 1 - 10/4/2012 10:41:50 AM
{ "createdDate" : ISODate("2012-10-04T03:41:50.47Z") } - { "count" : 1.0 } - 1 - 10/4/2012 10:41:50 AM
{ "createdDate" : ISODate("2012-10-04T03:41:55.549Z") } - { "count" : 1.0 } - 1 - 10/4/2012 10:41:55 AM
{ "createdDate" : ISODate("2012-10-04T03:41:55.595Z") } - { "count" : 1.0 } - 1 - 10/4/2012 10:41:55 AM
{ "createdDate" : ISODate("2012-10-04T03:41:55.642Z") } - { "count" : 1.0 } - 1 - 10/4/2012 10:41:55 AM
{ "createdDate" : ISODate("2012-10-04T03:41:55.689Z") } - { "count" : 1.0 } - 1 - 10/4/2012 10:41:55 AM
{ "createdDate" : ISODate("2012-10-04T03:41:55.736Z") } - { "count" : 1.0 } - 1 - 10/4/2012 10:41:55 AM
{ "createdDate" : ISODate("2012-10-04T03:41:55.783Z") } - { "count" : 1.0 } - 1 - 10/4/2012 10:41:55 AM
{ "createdDate" : ISODate("2012-10-04T03:41:55.83Z") } - { "count" : 1.0 } - 1 - 10/4/2012 10:41:55 AM
{ "createdDate" : ISODate("2012-10-04T03:41:55.877Z") } - { "count" : 1.0 } - 1 - 10/4/2012 10:41:55 AM
{ "createdDate" : ISODate("2012-10-04T03:41:55.924Z") } - { "count" : 1.0 } - 1 - 10/4/2012 10:41:55 AM
{ "createdDate" : ISODate("2012-10-04T03:41:55.97Z") } - { "count" : 1.0 } - 1 - 10/4/2012 10:41:55 AM
{ "createdDate" : ISODate("2012-10-04T03:41:56.017Z") } - { "count" : 1.0 } - 1 - 10/4/2012 10:41:56 AM
{ "createdDate" : ISODate("2012-10-04T03:41:58.595Z") } - { "count" : 1.0 } - 1 - 10/4/2012 10:41:58 AM
{ "createdDate" : ISODate("2012-10-04T03:41:58.642Z") } - { "count" : 1.0 } - 1 - 10/4/2012 10:41:58 AM
{ "createdDate" : ISODate("2012-10-04T03:41:58.689Z") } - { "count" : 1.0 } - 1 - 10/4/2012 10:41:58 AM
{ "createdDate" : ISODate("2012-10-04T03:41:58.736Z") } - { "count" : 1.0 } - 1 - 10/4/2012 10:41:58 AM
{ "createdDate" : ISODate("2012-10-04T03:41:58.783Z") } - { "count" : 1.0 } - 1 - 10/4/2012 10:41:58 AM
{ "createdDate" : ISODate("2012-10-04T03:41:58.83Z") } - { "count" : 1.0 } - 1 - 10/4/2012 10:41:58 AM
{ "createdDate" : ISODate("2012-10-04T03:41:58.877Z") } - { "count" : 1.0 } - 1 - 10/4/2012 10:41:58 AM
{ "createdDate" : ISODate("2012-10-04T03:41:58.924Z") } - { "count" : 1.0 } - 1 - 10/4/2012 10:41:58 AM
{ "createdDate" : ISODate("2012-10-04T03:41:58.97Z") } - { "count" : 1.0 } - 1 - 10/4/2012 10:41:58 AM
{ "createdDate" : ISODate("2012-10-04T03:41:59.017Z") } - { "count" : 1.0 } - 1 - 10/4/2012 10:41:59 AM
{ "createdDate" : ISODate("2012-10-04T03:41:59.064Z") } - { "count" : 1.0 } - 1 - 10/4/2012 10:41:59 AM
{ "createdDate" : ISODate("2012-10-04T03:42:03.283Z") } - { "count" : 1.0 } - 1 - 10/4/2012 10:42:03 AM
{ "createdDate" : ISODate("2012-10-04T03:42:03.33Z") } - { "count" : 1.0 } - 1 - 10/4/2012 10:42:03 AM
{ "createdDate" : ISODate("2012-10-04T03:42:03.377Z") } - { "count" : 1.0 } - 1 - 10/4/2012 10:42:03 AM
{ "createdDate" : ISODate("2012-10-04T03:42:03.424Z") } - { "count" : 1.0 } - 1 - 10/4/2012 10:42:03 AM
{ "createdDate" : ISODate("2012-10-04T03:42:03.486Z") } - { "count" : 1.0 } - 1 - 10/4/2012 10:42:03 AM
{ "createdDate" : ISODate("2012-10-04T03:42:03.533Z") } - { "count" : 1.0 } - 1 - 10/4/2012 10:42:03 AM
{ "createdDate" : ISODate("2012-10-04T03:42:03.58Z") } - { "count" : 1.0 } - 1 - 10/4/2012 10:42:03 AM
{ "createdDate" : ISODate("2012-10-04T03:42:03.642Z") } - { "count" : 1.0 } - 1 - 10/4/2012 10:42:03 AM
{ "createdDate" : ISODate("2012-10-04T03:42:03.689Z") } - { "count" : 1.0 } - 1 - 10/4/2012 10:42:03 AM
{ "createdDate" : ISODate("2012-10-04T03:42:03.736Z") } - { "count" : 1.0 } - 1 - 10/4/2012 10:42:03 AM
{ "createdDate" : ISODate("2012-10-04T03:42:03.783Z") } - { "count" : 1.0 } - 1 - 10/4/2012 10:42:03 AM
{ "createdDate" : ISODate("2012-10-04T03:42:06.252Z") } - { "count" : 1.0 } - 1 - 10/4/2012 10:42:06 AM
{ "createdDate" : ISODate("2012-10-04T03:42:06.314Z") } - { "count" : 1.0 } - 1 - 10/4/2012 10:42:06 AM
{ "createdDate" : ISODate("2012-10-04T03:42:06.361Z") } - { "count" : 1.0 } - 1 - 10/4/2012 10:42:06 AM
{ "createdDate" : ISODate("2012-10-04T03:42:06.408Z") } - { "count" : 1.0 } - 1 - 10/4/2012 10:42:06 AM
{ "createdDate" : ISODate("2012-10-04T03:42:06.455Z") } - { "count" : 1.0 } - 1 - 10/4/2012 10:42:06 AM
{ "createdDate" : ISODate("2012-10-04T03:42:06.502Z") } - { "count" : 1.0 } - 1 - 10/4/2012 10:42:06 AM
{ "createdDate" : ISODate("2012-10-04T03:42:06.564Z") } - { "count" : 1.0 } - 1 - 10/4/2012 10:42:06 AM
{ "createdDate" : ISODate("2012-10-04T03:42:06.611Z") } - { "count" : 1.0 } - 1 - 10/4/2012 10:42:06 AM
{ "createdDate" : ISODate("2012-10-04T03:42:06.658Z") } - { "count" : 1.0 } - 1 - 10/4/2012 10:42:06 AM
{ "createdDate" : ISODate("2012-10-04T03:42:06.705Z") } - { "count" : 1.0 } - 1 - 10/4/2012 10:42:06 AM
{ "createdDate" : ISODate("2012-10-04T03:42:06.752Z") } - { "count" : 1.0 } - 1 - 10/4/2012 10:42:06 AM
{ "createdDate" : ISODate("2012-10-04T03:42:10.986Z") } - { "count" : 1.0 } - 1 - 10/4/2012 10:42:10 AM
{ "createdDate" : ISODate("2012-10-04T03:42:11.033Z") } - { "count" : 1.0 } - 1 - 10/4/2012 10:42:11 AM
{ "createdDate" : ISODate("2012-10-04T03:42:11.08Z") } - { "count" : 1.0 } - 1 - 10/4/2012 10:42:11 AM
{ "createdDate" : ISODate("2012-10-04T03:42:11.127Z") } - { "count" : 1.0 } - 1 - 10/4/2012 10:42:11 AM
{ "createdDate" : ISODate("2012-10-04T03:42:11.174Z") } - { "count" : 1.0 } - 1 - 10/4/2012 10:42:11 AM
{ "createdDate" : ISODate("2012-10-04T03:42:11.22Z") } - { "count" : 1.0 } - 1 - 10/4/2012 10:42:11 AM
{ "createdDate" : ISODate("2012-10-04T03:42:11.267Z") } - { "count" : 1.0 } - 1 - 10/4/2012 10:42:11 AM
{ "createdDate" : ISODate("2012-10-04T03:42:11.33Z") } - { "count" : 1.0 } - 1 - 10/4/2012 10:42:11 AM
{ "createdDate" : ISODate("2012-10-04T03:42:11.377Z") } - { "count" : 1.0 } - 1 - 10/4/2012 10:42:11 AM
{ "createdDate" : ISODate("2012-10-04T03:42:11.424Z") } - { "count" : 1.0 } - 1 - 10/4/2012 10:42:11 AM
{ "createdDate" : ISODate("2012-10-04T03:42:11.47Z") } - { "count" : 1.0 } - 1 - 10/4/2012 10:42:11 AM
{ "createdDate" : ISODate("2012-10-04T03:42:14.658Z") } - { "count" : 1.0 } - 1 - 10/4/2012 10:42:14 AM
{ "createdDate" : ISODate("2012-10-04T03:42:14.705Z") } - { "count" : 1.0 } - 1 - 10/4/2012 10:42:14 AM
{ "createdDate" : ISODate("2012-10-04T03:42:14.767Z") } - { "count" : 1.0 } - 1 - 10/4/2012 10:42:14 AM
{ "createdDate" : ISODate("2012-10-04T03:42:14.814Z") } - { "count" : 1.0 } - 1 - 10/4/2012 10:42:14 AM
{ "createdDate" : ISODate("2012-10-04T03:42:14.861Z") } - { "count" : 1.0 } - 1 - 10/4/2012 10:42:14 AM
{ "createdDate" : ISODate("2012-10-04T03:42:14.908Z") } - { "count" : 1.0 } - 1 - 10/4/2012 10:42:14 AM
{ "createdDate" : ISODate("2012-10-04T03:42:14.955Z") } - { "count" : 1.0 } - 1 - 10/4/2012 10:42:14 AM
{ "createdDate" : ISODate("2012-10-04T03:42:15.002Z") } - { "count" : 1.0 } - 1 - 10/4/2012 10:42:15 AM
{ "createdDate" : ISODate("2012-10-04T03:42:15.049Z") } - { "count" : 1.0 } - 1 - 10/4/2012 10:42:15 AM
{ "createdDate" : ISODate("2012-10-04T03:42:15.111Z") } - { "count" : 1.0 } - 1 - 10/4/2012 10:42:15 AM
{ "createdDate" : ISODate("2012-10-04T03:42:15.158Z") } - { "count" : 1.0 } - 1 - 10/4/2012 10:42:15 AM
{ "createdDate" : ISODate("2012-10-04T03:42:20.22Z") } - { "count" : 1.0 } - 1 - 10/4/2012 10:42:20 AM
{ "createdDate" : ISODate("2012-10-04T03:42:20.283Z") } - { "count" : 1.0 } - 1 - 10/4/2012 10:42:20 AM
{ "createdDate" : ISODate("2012-10-04T03:42:20.345Z") } - { "count" : 1.0 } - 1 - 10/4/2012 10:42:20 AM
{ "createdDate" : ISODate("2012-10-04T03:42:20.392Z") } - { "count" : 1.0 } - 1 - 10/4/2012 10:42:20 AM
{ "createdDate" : ISODate("2012-10-04T03:42:20.455Z") } - { "count" : 1.0 } - 1 - 10/4/2012 10:42:20 AM
{ "createdDate" : ISODate("2012-10-04T03:42:20.502Z") } - { "count" : 1.0 } - 1 - 10/4/2012 10:42:20 AM
{ "createdDate" : ISODate("2012-10-04T03:42:20.549Z") } - { "count" : 1.0 } - 1 - 10/4/2012 10:42:20 AM
{ "createdDate" : ISODate("2012-10-04T03:42:20.595Z") } - { "count" : 1.0 } - 1 - 10/4/2012 10:42:20 AM
{ "createdDate" : ISODate("2012-10-04T03:42:20.642Z") } - { "count" : 1.0 } - 1 - 10/4/2012 10:42:20 AM
{ "createdDate" : ISODate("2012-10-04T03:42:20.689Z") } - { "count" : 1.0 } - 1 - 10/4/2012 10:42:20 AM
{ "createdDate" : ISODate("2012-10-04T03:42:20.736Z") } - { "count" : 1.0 } - 1 - 10/4/2012 10:42:20 AM
{ "createdDate" : ISODate("2012-10-04T03:42:22.736Z") } - { "count" : 1.0 } - 1 - 10/4/2012 10:42:22 AM
{ "createdDate" : ISODate("2012-10-04T03:42:22.783Z") } - { "count" : 1.0 } - 1 - 10/4/2012 10:42:22 AM
{ "createdDate" : ISODate("2012-10-04T03:42:22.83Z") } - { "count" : 1.0 } - 1 - 10/4/2012 10:42:22 AM
{ "createdDate" : ISODate("2012-10-04T03:42:22.892Z") } - { "count" : 1.0 } - 1 - 10/4/2012 10:42:22 AM
{ "createdDate" : ISODate("2012-10-04T03:42:22.939Z") } - { "count" : 1.0 } - 1 - 10/4/2012 10:42:22 AM
{ "createdDate" : ISODate("2012-10-04T03:42:22.986Z") } - { "count" : 1.0 } - 1 - 10/4/2012 10:42:22 AM
{ "createdDate" : ISODate("2012-10-04T03:42:23.033Z") } - { "count" : 1.0 } - 1 - 10/4/2012 10:42:23 AM
{ "createdDate" : ISODate("2012-10-04T03:42:23.095Z") } - { "count" : 1.0 } - 1 - 10/4/2012 10:42:23 AM
{ "createdDate" : ISODate("2012-10-04T03:42:23.142Z") } - { "count" : 1.0 } - 1 - 10/4/2012 10:42:23 AM
{ "createdDate" : ISODate("2012-10-04T03:42:23.189Z") } - { "count" : 1.0 } - 1 - 10/4/2012 10:42:23 AM
{ "createdDate" : ISODate("2012-10-04T03:42:23.236Z") } - { "count" : 1.0 } - 1 - 10/4/2012 10:42:23 AM
{ "createdDate" : ISODate("2012-10-04T03:42:27.611Z") } - { "count" : 1.0 } - 1 - 10/4/2012 10:42:27 AM
{ "createdDate" : ISODate("2012-10-04T03:42:27.689Z") } - { "count" : 1.0 } - 1 - 10/4/2012 10:42:27 AM
{ "createdDate" : ISODate("2012-10-04T03:42:27.736Z") } - { "count" : 1.0 } - 1 - 10/4/2012 10:42:27 AM
{ "createdDate" : ISODate("2012-10-04T03:42:27.783Z") } - { "count" : 1.0 } - 1 - 10/4/2012 10:42:27 AM
{ "createdDate" : ISODate("2012-10-04T03:42:27.83Z") } - { "count" : 1.0 } - 1 - 10/4/2012 10:42:27 AM
{ "createdDate" : ISODate("2012-10-04T03:42:27.877Z") } - { "count" : 1.0 } - 1 - 10/4/2012 10:42:27 AM
{ "createdDate" : ISODate("2012-10-04T03:42:27.924Z") } - { "count" : 1.0 } - 1 - 10/4/2012 10:42:27 AM
{ "createdDate" : ISODate("2012-10-04T03:42:27.97Z") } - { "count" : 1.0 } - 1 - 10/4/2012 10:42:27 AM
{ "createdDate" : ISODate("2012-10-04T03:42:28.017Z") } - { "count" : 1.0 } - 1 - 10/4/2012 10:42:28 AM
{ "createdDate" : ISODate("2012-10-04T03:42:28.064Z") } - { "count" : 1.0 } - 1 - 10/4/2012 10:42:28 AM
{ "createdDate" : ISODate("2012-10-04T03:42:28.111Z") } - { "count" : 1.0 } - 1 - 10/4/2012 10:42:28 AM
{ "createdDate" : ISODate("2012-10-04T03:42:32.674Z") } - { "count" : 1.0 } - 1 - 10/4/2012 10:42:32 AM
{ "createdDate" : ISODate("2012-10-04T03:42:32.72Z") } - { "count" : 1.0 } - 1 - 10/4/2012 10:42:32 AM
{ "createdDate" : ISODate("2012-10-04T03:42:32.767Z") } - { "count" : 1.0 } - 1 - 10/4/2012 10:42:32 AM
{ "createdDate" : ISODate("2012-10-04T03:42:32.814Z") } - { "count" : 1.0 } - 1 - 10/4/2012 10:42:32 AM
{ "createdDate" : ISODate("2012-10-04T03:42:32.861Z") } - { "count" : 1.0 } - 1 - 10/4/2012 10:42:32 AM
{ "createdDate" : ISODate("2012-10-04T03:42:32.908Z") } - { "count" : 1.0 } - 1 - 10/4/2012 10:42:32 AM
{ "createdDate" : ISODate("2012-10-04T03:42:32.955Z") } - { "count" : 1.0 } - 1 - 10/4/2012 10:42:32 AM
{ "createdDate" : ISODate("2012-10-04T03:42:33.002Z") } - { "count" : 1.0 } - 1 - 10/4/2012 10:42:33 AM
{ "createdDate" : ISODate("2012-10-04T03:42:33.049Z") } - { "count" : 1.0 } - 1 - 10/4/2012 10:42:33 AM
{ "createdDate" : ISODate("2012-10-04T03:42:33.095Z") } - { "count" : 1.0 } - 1 - 10/4/2012 10:42:33 AM
{ "createdDate" : ISODate("2012-10-04T03:42:33.142Z") } - { "count" : 1.0 } - 1 - 10/4/2012 10:42:33 AM
{ "createdDate" : ISODate("2012-10-04T03:42:35.939Z") } - { "count" : 1.0 } - 1 - 10/4/2012 10:42:35 AM
{ "createdDate" : ISODate("2012-10-04T03:42:35.986Z") } - { "count" : 1.0 } - 1 - 10/4/2012 10:42:35 AM
{ "createdDate" : ISODate("2012-10-04T03:42:36.033Z") } - { "count" : 1.0 } - 1 - 10/4/2012 10:42:36 AM
{ "createdDate" : ISODate("2012-10-04T03:42:36.08Z") } - { "count" : 1.0 } - 1 - 10/4/2012 10:42:36 AM
{ "createdDate" : ISODate("2012-10-04T03:42:36.127Z") } - { "count" : 1.0 } - 1 - 10/4/2012 10:42:36 AM
{ "createdDate" : ISODate("2012-10-04T03:42:36.174Z") } - { "count" : 1.0 } - 1 - 10/4/2012 10:42:36 AM
{ "createdDate" : ISODate("2012-10-04T03:42:36.22Z") } - { "count" : 1.0 } - 1 - 10/4/2012 10:42:36 AM
{ "createdDate" : ISODate("2012-10-04T03:42:36.283Z") } - { "count" : 1.0 } - 1 - 10/4/2012 10:42:36 AM
{ "createdDate" : ISODate("2012-10-04T03:42:36.314Z") } - { "count" : 1.0 } - 1 - 10/4/2012 10:42:36 AM
{ "createdDate" : ISODate("2012-10-04T03:42:36.361Z") } - { "count" : 1.0 } - 1 - 10/4/2012 10:42:36 AM
{ "createdDate" : ISODate("2012-10-04T03:42:36.408Z") } - { "count" : 1.0 } - 1 - 10/4/2012 10:42:36 AM
{ "createdDate" : ISODate("2012-10-04T03:42:39.47Z") } - { "count" : 1.0 } - 1 - 10/4/2012 10:42:39 AM
{ "createdDate" : ISODate("2012-10-04T03:42:39.533Z") } - { "count" : 1.0 } - 1 - 10/4/2012 10:42:39 AM
{ "createdDate" : ISODate("2012-10-04T03:42:39.595Z") } - { "count" : 1.0 } - 1 - 10/4/2012 10:42:39 AM
{ "createdDate" : ISODate("2012-10-04T03:42:39.642Z") } - { "count" : 1.0 } - 1 - 10/4/2012 10:42:39 AM
{ "createdDate" : ISODate("2012-10-04T03:42:39.689Z") } - { "count" : 1.0 } - 1 - 10/4/2012 10:42:39 AM
{ "createdDate" : ISODate("2012-10-04T03:42:39.736Z") } - { "count" : 1.0 } - 1 - 10/4/2012 10:42:39 AM
{ "createdDate" : ISODate("2012-10-04T03:42:39.783Z") } - { "count" : 1.0 } - 1 - 10/4/2012 10:42:39 AM
{ "createdDate" : ISODate("2012-10-04T03:42:39.83Z") } - { "count" : 1.0 } - 1 - 10/4/2012 10:42:39 AM
{ "createdDate" : ISODate("2012-10-04T03:42:39.892Z") } - { "count" : 1.0 } - 1 - 10/4/2012 10:42:39 AM
{ "createdDate" : ISODate("2012-10-04T03:42:39.939Z") } - { "count" : 1.0 } - 1 - 10/4/2012 10:42:39 AM
{ "createdDate" : ISODate("2012-10-04T03:42:40.002Z") } - { "count" : 1.0 } - 1 - 10/4/2012 10:42:40 AM
{ "createdDate" : ISODate("2012-10-04T03:42:44.814Z") } - { "count" : 1.0 } - 1 - 10/4/2012 10:42:44 AM
{ "createdDate" : ISODate("2012-10-04T03:42:44.861Z") } - { "count" : 1.0 } - 1 - 10/4/2012 10:42:44 AM
{ "createdDate" : ISODate("2012-10-04T03:42:44.924Z") } - { "count" : 1.0 } - 1 - 10/4/2012 10:42:44 AM
{ "createdDate" : ISODate("2012-10-04T03:42:44.986Z") } - { "count" : 1.0 } - 1 - 10/4/2012 10:42:44 AM
{ "createdDate" : ISODate("2012-10-04T03:42:45.033Z") } - { "count" : 1.0 } - 1 - 10/4/2012 10:42:45 AM
{ "createdDate" : ISODate("2012-10-04T03:42:45.08Z") } - { "count" : 1.0 } - 1 - 10/4/2012 10:42:45 AM
{ "createdDate" : ISODate("2012-10-04T03:42:45.142Z") } - { "count" : 1.0 } - 1 - 10/4/2012 10:42:45 AM
{ "createdDate" : ISODate("2012-10-04T03:42:45.189Z") } - { "count" : 1.0 } - 1 - 10/4/2012 10:42:45 AM
{ "createdDate" : ISODate("2012-10-04T03:42:45.236Z") } - { "count" : 1.0 } - 1 - 10/4/2012 10:42:45 AM
{ "createdDate" : ISODate("2012-10-04T03:42:45.283Z") } - { "count" : 1.0 } - 1 - 10/4/2012 10:42:45 AM
{ "createdDate" : ISODate("2012-10-04T03:42:45.33Z") } - { "count" : 1.0 } - 1 - 10/4/2012 10:42:45 AM
{ "createdDate" : ISODate("2012-10-04T03:42:48.002Z") } - { "count" : 1.0 } - 1 - 10/4/2012 10:42:48 AM
{ "createdDate" : ISODate("2012-10-04T03:42:48.064Z") } - { "count" : 1.0 } - 1 - 10/4/2012 10:42:48 AM
{ "createdDate" : ISODate("2012-10-04T03:42:48.111Z") } - { "count" : 1.0 } - 1 - 10/4/2012 10:42:48 AM
{ "createdDate" : ISODate("2012-10-04T03:42:48.174Z") } - { "count" : 1.0 } - 1 - 10/4/2012 10:42:48 AM
{ "createdDate" : ISODate("2012-10-04T03:42:48.236Z") } - { "count" : 1.0 } - 1 - 10/4/2012 10:42:48 AM
{ "createdDate" : ISODate("2012-10-04T03:42:48.314Z") } - { "count" : 1.0 } - 1 - 10/4/2012 10:42:48 AM
{ "createdDate" : ISODate("2012-10-04T03:42:48.377Z") } - { "count" : 1.0 } - 1 - 10/4/2012 10:42:48 AM
{ "createdDate" : ISODate("2012-10-04T03:42:48.424Z") } - { "count" : 1.0 } - 1 - 10/4/2012 10:42:48 AM
{ "createdDate" : ISODate("2012-10-04T03:42:48.486Z") } - { "count" : 1.0 } - 1 - 10/4/2012 10:42:48 AM
{ "createdDate" : ISODate("2012-10-04T03:42:48.533Z") } - { "count" : 1.0 } - 1 - 10/4/2012 10:42:48 AM
{ "createdDate" : ISODate("2012-10-04T03:42:48.58Z") } - { "count" : 1.0 } - 1 - 10/4/2012 10:42:48 AM
{ "createdDate" : ISODate("2012-10-04T03:42:52.611Z") } - { "count" : 1.0 } - 1 - 10/4/2012 10:42:52 AM
{ "createdDate" : ISODate("2012-10-04T03:42:52.689Z") } - { "count" : 1.0 } - 1 - 10/4/2012 10:42:52 AM
{ "createdDate" : ISODate("2012-10-04T03:42:52.736Z") } - { "count" : 1.0 } - 1 - 10/4/2012 10:42:52 AM
{ "createdDate" : ISODate("2012-10-04T03:42:52.783Z") } - { "count" : 1.0 } - 1 - 10/4/2012 10:42:52 AM
{ "createdDate" : ISODate("2012-10-04T03:42:52.83Z") } - { "count" : 1.0 } - 1 - 10/4/2012 10:42:52 AM
{ "createdDate" : ISODate("2012-10-04T03:42:52.877Z") } - { "count" : 1.0 } - 1 - 10/4/2012 10:42:52 AM
{ "createdDate" : ISODate("2012-10-04T03:42:52.939Z") } - { "count" : 1.0 } - 1 - 10/4/2012 10:42:52 AM
{ "createdDate" : ISODate("2012-10-04T03:42:52.986Z") } - { "count" : 1.0 } - 1 - 10/4/2012 10:42:52 AM
{ "createdDate" : ISODate("2012-10-04T03:42:53.033Z") } - { "count" : 1.0 } - 1 - 10/4/2012 10:42:53 AM
{ "createdDate" : ISODate("2012-10-04T03:42:53.08Z") } - { "count" : 1.0 } - 1 - 10/4/2012 10:42:53 AM
{ "createdDate" : ISODate("2012-10-04T03:42:53.127Z") } - { "count" : 1.0 } - 1 - 10/4/2012 10:42:53 AM
{ "createdDate" : ISODate("2012-10-04T03:42:57.767Z") } - { "count" : 1.0 } - 1 - 10/4/2012 10:42:57 AM
{ "createdDate" : ISODate("2012-10-04T03:42:57.814Z") } - { "count" : 1.0 } - 1 - 10/4/2012 10:42:57 AM
{ "createdDate" : ISODate("2012-10-04T03:42:57.861Z") } - { "count" : 1.0 } - 1 - 10/4/2012 10:42:57 AM
{ "createdDate" : ISODate("2012-10-04T03:42:57.924Z") } - { "count" : 1.0 } - 1 - 10/4/2012 10:42:57 AM
{ "createdDate" : ISODate("2012-10-04T03:42:57.97Z") } - { "count" : 1.0 } - 1 - 10/4/2012 10:42:57 AM
{ "createdDate" : ISODate("2012-10-04T03:42:58.017Z") } - { "count" : 1.0 } - 1 - 10/4/2012 10:42:58 AM
{ "createdDate" : ISODate("2012-10-04T03:42:58.064Z") } - { "count" : 1.0 } - 1 - 10/4/2012 10:42:58 AM
{ "createdDate" : ISODate("2012-10-04T03:42:58.111Z") } - { "count" : 1.0 } - 1 - 10/4/2012 10:42:58 AM
{ "createdDate" : ISODate("2012-10-04T03:42:58.158Z") } - { "count" : 1.0 } - 1 - 10/4/2012 10:42:58 AM
{ "createdDate" : ISODate("2012-10-04T03:42:58.205Z") } - { "count" : 1.0 } - 1 - 10/4/2012 10:42:58 AM
{ "createdDate" : ISODate("2012-10-04T03:42:58.345Z") } - { "count" : 1.0 } - 1 - 10/4/2012 10:42:58 AM
{ "createdDate" : ISODate("2012-10-04T03:43:01.705Z") } - { "count" : 1.0 } - 1 - 10/4/2012 10:43:01 AM
{ "createdDate" : ISODate("2012-10-04T03:43:01.752Z") } - { "count" : 1.0 } - 1 - 10/4/2012 10:43:01 AM
{ "createdDate" : ISODate("2012-10-04T03:43:01.799Z") } - { "count" : 1.0 } - 1 - 10/4/2012 10:43:01 AM
{ "createdDate" : ISODate("2012-10-04T03:43:01.845Z") } - { "count" : 1.0 } - 1 - 10/4/2012 10:43:01 AM
{ "createdDate" : ISODate("2012-10-04T03:43:01.892Z") } - { "count" : 1.0 } - 1 - 10/4/2012 10:43:01 AM
{ "createdDate" : ISODate("2012-10-04T03:43:01.939Z") } - { "count" : 1.0 } - 1 - 10/4/2012 10:43:01 AM
{ "createdDate" : ISODate("2012-10-04T03:43:01.986Z") } - { "count" : 1.0 } - 1 - 10/4/2012 10:43:01 AM
{ "createdDate" : ISODate("2012-10-04T03:43:02.033Z") } - { "count" : 1.0 } - 1 - 10/4/2012 10:43:02 AM
{ "createdDate" : ISODate("2012-10-04T03:43:02.08Z") } - { "count" : 1.0 } - 1 - 10/4/2012 10:43:02 AM
{ "createdDate" : ISODate("2012-10-04T03:43:02.127Z") } - { "count" : 1.0 } - 1 - 10/4/2012 10:43:02 AM
{ "createdDate" : ISODate("2012-10-04T03:43:02.174Z") } - { "count" : 1.0 } - 1 - 10/4/2012 10:43:02 AM
{ "createdDate" : ISODate("2012-10-04T03:43:04.22Z") } - { "count" : 1.0 } - 1 - 10/4/2012 10:43:04 AM
{ "createdDate" : ISODate("2012-10-04T03:43:04.314Z") } - { "count" : 1.0 } - 1 - 10/4/2012 10:43:04 AM
{ "createdDate" : ISODate("2012-10-04T03:43:04.377Z") } - { "count" : 1.0 } - 1 - 10/4/2012 10:43:04 AM
{ "createdDate" : ISODate("2012-10-04T03:43:04.439Z") } - { "count" : 1.0 } - 1 - 10/4/2012 10:43:04 AM
{ "createdDate" : ISODate("2012-10-04T03:43:04.58Z") } - { "count" : 1.0 } - 1 - 10/4/2012 10:43:04 AM
{ "createdDate" : ISODate("2012-10-04T03:43:04.658Z") } - { "count" : 1.0 } - 1 - 10/4/2012 10:43:04 AM
{ "createdDate" : ISODate("2012-10-04T03:43:04.72Z") } - { "count" : 1.0 } - 1 - 10/4/2012 10:43:04 AM
{ "createdDate" : ISODate("2012-10-04T03:43:04.814Z") } - { "count" : 1.0 } - 1 - 10/4/2012 10:43:04 AM
{ "createdDate" : ISODate("2012-10-04T03:43:04.892Z") } - { "count" : 1.0 } - 1 - 10/4/2012 10:43:04 AM
{ "createdDate" : ISODate("2012-10-04T03:43:05.127Z") } - { "count" : 1.0 } - 1 - 10/4/2012 10:43:05 AM
{ "createdDate" : ISODate("2012-10-04T03:43:05.314Z") } - { "count" : 1.0 } - 1 - 10/4/2012 10:43:05 AM
{ "createdDate" : ISODate("2012-10-04T03:43:10.236Z") } - { "count" : 1.0 } - 1 - 10/4/2012 10:43:10 AM
{ "createdDate" : ISODate("2012-10-04T03:43:10.361Z") } - { "count" : 1.0 } - 1 - 10/4/2012 10:43:10 AM
{ "createdDate" : ISODate("2012-10-04T03:43:10.455Z") } - { "count" : 1.0 } - 1 - 10/4/2012 10:43:10 AM
{ "createdDate" : ISODate("2012-10-04T03:43:10.689Z") } - { "count" : 1.0 } - 1 - 10/4/2012 10:43:10 AM
{ "createdDate" : ISODate("2012-10-04T03:43:10.783Z") } - { "count" : 1.0 } - 1 - 10/4/2012 10:43:10 AM
{ "createdDate" : ISODate("2012-10-04T03:43:10.924Z") } - { "count" : 1.0 } - 1 - 10/4/2012 10:43:10 AM
{ "createdDate" : ISODate("2012-10-04T03:43:11.049Z") } - { "count" : 1.0 } - 1 - 10/4/2012 10:43:11 AM
{ "createdDate" : ISODate("2012-10-04T03:43:11.127Z") } - { "count" : 1.0 } - 1 - 10/4/2012 10:43:11 AM
{ "createdDate" : ISODate("2012-10-04T03:43:11.361Z") } - { "count" : 1.0 } - 1 - 10/4/2012 10:43:11 AM
{ "createdDate" : ISODate("2012-10-04T03:43:11.408Z") } - { "count" : 1.0 } - 1 - 10/4/2012 10:43:11 AM
{ "createdDate" : ISODate("2012-10-04T03:43:11.455Z") } - { "count" : 1.0 } - 1 - 10/4/2012 10:43:11 AM
{ "createdDate" : ISODate("2012-10-04T03:43:13.533Z") } - { "count" : 1.0 } - 1 - 10/4/2012 10:43:13 AM
{ "createdDate" : ISODate("2012-10-04T03:43:13.595Z") } - { "count" : 1.0 } - 1 - 10/4/2012 10:43:13 AM
{ "createdDate" : ISODate("2012-10-04T03:43:13.658Z") } - { "count" : 1.0 } - 1 - 10/4/2012 10:43:13 AM
{ "createdDate" : ISODate("2012-10-04T03:43:13.72Z") } - { "count" : 1.0 } - 1 - 10/4/2012 10:43:13 AM
{ "createdDate" : ISODate("2012-10-04T03:43:13.799Z") } - { "count" : 1.0 } - 1 - 10/4/2012 10:43:13 AM
{ "createdDate" : ISODate("2012-10-04T03:43:13.861Z") } - { "count" : 1.0 } - 1 - 10/4/2012 10:43:13 AM
{ "createdDate" : ISODate("2012-10-04T03:43:13.924Z") } - { "count" : 1.0 } - 1 - 10/4/2012 10:43:13 AM
{ "createdDate" : ISODate("2012-10-04T03:43:14.002Z") } - { "count" : 1.0 } - 1 - 10/4/2012 10:43:14 AM
{ "createdDate" : ISODate("2012-10-04T03:43:14.08Z") } - { "count" : 1.0 } - 1 - 10/4/2012 10:43:14 AM
{ "createdDate" : ISODate("2012-10-04T03:43:14.174Z") } - { "count" : 1.0 } - 1 - 10/4/2012 10:43:14 AM
{ "createdDate" : ISODate("2012-10-04T03:43:14.236Z") } - { "count" : 1.0 } - 1 - 10/4/2012 10:43:14 AM
{ "createdDate" : ISODate("2012-10-04T03:43:19.142Z") } - { "count" : 1.0 } - 1 - 10/4/2012 10:43:19 AM
{ "createdDate" : ISODate("2012-10-04T03:43:19.205Z") } - { "count" : 1.0 } - 1 - 10/4/2012 10:43:19 AM
{ "createdDate" : ISODate("2012-10-04T03:43:19.252Z") } - { "count" : 1.0 } - 1 - 10/4/2012 10:43:19 AM
{ "createdDate" : ISODate("2012-10-04T03:43:19.314Z") } - { "count" : 1.0 } - 1 - 10/4/2012 10:43:19 AM
{ "createdDate" : ISODate("2012-10-04T03:43:19.361Z") } - { "count" : 1.0 } - 1 - 10/4/2012 10:43:19 AM
{ "createdDate" : ISODate("2012-10-04T03:43:19.408Z") } - { "count" : 1.0 } - 1 - 10/4/2012 10:43:19 AM
{ "createdDate" : ISODate("2012-10-04T03:43:19.455Z") } - { "count" : 1.0 } - 1 - 10/4/2012 10:43:19 AM
{ "createdDate" : ISODate("2012-10-04T03:43:19.502Z") } - { "count" : 1.0 } - 1 - 10/4/2012 10:43:19 AM
{ "createdDate" : ISODate("2012-10-04T03:43:19.564Z") } - { "count" : 1.0 } - 1 - 10/4/2012 10:43:19 AM
{ "createdDate" : ISODate("2012-10-04T03:43:19.627Z") } - { "count" : 1.0 } - 1 - 10/4/2012 10:43:19 AM
{ "createdDate" : ISODate("2012-10-04T03:43:19.689Z") } - { "count" : 1.0 } - 1 - 10/4/2012 10:43:19 AM
{ "createdDate" : ISODate("2012-10-04T03:43:21.627Z") } - { "count" : 1.0 } - 1 - 10/4/2012 10:43:21 AM
{ "createdDate" : ISODate("2012-10-04T03:43:21.689Z") } - { "count" : 1.0 } - 1 - 10/4/2012 10:43:21 AM
{ "createdDate" : ISODate("2012-10-04T03:43:21.752Z") } - { "count" : 1.0 } - 1 - 10/4/2012 10:43:21 AM
{ "createdDate" : ISODate("2012-10-04T03:43:21.814Z") } - { "count" : 1.0 } - 1 - 10/4/2012 10:43:21 AM
{ "createdDate" : ISODate("2012-10-04T03:43:21.861Z") } - { "count" : 1.0 } - 1 - 10/4/2012 10:43:21 AM
{ "createdDate" : ISODate("2012-10-04T03:43:21.908Z") } - { "count" : 1.0 } - 1 - 10/4/2012 10:43:21 AM
{ "createdDate" : ISODate("2012-10-04T03:43:21.97Z") } - { "count" : 1.0 } - 1 - 10/4/2012 10:43:21 AM
{ "createdDate" : ISODate("2012-10-04T03:43:22.017Z") } - { "count" : 1.0 } - 1 - 10/4/2012 10:43:22 AM
{ "createdDate" : ISODate("2012-10-04T03:43:22.064Z") } - { "count" : 1.0 } - 1 - 10/4/2012 10:43:22 AM
{ "createdDate" : ISODate("2012-10-04T03:43:22.111Z") } - { "count" : 1.0 } - 1 - 10/4/2012 10:43:22 AM
{ "createdDate" : ISODate("2012-10-04T03:43:22.158Z") } - { "count" : 1.0 } - 1 - 10/4/2012 10:43:22 AM
{ "createdDate" : ISODate("2012-10-04T03:43:27.142Z") } - { "count" : 1.0 } - 1 - 10/4/2012 10:43:27 AM
{ "createdDate" : ISODate("2012-10-04T03:43:27.189Z") } - { "count" : 1.0 } - 1 - 10/4/2012 10:43:27 AM
{ "createdDate" : ISODate("2012-10-04T03:43:27.252Z") } - { "count" : 1.0 } - 1 - 10/4/2012 10:43:27 AM
{ "createdDate" : ISODate("2012-10-04T03:43:27.299Z") } - { "count" : 1.0 } - 1 - 10/4/2012 10:43:27 AM
{ "createdDate" : ISODate("2012-10-04T03:43:27.345Z") } - { "count" : 1.0 } - 1 - 10/4/2012 10:43:27 AM
{ "createdDate" : ISODate("2012-10-04T03:43:27.392Z") } - { "count" : 1.0 } - 1 - 10/4/2012 10:43:27 AM
{ "createdDate" : ISODate("2012-10-04T03:43:27.439Z") } - { "count" : 1.0 } - 1 - 10/4/2012 10:43:27 AM
{ "createdDate" : ISODate("2012-10-04T03:43:27.486Z") } - { "count" : 1.0 } - 1 - 10/4/2012 10:43:27 AM
{ "createdDate" : ISODate("2012-10-04T03:43:27.533Z") } - { "count" : 1.0 } - 1 - 10/4/2012 10:43:27 AM
{ "createdDate" : ISODate("2012-10-04T03:43:27.58Z") } - { "count" : 1.0 } - 1 - 10/4/2012 10:43:27 AM
{ "createdDate" : ISODate("2012-10-04T03:43:27.627Z") } - { "count" : 1.0 } - 1 - 10/4/2012 10:43:27 AM
{ "createdDate" : ISODate("2012-10-04T03:43:30.33Z") } - { "count" : 1.0 } - 1 - 10/4/2012 10:43:30 AM
{ "createdDate" : ISODate("2012-10-04T03:43:30.408Z") } - { "count" : 1.0 } - 1 - 10/4/2012 10:43:30 AM
{ "createdDate" : ISODate("2012-10-04T03:43:30.455Z") } - { "count" : 1.0 } - 1 - 10/4/2012 10:43:30 AM
{ "createdDate" : ISODate("2012-10-04T03:43:30.502Z") } - { "count" : 1.0 } - 1 - 10/4/2012 10:43:30 AM
{ "createdDate" : ISODate("2012-10-04T03:43:30.549Z") } - { "count" : 1.0 } - 1 - 10/4/2012 10:43:30 AM
{ "createdDate" : ISODate("2012-10-04T03:43:30.595Z") } - { "count" : 1.0 } - 1 - 10/4/2012 10:43:30 AM
{ "createdDate" : ISODate("2012-10-04T03:43:30.642Z") } - { "count" : 1.0 } - 1 - 10/4/2012 10:43:30 AM
{ "createdDate" : ISODate("2012-10-04T03:43:30.689Z") } - { "count" : 1.0 } - 1 - 10/4/2012 10:43:30 AM
{ "createdDate" : ISODate("2012-10-04T03:43:30.736Z") } - { "count" : 1.0 } - 1 - 10/4/2012 10:43:30 AM
{ "createdDate" : ISODate("2012-10-04T03:43:30.783Z") } - { "count" : 1.0 } - 1 - 10/4/2012 10:43:30 AM
{ "createdDate" : ISODate("2012-10-04T03:43:30.83Z") } - { "count" : 1.0 } - 1 - 10/4/2012 10:43:30 AM
{ "createdDate" : ISODate("2012-10-04T03:43:35.783Z") } - { "count" : 1.0 } - 1 - 10/4/2012 10:43:35 AM
{ "createdDate" : ISODate("2012-10-04T03:43:35.845Z") } - { "count" : 1.0 } - 1 - 10/4/2012 10:43:35 AM
{ "createdDate" : ISODate("2012-10-04T03:43:35.892Z") } - { "count" : 1.0 } - 1 - 10/4/2012 10:43:35 AM
{ "createdDate" : ISODate("2012-10-04T03:43:35.939Z") } - { "count" : 1.0 } - 1 - 10/4/2012 10:43:35 AM
{ "createdDate" : ISODate("2012-10-04T03:43:35.986Z") } - { "count" : 1.0 } - 1 - 10/4/2012 10:43:35 AM
{ "createdDate" : ISODate("2012-10-04T03:43:36.033Z") } - { "count" : 1.0 } - 1 - 10/4/2012 10:43:36 AM
{ "createdDate" : ISODate("2012-10-04T03:43:36.095Z") } - { "count" : 1.0 } - 1 - 10/4/2012 10:43:36 AM
{ "createdDate" : ISODate("2012-10-04T03:43:36.142Z") } - { "count" : 1.0 } - 1 - 10/4/2012 10:43:36 AM
{ "createdDate" : ISODate("2012-10-04T03:43:36.189Z") } - { "count" : 1.0 } - 1 - 10/4/2012 10:43:36 AM
{ "createdDate" : ISODate("2012-10-04T03:43:36.236Z") } - { "count" : 1.0 } - 1 - 10/4/2012 10:43:36 AM
{ "createdDate" : ISODate("2012-10-04T03:43:36.283Z") } - { "count" : 1.0 } - 1 - 10/4/2012 10:43:36 AM
{ "createdDate" : ISODate("2012-10-04T03:43:38.72Z") } - { "count" : 1.0 } - 1 - 10/4/2012 10:43:38 AM
{ "createdDate" : ISODate("2012-10-04T03:43:38.767Z") } - { "count" : 1.0 } - 1 - 10/4/2012 10:43:38 AM
{ "createdDate" : ISODate("2012-10-04T03:43:38.814Z") } - { "count" : 1.0 } - 1 - 10/4/2012 10:43:38 AM
{ "createdDate" : ISODate("2012-10-04T03:43:38.861Z") } - { "count" : 1.0 } - 1 - 10/4/2012 10:43:38 AM
{ "createdDate" : ISODate("2012-10-04T03:43:38.908Z") } - { "count" : 1.0 } - 1 - 10/4/2012 10:43:38 AM
{ "createdDate" : ISODate("2012-10-04T03:43:38.955Z") } - { "count" : 1.0 } - 1 - 10/4/2012 10:43:38 AM
{ "createdDate" : ISODate("2012-10-04T03:43:39.002Z") } - { "count" : 1.0 } - 1 - 10/4/2012 10:43:39 AM
{ "createdDate" : ISODate("2012-10-04T03:43:39.064Z") } - { "count" : 1.0 } - 1 - 10/4/2012 10:43:39 AM
{ "createdDate" : ISODate("2012-10-04T03:43:39.111Z") } - { "count" : 1.0 } - 1 - 10/4/2012 10:43:39 AM
{ "createdDate" : ISODate("2012-10-04T03:43:39.158Z") } - { "count" : 1.0 } - 1 - 10/4/2012 10:43:39 AM
{ "createdDate" : ISODate("2012-10-04T03:43:39.205Z") } - { "count" : 1.0 } - 1 - 10/4/2012 10:43:39 AM
{ "createdDate" : ISODate("2012-10-04T03:43:42.752Z") } - { "count" : 1.0 } - 1 - 10/4/2012 10:43:42 AM
{ "createdDate" : ISODate("2012-10-04T03:43:42.799Z") } - { "count" : 1.0 } - 1 - 10/4/2012 10:43:42 AM
{ "createdDate" : ISODate("2012-10-04T03:43:42.845Z") } - { "count" : 1.0 } - 1 - 10/4/2012 10:43:42 AM
{ "createdDate" : ISODate("2012-10-04T03:43:42.892Z") } - { "count" : 1.0 } - 1 - 10/4/2012 10:43:42 AM
{ "createdDate" : ISODate("2012-10-04T03:43:42.939Z") } - { "count" : 1.0 } - 1 - 10/4/2012 10:43:42 AM
{ "createdDate" : ISODate("2012-10-04T03:43:42.986Z") } - { "count" : 1.0 } - 1 - 10/4/2012 10:43:42 AM
{ "createdDate" : ISODate("2012-10-04T03:43:43.049Z") } - { "count" : 1.0 } - 1 - 10/4/2012 10:43:43 AM
{ "createdDate" : ISODate("2012-10-04T03:43:43.095Z") } - { "count" : 1.0 } - 1 - 10/4/2012 10:43:43 AM
{ "createdDate" : ISODate("2012-10-04T03:43:43.142Z") } - { "count" : 1.0 } - 1 - 10/4/2012 10:43:43 AM
{ "createdDate" : ISODate("2012-10-04T03:43:43.189Z") } - { "count" : 1.0 } - 1 - 10/4/2012 10:43:43 AM
{ "createdDate" : ISODate("2012-10-04T03:43:43.236Z") } - { "count" : 1.0 } - 1 - 10/4/2012 10:43:43 AM
{ "createdDate" : ISODate("2012-10-04T03:43:45.767Z") } - { "count" : 1.0 } - 1 - 10/4/2012 10:43:45 AM
{ "createdDate" : ISODate("2012-10-04T03:43:45.814Z") } - { "count" : 1.0 } - 1 - 10/4/2012 10:43:45 AM
{ "createdDate" : ISODate("2012-10-04T03:43:45.861Z") } - { "count" : 1.0 } - 1 - 10/4/2012 10:43:45 AM
{ "createdDate" : ISODate("2012-10-04T03:43:45.924Z") } - { "count" : 1.0 } - 1 - 10/4/2012 10:43:45 AM
{ "createdDate" : ISODate("2012-10-04T03:43:45.97Z") } - { "count" : 1.0 } - 1 - 10/4/2012 10:43:45 AM
{ "createdDate" : ISODate("2012-10-04T03:43:46.033Z") } - { "count" : 1.0 } - 1 - 10/4/2012 10:43:46 AM
{ "createdDate" : ISODate("2012-10-04T03:43:46.08Z") } - { "count" : 1.0 } - 1 - 10/4/2012 10:43:46 AM
{ "createdDate" : ISODate("2012-10-04T03:43:46.142Z") } - { "count" : 1.0 } - 1 - 10/4/2012 10:43:46 AM
{ "createdDate" : ISODate("2012-10-04T03:43:46.189Z") } - { "count" : 1.0 } - 1 - 10/4/2012 10:43:46 AM
{ "createdDate" : ISODate("2012-10-04T03:43:46.236Z") } - { "count" : 1.0 } - 1 - 10/4/2012 10:43:46 AM
{ "createdDate" : ISODate("2012-10-04T03:43:46.283Z") } - { "count" : 1.0 } - 1 - 10/4/2012 10:43:46 AM
{ "createdDate" : ISODate("2012-10-04T03:43:51.189Z") } - { "count" : 1.0 } - 1 - 10/4/2012 10:43:51 AM
{ "createdDate" : ISODate("2012-10-04T03:43:51.252Z") } - { "count" : 1.0 } - 1 - 10/4/2012 10:43:51 AM
{ "createdDate" : ISODate("2012-10-04T03:43:51.299Z") } - { "count" : 1.0 } - 1 - 10/4/2012 10:43:51 AM
{ "createdDate" : ISODate("2012-10-04T03:43:51.345Z") } - { "count" : 1.0 } - 1 - 10/4/2012 10:43:51 AM
{ "createdDate" : ISODate("2012-10-04T03:43:51.392Z") } - { "count" : 1.0 } - 1 - 10/4/2012 10:43:51 AM
{ "createdDate" : ISODate("2012-10-04T03:43:51.439Z") } - { "count" : 1.0 } - 1 - 10/4/2012 10:43:51 AM
{ "createdDate" : ISODate("2012-10-04T03:43:51.486Z") } - { "count" : 1.0 } - 1 - 10/4/2012 10:43:51 AM
{ "createdDate" : ISODate("2012-10-04T03:43:51.533Z") } - { "count" : 1.0 } - 1 - 10/4/2012 10:43:51 AM
{ "createdDate" : ISODate("2012-10-04T03:43:51.58Z") } - { "count" : 1.0 } - 1 - 10/4/2012 10:43:51 AM
{ "createdDate" : ISODate("2012-10-04T03:43:51.627Z") } - { "count" : 1.0 } - 1 - 10/4/2012 10:43:51 AM
{ "createdDate" : ISODate("2012-10-04T03:43:51.674Z") } - { "count" : 1.0 } - 1 - 10/4/2012 10:43:51 AM
{ "createdDate" : ISODate("2012-10-04T03:43:54.689Z") } - { "count" : 1.0 } - 1 - 10/4/2012 10:43:54 AM
{ "createdDate" : ISODate("2012-10-04T03:43:54.736Z") } - { "count" : 1.0 } - 1 - 10/4/2012 10:43:54 AM
{ "createdDate" : ISODate("2012-10-04T03:43:54.783Z") } - { "count" : 1.0 } - 1 - 10/4/2012 10:43:54 AM
{ "createdDate" : ISODate("2012-10-04T03:43:54.845Z") } - { "count" : 1.0 } - 1 - 10/4/2012 10:43:54 AM
{ "createdDate" : ISODate("2012-10-04T03:43:54.892Z") } - { "count" : 1.0 } - 1 - 10/4/2012 10:43:54 AM
{ "createdDate" : ISODate("2012-10-04T03:43:54.939Z") } - { "count" : 1.0 } - 1 - 10/4/2012 10:43:54 AM
{ "createdDate" : ISODate("2012-10-04T03:43:54.986Z") } - { "count" : 1.0 } - 1 - 10/4/2012 10:43:54 AM
{ "createdDate" : ISODate("2012-10-04T03:43:55.033Z") } - { "count" : 1.0 } - 1 - 10/4/2012 10:43:55 AM
{ "createdDate" : ISODate("2012-10-04T03:43:55.08Z") } - { "count" : 1.0 } - 1 - 10/4/2012 10:43:55 AM
{ "createdDate" : ISODate("2012-10-04T03:43:55.127Z") } - { "count" : 1.0 } - 1 - 10/4/2012 10:43:55 AM
{ "createdDate" : ISODate("2012-10-04T03:43:55.189Z") } - { "count" : 1.0 } - 1 - 10/4/2012 10:43:55 AM
{ "createdDate" : ISODate("2012-10-04T03:43:59.22Z") } - { "count" : 1.0 } - 1 - 10/4/2012 10:43:59 AM
{ "createdDate" : ISODate("2012-10-04T03:43:59.267Z") } - { "count" : 1.0 } - 1 - 10/4/2012 10:43:59 AM
{ "createdDate" : ISODate("2012-10-04T03:43:59.314Z") } - { "count" : 1.0 } - 1 - 10/4/2012 10:43:59 AM
{ "createdDate" : ISODate("2012-10-04T03:43:59.361Z") } - { "count" : 1.0 } - 1 - 10/4/2012 10:43:59 AM
{ "createdDate" : ISODate("2012-10-04T03:43:59.408Z") } - { "count" : 1.0 } - 1 - 10/4/2012 10:43:59 AM
{ "createdDate" : ISODate("2012-10-04T03:43:59.455Z") } - { "count" : 1.0 } - 1 - 10/4/2012 10:43:59 AM
{ "createdDate" : ISODate("2012-10-04T03:43:59.502Z") } - { "count" : 1.0 } - 1 - 10/4/2012 10:43:59 AM
{ "createdDate" : ISODate("2012-10-04T03:43:59.549Z") } - { "count" : 1.0 } - 1 - 10/4/2012 10:43:59 AM
{ "createdDate" : ISODate("2012-10-04T03:43:59.595Z") } - { "count" : 1.0 } - 1 - 10/4/2012 10:43:59 AM
{ "createdDate" : ISODate("2012-10-04T03:43:59.642Z") } - { "count" : 1.0 } - 1 - 10/4/2012 10:43:59 AM
{ "createdDate" : ISODate("2012-10-04T03:43:59.689Z") } - { "count" : 1.0 } - 1 - 10/4/2012 10:43:59 AM
{ "createdDate" : ISODate("2012-10-04T03:44:01.674Z") } - { "count" : 1.0 } - 1 - 10/4/2012 10:44:01 AM
{ "createdDate" : ISODate("2012-10-04T03:44:01.72Z") } - { "count" : 1.0 } - 1 - 10/4/2012 10:44:01 AM
{ "createdDate" : ISODate("2012-10-04T03:44:01.783Z") } - { "count" : 1.0 } - 1 - 10/4/2012 10:44:01 AM
{ "createdDate" : ISODate("2012-10-04T03:44:01.83Z") } - { "count" : 1.0 } - 1 - 10/4/2012 10:44:01 AM
{ "createdDate" : ISODate("2012-10-04T03:44:01.877Z") } - { "count" : 1.0 } - 1 - 10/4/2012 10:44:01 AM
{ "createdDate" : ISODate("2012-10-04T03:44:01.924Z") } - { "count" : 1.0 } - 1 - 10/4/2012 10:44:01 AM
{ "createdDate" : ISODate("2012-10-04T03:44:01.986Z") } - { "count" : 1.0 } - 1 - 10/4/2012 10:44:01 AM
{ "createdDate" : ISODate("2012-10-04T03:44:02.033Z") } - { "count" : 1.0 } - 1 - 10/4/2012 10:44:02 AM
{ "createdDate" : ISODate("2012-10-04T03:44:02.08Z") } - { "count" : 1.0 } - 1 - 10/4/2012 10:44:02 AM
{ "createdDate" : ISODate("2012-10-04T03:44:02.127Z") } - { "count" : 1.0 } - 1 - 10/4/2012 10:44:02 AM
{ "createdDate" : ISODate("2012-10-04T03:44:02.174Z") } - { "count" : 1.0 } - 1 - 10/4/2012 10:44:02 AM
{ "createdDate" : ISODate("2012-10-04T03:44:07.22Z") } - { "count" : 1.0 } - 1 - 10/4/2012 10:44:07 AM
{ "createdDate" : ISODate("2012-10-04T03:44:07.283Z") } - { "count" : 1.0 } - 1 - 10/4/2012 10:44:07 AM
{ "createdDate" : ISODate("2012-10-04T03:44:07.33Z") } - { "count" : 1.0 } - 1 - 10/4/2012 10:44:07 AM
{ "createdDate" : ISODate("2012-10-04T03:44:07.377Z") } - { "count" : 1.0 } - 1 - 10/4/2012 10:44:07 AM
{ "createdDate" : ISODate("2012-10-04T03:44:07.424Z") } - { "count" : 1.0 } - 1 - 10/4/2012 10:44:07 AM
{ "createdDate" : ISODate("2012-10-04T03:44:07.47Z") } - { "count" : 1.0 } - 1 - 10/4/2012 10:44:07 AM
{ "createdDate" : ISODate("2012-10-04T03:44:07.517Z") } - { "count" : 1.0 } - 1 - 10/4/2012 10:44:07 AM
{ "createdDate" : ISODate("2012-10-04T03:44:07.564Z") } - { "count" : 1.0 } - 1 - 10/4/2012 10:44:07 AM
{ "createdDate" : ISODate("2012-10-04T03:44:07.611Z") } - { "count" : 1.0 } - 1 - 10/4/2012 10:44:07 AM
{ "createdDate" : ISODate("2012-10-04T03:44:07.658Z") } - { "count" : 1.0 } - 1 - 10/4/2012 10:44:07 AM
{ "createdDate" : ISODate("2012-10-04T03:44:07.705Z") } - { "count" : 1.0 } - 1 - 10/4/2012 10:44:07 AM
{ "createdDate" : ISODate("2012-10-04T03:44:10.752Z") } - { "count" : 1.0 } - 1 - 10/4/2012 10:44:10 AM
{ "createdDate" : ISODate("2012-10-04T03:44:10.814Z") } - { "count" : 1.0 } - 1 - 10/4/2012 10:44:10 AM
{ "createdDate" : ISODate("2012-10-04T03:44:11.017Z") } - { "count" : 1.0 } - 1 - 10/4/2012 10:44:11 AM
{ "createdDate" : ISODate("2012-10-04T03:44:11.142Z") } - { "count" : 1.0 } - 1 - 10/4/2012 10:44:11 AM
{ "createdDate" : ISODate("2012-10-04T03:44:11.22Z") } - { "count" : 1.0 } - 1 - 10/4/2012 10:44:11 AM
{ "createdDate" : ISODate("2012-10-04T03:44:11.392Z") } - { "count" : 1.0 } - 1 - 10/4/2012 10:44:11 AM
{ "createdDate" : ISODate("2012-10-04T03:44:11.455Z") } - { "count" : 1.0 } - 1 - 10/4/2012 10:44:11 AM
{ "createdDate" : ISODate("2012-10-04T03:44:11.517Z") } - { "count" : 1.0 } - 1 - 10/4/2012 10:44:11 AM
{ "createdDate" : ISODate("2012-10-04T03:44:11.611Z") } - { "count" : 1.0 } - 1 - 10/4/2012 10:44:11 AM
{ "createdDate" : ISODate("2012-10-04T03:44:11.674Z") } - { "count" : 1.0 } - 1 - 10/4/2012 10:44:11 AM
{ "createdDate" : ISODate("2012-10-04T03:44:11.736Z") } - { "count" : 1.0 } - 1 - 10/4/2012 10:44:11 AM
{ "createdDate" : ISODate("2012-10-04T03:44:15.049Z") } - { "count" : 1.0 } - 1 - 10/4/2012 10:44:15 AM
{ "createdDate" : ISODate("2012-10-04T03:44:15.205Z") } - { "count" : 1.0 } - 1 - 10/4/2012 10:44:15 AM
{ "createdDate" : ISODate("2012-10-04T03:44:15.408Z") } - { "count" : 1.0 } - 1 - 10/4/2012 10:44:15 AM
{ "createdDate" : ISODate("2012-10-04T03:44:15.611Z") } - { "count" : 1.0 } - 1 - 10/4/2012 10:44:15 AM
{ "createdDate" : ISODate("2012-10-04T03:44:15.83Z") } - { "count" : 1.0 } - 1 - 10/4/2012 10:44:15 AM
{ "createdDate" : ISODate("2012-10-04T03:44:15.908Z") } - { "count" : 1.0 } - 1 - 10/4/2012 10:44:15 AM
{ "createdDate" : ISODate("2012-10-04T03:44:16.142Z") } - { "count" : 1.0 } - 1 - 10/4/2012 10:44:16 AM
{ "createdDate" : ISODate("2012-10-04T03:44:16.236Z") } - { "count" : 1.0 } - 1 - 10/4/2012 10:44:16 AM
{ "createdDate" : ISODate("2012-10-04T03:44:16.424Z") } - { "count" : 1.0 } - 1 - 10/4/2012 10:44:16 AM
{ "createdDate" : ISODate("2012-10-04T03:44:16.642Z") } - { "count" : 1.0 } - 1 - 10/4/2012 10:44:16 AM
{ "createdDate" : ISODate("2012-10-04T03:44:16.767Z") } - { "count" : 1.0 } - 1 - 10/4/2012 10:44:16 AM
{ "createdDate" : ISODate("2012-10-04T03:44:19.095Z") } - { "count" : 1.0 } - 1 - 10/4/2012 10:44:19 AM
{ "createdDate" : ISODate("2012-10-04T03:44:19.22Z") } - { "count" : 1.0 } - 1 - 10/4/2012 10:44:19 AM
{ "createdDate" : ISODate("2012-10-04T03:44:19.267Z") } - { "count" : 1.0 } - 1 - 10/4/2012 10:44:19 AM
{ "createdDate" : ISODate("2012-10-04T03:44:19.314Z") } - { "count" : 1.0 } - 1 - 10/4/2012 10:44:19 AM
{ "createdDate" : ISODate("2012-10-04T03:44:19.361Z") } - { "count" : 1.0 } - 1 - 10/4/2012 10:44:19 AM
{ "createdDate" : ISODate("2012-10-04T03:44:19.439Z") } - { "count" : 1.0 } - 1 - 10/4/2012 10:44:19 AM
{ "createdDate" : ISODate("2012-10-04T03:44:19.47Z") } - { "count" : 1.0 } - 1 - 10/4/2012 10:44:19 AM
{ "createdDate" : ISODate("2012-10-04T03:44:19.517Z") } - { "count" : 1.0 } - 1 - 10/4/2012 10:44:19 AM
{ "createdDate" : ISODate("2012-10-04T03:44:19.564Z") } - { "count" : 1.0 } - 1 - 10/4/2012 10:44:19 AM
{ "createdDate" : ISODate("2012-10-04T03:44:19.611Z") } - { "count" : 1.0 } - 1 - 10/4/2012 10:44:19 AM
{ "createdDate" : ISODate("2012-10-04T03:44:19.658Z") } - { "count" : 1.0 } - 1 - 10/4/2012 10:44:19 AM
{ "createdDate" : ISODate("2012-10-04T03:44:22.674Z") } - { "count" : 1.0 } - 1 - 10/4/2012 10:44:22 AM
{ "createdDate" : ISODate("2012-10-04T03:44:22.736Z") } - { "count" : 1.0 } - 1 - 10/4/2012 10:44:22 AM
{ "createdDate" : ISODate("2012-10-04T03:44:22.783Z") } - { "count" : 1.0 } - 1 - 10/4/2012 10:44:22 AM
{ "createdDate" : ISODate("2012-10-04T03:44:22.845Z") } - { "count" : 1.0 } - 1 - 10/4/2012 10:44:22 AM
{ "createdDate" : ISODate("2012-10-04T03:44:22.892Z") } - { "count" : 1.0 } - 1 - 10/4/2012 10:44:22 AM
{ "createdDate" : ISODate("2012-10-04T03:44:22.955Z") } - { "count" : 1.0 } - 1 - 10/4/2012 10:44:22 AM
{ "createdDate" : ISODate("2012-10-04T03:44:23.017Z") } - { "count" : 1.0 } - 1 - 10/4/2012 10:44:23 AM
{ "createdDate" : ISODate("2012-10-04T03:44:23.064Z") } - { "count" : 1.0 } - 1 - 10/4/2012 10:44:23 AM
{ "createdDate" : ISODate("2012-10-04T03:44:23.127Z") } - { "count" : 1.0 } - 1 - 10/4/2012 10:44:23 AM
{ "createdDate" : ISODate("2012-10-04T03:44:23.174Z") } - { "count" : 1.0 } - 1 - 10/4/2012 10:44:23 AM
{ "createdDate" : ISODate("2012-10-04T03:44:23.236Z") } - { "count" : 1.0 } - 1 - 10/4/2012 10:44:23 AM
{ "createdDate" : ISODate("2012-10-04T03:44:26.642Z") } - { "count" : 1.0 } - 1 - 10/4/2012 10:44:26 AM
{ "createdDate" : ISODate("2012-10-04T03:44:26.689Z") } - { "count" : 1.0 } - 1 - 10/4/2012 10:44:26 AM
{ "createdDate" : ISODate("2012-10-04T03:44:26.752Z") } - { "count" : 1.0 } - 1 - 10/4/2012 10:44:26 AM
{ "createdDate" : ISODate("2012-10-04T03:44:26.799Z") } - { "count" : 1.0 } - 1 - 10/4/2012 10:44:26 AM
{ "createdDate" : ISODate("2012-10-04T03:44:26.845Z") } - { "count" : 1.0 } - 1 - 10/4/2012 10:44:26 AM
{ "createdDate" : ISODate("2012-10-04T03:44:26.908Z") } - { "count" : 1.0 } - 1 - 10/4/2012 10:44:26 AM
{ "createdDate" : ISODate("2012-10-04T03:44:26.955Z") } - { "count" : 1.0 } - 1 - 10/4/2012 10:44:26 AM
{ "createdDate" : ISODate("2012-10-04T03:44:27.033Z") } - { "count" : 1.0 } - 1 - 10/4/2012 10:44:27 AM
{ "createdDate" : ISODate("2012-10-04T03:44:27.08Z") } - { "count" : 1.0 } - 1 - 10/4/2012 10:44:27 AM
{ "createdDate" : ISODate("2012-10-04T03:44:27.142Z") } - { "count" : 1.0 } - 1 - 10/4/2012 10:44:27 AM
{ "createdDate" : ISODate("2012-10-04T03:44:27.189Z") } - { "count" : 1.0 } - 1 - 10/4/2012 10:44:27 AM
{ "createdDate" : ISODate("2012-10-04T03:44:32.142Z") } - { "count" : 1.0 } - 1 - 10/4/2012 10:44:32 AM
{ "createdDate" : ISODate("2012-10-04T03:44:32.189Z") } - { "count" : 1.0 } - 1 - 10/4/2012 10:44:32 AM
{ "createdDate" : ISODate("2012-10-04T03:44:32.252Z") } - { "count" : 1.0 } - 1 - 10/4/2012 10:44:32 AM
{ "createdDate" : ISODate("2012-10-04T03:44:32.299Z") } - { "count" : 1.0 } - 1 - 10/4/2012 10:44:32 AM
{ "createdDate" : ISODate("2012-10-04T03:44:32.345Z") } - { "count" : 1.0 } - 1 - 10/4/2012 10:44:32 AM
{ "createdDate" : ISODate("2012-10-04T03:44:32.58Z") } - { "count" : 1.0 } - 1 - 10/4/2012 10:44:32 AM
{ "createdDate" : ISODate("2012-10-04T03:44:32.642Z") } - { "count" : 1.0 } - 1 - 10/4/2012 10:44:32 AM
{ "createdDate" : ISODate("2012-10-04T03:44:32.736Z") } - { "count" : 1.0 } - 1 - 10/4/2012 10:44:32 AM
{ "createdDate" : ISODate("2012-10-04T03:44:32.783Z") } - { "count" : 1.0 } - 1 - 10/4/2012 10:44:32 AM
{ "createdDate" : ISODate("2012-10-04T03:44:32.83Z") } - { "count" : 1.0 } - 1 - 10/4/2012 10:44:32 AM
{ "createdDate" : ISODate("2012-10-04T03:44:32.892Z") } - { "count" : 1.0 } - 1 - 10/4/2012 10:44:32 AM
{ "createdDate" : ISODate("2012-10-04T03:44:34.767Z") } - { "count" : 1.0 } - 1 - 10/4/2012 10:44:34 AM
{ "createdDate" : ISODate("2012-10-04T03:44:34.83Z") } - { "count" : 1.0 } - 1 - 10/4/2012 10:44:34 AM
{ "createdDate" : ISODate("2012-10-04T03:44:34.908Z") } - { "count" : 1.0 } - 1 - 10/4/2012 10:44:34 AM
{ "createdDate" : ISODate("2012-10-04T03:44:34.97Z") } - { "count" : 1.0 } - 1 - 10/4/2012 10:44:34 AM
{ "createdDate" : ISODate("2012-10-04T03:44:35.017Z") } - { "count" : 1.0 } - 1 - 10/4/2012 10:44:35 AM
{ "createdDate" : ISODate("2012-10-04T03:44:35.08Z") } - { "count" : 1.0 } - 1 - 10/4/2012 10:44:35 AM
{ "createdDate" : ISODate("2012-10-04T03:44:35.142Z") } - { "count" : 1.0 } - 1 - 10/4/2012 10:44:35 AM
{ "createdDate" : ISODate("2012-10-04T03:44:35.299Z") } - { "count" : 1.0 } - 1 - 10/4/2012 10:44:35 AM
{ "createdDate" : ISODate("2012-10-04T03:44:35.392Z") } - { "count" : 1.0 } - 1 - 10/4/2012 10:44:35 AM
{ "createdDate" : ISODate("2012-10-04T03:44:35.455Z") } - { "count" : 1.0 } - 1 - 10/4/2012 10:44:35 AM
{ "createdDate" : ISODate("2012-10-04T03:44:35.533Z") } - { "count" : 1.0 } - 1 - 10/4/2012 10:44:35 AM
{ "createdDate" : ISODate("2012-10-04T03:44:39.924Z") } - { "count" : 1.0 } - 1 - 10/4/2012 10:44:39 AM
{ "createdDate" : ISODate("2012-10-04T03:44:39.986Z") } - { "count" : 1.0 } - 1 - 10/4/2012 10:44:39 AM
{ "createdDate" : ISODate("2012-10-04T03:44:40.049Z") } - { "count" : 1.0 } - 1 - 10/4/2012 10:44:40 AM
{ "createdDate" : ISODate("2012-10-04T03:44:40.111Z") } - { "count" : 1.0 } - 1 - 10/4/2012 10:44:40 AM
{ "createdDate" : ISODate("2012-10-04T03:44:40.158Z") } - { "count" : 1.0 } - 1 - 10/4/2012 10:44:40 AM
{ "createdDate" : ISODate("2012-10-04T03:44:40.205Z") } - { "count" : 1.0 } - 1 - 10/4/2012 10:44:40 AM
{ "createdDate" : ISODate("2012-10-04T03:44:40.267Z") } - { "count" : 1.0 } - 1 - 10/4/2012 10:44:40 AM
{ "createdDate" : ISODate("2012-10-04T03:44:40.345Z") } - { "count" : 1.0 } - 1 - 10/4/2012 10:44:40 AM
{ "createdDate" : ISODate("2012-10-04T03:44:40.408Z") } - { "count" : 1.0 } - 1 - 10/4/2012 10:44:40 AM
{ "createdDate" : ISODate("2012-10-04T03:44:40.455Z") } - { "count" : 1.0 } - 1 - 10/4/2012 10:44:40 AM
{ "createdDate" : ISODate("2012-10-04T03:44:40.517Z") } - { "count" : 1.0 } - 1 - 10/4/2012 10:44:40 AM
{ "createdDate" : ISODate("2012-10-04T03:44:44.158Z") } - { "count" : 1.0 } - 1 - 10/4/2012 10:44:44 AM
{ "createdDate" : ISODate("2012-10-04T03:44:44.252Z") } - { "count" : 1.0 } - 1 - 10/4/2012 10:44:44 AM
{ "createdDate" : ISODate("2012-10-04T03:44:44.314Z") } - { "count" : 1.0 } - 1 - 10/4/2012 10:44:44 AM
{ "createdDate" : ISODate("2012-10-04T03:44:44.377Z") } - { "count" : 1.0 } - 1 - 10/4/2012 10:44:44 AM
{ "createdDate" : ISODate("2012-10-04T03:44:44.439Z") } - { "count" : 1.0 } - 1 - 10/4/2012 10:44:44 AM
{ "createdDate" : ISODate("2012-10-04T03:44:44.486Z") } - { "count" : 1.0 } - 1 - 10/4/2012 10:44:44 AM
{ "createdDate" : ISODate("2012-10-04T03:44:44.549Z") } - { "count" : 1.0 } - 1 - 10/4/2012 10:44:44 AM
{ "createdDate" : ISODate("2012-10-04T03:44:44.595Z") } - { "count" : 1.0 } - 1 - 10/4/2012 10:44:44 AM
{ "createdDate" : ISODate("2012-10-04T03:44:44.658Z") } - { "count" : 1.0 } - 1 - 10/4/2012 10:44:44 AM
{ "createdDate" : ISODate("2012-10-04T03:44:44.72Z") } - { "count" : 1.0 } - 1 - 10/4/2012 10:44:44 AM
{ "createdDate" : ISODate("2012-10-04T03:44:44.783Z") } - { "count" : 1.0 } - 1 - 10/4/2012 10:44:44 AM
{ "createdDate" : ISODate("2012-10-04T03:44:48.908Z") } - { "count" : 1.0 } - 1 - 10/4/2012 10:44:48 AM
{ "createdDate" : ISODate("2012-10-04T03:44:48.97Z") } - { "count" : 1.0 } - 1 - 10/4/2012 10:44:48 AM
{ "createdDate" : ISODate("2012-10-04T03:44:49.049Z") } - { "count" : 1.0 } - 1 - 10/4/2012 10:44:49 AM
{ "createdDate" : ISODate("2012-10-04T03:44:49.142Z") } - { "count" : 1.0 } - 1 - 10/4/2012 10:44:49 AM
{ "createdDate" : ISODate("2012-10-04T03:44:49.205Z") } - { "count" : 1.0 } - 1 - 10/4/2012 10:44:49 AM
{ "createdDate" : ISODate("2012-10-04T03:44:49.267Z") } - { "count" : 1.0 } - 1 - 10/4/2012 10:44:49 AM
{ "createdDate" : ISODate("2012-10-04T03:44:49.33Z") } - { "count" : 1.0 } - 1 - 10/4/2012 10:44:49 AM
{ "createdDate" : ISODate("2012-10-04T03:44:49.377Z") } - { "count" : 1.0 } - 1 - 10/4/2012 10:44:49 AM
{ "createdDate" : ISODate("2012-10-04T03:44:49.439Z") } - { "count" : 1.0 } - 1 - 10/4/2012 10:44:49 AM
{ "createdDate" : ISODate("2012-10-04T03:44:49.502Z") } - { "count" : 1.0 } - 1 - 10/4/2012 10:44:49 AM
{ "createdDate" : ISODate("2012-10-04T03:44:49.549Z") } - { "count" : 1.0 } - 1 - 10/4/2012 10:44:49 AM
{ "createdDate" : ISODate("2012-10-04T03:44:51.392Z") } - { "count" : 1.0 } - 1 - 10/4/2012 10:44:51 AM
{ "createdDate" : ISODate("2012-10-04T03:44:51.502Z") } - { "count" : 1.0 } - 1 - 10/4/2012 10:44:51 AM
{ "createdDate" : ISODate("2012-10-04T03:44:51.658Z") } - { "count" : 1.0 } - 1 - 10/4/2012 10:44:51 AM
{ "createdDate" : ISODate("2012-10-04T03:44:51.908Z") } - { "count" : 1.0 } - 1 - 10/4/2012 10:44:51 AM
{ "createdDate" : ISODate("2012-10-04T03:44:52.017Z") } - { "count" : 1.0 } - 1 - 10/4/2012 10:44:52 AM
{ "createdDate" : ISODate("2012-10-04T03:44:52.22Z") } - { "count" : 1.0 } - 1 - 10/4/2012 10:44:52 AM
{ "createdDate" : ISODate("2012-10-04T03:44:52.299Z") } - { "count" : 1.0 } - 1 - 10/4/2012 10:44:52 AM
{ "createdDate" : ISODate("2012-10-04T03:44:52.377Z") } - { "count" : 1.0 } - 1 - 10/4/2012 10:44:52 AM
{ "createdDate" : ISODate("2012-10-04T03:44:52.47Z") } - { "count" : 1.0 } - 1 - 10/4/2012 10:44:52 AM
{ "createdDate" : ISODate("2012-10-04T03:44:52.549Z") } - { "count" : 1.0 } - 1 - 10/4/2012 10:44:52 AM
{ "createdDate" : ISODate("2012-10-04T03:44:52.658Z") } - { "count" : 1.0 } - 1 - 10/4/2012 10:44:52 AM
{ "createdDate" : ISODate("2012-10-04T03:44:56.845Z") } - { "count" : 1.0 } - 1 - 10/4/2012 10:44:56 AM
{ "createdDate" : ISODate("2012-10-04T03:44:56.908Z") } - { "count" : 1.0 } - 1 - 10/4/2012 10:44:56 AM
{ "createdDate" : ISODate("2012-10-04T03:44:56.986Z") } - { "count" : 1.0 } - 1 - 10/4/2012 10:44:56 AM
{ "createdDate" : ISODate("2012-10-04T03:44:57.08Z") } - { "count" : 1.0 } - 1 - 10/4/2012 10:44:57 AM
{ "createdDate" : ISODate("2012-10-04T03:44:57.158Z") } - { "count" : 1.0 } - 1 - 10/4/2012 10:44:57 AM
{ "createdDate" : ISODate("2012-10-04T03:44:57.252Z") } - { "count" : 1.0 } - 1 - 10/4/2012 10:44:57 AM
{ "createdDate" : ISODate("2012-10-04T03:44:57.345Z") } - { "count" : 1.0 } - 1 - 10/4/2012 10:44:57 AM
{ "createdDate" : ISODate("2012-10-04T03:44:57.533Z") } - { "count" : 1.0 } - 1 - 10/4/2012 10:44:57 AM
{ "createdDate" : ISODate("2012-10-04T03:44:57.83Z") } - { "count" : 1.0 } - 1 - 10/4/2012 10:44:57 AM
{ "createdDate" : ISODate("2012-10-04T03:44:57.924Z") } - { "count" : 1.0 } - 1 - 10/4/2012 10:44:57 AM
{ "createdDate" : ISODate("2012-10-04T03:44:58.033Z") } - { "count" : 1.0 } - 1 - 10/4/2012 10:44:58 AM
{ "createdDate" : ISODate("2012-10-04T03:45:00.314Z") } - { "count" : 1.0 } - 1 - 10/4/2012 10:45:00 AM
{ "createdDate" : ISODate("2012-10-04T03:45:00.439Z") } - { "count" : 1.0 } - 1 - 10/4/2012 10:45:00 AM
{ "createdDate" : ISODate("2012-10-04T03:45:00.486Z") } - { "count" : 1.0 } - 1 - 10/4/2012 10:45:00 AM
{ "createdDate" : ISODate("2012-10-04T03:45:00.549Z") } - { "count" : 1.0 } - 1 - 10/4/2012 10:45:00 AM
{ "createdDate" : ISODate("2012-10-04T03:45:00.595Z") } - { "count" : 1.0 } - 1 - 10/4/2012 10:45:00 AM
{ "createdDate" : ISODate("2012-10-04T03:45:00.642Z") } - { "count" : 1.0 } - 1 - 10/4/2012 10:45:00 AM
{ "createdDate" : ISODate("2012-10-04T03:45:00.705Z") } - { "count" : 1.0 } - 1 - 10/4/2012 10:45:00 AM
{ "createdDate" : ISODate("2012-10-04T03:45:00.752Z") } - { "count" : 1.0 } - 1 - 10/4/2012 10:45:00 AM
{ "createdDate" : ISODate("2012-10-04T03:45:00.799Z") } - { "count" : 1.0 } - 1 - 10/4/2012 10:45:00 AM
{ "createdDate" : ISODate("2012-10-04T03:45:00.861Z") } - { "count" : 1.0 } - 1 - 10/4/2012 10:45:00 AM
{ "createdDate" : ISODate("2012-10-04T03:45:00.924Z") } - { "count" : 1.0 } - 1 - 10/4/2012 10:45:00 AM
{ "createdDate" : ISODate("2012-10-04T03:45:05.439Z") } - { "count" : 1.0 } - 1 - 10/4/2012 10:45:05 AM
{ "createdDate" : ISODate("2012-10-04T03:45:05.517Z") } - { "count" : 1.0 } - 1 - 10/4/2012 10:45:05 AM
{ "createdDate" : ISODate("2012-10-04T03:45:05.58Z") } - { "count" : 1.0 } - 1 - 10/4/2012 10:45:05 AM
{ "createdDate" : ISODate("2012-10-04T03:45:05.642Z") } - { "count" : 1.0 } - 1 - 10/4/2012 10:45:05 AM
{ "createdDate" : ISODate("2012-10-04T03:45:05.705Z") } - { "count" : 1.0 } - 1 - 10/4/2012 10:45:05 AM
{ "createdDate" : ISODate("2012-10-04T03:45:05.783Z") } - { "count" : 1.0 } - 1 - 10/4/2012 10:45:05 AM
{ "createdDate" : ISODate("2012-10-04T03:45:05.83Z") } - { "count" : 1.0 } - 1 - 10/4/2012 10:45:05 AM
{ "createdDate" : ISODate("2012-10-04T03:45:05.908Z") } - { "count" : 1.0 } - 1 - 10/4/2012 10:45:05 AM
{ "createdDate" : ISODate("2012-10-04T03:45:05.97Z") } - { "count" : 1.0 } - 1 - 10/4/2012 10:45:05 AM
{ "createdDate" : ISODate("2012-10-04T03:45:06.033Z") } - { "count" : 1.0 } - 1 - 10/4/2012 10:45:06 AM
{ "createdDate" : ISODate("2012-10-04T03:45:06.095Z") } - { "count" : 1.0 } - 1 - 10/4/2012 10:45:06 AM
{ "createdDate" : ISODate("2012-10-04T03:45:08.064Z") } - { "count" : 1.0 } - 1 - 10/4/2012 10:45:08 AM
{ "createdDate" : ISODate("2012-10-04T03:45:08.111Z") } - { "count" : 1.0 } - 1 - 10/4/2012 10:45:08 AM
{ "createdDate" : ISODate("2012-10-04T03:45:08.174Z") } - { "count" : 1.0 } - 1 - 10/4/2012 10:45:08 AM
{ "createdDate" : ISODate("2012-10-04T03:45:08.236Z") } - { "count" : 1.0 } - 1 - 10/4/2012 10:45:08 AM
{ "createdDate" : ISODate("2012-10-04T03:45:08.283Z") } - { "count" : 1.0 } - 1 - 10/4/2012 10:45:08 AM
{ "createdDate" : ISODate("2012-10-04T03:45:08.33Z") } - { "count" : 1.0 } - 1 - 10/4/2012 10:45:08 AM
{ "createdDate" : ISODate("2012-10-04T03:45:08.377Z") } - { "count" : 1.0 } - 1 - 10/4/2012 10:45:08 AM
{ "createdDate" : ISODate("2012-10-04T03:45:08.439Z") } - { "count" : 1.0 } - 1 - 10/4/2012 10:45:08 AM
{ "createdDate" : ISODate("2012-10-04T03:45:08.486Z") } - { "count" : 1.0 } - 1 - 10/4/2012 10:45:08 AM
{ "createdDate" : ISODate("2012-10-04T03:45:08.533Z") } - { "count" : 1.0 } - 1 - 10/4/2012 10:45:08 AM
{ "createdDate" : ISODate("2012-10-04T03:45:08.58Z") } - { "count" : 1.0 } - 1 - 10/4/2012 10:45:08 AM
{ "createdDate" : ISODate("2012-10-04T03:45:13.424Z") } - { "count" : 1.0 } - 1 - 10/4/2012 10:45:13 AM
{ "createdDate" : ISODate("2012-10-04T03:45:13.47Z") } - { "count" : 1.0 } - 1 - 10/4/2012 10:45:13 AM
{ "createdDate" : ISODate("2012-10-04T03:45:13.517Z") } - { "count" : 1.0 } - 1 - 10/4/2012 10:45:13 AM
{ "createdDate" : ISODate("2012-10-04T03:45:13.564Z") } - { "count" : 1.0 } - 1 - 10/4/2012 10:45:13 AM
{ "createdDate" : ISODate("2012-10-04T03:45:13.611Z") } - { "count" : 1.0 } - 1 - 10/4/2012 10:45:13 AM
{ "createdDate" : ISODate("2012-10-04T03:45:13.658Z") } - { "count" : 1.0 } - 1 - 10/4/2012 10:45:13 AM
{ "createdDate" : ISODate("2012-10-04T03:45:13.72Z") } - { "count" : 1.0 } - 1 - 10/4/2012 10:45:13 AM
{ "createdDate" : ISODate("2012-10-04T03:45:13.767Z") } - { "count" : 1.0 } - 1 - 10/4/2012 10:45:13 AM
{ "createdDate" : ISODate("2012-10-04T03:45:13.814Z") } - { "count" : 1.0 } - 1 - 10/4/2012 10:45:13 AM
{ "createdDate" : ISODate("2012-10-04T03:45:13.861Z") } - { "count" : 1.0 } - 1 - 10/4/2012 10:45:13 AM
{ "createdDate" : ISODate("2012-10-04T03:45:13.908Z") } - { "count" : 1.0 } - 1 - 10/4/2012 10:45:13 AM
{ "createdDate" : ISODate("2012-10-04T03:45:15.564Z") } - { "count" : 1.0 } - 1 - 10/4/2012 10:45:15 AM
{ "createdDate" : ISODate("2012-10-04T03:45:15.799Z") } - { "count" : 1.0 } - 1 - 10/4/2012 10:45:15 AM
{ "createdDate" : ISODate("2012-10-04T03:45:16.017Z") } - { "count" : 1.0 } - 1 - 10/4/2012 10:45:16 AM
{ "createdDate" : ISODate("2012-10-04T03:45:16.08Z") } - { "count" : 1.0 } - 1 - 10/4/2012 10:45:16 AM
{ "createdDate" : ISODate("2012-10-04T03:45:16.127Z") } - { "count" : 1.0 } - 1 - 10/4/2012 10:45:16 AM
{ "createdDate" : ISODate("2012-10-04T03:45:16.189Z") } - { "count" : 1.0 } - 1 - 10/4/2012 10:45:16 AM
{ "createdDate" : ISODate("2012-10-04T03:45:16.236Z") } - { "count" : 1.0 } - 1 - 10/4/2012 10:45:16 AM
{ "createdDate" : ISODate("2012-10-04T03:45:16.283Z") } - { "count" : 1.0 } - 1 - 10/4/2012 10:45:16 AM
{ "createdDate" : ISODate("2012-10-04T03:45:16.345Z") } - { "count" : 1.0 } - 1 - 10/4/2012 10:45:16 AM
{ "createdDate" : ISODate("2012-10-04T03:45:16.408Z") } - { "count" : 1.0 } - 1 - 10/4/2012 10:45:16 AM
{ "createdDate" : ISODate("2012-10-04T03:45:16.455Z") } - { "count" : 1.0 } - 1 - 10/4/2012 10:45:16 AM
{ "createdDate" : ISODate("2012-10-04T03:45:20.455Z") } - { "count" : 1.0 } - 1 - 10/4/2012 10:45:20 AM
{ "createdDate" : ISODate("2012-10-04T03:45:20.611Z") } - { "count" : 1.0 } - 1 - 10/4/2012 10:45:20 AM
{ "createdDate" : ISODate("2012-10-04T03:45:20.689Z") } - { "count" : 1.0 } - 1 - 10/4/2012 10:45:20 AM
{ "createdDate" : ISODate("2012-10-04T03:45:20.908Z") } - { "count" : 1.0 } - 1 - 10/4/2012 10:45:20 AM
{ "createdDate" : ISODate("2012-10-04T03:45:21.08Z") } - { "count" : 1.0 } - 1 - 10/4/2012 10:45:21 AM
{ "createdDate" : ISODate("2012-10-04T03:45:21.142Z") } - { "count" : 1.0 } - 1 - 10/4/2012 10:45:21 AM
{ "createdDate" : ISODate("2012-10-04T03:45:21.345Z") } - { "count" : 1.0 } - 1 - 10/4/2012 10:45:21 AM
{ "createdDate" : ISODate("2012-10-04T03:45:21.392Z") } - { "count" : 1.0 } - 1 - 10/4/2012 10:45:21 AM
{ "createdDate" : ISODate("2012-10-04T03:45:21.736Z") } - { "count" : 1.0 } - 1 - 10/4/2012 10:45:21 AM
{ "createdDate" : ISODate("2012-10-04T03:45:21.783Z") } - { "count" : 1.0 } - 1 - 10/4/2012 10:45:21 AM
{ "createdDate" : ISODate("2012-10-04T03:45:21.83Z") } - { "count" : 1.0 } - 1 - 10/4/2012 10:45:21 AM
{ "createdDate" : ISODate("2012-10-04T03:45:24.595Z") } - { "count" : 1.0 } - 1 - 10/4/2012 10:45:24 AM
{ "createdDate" : ISODate("2012-10-04T03:45:24.658Z") } - { "count" : 1.0 } - 1 - 10/4/2012 10:45:24 AM
{ "createdDate" : ISODate("2012-10-04T03:45:24.705Z") } - { "count" : 1.0 } - 1 - 10/4/2012 10:45:24 AM
{ "createdDate" : ISODate("2012-10-04T03:45:24.767Z") } - { "count" : 1.0 } - 1 - 10/4/2012 10:45:24 AM
{ "createdDate" : ISODate("2012-10-04T03:45:24.83Z") } - { "count" : 1.0 } - 1 - 10/4/2012 10:45:24 AM
{ "createdDate" : ISODate("2012-10-04T03:45:24.877Z") } - { "count" : 1.0 } - 1 - 10/4/2012 10:45:24 AM
{ "createdDate" : ISODate("2012-10-04T03:45:24.924Z") } - { "count" : 1.0 } - 1 - 10/4/2012 10:45:24 AM
{ "createdDate" : ISODate("2012-10-04T03:45:24.986Z") } - { "count" : 1.0 } - 1 - 10/4/2012 10:45:24 AM
{ "createdDate" : ISODate("2012-10-04T03:45:25.033Z") } - { "count" : 1.0 } - 1 - 10/4/2012 10:45:25 AM
{ "createdDate" : ISODate("2012-10-04T03:45:25.08Z") } - { "count" : 1.0 } - 1 - 10/4/2012 10:45:25 AM
{ "createdDate" : ISODate("2012-10-04T03:45:25.142Z") } - { "count" : 1.0 } - 1 - 10/4/2012 10:45:25 AM
{ "createdDate" : ISODate("2012-10-04T03:45:29.017Z") } - { "count" : 1.0 } - 1 - 10/4/2012 10:45:29 AM
{ "createdDate" : ISODate("2012-10-04T03:45:29.064Z") } - { "count" : 1.0 } - 1 - 10/4/2012 10:45:29 AM
{ "createdDate" : ISODate("2012-10-04T03:45:29.127Z") } - { "count" : 1.0 } - 1 - 10/4/2012 10:45:29 AM
{ "createdDate" : ISODate("2012-10-04T03:45:29.174Z") } - { "count" : 1.0 } - 1 - 10/4/2012 10:45:29 AM
{ "createdDate" : ISODate("2012-10-04T03:45:29.236Z") } - { "count" : 1.0 } - 1 - 10/4/2012 10:45:29 AM
{ "createdDate" : ISODate("2012-10-04T03:45:29.283Z") } - { "count" : 1.0 } - 1 - 10/4/2012 10:45:29 AM
{ "createdDate" : ISODate("2012-10-04T03:45:29.345Z") } - { "count" : 1.0 } - 1 - 10/4/2012 10:45:29 AM
{ "createdDate" : ISODate("2012-10-04T03:45:29.392Z") } - { "count" : 1.0 } - 1 - 10/4/2012 10:45:29 AM
{ "createdDate" : ISODate("2012-10-04T03:45:29.455Z") } - { "count" : 1.0 } - 1 - 10/4/2012 10:45:29 AM
{ "createdDate" : ISODate("2012-10-04T03:45:29.502Z") } - { "count" : 1.0 } - 1 - 10/4/2012 10:45:29 AM
{ "createdDate" : ISODate("2012-10-04T03:45:29.564Z") } - { "count" : 1.0 } - 1 - 10/4/2012 10:45:29 AM
{ "createdDate" : ISODate("2012-10-04T03:45:31.58Z") } - { "count" : 1.0 } - 1 - 10/4/2012 10:45:31 AM
{ "createdDate" : ISODate("2012-10-04T03:45:31.799Z") } - { "count" : 1.0 } - 1 - 10/4/2012 10:45:31 AM
{ "createdDate" : ISODate("2012-10-04T03:45:32.033Z") } - { "count" : 1.0 } - 1 - 10/4/2012 10:45:32 AM
{ "createdDate" : ISODate("2012-10-04T03:45:32.189Z") } - { "count" : 1.0 } - 1 - 10/4/2012 10:45:32 AM
{ "createdDate" : ISODate("2012-10-04T03:45:32.252Z") } - { "count" : 1.0 } - 1 - 10/4/2012 10:45:32 AM
{ "createdDate" : ISODate("2012-10-04T03:45:32.439Z") } - { "count" : 1.0 } - 1 - 10/4/2012 10:45:32 AM
{ "createdDate" : ISODate("2012-10-04T03:45:32.627Z") } - { "count" : 1.0 } - 1 - 10/4/2012 10:45:32 AM
{ "createdDate" : ISODate("2012-10-04T03:45:32.845Z") } - { "count" : 1.0 } - 1 - 10/4/2012 10:45:32 AM
{ "createdDate" : ISODate("2012-10-04T03:45:33.049Z") } - { "count" : 1.0 } - 1 - 10/4/2012 10:45:33 AM
{ "createdDate" : ISODate("2012-10-04T03:45:33.189Z") } - { "count" : 1.0 } - 1 - 10/4/2012 10:45:33 AM
{ "createdDate" : ISODate("2012-10-04T03:45:33.267Z") } - { "count" : 1.0 } - 1 - 10/4/2012 10:45:33 AM
{ "createdDate" : ISODate("2012-10-04T03:45:37.064Z") } - { "count" : 1.0 } - 1 - 10/4/2012 10:45:37 AM
{ "createdDate" : ISODate("2012-10-04T03:45:37.127Z") } - { "count" : 1.0 } - 1 - 10/4/2012 10:45:37 AM
{ "createdDate" : ISODate("2012-10-04T03:45:37.189Z") } - { "count" : 1.0 } - 1 - 10/4/2012 10:45:37 AM
{ "createdDate" : ISODate("2012-10-04T03:45:37.252Z") } - { "count" : 1.0 } - 1 - 10/4/2012 10:45:37 AM
{ "createdDate" : ISODate("2012-10-04T03:45:37.424Z") } - { "count" : 1.0 } - 1 - 10/4/2012 10:45:37 AM
{ "createdDate" : ISODate("2012-10-04T03:45:37.549Z") } - { "count" : 1.0 } - 1 - 10/4/2012 10:45:37 AM
{ "createdDate" : ISODate("2012-10-04T03:45:37.627Z") } - { "count" : 1.0 } - 1 - 10/4/2012 10:45:37 AM
{ "createdDate" : ISODate("2012-10-04T03:45:37.767Z") } - { "count" : 1.0 } - 1 - 10/4/2012 10:45:37 AM
{ "createdDate" : ISODate("2012-10-04T03:45:37.83Z") } - { "count" : 1.0 } - 1 - 10/4/2012 10:45:37 AM
{ "createdDate" : ISODate("2012-10-04T03:45:37.924Z") } - { "count" : 1.0 } - 1 - 10/4/2012 10:45:37 AM
{ "createdDate" : ISODate("2012-10-04T03:45:38.08Z") } - { "count" : 1.0 } - 1 - 10/4/2012 10:45:38 AM
{ "createdDate" : ISODate("2012-10-04T03:45:39.517Z") } - { "count" : 1.0 } - 1 - 10/4/2012 10:45:39 AM
{ "createdDate" : ISODate("2012-10-04T03:45:39.564Z") } - { "count" : 1.0 } - 1 - 10/4/2012 10:45:39 AM
{ "createdDate" : ISODate("2012-10-04T03:45:39.627Z") } - { "count" : 1.0 } - 1 - 10/4/2012 10:45:39 AM
{ "createdDate" : ISODate("2012-10-04T03:45:39.674Z") } - { "count" : 1.0 } - 1 - 10/4/2012 10:45:39 AM
{ "createdDate" : ISODate("2012-10-04T03:45:39.72Z") } - { "count" : 1.0 } - 1 - 10/4/2012 10:45:39 AM
{ "createdDate" : ISODate("2012-10-04T03:45:39.783Z") } - { "count" : 1.0 } - 1 - 10/4/2012 10:45:39 AM
{ "createdDate" : ISODate("2012-10-04T03:45:39.83Z") } - { "count" : 1.0 } - 1 - 10/4/2012 10:45:39 AM
{ "createdDate" : ISODate("2012-10-04T03:45:39.877Z") } - { "count" : 1.0 } - 1 - 10/4/2012 10:45:39 AM
{ "createdDate" : ISODate("2012-10-04T03:45:39.955Z") } - { "count" : 1.0 } - 1 - 10/4/2012 10:45:39 AM
{ "createdDate" : ISODate("2012-10-04T03:45:40.017Z") } - { "count" : 1.0 } - 1 - 10/4/2012 10:45:40 AM
{ "createdDate" : ISODate("2012-10-04T03:45:40.064Z") } - { "count" : 1.0 } - 1 - 10/4/2012 10:45:40 AM
{ "createdDate" : ISODate("2012-10-04T03:45:44.064Z") } - { "count" : 1.0 } - 1 - 10/4/2012 10:45:44 AM
{ "createdDate" : ISODate("2012-10-04T03:45:44.299Z") } - { "count" : 1.0 } - 1 - 10/4/2012 10:45:44 AM
{ "createdDate" : ISODate("2012-10-04T03:45:44.345Z") } - { "count" : 1.0 } - 1 - 10/4/2012 10:45:44 AM
{ "createdDate" : ISODate("2012-10-04T03:45:44.58Z") } - { "count" : 1.0 } - 1 - 10/4/2012 10:45:44 AM
{ "createdDate" : ISODate("2012-10-04T03:45:44.627Z") } - { "count" : 1.0 } - 1 - 10/4/2012 10:45:44 AM
{ "createdDate" : ISODate("2012-10-04T03:45:44.689Z") } - { "count" : 1.0 } - 1 - 10/4/2012 10:45:44 AM
{ "createdDate" : ISODate("2012-10-04T03:45:44.892Z") } - { "count" : 1.0 } - 1 - 10/4/2012 10:45:44 AM
{ "createdDate" : ISODate("2012-10-04T03:45:44.97Z") } - { "count" : 1.0 } - 1 - 10/4/2012 10:45:44 AM
{ "createdDate" : ISODate("2012-10-04T03:45:45.111Z") } - { "count" : 1.0 } - 1 - 10/4/2012 10:45:45 AM
{ "createdDate" : ISODate("2012-10-04T03:45:45.345Z") } - { "count" : 1.0 } - 1 - 10/4/2012 10:45:45 AM
{ "createdDate" : ISODate("2012-10-04T03:45:45.408Z") } - { "count" : 1.0 } - 1 - 10/4/2012 10:45:45 AM
{ "createdDate" : ISODate("2012-10-04T03:45:48.736Z") } - { "count" : 1.0 } - 1 - 10/4/2012 10:45:48 AM
{ "createdDate" : ISODate("2012-10-04T03:45:48.783Z") } - { "count" : 1.0 } - 1 - 10/4/2012 10:45:48 AM
{ "createdDate" : ISODate("2012-10-04T03:45:48.83Z") } - { "count" : 1.0 } - 1 - 10/4/2012 10:45:48 AM
{ "createdDate" : ISODate("2012-10-04T03:45:48.892Z") } - { "count" : 1.0 } - 1 - 10/4/2012 10:45:48 AM
{ "createdDate" : ISODate("2012-10-04T03:45:48.939Z") } - { "count" : 1.0 } - 1 - 10/4/2012 10:45:48 AM
{ "createdDate" : ISODate("2012-10-04T03:45:48.986Z") } - { "count" : 1.0 } - 1 - 10/4/2012 10:45:48 AM
{ "createdDate" : ISODate("2012-10-04T03:45:49.033Z") } - { "count" : 1.0 } - 1 - 10/4/2012 10:45:49 AM
{ "createdDate" : ISODate("2012-10-04T03:45:49.08Z") } - { "count" : 1.0 } - 1 - 10/4/2012 10:45:49 AM
{ "createdDate" : ISODate("2012-10-04T03:45:49.127Z") } - { "count" : 1.0 } - 1 - 10/4/2012 10:45:49 AM
{ "createdDate" : ISODate("2012-10-04T03:45:49.174Z") } - { "count" : 1.0 } - 1 - 10/4/2012 10:45:49 AM
{ "createdDate" : ISODate("2012-10-04T03:45:49.22Z") } - { "count" : 1.0 } - 1 - 10/4/2012 10:45:49 AM
{ "createdDate" : ISODate("2012-10-04T03:45:53.095Z") } - { "count" : 1.0 } - 1 - 10/4/2012 10:45:53 AM
{ "createdDate" : ISODate("2012-10-04T03:45:53.158Z") } - { "count" : 1.0 } - 1 - 10/4/2012 10:45:53 AM
{ "createdDate" : ISODate("2012-10-04T03:45:53.205Z") } - { "count" : 1.0 } - 1 - 10/4/2012 10:45:53 AM
{ "createdDate" : ISODate("2012-10-04T03:45:53.252Z") } - { "count" : 1.0 } - 1 - 10/4/2012 10:45:53 AM
{ "createdDate" : ISODate("2012-10-04T03:45:53.299Z") } - { "count" : 1.0 } - 1 - 10/4/2012 10:45:53 AM
{ "createdDate" : ISODate("2012-10-04T03:45:53.345Z") } - { "count" : 1.0 } - 1 - 10/4/2012 10:45:53 AM
{ "createdDate" : ISODate("2012-10-04T03:45:53.392Z") } - { "count" : 1.0 } - 1 - 10/4/2012 10:45:53 AM
{ "createdDate" : ISODate("2012-10-04T03:45:53.439Z") } - { "count" : 1.0 } - 1 - 10/4/2012 10:45:53 AM
{ "createdDate" : ISODate("2012-10-04T03:45:53.783Z") } - { "count" : 1.0 } - 1 - 10/4/2012 10:45:53 AM
{ "createdDate" : ISODate("2012-10-04T03:45:53.845Z") } - { "count" : 1.0 } - 1 - 10/4/2012 10:45:53 AM
{ "createdDate" : ISODate("2012-10-04T03:45:53.892Z") } - { "count" : 1.0 } - 1 - 10/4/2012 10:45:53 AM
{ "createdDate" : ISODate("2012-10-04T03:45:55.595Z") } - { "count" : 1.0 } - 1 - 10/4/2012 10:45:55 AM
{ "createdDate" : ISODate("2012-10-04T03:45:55.658Z") } - { "count" : 1.0 } - 1 - 10/4/2012 10:45:55 AM
{ "createdDate" : ISODate("2012-10-04T03:45:55.705Z") } - { "count" : 1.0 } - 1 - 10/4/2012 10:45:55 AM
{ "createdDate" : ISODate("2012-10-04T03:45:55.752Z") } - { "count" : 1.0 } - 1 - 10/4/2012 10:45:55 AM
{ "createdDate" : ISODate("2012-10-04T03:45:55.814Z") } - { "count" : 1.0 } - 1 - 10/4/2012 10:45:55 AM
{ "createdDate" : ISODate("2012-10-04T03:45:55.861Z") } - { "count" : 1.0 } - 1 - 10/4/2012 10:45:55 AM
{ "createdDate" : ISODate("2012-10-04T03:45:55.924Z") } - { "count" : 1.0 } - 1 - 10/4/2012 10:45:55 AM
{ "createdDate" : ISODate("2012-10-04T03:45:55.97Z") } - { "count" : 1.0 } - 1 - 10/4/2012 10:45:55 AM
{ "createdDate" : ISODate("2012-10-04T03:45:56.033Z") } - { "count" : 1.0 } - 1 - 10/4/2012 10:45:56 AM
{ "createdDate" : ISODate("2012-10-04T03:45:56.095Z") } - { "count" : 1.0 } - 1 - 10/4/2012 10:45:56 AM
{ "createdDate" : ISODate("2012-10-04T03:45:56.158Z") } - { "count" : 1.0 } - 1 - 10/4/2012 10:45:56 AM
{ "createdDate" : ISODate("2012-10-04T03:46:00.642Z") } - { "count" : 1.0 } - 1 - 10/4/2012 10:46:00 AM
{ "createdDate" : ISODate("2012-10-04T03:46:00.689Z") } - { "count" : 1.0 } - 1 - 10/4/2012 10:46:00 AM
{ "createdDate" : ISODate("2012-10-04T03:46:00.736Z") } - { "count" : 1.0 } - 1 - 10/4/2012 10:46:00 AM
{ "createdDate" : ISODate("2012-10-04T03:46:00.783Z") } - { "count" : 1.0 } - 1 - 10/4/2012 10:46:00 AM
{ "createdDate" : ISODate("2012-10-04T03:46:00.83Z") } - { "count" : 1.0 } - 1 - 10/4/2012 10:46:00 AM
{ "createdDate" : ISODate("2012-10-04T03:46:00.892Z") } - { "count" : 1.0 } - 1 - 10/4/2012 10:46:00 AM
{ "createdDate" : ISODate("2012-10-04T03:46:00.955Z") } - { "count" : 1.0 } - 1 - 10/4/2012 10:46:00 AM
{ "createdDate" : ISODate("2012-10-04T03:46:01.002Z") } - { "count" : 1.0 } - 1 - 10/4/2012 10:46:01 AM
{ "createdDate" : ISODate("2012-10-04T03:46:01.049Z") } - { "count" : 1.0 } - 1 - 10/4/2012 10:46:01 AM
{ "createdDate" : ISODate("2012-10-04T03:46:01.095Z") } - { "count" : 1.0 } - 1 - 10/4/2012 10:46:01 AM
{ "createdDate" : ISODate("2012-10-04T03:46:01.142Z") } - { "count" : 1.0 } - 1 - 10/4/2012 10:46:01 AM
{ "createdDate" : ISODate("2012-10-04T03:46:04.158Z") } - { "count" : 1.0 } - 1 - 10/4/2012 10:46:04 AM
{ "createdDate" : ISODate("2012-10-04T03:46:04.22Z") } - { "count" : 1.0 } - 1 - 10/4/2012 10:46:04 AM
{ "createdDate" : ISODate("2012-10-04T03:46:04.283Z") } - { "count" : 1.0 } - 1 - 10/4/2012 10:46:04 AM
{ "createdDate" : ISODate("2012-10-04T03:46:04.33Z") } - { "count" : 1.0 } - 1 - 10/4/2012 10:46:04 AM
{ "createdDate" : ISODate("2012-10-04T03:46:04.377Z") } - { "count" : 1.0 } - 1 - 10/4/2012 10:46:04 AM
{ "createdDate" : ISODate("2012-10-04T03:46:04.439Z") } - { "count" : 1.0 } - 1 - 10/4/2012 10:46:04 AM
{ "createdDate" : ISODate("2012-10-04T03:46:04.486Z") } - { "count" : 1.0 } - 1 - 10/4/2012 10:46:04 AM
{ "createdDate" : ISODate("2012-10-04T03:46:04.533Z") } - { "count" : 1.0 } - 1 - 10/4/2012 10:46:04 AM
{ "createdDate" : ISODate("2012-10-04T03:46:04.595Z") } - { "count" : 1.0 } - 1 - 10/4/2012 10:46:04 AM
{ "createdDate" : ISODate("2012-10-04T03:46:04.642Z") } - { "count" : 1.0 } - 1 - 10/4/2012 10:46:04 AM
{ "createdDate" : ISODate("2012-10-04T03:46:04.689Z") } - { "count" : 1.0 } - 1 - 10/4/2012 10:46:04 AM
{ "createdDate" : ISODate("2012-10-04T03:46:08.22Z") } - { "count" : 1.0 } - 1 - 10/4/2012 10:46:08 AM
{ "createdDate" : ISODate("2012-10-04T03:46:08.267Z") } - { "count" : 1.0 } - 1 - 10/4/2012 10:46:08 AM
{ "createdDate" : ISODate("2012-10-04T03:46:08.314Z") } - { "count" : 1.0 } - 1 - 10/4/2012 10:46:08 AM
{ "createdDate" : ISODate("2012-10-04T03:46:08.377Z") } - { "count" : 1.0 } - 1 - 10/4/2012 10:46:08 AM
{ "createdDate" : ISODate("2012-10-04T03:46:08.424Z") } - { "count" : 1.0 } - 1 - 10/4/2012 10:46:08 AM
{ "createdDate" : ISODate("2012-10-04T03:46:08.47Z") } - { "count" : 1.0 } - 1 - 10/4/2012 10:46:08 AM
{ "createdDate" : ISODate("2012-10-04T03:46:08.517Z") } - { "count" : 1.0 } - 1 - 10/4/2012 10:46:08 AM
{ "createdDate" : ISODate("2012-10-04T03:46:08.564Z") } - { "count" : 1.0 } - 1 - 10/4/2012 10:46:08 AM
{ "createdDate" : ISODate("2012-10-04T03:46:08.627Z") } - { "count" : 1.0 } - 1 - 10/4/2012 10:46:08 AM
{ "createdDate" : ISODate("2012-10-04T03:46:08.674Z") } - { "count" : 1.0 } - 1 - 10/4/2012 10:46:08 AM
{ "createdDate" : ISODate("2012-10-04T03:46:08.72Z") } - { "count" : 1.0 } - 1 - 10/4/2012 10:46:08 AM
{ "createdDate" : ISODate("2012-10-04T03:46:11.799Z") } - { "count" : 1.0 } - 1 - 10/4/2012 10:46:11 AM
{ "createdDate" : ISODate("2012-10-04T03:46:11.877Z") } - { "count" : 1.0 } - 1 - 10/4/2012 10:46:11 AM
{ "createdDate" : ISODate("2012-10-04T03:46:11.955Z") } - { "count" : 1.0 } - 1 - 10/4/2012 10:46:11 AM
{ "createdDate" : ISODate("2012-10-04T03:46:12.033Z") } - { "count" : 1.0 } - 1 - 10/4/2012 10:46:12 AM
{ "createdDate" : ISODate("2012-10-04T03:46:12.111Z") } - { "count" : 1.0 } - 1 - 10/4/2012 10:46:12 AM
{ "createdDate" : ISODate("2012-10-04T03:46:12.174Z") } - { "count" : 1.0 } - 1 - 10/4/2012 10:46:12 AM
{ "createdDate" : ISODate("2012-10-04T03:46:12.236Z") } - { "count" : 1.0 } - 1 - 10/4/2012 10:46:12 AM
{ "createdDate" : ISODate("2012-10-04T03:46:12.283Z") } - { "count" : 1.0 } - 1 - 10/4/2012 10:46:12 AM
{ "createdDate" : ISODate("2012-10-04T03:46:12.345Z") } - { "count" : 1.0 } - 1 - 10/4/2012 10:46:12 AM
{ "createdDate" : ISODate("2012-10-04T03:46:12.408Z") } - { "count" : 1.0 } - 1 - 10/4/2012 10:46:12 AM
{ "createdDate" : ISODate("2012-10-04T03:46:12.486Z") } - { "count" : 1.0 } - 1 - 10/4/2012 10:46:12 AM
{ "createdDate" : ISODate("2012-10-04T03:46:17.908Z") } - { "count" : 1.0 } - 1 - 10/4/2012 10:46:17 AM
{ "createdDate" : ISODate("2012-10-04T03:46:17.97Z") } - { "count" : 1.0 } - 1 - 10/4/2012 10:46:17 AM
{ "createdDate" : ISODate("2012-10-04T03:46:18.017Z") } - { "count" : 1.0 } - 1 - 10/4/2012 10:46:18 AM
{ "createdDate" : ISODate("2012-10-04T03:46:18.064Z") } - { "count" : 1.0 } - 1 - 10/4/2012 10:46:18 AM
{ "createdDate" : ISODate("2012-10-04T03:46:18.111Z") } - { "count" : 1.0 } - 1 - 10/4/2012 10:46:18 AM
{ "createdDate" : ISODate("2012-10-04T03:46:18.174Z") } - { "count" : 1.0 } - 1 - 10/4/2012 10:46:18 AM
{ "createdDate" : ISODate("2012-10-04T03:46:18.22Z") } - { "count" : 1.0 } - 1 - 10/4/2012 10:46:18 AM
{ "createdDate" : ISODate("2012-10-04T03:46:18.283Z") } - { "count" : 1.0 } - 1 - 10/4/2012 10:46:18 AM
{ "createdDate" : ISODate("2012-10-04T03:46:18.33Z") } - { "count" : 1.0 } - 1 - 10/4/2012 10:46:18 AM
{ "createdDate" : ISODate("2012-10-04T03:46:18.392Z") } - { "count" : 1.0 } - 1 - 10/4/2012 10:46:18 AM
{ "createdDate" : ISODate("2012-10-04T03:46:18.439Z") } - { "count" : 1.0 } - 1 - 10/4/2012 10:46:18 AM
{ "createdDate" : ISODate("2012-10-04T03:46:19.955Z") } - { "count" : 1.0 } - 1 - 10/4/2012 10:46:19 AM
{ "createdDate" : ISODate("2012-10-04T03:46:20.017Z") } - { "count" : 1.0 } - 1 - 10/4/2012 10:46:20 AM
{ "createdDate" : ISODate("2012-10-04T03:46:20.095Z") } - { "count" : 1.0 } - 1 - 10/4/2012 10:46:20 AM
{ "createdDate" : ISODate("2012-10-04T03:46:20.158Z") } - { "count" : 1.0 } - 1 - 10/4/2012 10:46:20 AM
{ "createdDate" : ISODate("2012-10-04T03:46:20.22Z") } - { "count" : 1.0 } - 1 - 10/4/2012 10:46:20 AM
{ "createdDate" : ISODate("2012-10-04T03:46:20.283Z") } - { "count" : 1.0 } - 1 - 10/4/2012 10:46:20 AM
{ "createdDate" : ISODate("2012-10-04T03:46:20.345Z") } - { "count" : 1.0 } - 1 - 10/4/2012 10:46:20 AM
{ "createdDate" : ISODate("2012-10-04T03:46:20.424Z") } - { "count" : 1.0 } - 1 - 10/4/2012 10:46:20 AM
{ "createdDate" : ISODate("2012-10-04T03:46:20.58Z") } - { "count" : 1.0 } - 1 - 10/4/2012 10:46:20 AM
{ "createdDate" : ISODate("2012-10-04T03:46:20.642Z") } - { "count" : 1.0 } - 1 - 10/4/2012 10:46:20 AM
{ "createdDate" : ISODate("2012-10-04T03:46:20.689Z") } - { "count" : 1.0 } - 1 - 10/4/2012 10:46:20 AM
{ "createdDate" : ISODate("2012-10-04T03:46:25.408Z") } - { "count" : 1.0 } - 1 - 10/4/2012 10:46:25 AM
{ "createdDate" : ISODate("2012-10-04T03:46:25.455Z") } - { "count" : 1.0 } - 1 - 10/4/2012 10:46:25 AM
{ "createdDate" : ISODate("2012-10-04T03:46:25.517Z") } - { "count" : 1.0 } - 1 - 10/4/2012 10:46:25 AM
{ "createdDate" : ISODate("2012-10-04T03:46:25.58Z") } - { "count" : 1.0 } - 1 - 10/4/2012 10:46:25 AM
{ "createdDate" : ISODate("2012-10-04T03:46:25.642Z") } - { "count" : 1.0 } - 1 - 10/4/2012 10:46:25 AM
{ "createdDate" : ISODate("2012-10-04T03:46:25.689Z") } - { "count" : 1.0 } - 1 - 10/4/2012 10:46:25 AM
{ "createdDate" : ISODate("2012-10-04T03:46:25.752Z") } - { "count" : 1.0 } - 1 - 10/4/2012 10:46:25 AM
{ "createdDate" : ISODate("2012-10-04T03:46:25.799Z") } - { "count" : 1.0 } - 1 - 10/4/2012 10:46:25 AM
{ "createdDate" : ISODate("2012-10-04T03:46:25.861Z") } - { "count" : 1.0 } - 1 - 10/4/2012 10:46:25 AM
{ "createdDate" : ISODate("2012-10-04T03:46:25.908Z") } - { "count" : 1.0 } - 1 - 10/4/2012 10:46:25 AM
{ "createdDate" : ISODate("2012-10-04T03:46:25.955Z") } - { "count" : 1.0 } - 1 - 10/4/2012 10:46:25 AM
{ "createdDate" : ISODate("2012-10-04T03:46:28.424Z") } - { "count" : 1.0 } - 1 - 10/4/2012 10:46:28 AM
{ "createdDate" : ISODate("2012-10-04T03:46:28.47Z") } - { "count" : 1.0 } - 1 - 10/4/2012 10:46:28 AM
{ "createdDate" : ISODate("2012-10-04T03:46:28.517Z") } - { "count" : 1.0 } - 1 - 10/4/2012 10:46:28 AM
{ "createdDate" : ISODate("2012-10-04T03:46:28.58Z") } - { "count" : 1.0 } - 1 - 10/4/2012 10:46:28 AM
{ "createdDate" : ISODate("2012-10-04T03:46:28.627Z") } - { "count" : 1.0 } - 1 - 10/4/2012 10:46:28 AM
{ "createdDate" : ISODate("2012-10-04T03:46:28.674Z") } - { "count" : 1.0 } - 1 - 10/4/2012 10:46:28 AM
{ "createdDate" : ISODate("2012-10-04T03:46:28.736Z") } - { "count" : 1.0 } - 1 - 10/4/2012 10:46:28 AM
{ "createdDate" : ISODate("2012-10-04T03:46:28.783Z") } - { "count" : 1.0 } - 1 - 10/4/2012 10:46:28 AM
{ "createdDate" : ISODate("2012-10-04T03:46:28.83Z") } - { "count" : 1.0 } - 1 - 10/4/2012 10:46:28 AM
{ "createdDate" : ISODate("2012-10-04T03:46:28.877Z") } - { "count" : 1.0 } - 1 - 10/4/2012 10:46:28 AM
{ "createdDate" : ISODate("2012-10-04T03:46:28.924Z") } - { "count" : 1.0 } - 1 - 10/4/2012 10:46:28 AM
{ "createdDate" : ISODate("2012-10-04T03:46:33.97Z") } - { "count" : 1.0 } - 1 - 10/4/2012 10:46:33 AM
{ "createdDate" : ISODate("2012-10-04T03:46:34.017Z") } - { "count" : 1.0 } - 1 - 10/4/2012 10:46:34 AM
{ "createdDate" : ISODate("2012-10-04T03:46:34.08Z") } - { "count" : 1.0 } - 1 - 10/4/2012 10:46:34 AM
{ "createdDate" : ISODate("2012-10-04T03:46:34.142Z") } - { "count" : 1.0 } - 1 - 10/4/2012 10:46:34 AM
{ "createdDate" : ISODate("2012-10-04T03:46:34.189Z") } - { "count" : 1.0 } - 1 - 10/4/2012 10:46:34 AM
{ "createdDate" : ISODate("2012-10-04T03:46:34.252Z") } - { "count" : 1.0 } - 1 - 10/4/2012 10:46:34 AM
{ "createdDate" : ISODate("2012-10-04T03:46:34.314Z") } - { "count" : 1.0 } - 1 - 10/4/2012 10:46:34 AM
{ "createdDate" : ISODate("2012-10-04T03:46:34.377Z") } - { "count" : 1.0 } - 1 - 10/4/2012 10:46:34 AM
{ "createdDate" : ISODate("2012-10-04T03:46:34.424Z") } - { "count" : 1.0 } - 1 - 10/4/2012 10:46:34 AM
{ "createdDate" : ISODate("2012-10-04T03:46:34.486Z") } - { "count" : 1.0 } - 1 - 10/4/2012 10:46:34 AM
{ "createdDate" : ISODate("2012-10-04T03:46:34.549Z") } - { "count" : 1.0 } - 1 - 10/4/2012 10:46:34 AM
{ "createdDate" : ISODate("2012-10-04T03:46:36.502Z") } - { "count" : 1.0 } - 1 - 10/4/2012 10:46:36 AM
{ "createdDate" : ISODate("2012-10-04T03:46:36.549Z") } - { "count" : 1.0 } - 1 - 10/4/2012 10:46:36 AM
{ "createdDate" : ISODate("2012-10-04T03:46:36.595Z") } - { "count" : 1.0 } - 1 - 10/4/2012 10:46:36 AM
{ "createdDate" : ISODate("2012-10-04T03:46:36.658Z") } - { "count" : 1.0 } - 1 - 10/4/2012 10:46:36 AM
{ "createdDate" : ISODate("2012-10-04T03:46:36.705Z") } - { "count" : 1.0 } - 1 - 10/4/2012 10:46:36 AM
{ "createdDate" : ISODate("2012-10-04T03:46:36.752Z") } - { "count" : 1.0 } - 1 - 10/4/2012 10:46:36 AM
{ "createdDate" : ISODate("2012-10-04T03:46:36.814Z") } - { "count" : 1.0 } - 1 - 10/4/2012 10:46:36 AM
{ "createdDate" : ISODate("2012-10-04T03:46:36.861Z") } - { "count" : 1.0 } - 1 - 10/4/2012 10:46:36 AM
{ "createdDate" : ISODate("2012-10-04T03:46:36.924Z") } - { "count" : 1.0 } - 1 - 10/4/2012 10:46:36 AM
{ "createdDate" : ISODate("2012-10-04T03:46:36.97Z") } - { "count" : 1.0 } - 1 - 10/4/2012 10:46:36 AM
{ "createdDate" : ISODate("2012-10-04T03:46:37.033Z") } - { "count" : 1.0 } - 1 - 10/4/2012 10:46:37 AM
{ "createdDate" : ISODate("2012-10-04T03:46:41.127Z") } - { "count" : 1.0 } - 1 - 10/4/2012 10:46:41 AM
{ "createdDate" : ISODate("2012-10-04T03:46:41.174Z") } - { "count" : 1.0 } - 1 - 10/4/2012 10:46:41 AM
{ "createdDate" : ISODate("2012-10-04T03:46:41.236Z") } - { "count" : 1.0 } - 1 - 10/4/2012 10:46:41 AM
{ "createdDate" : ISODate("2012-10-04T03:46:41.283Z") } - { "count" : 1.0 } - 1 - 10/4/2012 10:46:41 AM
{ "createdDate" : ISODate("2012-10-04T03:46:41.345Z") } - { "count" : 1.0 } - 1 - 10/4/2012 10:46:41 AM
{ "createdDate" : ISODate("2012-10-04T03:46:41.392Z") } - { "count" : 1.0 } - 1 - 10/4/2012 10:46:41 AM
{ "createdDate" : ISODate("2012-10-04T03:46:41.455Z") } - { "count" : 1.0 } - 1 - 10/4/2012 10:46:41 AM
{ "createdDate" : ISODate("2012-10-04T03:46:41.502Z") } - { "count" : 1.0 } - 1 - 10/4/2012 10:46:41 AM
{ "createdDate" : ISODate("2012-10-04T03:46:41.549Z") } - { "count" : 1.0 } - 1 - 10/4/2012 10:46:41 AM
{ "createdDate" : ISODate("2012-10-04T03:46:41.595Z") } - { "count" : 1.0 } - 1 - 10/4/2012 10:46:41 AM
{ "createdDate" : ISODate("2012-10-04T03:46:41.658Z") } - { "count" : 1.0 } - 1 - 10/4/2012 10:46:41 AM
{ "createdDate" : ISODate("2012-10-04T04:13:07.877Z") } - { "count" : 1.0 } - 1 - 10/4/2012 11:13:07 AM
{ "createdDate" : ISODate("2012-10-04T04:13:07.939Z") } - { "count" : 1.0 } - 1 - 10/4/2012 11:13:07 AM
{ "createdDate" : ISODate("2012-10-04T04:13:08.017Z") } - { "count" : 1.0 } - 1 - 10/4/2012 11:13:08 AM
{ "createdDate" : ISODate("2012-10-04T04:13:08.064Z") } - { "count" : 1.0 } - 1 - 10/4/2012 11:13:08 AM
{ "createdDate" : ISODate("2012-10-04T04:13:08.111Z") } - { "count" : 1.0 } - 1 - 10/4/2012 11:13:08 AM
{ "createdDate" : ISODate("2012-10-04T04:13:08.158Z") } - { "count" : 1.0 } - 1 - 10/4/2012 11:13:08 AM
{ "createdDate" : ISODate("2012-10-04T04:13:08.22Z") } - { "count" : 1.0 } - 1 - 10/4/2012 11:13:08 AM
{ "createdDate" : ISODate("2012-10-04T04:13:08.267Z") } - { "count" : 1.0 } - 1 - 10/4/2012 11:13:08 AM
{ "createdDate" : ISODate("2012-10-04T04:13:08.33Z") } - { "count" : 1.0 } - 1 - 10/4/2012 11:13:08 AM
{ "createdDate" : ISODate("2012-10-04T04:13:08.377Z") } - { "count" : 1.0 } - 1 - 10/4/2012 11:13:08 AM
{ "createdDate" : ISODate("2012-10-04T04:13:08.424Z") } - { "count" : 1.0 } - 1 - 10/4/2012 11:13:08 AM
{ "createdDate" : ISODate("2012-10-04T04:14:49.877Z") } - { "count" : 1.0 } - 1 - 10/4/2012 11:14:49 AM
{ "createdDate" : ISODate("2012-10-04T04:14:49.939Z") } - { "count" : 1.0 } - 1 - 10/4/2012 11:14:49 AM
{ "createdDate" : ISODate("2012-10-04T04:14:50.002Z") } - { "count" : 1.0 } - 1 - 10/4/2012 11:14:50 AM
{ "createdDate" : ISODate("2012-10-04T04:14:50.049Z") } - { "count" : 1.0 } - 1 - 10/4/2012 11:14:50 AM
{ "createdDate" : ISODate("2012-10-04T04:14:50.111Z") } - { "count" : 1.0 } - 1 - 10/4/2012 11:14:50 AM
{ "createdDate" : ISODate("2012-10-04T04:14:50.174Z") } - { "count" : 1.0 } - 1 - 10/4/2012 11:14:50 AM
{ "createdDate" : ISODate("2012-10-04T04:14:50.22Z") } - { "count" : 1.0 } - 1 - 10/4/2012 11:14:50 AM
{ "createdDate" : ISODate("2012-10-04T04:14:50.283Z") } - { "count" : 1.0 } - 1 - 10/4/2012 11:14:50 AM
{ "createdDate" : ISODate("2012-10-04T04:14:50.33Z") } - { "count" : 1.0 } - 1 - 10/4/2012 11:14:50 AM
{ "createdDate" : ISODate("2012-10-04T04:14:50.392Z") } - { "count" : 1.0 } - 1 - 10/4/2012 11:14:50 AM
{ "createdDate" : ISODate("2012-10-04T04:14:50.455Z") } - { "count" : 1.0 } - 1 - 10/4/2012 11:14:50 AM
{ "createdDate" : ISODate("2012-10-04T04:14:54.345Z") } - { "count" : 1.0 } - 1 - 10/4/2012 11:14:54 AM
{ "createdDate" : ISODate("2012-10-04T04:14:54.627Z") } - { "count" : 1.0 } - 1 - 10/4/2012 11:14:54 AM
{ "createdDate" : ISODate("2012-10-04T04:14:54.689Z") } - { "count" : 1.0 } - 1 - 10/4/2012 11:14:54 AM
{ "createdDate" : ISODate("2012-10-04T04:14:54.752Z") } - { "count" : 1.0 } - 1 - 10/4/2012 11:14:54 AM
{ "createdDate" : ISODate("2012-10-04T04:14:54.845Z") } - { "count" : 1.0 } - 1 - 10/4/2012 11:14:54 AM
{ "createdDate" : ISODate("2012-10-04T04:14:54.908Z") } - { "count" : 1.0 } - 1 - 10/4/2012 11:14:54 AM
{ "createdDate" : ISODate("2012-10-04T04:14:55.002Z") } - { "count" : 1.0 } - 1 - 10/4/2012 11:14:55 AM
{ "createdDate" : ISODate("2012-10-04T04:14:55.08Z") } - { "count" : 1.0 } - 1 - 10/4/2012 11:14:55 AM
{ "createdDate" : ISODate("2012-10-04T04:14:55.158Z") } - { "count" : 1.0 } - 1 - 10/4/2012 11:14:55 AM
{ "createdDate" : ISODate("2012-10-04T04:14:55.236Z") } - { "count" : 1.0 } - 1 - 10/4/2012 11:14:55 AM
{ "createdDate" : ISODate("2012-10-04T04:14:55.314Z") } - { "count" : 1.0 } - 1 - 10/4/2012 11:14:55 AM
{ "createdDate" : ISODate("2012-10-04T04:14:59.049Z") } - { "count" : 1.0 } - 1 - 10/4/2012 11:14:59 AM
{ "createdDate" : ISODate("2012-10-04T04:14:59.158Z") } - { "count" : 1.0 } - 1 - 10/4/2012 11:14:59 AM
{ "createdDate" : ISODate("2012-10-04T04:14:59.424Z") } - { "count" : 1.0 } - 1 - 10/4/2012 11:14:59 AM
{ "createdDate" : ISODate("2012-10-04T04:14:59.517Z") } - { "count" : 1.0 } - 1 - 10/4/2012 11:14:59 AM
{ "createdDate" : ISODate("2012-10-04T04:14:59.595Z") } - { "count" : 1.0 } - 1 - 10/4/2012 11:14:59 AM
{ "createdDate" : ISODate("2012-10-04T04:14:59.736Z") } - { "count" : 1.0 } - 1 - 10/4/2012 11:14:59 AM
{ "createdDate" : ISODate("2012-10-04T04:14:59.799Z") } - { "count" : 1.0 } - 1 - 10/4/2012 11:14:59 AM
{ "createdDate" : ISODate("2012-10-04T04:14:59.955Z") } - { "count" : 1.0 } - 1 - 10/4/2012 11:14:59 AM
{ "createdDate" : ISODate("2012-10-04T04:15:00.08Z") } - { "count" : 1.0 } - 1 - 10/4/2012 11:15:00 AM
{ "createdDate" : ISODate("2012-10-04T04:15:00.22Z") } - { "count" : 1.0 } - 1 - 10/4/2012 11:15:00 AM
{ "createdDate" : ISODate("2012-10-04T04:15:00.345Z") } - { "count" : 1.0 } - 1 - 10/4/2012 11:15:00 AM
{ "createdDate" : ISODate("2012-10-04T04:15:01.658Z") } - { "count" : 1.0 } - 1 - 10/4/2012 11:15:01 AM
{ "createdDate" : ISODate("2012-10-04T04:15:01.83Z") } - { "count" : 1.0 } - 1 - 10/4/2012 11:15:01 AM
{ "createdDate" : ISODate("2012-10-04T04:15:01.908Z") } - { "count" : 1.0 } - 1 - 10/4/2012 11:15:01 AM
{ "createdDate" : ISODate("2012-10-04T04:15:02.064Z") } - { "count" : 1.0 } - 1 - 10/4/2012 11:15:02 AM
{ "createdDate" : ISODate("2012-10-04T04:15:02.158Z") } - { "count" : 1.0 } - 1 - 10/4/2012 11:15:02 AM
{ "createdDate" : ISODate("2012-10-04T04:15:02.236Z") } - { "count" : 1.0 } - 1 - 10/4/2012 11:15:02 AM
{ "createdDate" : ISODate("2012-10-04T04:15:02.299Z") } - { "count" : 1.0 } - 1 - 10/4/2012 11:15:02 AM
{ "createdDate" : ISODate("2012-10-04T04:15:02.377Z") } - { "count" : 1.0 } - 1 - 10/4/2012 11:15:02 AM
{ "createdDate" : ISODate("2012-10-04T04:15:02.439Z") } - { "count" : 1.0 } - 1 - 10/4/2012 11:15:02 AM
{ "createdDate" : ISODate("2012-10-04T04:15:02.502Z") } - { "count" : 1.0 } - 1 - 10/4/2012 11:15:02 AM
{ "createdDate" : ISODate("2012-10-04T04:15:02.595Z") } - { "count" : 1.0 } - 1 - 10/4/2012 11:15:02 AM
{ "createdDate" : ISODate("2012-10-04T04:15:06.189Z") } - { "count" : 1.0 } - 1 - 10/4/2012 11:15:06 AM
{ "createdDate" : ISODate("2012-10-04T04:15:06.267Z") } - { "count" : 1.0 } - 1 - 10/4/2012 11:15:06 AM
{ "createdDate" : ISODate("2012-10-04T04:15:06.33Z") } - { "count" : 1.0 } - 1 - 10/4/2012 11:15:06 AM
{ "createdDate" : ISODate("2012-10-04T04:15:06.377Z") } - { "count" : 1.0 } - 1 - 10/4/2012 11:15:06 AM
{ "createdDate" : ISODate("2012-10-04T04:15:06.439Z") } - { "count" : 1.0 } - 1 - 10/4/2012 11:15:06 AM
{ "createdDate" : ISODate("2012-10-04T04:15:06.486Z") } - { "count" : 1.0 } - 1 - 10/4/2012 11:15:06 AM
{ "createdDate" : ISODate("2012-10-04T04:15:06.533Z") } - { "count" : 1.0 } - 1 - 10/4/2012 11:15:06 AM
{ "createdDate" : ISODate("2012-10-04T04:15:06.58Z") } - { "count" : 1.0 } - 1 - 10/4/2012 11:15:06 AM
{ "createdDate" : ISODate("2012-10-04T04:15:06.627Z") } - { "count" : 1.0 } - 1 - 10/4/2012 11:15:06 AM
{ "createdDate" : ISODate("2012-10-04T04:15:06.689Z") } - { "count" : 1.0 } - 1 - 10/4/2012 11:15:06 AM
{ "createdDate" : ISODate("2012-10-04T04:15:06.736Z") } - { "count" : 1.0 } - 1 - 10/4/2012 11:15:06 AM
{ "createdDate" : ISODate("2012-10-04T04:15:09.877Z") } - { "count" : 1.0 } - 1 - 10/4/2012 11:15:09 AM
{ "createdDate" : ISODate("2012-10-04T04:15:09.955Z") } - { "count" : 1.0 } - 1 - 10/4/2012 11:15:09 AM
{ "createdDate" : ISODate("2012-10-04T04:15:10.017Z") } - { "count" : 1.0 } - 1 - 10/4/2012 11:15:10 AM
{ "createdDate" : ISODate("2012-10-04T04:15:10.095Z") } - { "count" : 1.0 } - 1 - 10/4/2012 11:15:10 AM
{ "createdDate" : ISODate("2012-10-04T04:15:10.174Z") } - { "count" : 1.0 } - 1 - 10/4/2012 11:15:10 AM
{ "createdDate" : ISODate("2012-10-04T04:15:10.236Z") } - { "count" : 1.0 } - 1 - 10/4/2012 11:15:10 AM
{ "createdDate" : ISODate("2012-10-04T04:15:10.314Z") } - { "count" : 1.0 } - 1 - 10/4/2012 11:15:10 AM
{ "createdDate" : ISODate("2012-10-04T04:15:10.392Z") } - { "count" : 1.0 } - 1 - 10/4/2012 11:15:10 AM
{ "createdDate" : ISODate("2012-10-04T04:15:10.455Z") } - { "count" : 1.0 } - 1 - 10/4/2012 11:15:10 AM
{ "createdDate" : ISODate("2012-10-04T04:15:10.533Z") } - { "count" : 1.0 } - 1 - 10/4/2012 11:15:10 AM
{ "createdDate" : ISODate("2012-10-04T04:15:10.595Z") } - { "count" : 1.0 } - 1 - 10/4/2012 11:15:10 AM
{ "createdDate" : ISODate("2012-10-04T04:15:15.392Z") } - { "count" : 1.0 } - 1 - 10/4/2012 11:15:15 AM
{ "createdDate" : ISODate("2012-10-04T04:15:15.439Z") } - { "count" : 1.0 } - 1 - 10/4/2012 11:15:15 AM
{ "createdDate" : ISODate("2012-10-04T04:15:15.502Z") } - { "count" : 1.0 } - 1 - 10/4/2012 11:15:15 AM
{ "createdDate" : ISODate("2012-10-04T04:15:15.564Z") } - { "count" : 1.0 } - 1 - 10/4/2012 11:15:15 AM
{ "createdDate" : ISODate("2012-10-04T04:15:15.611Z") } - { "count" : 1.0 } - 1 - 10/4/2012 11:15:15 AM
{ "createdDate" : ISODate("2012-10-04T04:15:15.689Z") } - { "count" : 1.0 } - 1 - 10/4/2012 11:15:15 AM
{ "createdDate" : ISODate("2012-10-04T04:15:15.736Z") } - { "count" : 1.0 } - 1 - 10/4/2012 11:15:15 AM
{ "createdDate" : ISODate("2012-10-04T04:15:15.799Z") } - { "count" : 1.0 } - 1 - 10/4/2012 11:15:15 AM
{ "createdDate" : ISODate("2012-10-04T04:15:15.861Z") } - { "count" : 1.0 } - 1 - 10/4/2012 11:15:15 AM
{ "createdDate" : ISODate("2012-10-04T04:15:15.924Z") } - { "count" : 1.0 } - 1 - 10/4/2012 11:15:15 AM
{ "createdDate" : ISODate("2012-10-04T04:15:15.986Z") } - { "count" : 1.0 } - 1 - 10/4/2012 11:15:15 AM
{ "createdDate" : ISODate("2012-10-04T04:15:18.439Z") } - { "count" : 1.0 } - 1 - 10/4/2012 11:15:18 AM
{ "createdDate" : ISODate("2012-10-04T04:15:18.517Z") } - { "count" : 1.0 } - 1 - 10/4/2012 11:15:18 AM
{ "createdDate" : ISODate("2012-10-04T04:15:18.564Z") } - { "count" : 1.0 } - 1 - 10/4/2012 11:15:18 AM
{ "createdDate" : ISODate("2012-10-04T04:15:18.642Z") } - { "count" : 1.0 } - 1 - 10/4/2012 11:15:18 AM
{ "createdDate" : ISODate("2012-10-04T04:15:18.705Z") } - { "count" : 1.0 } - 1 - 10/4/2012 11:15:18 AM
{ "createdDate" : ISODate("2012-10-04T04:15:18.767Z") } - { "count" : 1.0 } - 1 - 10/4/2012 11:15:18 AM
{ "createdDate" : ISODate("2012-10-04T04:15:18.845Z") } - { "count" : 1.0 } - 1 - 10/4/2012 11:15:18 AM
{ "createdDate" : ISODate("2012-10-04T04:15:18.892Z") } - { "count" : 1.0 } - 1 - 10/4/2012 11:15:18 AM
{ "createdDate" : ISODate("2012-10-04T04:15:18.955Z") } - { "count" : 1.0 } - 1 - 10/4/2012 11:15:18 AM
{ "createdDate" : ISODate("2012-10-04T04:15:19.017Z") } - { "count" : 1.0 } - 1 - 10/4/2012 11:15:19 AM
{ "createdDate" : ISODate("2012-10-04T04:15:19.064Z") } - { "count" : 1.0 } - 1 - 10/4/2012 11:15:19 AM
{ "createdDate" : ISODate("2012-10-04T04:15:22.424Z") } - { "count" : 1.0 } - 1 - 10/4/2012 11:15:22 AM
{ "createdDate" : ISODate("2012-10-04T04:15:22.47Z") } - { "count" : 1.0 } - 1 - 10/4/2012 11:15:22 AM
{ "createdDate" : ISODate("2012-10-04T04:15:22.517Z") } - { "count" : 1.0 } - 1 - 10/4/2012 11:15:22 AM
{ "createdDate" : ISODate("2012-10-04T04:15:22.564Z") } - { "count" : 1.0 } - 1 - 10/4/2012 11:15:22 AM
{ "createdDate" : ISODate("2012-10-04T04:15:22.627Z") } - { "count" : 1.0 } - 1 - 10/4/2012 11:15:22 AM
{ "createdDate" : ISODate("2012-10-04T04:15:22.689Z") } - { "count" : 1.0 } - 1 - 10/4/2012 11:15:22 AM
{ "createdDate" : ISODate("2012-10-04T04:15:22.752Z") } - { "count" : 1.0 } - 1 - 10/4/2012 11:15:22 AM
{ "createdDate" : ISODate("2012-10-04T04:15:22.799Z") } - { "count" : 1.0 } - 1 - 10/4/2012 11:15:22 AM
{ "createdDate" : ISODate("2012-10-04T04:15:22.861Z") } - { "count" : 1.0 } - 1 - 10/4/2012 11:15:22 AM
{ "createdDate" : ISODate("2012-10-04T04:15:22.908Z") } - { "count" : 1.0 } - 1 - 10/4/2012 11:15:22 AM
{ "createdDate" : ISODate("2012-10-04T04:15:22.955Z") } - { "count" : 1.0 } - 1 - 10/4/2012 11:15:22 AM
{ "createdDate" : ISODate("2012-10-04T04:15:25.908Z") } - { "count" : 1.0 } - 1 - 10/4/2012 11:15:25 AM
{ "createdDate" : ISODate("2012-10-04T04:15:25.955Z") } - { "count" : 1.0 } - 1 - 10/4/2012 11:15:25 AM
{ "createdDate" : ISODate("2012-10-04T04:15:26.017Z") } - { "count" : 1.0 } - 1 - 10/4/2012 11:15:26 AM
{ "createdDate" : ISODate("2012-10-04T04:15:26.08Z") } - { "count" : 1.0 } - 1 - 10/4/2012 11:15:26 AM
{ "createdDate" : ISODate("2012-10-04T04:15:26.142Z") } - { "count" : 1.0 } - 1 - 10/4/2012 11:15:26 AM
{ "createdDate" : ISODate("2012-10-04T04:15:26.205Z") } - { "count" : 1.0 } - 1 - 10/4/2012 11:15:26 AM
{ "createdDate" : ISODate("2012-10-04T04:15:26.252Z") } - { "count" : 1.0 } - 1 - 10/4/2012 11:15:26 AM
{ "createdDate" : ISODate("2012-10-04T04:15:26.299Z") } - { "count" : 1.0 } - 1 - 10/4/2012 11:15:26 AM
{ "createdDate" : ISODate("2012-10-04T04:15:26.361Z") } - { "count" : 1.0 } - 1 - 10/4/2012 11:15:26 AM
{ "createdDate" : ISODate("2012-10-04T04:15:26.424Z") } - { "count" : 1.0 } - 1 - 10/4/2012 11:15:26 AM
{ "createdDate" : ISODate("2012-10-04T04:15:26.47Z") } - { "count" : 1.0 } - 1 - 10/4/2012 11:15:26 AM
{ "createdDate" : ISODate("2012-10-04T04:15:31.924Z") } - { "count" : 1.0 } - 1 - 10/4/2012 11:15:31 AM
{ "createdDate" : ISODate("2012-10-04T04:15:31.97Z") } - { "count" : 1.0 } - 1 - 10/4/2012 11:15:31 AM
{ "createdDate" : ISODate("2012-10-04T04:15:32.017Z") } - { "count" : 1.0 } - 1 - 10/4/2012 11:15:32 AM
{ "createdDate" : ISODate("2012-10-04T04:15:32.08Z") } - { "count" : 1.0 } - 1 - 10/4/2012 11:15:32 AM
{ "createdDate" : ISODate("2012-10-04T04:15:32.127Z") } - { "count" : 1.0 } - 1 - 10/4/2012 11:15:32 AM
{ "createdDate" : ISODate("2012-10-04T04:15:32.189Z") } - { "count" : 1.0 } - 1 - 10/4/2012 11:15:32 AM
{ "createdDate" : ISODate("2012-10-04T04:15:32.236Z") } - { "count" : 1.0 } - 1 - 10/4/2012 11:15:32 AM
{ "createdDate" : ISODate("2012-10-04T04:15:32.299Z") } - { "count" : 1.0 } - 1 - 10/4/2012 11:15:32 AM
{ "createdDate" : ISODate("2012-10-04T04:15:32.345Z") } - { "count" : 1.0 } - 1 - 10/4/2012 11:15:32 AM
{ "createdDate" : ISODate("2012-10-04T04:15:32.408Z") } - { "count" : 1.0 } - 1 - 10/4/2012 11:15:32 AM
{ "createdDate" : ISODate("2012-10-04T04:15:32.455Z") } - { "count" : 1.0 } - 1 - 10/4/2012 11:15:32 AM
{ "createdDate" : ISODate("2012-10-04T04:15:33.924Z") } - { "count" : 1.0 } - 1 - 10/4/2012 11:15:33 AM
{ "createdDate" : ISODate("2012-10-04T04:15:34.017Z") } - { "count" : 1.0 } - 1 - 10/4/2012 11:15:34 AM
{ "createdDate" : ISODate("2012-10-04T04:15:34.095Z") } - { "count" : 1.0 } - 1 - 10/4/2012 11:15:34 AM
{ "createdDate" : ISODate("2012-10-04T04:15:34.158Z") } - { "count" : 1.0 } - 1 - 10/4/2012 11:15:34 AM
{ "createdDate" : ISODate("2012-10-04T04:15:34.22Z") } - { "count" : 1.0 } - 1 - 10/4/2012 11:15:34 AM
{ "createdDate" : ISODate("2012-10-04T04:15:34.267Z") } - { "count" : 1.0 } - 1 - 10/4/2012 11:15:34 AM
{ "createdDate" : ISODate("2012-10-04T04:15:34.33Z") } - { "count" : 1.0 } - 1 - 10/4/2012 11:15:34 AM
{ "createdDate" : ISODate("2012-10-04T04:15:34.392Z") } - { "count" : 1.0 } - 1 - 10/4/2012 11:15:34 AM
{ "createdDate" : ISODate("2012-10-04T04:15:34.47Z") } - { "count" : 1.0 } - 1 - 10/4/2012 11:15:34 AM
{ "createdDate" : ISODate("2012-10-04T04:15:34.533Z") } - { "count" : 1.0 } - 1 - 10/4/2012 11:15:34 AM
{ "createdDate" : ISODate("2012-10-04T04:15:34.627Z") } - { "count" : 1.0 } - 1 - 10/4/2012 11:15:34 AM
{ "createdDate" : ISODate("2012-10-04T04:15:37.892Z") } - { "count" : 1.0 } - 1 - 10/4/2012 11:15:37 AM
{ "createdDate" : ISODate("2012-10-04T04:15:37.939Z") } - { "count" : 1.0 } - 1 - 10/4/2012 11:15:37 AM
{ "createdDate" : ISODate("2012-10-04T04:15:37.986Z") } - { "count" : 1.0 } - 1 - 10/4/2012 11:15:37 AM
{ "createdDate" : ISODate("2012-10-04T04:15:38.033Z") } - { "count" : 1.0 } - 1 - 10/4/2012 11:15:38 AM
{ "createdDate" : ISODate("2012-10-04T04:15:38.095Z") } - { "count" : 1.0 } - 1 - 10/4/2012 11:15:38 AM
{ "createdDate" : ISODate("2012-10-04T04:15:38.142Z") } - { "count" : 1.0 } - 1 - 10/4/2012 11:15:38 AM
{ "createdDate" : ISODate("2012-10-04T04:15:38.189Z") } - { "count" : 1.0 } - 1 - 10/4/2012 11:15:38 AM
{ "createdDate" : ISODate("2012-10-04T04:15:38.236Z") } - { "count" : 1.0 } - 1 - 10/4/2012 11:15:38 AM
{ "createdDate" : ISODate("2012-10-04T04:15:38.283Z") } - { "count" : 1.0 } - 1 - 10/4/2012 11:15:38 AM
{ "createdDate" : ISODate("2012-10-04T04:15:38.33Z") } - { "count" : 1.0 } - 1 - 10/4/2012 11:15:38 AM
{ "createdDate" : ISODate("2012-10-04T04:15:38.377Z") } - { "count" : 1.0 } - 1 - 10/4/2012 11:15:38 AM
{ "createdDate" : ISODate("2012-10-04T04:15:41.83Z") } - { "count" : 1.0 } - 1 - 10/4/2012 11:15:41 AM
{ "createdDate" : ISODate("2012-10-04T04:15:41.892Z") } - { "count" : 1.0 } - 1 - 10/4/2012 11:15:41 AM
{ "createdDate" : ISODate("2012-10-04T04:15:41.955Z") } - { "count" : 1.0 } - 1 - 10/4/2012 11:15:41 AM
{ "createdDate" : ISODate("2012-10-04T04:15:42.033Z") } - { "count" : 1.0 } - 1 - 10/4/2012 11:15:42 AM
{ "createdDate" : ISODate("2012-10-04T04:15:42.08Z") } - { "count" : 1.0 } - 1 - 10/4/2012 11:15:42 AM
{ "createdDate" : ISODate("2012-10-04T04:15:42.127Z") } - { "count" : 1.0 } - 1 - 10/4/2012 11:15:42 AM
{ "createdDate" : ISODate("2012-10-04T04:15:42.189Z") } - { "count" : 1.0 } - 1 - 10/4/2012 11:15:42 AM
{ "createdDate" : ISODate("2012-10-04T04:15:42.236Z") } - { "count" : 1.0 } - 1 - 10/4/2012 11:15:42 AM
{ "createdDate" : ISODate("2012-10-04T04:15:42.299Z") } - { "count" : 1.0 } - 1 - 10/4/2012 11:15:42 AM
{ "createdDate" : ISODate("2012-10-04T04:15:42.345Z") } - { "count" : 1.0 } - 1 - 10/4/2012 11:15:42 AM
{ "createdDate" : ISODate("2012-10-04T04:15:42.392Z") } - { "count" : 1.0 } - 1 - 10/4/2012 11:15:42 AM
{ "createdDate" : ISODate("2012-10-04T04:15:47.392Z") } - { "count" : 1.0 } - 1 - 10/4/2012 11:15:47 AM
{ "createdDate" : ISODate("2012-10-04T04:15:47.439Z") } - { "count" : 1.0 } - 1 - 10/4/2012 11:15:47 AM
{ "createdDate" : ISODate("2012-10-04T04:15:47.486Z") } - { "count" : 1.0 } - 1 - 10/4/2012 11:15:47 AM
{ "createdDate" : ISODate("2012-10-04T04:15:47.533Z") } - { "count" : 1.0 } - 1 - 10/4/2012 11:15:47 AM
{ "createdDate" : ISODate("2012-10-04T04:15:47.595Z") } - { "count" : 1.0 } - 1 - 10/4/2012 11:15:47 AM
{ "createdDate" : ISODate("2012-10-04T04:15:47.642Z") } - { "count" : 1.0 } - 1 - 10/4/2012 11:15:47 AM
{ "createdDate" : ISODate("2012-10-04T04:15:47.689Z") } - { "count" : 1.0 } - 1 - 10/4/2012 11:15:47 AM
{ "createdDate" : ISODate("2012-10-04T04:15:47.736Z") } - { "count" : 1.0 } - 1 - 10/4/2012 11:15:47 AM
{ "createdDate" : ISODate("2012-10-04T04:15:47.783Z") } - { "count" : 1.0 } - 1 - 10/4/2012 11:15:47 AM
{ "createdDate" : ISODate("2012-10-04T04:15:47.83Z") } - { "count" : 1.0 } - 1 - 10/4/2012 11:15:47 AM
{ "createdDate" : ISODate("2012-10-04T04:15:47.892Z") } - { "count" : 1.0 } - 1 - 10/4/2012 11:15:47 AM
{ "createdDate" : ISODate("2012-10-04T04:15:49.83Z") } - { "count" : 1.0 } - 1 - 10/4/2012 11:15:49 AM
{ "createdDate" : ISODate("2012-10-04T04:15:49.877Z") } - { "count" : 1.0 } - 1 - 10/4/2012 11:15:49 AM
{ "createdDate" : ISODate("2012-10-04T04:15:49.924Z") } - { "count" : 1.0 } - 1 - 10/4/2012 11:15:49 AM
{ "createdDate" : ISODate("2012-10-04T04:15:49.97Z") } - { "count" : 1.0 } - 1 - 10/4/2012 11:15:49 AM
{ "createdDate" : ISODate("2012-10-04T04:15:50.017Z") } - { "count" : 1.0 } - 1 - 10/4/2012 11:15:50 AM
{ "createdDate" : ISODate("2012-10-04T04:15:50.064Z") } - { "count" : 1.0 } - 1 - 10/4/2012 11:15:50 AM
{ "createdDate" : ISODate("2012-10-04T04:15:50.111Z") } - { "count" : 1.0 } - 1 - 10/4/2012 11:15:50 AM
{ "createdDate" : ISODate("2012-10-04T04:15:50.158Z") } - { "count" : 1.0 } - 1 - 10/4/2012 11:15:50 AM
{ "createdDate" : ISODate("2012-10-04T04:15:50.22Z") } - { "count" : 1.0 } - 1 - 10/4/2012 11:15:50 AM
{ "createdDate" : ISODate("2012-10-04T04:15:50.267Z") } - { "count" : 1.0 } - 1 - 10/4/2012 11:15:50 AM
{ "createdDate" : ISODate("2012-10-04T04:15:50.33Z") } - { "count" : 1.0 } - 1 - 10/4/2012 11:15:50 AM
{ "createdDate" : ISODate("2012-10-04T04:15:55.299Z") } - { "count" : 1.0 } - 1 - 10/4/2012 11:15:55 AM
{ "createdDate" : ISODate("2012-10-04T04:15:55.361Z") } - { "count" : 1.0 } - 1 - 10/4/2012 11:15:55 AM
{ "createdDate" : ISODate("2012-10-04T04:15:55.439Z") } - { "count" : 1.0 } - 1 - 10/4/2012 11:15:55 AM
{ "createdDate" : ISODate("2012-10-04T04:15:55.486Z") } - { "count" : 1.0 } - 1 - 10/4/2012 11:15:55 AM
{ "createdDate" : ISODate("2012-10-04T04:15:55.533Z") } - { "count" : 1.0 } - 1 - 10/4/2012 11:15:55 AM
{ "createdDate" : ISODate("2012-10-04T04:15:55.58Z") } - { "count" : 1.0 } - 1 - 10/4/2012 11:15:55 AM
{ "createdDate" : ISODate("2012-10-04T04:15:55.627Z") } - { "count" : 1.0 } - 1 - 10/4/2012 11:15:55 AM
{ "createdDate" : ISODate("2012-10-04T04:15:55.689Z") } - { "count" : 1.0 } - 1 - 10/4/2012 11:15:55 AM
{ "createdDate" : ISODate("2012-10-04T04:15:55.752Z") } - { "count" : 1.0 } - 1 - 10/4/2012 11:15:55 AM
{ "createdDate" : ISODate("2012-10-04T04:15:55.799Z") } - { "count" : 1.0 } - 1 - 10/4/2012 11:15:55 AM
{ "createdDate" : ISODate("2012-10-04T04:15:55.845Z") } - { "count" : 1.0 } - 1 - 10/4/2012 11:15:55 AM
{ "createdDate" : ISODate("2012-10-04T04:15:57.814Z") } - { "count" : 1.0 } - 1 - 10/4/2012 11:15:57 AM
{ "createdDate" : ISODate("2012-10-04T04:15:57.861Z") } - { "count" : 1.0 } - 1 - 10/4/2012 11:15:57 AM
{ "createdDate" : ISODate("2012-10-04T04:15:57.908Z") } - { "count" : 1.0 } - 1 - 10/4/2012 11:15:57 AM
{ "createdDate" : ISODate("2012-10-04T04:15:57.97Z") } - { "count" : 1.0 } - 1 - 10/4/2012 11:15:57 AM
{ "createdDate" : ISODate("2012-10-04T04:15:58.017Z") } - { "count" : 1.0 } - 1 - 10/4/2012 11:15:58 AM
{ "createdDate" : ISODate("2012-10-04T04:15:58.064Z") } - { "count" : 1.0 } - 1 - 10/4/2012 11:15:58 AM
{ "createdDate" : ISODate("2012-10-04T04:15:58.127Z") } - { "count" : 1.0 } - 1 - 10/4/2012 11:15:58 AM
{ "createdDate" : ISODate("2012-10-04T04:15:58.174Z") } - { "count" : 1.0 } - 1 - 10/4/2012 11:15:58 AM
{ "createdDate" : ISODate("2012-10-04T04:15:58.22Z") } - { "count" : 1.0 } - 1 - 10/4/2012 11:15:58 AM
{ "createdDate" : ISODate("2012-10-04T04:15:58.267Z") } - { "count" : 1.0 } - 1 - 10/4/2012 11:15:58 AM
{ "createdDate" : ISODate("2012-10-04T04:15:58.314Z") } - { "count" : 1.0 } - 1 - 10/4/2012 11:15:58 AM
{ "createdDate" : ISODate("2012-10-04T04:16:01.799Z") } - { "count" : 1.0 } - 1 - 10/4/2012 11:16:01 AM
{ "createdDate" : ISODate("2012-10-04T04:16:01.861Z") } - { "count" : 1.0 } - 1 - 10/4/2012 11:16:01 AM
{ "createdDate" : ISODate("2012-10-04T04:16:01.924Z") } - { "count" : 1.0 } - 1 - 10/4/2012 11:16:01 AM
{ "createdDate" : ISODate("2012-10-04T04:16:01.986Z") } - { "count" : 1.0 } - 1 - 10/4/2012 11:16:01 AM
{ "createdDate" : ISODate("2012-10-04T04:16:02.033Z") } - { "count" : 1.0 } - 1 - 10/4/2012 11:16:02 AM
{ "createdDate" : ISODate("2012-10-04T04:16:02.08Z") } - { "count" : 1.0 } - 1 - 10/4/2012 11:16:02 AM
{ "createdDate" : ISODate("2012-10-04T04:16:02.142Z") } - { "count" : 1.0 } - 1 - 10/4/2012 11:16:02 AM
{ "createdDate" : ISODate("2012-10-04T04:16:02.189Z") } - { "count" : 1.0 } - 1 - 10/4/2012 11:16:02 AM
{ "createdDate" : ISODate("2012-10-04T04:16:02.236Z") } - { "count" : 1.0 } - 1 - 10/4/2012 11:16:02 AM
{ "createdDate" : ISODate("2012-10-04T04:16:02.283Z") } - { "count" : 1.0 } - 1 - 10/4/2012 11:16:02 AM
{ "createdDate" : ISODate("2012-10-04T04:16:02.33Z") } - { "count" : 1.0 } - 1 - 10/4/2012 11:16:02 AM
{ "createdDate" : ISODate("2012-10-04T04:16:05.908Z") } - { "count" : 1.0 } - 1 - 10/4/2012 11:16:05 AM
{ "createdDate" : ISODate("2012-10-04T04:18:45.814Z") } - { "count" : 1.0 } - 1 - 10/4/2012 11:18:45 AM
{ "createdDate" : ISODate("2012-10-04T04:18:45.877Z") } - { "count" : 1.0 } - 1 - 10/4/2012 11:18:45 AM
{ "createdDate" : ISODate("2012-10-04T04:18:46.064Z") } - { "count" : 1.0 } - 1 - 10/4/2012 11:18:46 AM
{ "createdDate" : ISODate("2012-10-04T04:18:46.127Z") } - { "count" : 1.0 } - 1 - 10/4/2012 11:18:46 AM
{ "createdDate" : ISODate("2012-10-04T04:18:46.189Z") } - { "count" : 1.0 } - 1 - 10/4/2012 11:18:46 AM
{ "createdDate" : ISODate("2012-10-04T04:18:46.236Z") } - { "count" : 1.0 } - 1 - 10/4/2012 11:18:46 AM
{ "createdDate" : ISODate("2012-10-04T04:18:46.299Z") } - { "count" : 1.0 } - 1 - 10/4/2012 11:18:46 AM
{ "createdDate" : ISODate("2012-10-04T04:18:46.345Z") } - { "count" : 1.0 } - 1 - 10/4/2012 11:18:46 AM
{ "createdDate" : ISODate("2012-10-04T04:18:46.408Z") } - { "count" : 1.0 } - 1 - 10/4/2012 11:18:46 AM
{ "createdDate" : ISODate("2012-10-04T04:18:46.47Z") } - { "count" : 1.0 } - 1 - 10/4/2012 11:18:46 AM
{ "createdDate" : ISODate("2012-10-04T04:18:46.533Z") } - { "count" : 1.0 } - 1 - 10/4/2012 11:18:46 AM
{ "createdDate" : ISODate("2012-10-04T04:19:22.97Z") } - { "count" : 1.0 } - 1 - 10/4/2012 11:19:22 AM
{ "createdDate" : ISODate("2012-10-04T04:19:23.017Z") } - { "count" : 1.0 } - 1 - 10/4/2012 11:19:23 AM
{ "createdDate" : ISODate("2012-10-04T04:19:23.064Z") } - { "count" : 1.0 } - 1 - 10/4/2012 11:19:23 AM
{ "createdDate" : ISODate("2012-10-04T04:19:23.127Z") } - { "count" : 1.0 } - 1 - 10/4/2012 11:19:23 AM
{ "createdDate" : ISODate("2012-10-04T04:19:23.174Z") } - { "count" : 1.0 } - 1 - 10/4/2012 11:19:23 AM
{ "createdDate" : ISODate("2012-10-04T04:19:23.22Z") } - { "count" : 1.0 } - 1 - 10/4/2012 11:19:23 AM
{ "createdDate" : ISODate("2012-10-04T04:19:23.283Z") } - { "count" : 1.0 } - 1 - 10/4/2012 11:19:23 AM
{ "createdDate" : ISODate("2012-10-04T04:19:23.345Z") } - { "count" : 1.0 } - 1 - 10/4/2012 11:19:23 AM
{ "createdDate" : ISODate("2012-10-04T04:19:23.47Z") } - { "count" : 1.0 } - 1 - 10/4/2012 11:19:23 AM
{ "createdDate" : ISODate("2012-10-04T04:19:23.533Z") } - { "count" : 1.0 } - 1 - 10/4/2012 11:19:23 AM
{ "createdDate" : ISODate("2012-10-04T04:19:23.611Z") } - { "count" : 1.0 } - 1 - 10/4/2012 11:19:23 AM
{ "createdDate" : ISODate("2012-10-04T04:19:26.392Z") } - { "count" : 1.0 } - 1 - 10/4/2012 11:19:26 AM
{ "createdDate" : ISODate("2012-10-04T04:19:26.549Z") } - { "count" : 1.0 } - 1 - 10/4/2012 11:19:26 AM
{ "createdDate" : ISODate("2012-10-04T04:19:26.627Z") } - { "count" : 1.0 } - 1 - 10/4/2012 11:19:26 AM
{ "createdDate" : ISODate("2012-10-04T04:19:26.83Z") } - { "count" : 1.0 } - 1 - 10/4/2012 11:19:26 AM
{ "createdDate" : ISODate("2012-10-04T04:19:26.986Z") } - { "count" : 1.0 } - 1 - 10/4/2012 11:19:26 AM
{ "createdDate" : ISODate("2012-10-04T04:19:27.095Z") } - { "count" : 1.0 } - 1 - 10/4/2012 11:19:27 AM
{ "createdDate" : ISODate("2012-10-04T04:19:27.236Z") } - { "count" : 1.0 } - 1 - 10/4/2012 11:19:27 AM
{ "createdDate" : ISODate("2012-10-04T04:19:27.345Z") } - { "count" : 1.0 } - 1 - 10/4/2012 11:19:27 AM
{ "createdDate" : ISODate("2012-10-04T04:19:27.424Z") } - { "count" : 1.0 } - 1 - 10/4/2012 11:19:27 AM
{ "createdDate" : ISODate("2012-10-04T04:19:27.533Z") } - { "count" : 1.0 } - 1 - 10/4/2012 11:19:27 AM
{ "createdDate" : ISODate("2012-10-04T04:19:27.642Z") } - { "count" : 1.0 } - 1 - 10/4/2012 11:19:27 AM
{ "createdDate" : ISODate("2012-10-04T04:19:34.002Z") } - { "count" : 1.0 } - 1 - 10/4/2012 11:19:34 AM
{ "createdDate" : ISODate("2012-10-04T04:19:34.095Z") } - { "count" : 1.0 } - 1 - 10/4/2012 11:19:34 AM
{ "createdDate" : ISODate("2012-10-04T04:19:34.314Z") } - { "count" : 1.0 } - 1 - 10/4/2012 11:19:34 AM
{ "createdDate" : ISODate("2012-10-04T04:19:34.58Z") } - { "count" : 1.0 } - 1 - 10/4/2012 11:19:34 AM
{ "createdDate" : ISODate("2012-10-04T04:19:34.689Z") } - { "count" : 1.0 } - 1 - 10/4/2012 11:19:34 AM
{ "createdDate" : ISODate("2012-10-04T04:19:34.924Z") } - { "count" : 1.0 } - 1 - 10/4/2012 11:19:34 AM
{ "createdDate" : ISODate("2012-10-04T04:19:35.033Z") } - { "count" : 1.0 } - 1 - 10/4/2012 11:19:35 AM
{ "createdDate" : ISODate("2012-10-04T04:19:35.127Z") } - { "count" : 1.0 } - 1 - 10/4/2012 11:19:35 AM
{ "createdDate" : ISODate("2012-10-04T04:19:35.283Z") } - { "count" : 1.0 } - 1 - 10/4/2012 11:19:35 AM
{ "createdDate" : ISODate("2012-10-04T04:19:35.361Z") } - { "count" : 1.0 } - 1 - 10/4/2012 11:19:35 AM
{ "createdDate" : ISODate("2012-10-04T04:19:35.486Z") } - { "count" : 1.0 } - 1 - 10/4/2012 11:19:35 AM
{ "createdDate" : ISODate("2012-10-04T04:19:38.002Z") } - { "count" : 1.0 } - 1 - 10/4/2012 11:19:38 AM
{ "createdDate" : ISODate("2012-10-04T04:19:38.08Z") } - { "count" : 1.0 } - 1 - 10/4/2012 11:19:38 AM
{ "createdDate" : ISODate("2012-10-04T04:19:38.174Z") } - { "count" : 1.0 } - 1 - 10/4/2012 11:19:38 AM
{ "createdDate" : ISODate("2012-10-04T04:19:38.283Z") } - { "count" : 1.0 } - 1 - 10/4/2012 11:19:38 AM
{ "createdDate" : ISODate("2012-10-04T04:19:38.502Z") } - { "count" : 1.0 } - 1 - 10/4/2012 11:19:38 AM
{ "createdDate" : ISODate("2012-10-04T04:19:38.595Z") } - { "count" : 1.0 } - 1 - 10/4/2012 11:19:38 AM
{ "createdDate" : ISODate("2012-10-04T04:19:38.72Z") } - { "count" : 1.0 } - 1 - 10/4/2012 11:19:38 AM
{ "createdDate" : ISODate("2012-10-04T04:19:38.814Z") } - { "count" : 1.0 } - 1 - 10/4/2012 11:19:38 AM
{ "createdDate" : ISODate("2012-10-04T04:19:38.877Z") } - { "count" : 1.0 } - 1 - 10/4/2012 11:19:38 AM
{ "createdDate" : ISODate("2012-10-04T04:19:38.97Z") } - { "count" : 1.0 } - 1 - 10/4/2012 11:19:38 AM
{ "createdDate" : ISODate("2012-10-04T04:19:39.033Z") } - { "count" : 1.0 } - 1 - 10/4/2012 11:19:39 AM
{ "createdDate" : ISODate("2012-10-04T04:19:40.33Z") } - { "count" : 1.0 } - 1 - 10/4/2012 11:19:40 AM
{ "createdDate" : ISODate("2012-10-04T04:19:40.408Z") } - { "count" : 1.0 } - 1 - 10/4/2012 11:19:40 AM
{ "createdDate" : ISODate("2012-10-04T04:19:40.47Z") } - { "count" : 1.0 } - 1 - 10/4/2012 11:19:40 AM
{ "createdDate" : ISODate("2012-10-04T04:19:40.564Z") } - { "count" : 1.0 } - 1 - 10/4/2012 11:19:40 AM
{ "createdDate" : ISODate("2012-10-04T04:19:40.627Z") } - { "count" : 1.0 } - 1 - 10/4/2012 11:19:40 AM
{ "createdDate" : ISODate("2012-10-04T04:19:40.689Z") } - { "count" : 1.0 } - 1 - 10/4/2012 11:19:40 AM
{ "createdDate" : ISODate("2012-10-04T04:19:40.767Z") } - { "count" : 1.0 } - 1 - 10/4/2012 11:19:40 AM
{ "createdDate" : ISODate("2012-10-04T04:19:40.814Z") } - { "count" : 1.0 } - 1 - 10/4/2012 11:19:40 AM
{ "createdDate" : ISODate("2012-10-04T04:19:40.861Z") } - { "count" : 1.0 } - 1 - 10/4/2012 11:19:40 AM
{ "createdDate" : ISODate("2012-10-04T04:19:40.939Z") } - { "count" : 1.0 } - 1 - 10/4/2012 11:19:40 AM
{ "createdDate" : ISODate("2012-10-04T04:19:41.002Z") } - { "count" : 1.0 } - 1 - 10/4/2012 11:19:41 AM
{ "createdDate" : ISODate("2012-10-04T04:19:46.299Z") } - { "count" : 1.0 } - 1 - 10/4/2012 11:19:46 AM
{ "createdDate" : ISODate("2012-10-04T04:19:46.377Z") } - { "count" : 1.0 } - 1 - 10/4/2012 11:19:46 AM
{ "createdDate" : ISODate("2012-10-04T04:19:46.47Z") } - { "count" : 1.0 } - 1 - 10/4/2012 11:19:46 AM
{ "createdDate" : ISODate("2012-10-04T04:19:46.533Z") } - { "count" : 1.0 } - 1 - 10/4/2012 11:19:46 AM
{ "createdDate" : ISODate("2012-10-04T04:19:46.627Z") } - { "count" : 1.0 } - 1 - 10/4/2012 11:19:46 AM
{ "createdDate" : ISODate("2012-10-04T04:19:46.689Z") } - { "count" : 1.0 } - 1 - 10/4/2012 11:19:46 AM
{ "createdDate" : ISODate("2012-10-04T04:19:46.767Z") } - { "count" : 1.0 } - 1 - 10/4/2012 11:19:46 AM
{ "createdDate" : ISODate("2012-10-04T04:19:46.845Z") } - { "count" : 1.0 } - 1 - 10/4/2012 11:19:46 AM
{ "createdDate" : ISODate("2012-10-04T04:19:46.924Z") } - { "count" : 1.0 } - 1 - 10/4/2012 11:19:46 AM
{ "createdDate" : ISODate("2012-10-04T04:19:46.986Z") } - { "count" : 1.0 } - 1 - 10/4/2012 11:19:46 AM
{ "createdDate" : ISODate("2012-10-04T04:19:47.049Z") } - { "count" : 1.0 } - 1 - 10/4/2012 11:19:47 AM
{ "createdDate" : ISODate("2012-10-04T04:19:50.049Z") } - { "count" : 1.0 } - 1 - 10/4/2012 11:19:50 AM
{ "createdDate" : ISODate("2012-10-04T04:19:50.127Z") } - { "count" : 1.0 } - 1 - 10/4/2012 11:19:50 AM
{ "createdDate" : ISODate("2012-10-04T04:19:50.361Z") } - { "count" : 1.0 } - 1 - 10/4/2012 11:19:50 AM
{ "createdDate" : ISODate("2012-10-04T04:19:50.408Z") } - { "count" : 1.0 } - 1 - 10/4/2012 11:19:50 AM
{ "createdDate" : ISODate("2012-10-04T04:19:50.455Z") } - { "count" : 1.0 } - 1 - 10/4/2012 11:19:50 AM
{ "createdDate" : ISODate("2012-10-04T04:19:50.689Z") } - { "count" : 1.0 } - 1 - 10/4/2012 11:19:50 AM
{ "createdDate" : ISODate("2012-10-04T04:19:50.83Z") } - { "count" : 1.0 } - 1 - 10/4/2012 11:19:50 AM
{ "createdDate" : ISODate("2012-10-04T04:19:51.049Z") } - { "count" : 1.0 } - 1 - 10/4/2012 11:19:51 AM
{ "createdDate" : ISODate("2012-10-04T04:19:51.111Z") } - { "count" : 1.0 } - 1 - 10/4/2012 11:19:51 AM
{ "createdDate" : ISODate("2012-10-04T04:19:51.158Z") } - { "count" : 1.0 } - 1 - 10/4/2012 11:19:51 AM
{ "createdDate" : ISODate("2012-10-04T04:19:51.205Z") } - { "count" : 1.0 } - 1 - 10/4/2012 11:19:51 AM
{ "createdDate" : ISODate("2012-10-04T04:19:53.08Z") } - { "count" : 1.0 } - 1 - 10/4/2012 11:19:53 AM
{ "createdDate" : ISODate("2012-10-04T04:19:53.174Z") } - { "count" : 1.0 } - 1 - 10/4/2012 11:19:53 AM
{ "createdDate" : ISODate("2012-10-04T04:19:53.236Z") } - { "count" : 1.0 } - 1 - 10/4/2012 11:19:53 AM
{ "createdDate" : ISODate("2012-10-04T04:19:53.299Z") } - { "count" : 1.0 } - 1 - 10/4/2012 11:19:53 AM
{ "createdDate" : ISODate("2012-10-04T04:19:53.361Z") } - { "count" : 1.0 } - 1 - 10/4/2012 11:19:53 AM
{ "createdDate" : ISODate("2012-10-04T04:19:53.424Z") } - { "count" : 1.0 } - 1 - 10/4/2012 11:19:53 AM
{ "createdDate" : ISODate("2012-10-04T04:19:53.486Z") } - { "count" : 1.0 } - 1 - 10/4/2012 11:19:53 AM
{ "createdDate" : ISODate("2012-10-04T04:19:53.564Z") } - { "count" : 1.0 } - 1 - 10/4/2012 11:19:53 AM
{ "createdDate" : ISODate("2012-10-04T04:19:53.627Z") } - { "count" : 1.0 } - 1 - 10/4/2012 11:19:53 AM
{ "createdDate" : ISODate("2012-10-04T04:19:53.689Z") } - { "count" : 1.0 } - 1 - 10/4/2012 11:19:53 AM
{ "createdDate" : ISODate("2012-10-04T04:19:53.736Z") } - { "count" : 1.0 } - 1 - 10/4/2012 11:19:53 AM
{ "createdDate" : ISODate("2012-10-04T04:19:56.486Z") } - { "count" : 1.0 } - 1 - 10/4/2012 11:19:56 AM
{ "createdDate" : ISODate("2012-10-04T04:19:56.611Z") } - { "count" : 1.0 } - 1 - 10/4/2012 11:19:56 AM
{ "createdDate" : ISODate("2012-10-04T04:19:56.689Z") } - { "count" : 1.0 } - 1 - 10/4/2012 11:19:56 AM
{ "createdDate" : ISODate("2012-10-04T04:19:56.783Z") } - { "count" : 1.0 } - 1 - 10/4/2012 11:19:56 AM
{ "createdDate" : ISODate("2012-10-04T04:19:56.845Z") } - { "count" : 1.0 } - 1 - 10/4/2012 11:19:56 AM
{ "createdDate" : ISODate("2012-10-04T04:19:56.939Z") } - { "count" : 1.0 } - 1 - 10/4/2012 11:19:56 AM
{ "createdDate" : ISODate("2012-10-04T04:19:56.986Z") } - { "count" : 1.0 } - 1 - 10/4/2012 11:19:56 AM
{ "createdDate" : ISODate("2012-10-04T04:19:57.064Z") } - { "count" : 1.0 } - 1 - 10/4/2012 11:19:57 AM
{ "createdDate" : ISODate("2012-10-04T04:19:57.142Z") } - { "count" : 1.0 } - 1 - 10/4/2012 11:19:57 AM
{ "createdDate" : ISODate("2012-10-04T04:19:57.205Z") } - { "count" : 1.0 } - 1 - 10/4/2012 11:19:57 AM
{ "createdDate" : ISODate("2012-10-04T04:19:57.252Z") } - { "count" : 1.0 } - 1 - 10/4/2012 11:19:57 AM
{ "createdDate" : ISODate("2012-10-04T04:20:02.908Z") } - { "count" : 1.0 } - 1 - 10/4/2012 11:20:02 AM
{ "createdDate" : ISODate("2012-10-04T04:20:03.002Z") } - { "count" : 1.0 } - 1 - 10/4/2012 11:20:03 AM
{ "createdDate" : ISODate("2012-10-04T04:20:03.049Z") } - { "count" : 1.0 } - 1 - 10/4/2012 11:20:03 AM
{ "createdDate" : ISODate("2012-10-04T04:20:03.095Z") } - { "count" : 1.0 } - 1 - 10/4/2012 11:20:03 AM
{ "createdDate" : ISODate("2012-10-04T04:20:03.142Z") } - { "count" : 1.0 } - 1 - 10/4/2012 11:20:03 AM
{ "createdDate" : ISODate("2012-10-04T04:20:03.189Z") } - { "count" : 1.0 } - 1 - 10/4/2012 11:20:03 AM
{ "createdDate" : ISODate("2012-10-04T04:20:03.236Z") } - { "count" : 1.0 } - 1 - 10/4/2012 11:20:03 AM
{ "createdDate" : ISODate("2012-10-04T04:20:03.283Z") } - { "count" : 1.0 } - 1 - 10/4/2012 11:20:03 AM
{ "createdDate" : ISODate("2012-10-04T04:20:03.33Z") } - { "count" : 1.0 } - 1 - 10/4/2012 11:20:03 AM
{ "createdDate" : ISODate("2012-10-04T04:20:03.377Z") } - { "count" : 1.0 } - 1 - 10/4/2012 11:20:03 AM
{ "createdDate" : ISODate("2012-10-04T04:20:03.424Z") } - { "count" : 1.0 } - 1 - 10/4/2012 11:20:03 AM
{ "createdDate" : ISODate("2012-10-04T04:20:07.127Z") } - { "count" : 1.0 } - 1 - 10/4/2012 11:20:07 AM
{ "createdDate" : ISODate("2012-10-04T04:20:07.174Z") } - { "count" : 1.0 } - 1 - 10/4/2012 11:20:07 AM
{ "createdDate" : ISODate("2012-10-04T04:20:07.22Z") } - { "count" : 1.0 } - 1 - 10/4/2012 11:20:07 AM
{ "createdDate" : ISODate("2012-10-04T04:20:07.267Z") } - { "count" : 1.0 } - 1 - 10/4/2012 11:20:07 AM
{ "createdDate" : ISODate("2012-10-04T04:20:07.33Z") } - { "count" : 1.0 } - 1 - 10/4/2012 11:20:07 AM
{ "createdDate" : ISODate("2012-10-04T04:20:07.361Z") } - { "count" : 1.0 } - 1 - 10/4/2012 11:20:07 AM
{ "createdDate" : ISODate("2012-10-04T04:20:07.408Z") } - { "count" : 1.0 } - 1 - 10/4/2012 11:20:07 AM
{ "createdDate" : ISODate("2012-10-04T04:20:07.455Z") } - { "count" : 1.0 } - 1 - 10/4/2012 11:20:07 AM
{ "createdDate" : ISODate("2012-10-04T04:20:07.502Z") } - { "count" : 1.0 } - 1 - 10/4/2012 11:20:07 AM
{ "createdDate" : ISODate("2012-10-04T04:20:07.549Z") } - { "count" : 1.0 } - 1 - 10/4/2012 11:20:07 AM
{ "createdDate" : ISODate("2012-10-04T04:20:07.595Z") } - { "count" : 1.0 } - 1 - 10/4/2012 11:20:07 AM
{ "createdDate" : ISODate("2012-10-04T04:20:11.674Z") } - { "count" : 1.0 } - 1 - 10/4/2012 11:20:11 AM
{ "createdDate" : ISODate("2012-10-04T04:20:11.736Z") } - { "count" : 1.0 } - 1 - 10/4/2012 11:20:11 AM
{ "createdDate" : ISODate("2012-10-04T04:20:11.783Z") } - { "count" : 1.0 } - 1 - 10/4/2012 11:20:11 AM
{ "createdDate" : ISODate("2012-10-04T04:20:11.83Z") } - { "count" : 1.0 } - 1 - 10/4/2012 11:20:11 AM
{ "createdDate" : ISODate("2012-10-04T04:20:11.877Z") } - { "count" : 1.0 } - 1 - 10/4/2012 11:20:11 AM
{ "createdDate" : ISODate("2012-10-04T04:20:11.924Z") } - { "count" : 1.0 } - 1 - 10/4/2012 11:20:11 AM
{ "createdDate" : ISODate("2012-10-04T04:20:11.986Z") } - { "count" : 1.0 } - 1 - 10/4/2012 11:20:11 AM
{ "createdDate" : ISODate("2012-10-04T04:20:12.033Z") } - { "count" : 1.0 } - 1 - 10/4/2012 11:20:12 AM
{ "createdDate" : ISODate("2012-10-04T04:20:12.08Z") } - { "count" : 1.0 } - 1 - 10/4/2012 11:20:12 AM
{ "createdDate" : ISODate("2012-10-04T04:20:12.158Z") } - { "count" : 1.0 } - 1 - 10/4/2012 11:20:12 AM
{ "createdDate" : ISODate("2012-10-04T04:20:12.205Z") } - { "count" : 1.0 } - 1 - 10/4/2012 11:20:12 AM
{ "createdDate" : ISODate("2012-10-04T04:20:14.205Z") } - { "count" : 1.0 } - 1 - 10/4/2012 11:20:14 AM
{ "createdDate" : ISODate("2012-10-04T04:20:14.267Z") } - { "count" : 1.0 } - 1 - 10/4/2012 11:20:14 AM
{ "createdDate" : ISODate("2012-10-04T04:20:14.33Z") } - { "count" : 1.0 } - 1 - 10/4/2012 11:20:14 AM
{ "createdDate" : ISODate("2012-10-04T04:20:14.408Z") } - { "count" : 1.0 } - 1 - 10/4/2012 11:20:14 AM
{ "createdDate" : ISODate("2012-10-04T04:20:14.455Z") } - { "count" : 1.0 } - 1 - 10/4/2012 11:20:14 AM
{ "createdDate" : ISODate("2012-10-04T04:20:14.502Z") } - { "count" : 1.0 } - 1 - 10/4/2012 11:20:14 AM
{ "createdDate" : ISODate("2012-10-04T04:20:14.564Z") } - { "count" : 1.0 } - 1 - 10/4/2012 11:20:14 AM
{ "createdDate" : ISODate("2012-10-04T04:20:14.611Z") } - { "count" : 1.0 } - 1 - 10/4/2012 11:20:14 AM
{ "createdDate" : ISODate("2012-10-04T04:20:14.674Z") } - { "count" : 1.0 } - 1 - 10/4/2012 11:20:14 AM
{ "createdDate" : ISODate("2012-10-04T04:20:14.72Z") } - { "count" : 1.0 } - 1 - 10/4/2012 11:20:14 AM
{ "createdDate" : ISODate("2012-10-04T04:20:14.767Z") } - { "count" : 1.0 } - 1 - 10/4/2012 11:20:14 AM
{ "createdDate" : ISODate("2012-10-04T04:20:21.267Z") } - { "count" : 1.0 } - 1 - 10/4/2012 11:20:21 AM
{ "createdDate" : ISODate("2012-10-04T04:20:21.33Z") } - { "count" : 1.0 } - 1 - 10/4/2012 11:20:21 AM
{ "createdDate" : ISODate("2012-10-04T04:20:21.377Z") } - { "count" : 1.0 } - 1 - 10/4/2012 11:20:21 AM
{ "createdDate" : ISODate("2012-10-04T04:20:21.439Z") } - { "count" : 1.0 } - 1 - 10/4/2012 11:20:21 AM
{ "createdDate" : ISODate("2012-10-04T04:20:21.486Z") } - { "count" : 1.0 } - 1 - 10/4/2012 11:20:21 AM
{ "createdDate" : ISODate("2012-10-04T04:20:21.549Z") } - { "count" : 1.0 } - 1 - 10/4/2012 11:20:21 AM
{ "createdDate" : ISODate("2012-10-04T04:20:21.595Z") } - { "count" : 1.0 } - 1 - 10/4/2012 11:20:21 AM
{ "createdDate" : ISODate("2012-10-04T04:20:21.658Z") } - { "count" : 1.0 } - 1 - 10/4/2012 11:20:21 AM
{ "createdDate" : ISODate("2012-10-04T04:20:21.705Z") } - { "count" : 1.0 } - 1 - 10/4/2012 11:20:21 AM
{ "createdDate" : ISODate("2012-10-04T04:20:21.752Z") } - { "count" : 1.0 } - 1 - 10/4/2012 11:20:21 AM
{ "createdDate" : ISODate("2012-10-04T04:20:21.814Z") } - { "count" : 1.0 } - 1 - 10/4/2012 11:20:21 AM
{ "createdDate" : ISODate("2012-10-04T04:20:22.674Z") } - { "count" : 1.0 } - 1 - 10/4/2012 11:20:22 AM
{ "createdDate" : ISODate("2012-10-04T04:20:22.736Z") } - { "count" : 1.0 } - 1 - 10/4/2012 11:20:22 AM
{ "createdDate" : ISODate("2012-10-04T04:20:22.908Z") } - { "count" : 1.0 } - 1 - 10/4/2012 11:20:22 AM
{ "createdDate" : ISODate("2012-10-04T04:20:22.986Z") } - { "count" : 1.0 } - 1 - 10/4/2012 11:20:22 AM
{ "createdDate" : ISODate("2012-10-04T04:20:23.049Z") } - { "count" : 1.0 } - 1 - 10/4/2012 11:20:23 AM
{ "createdDate" : ISODate("2012-10-04T04:20:23.127Z") } - { "count" : 1.0 } - 1 - 10/4/2012 11:20:23 AM
{ "createdDate" : ISODate("2012-10-04T04:20:23.205Z") } - { "count" : 1.0 } - 1 - 10/4/2012 11:20:23 AM
{ "createdDate" : ISODate("2012-10-04T04:20:23.267Z") } - { "count" : 1.0 } - 1 - 10/4/2012 11:20:23 AM
{ "createdDate" : ISODate("2012-10-04T04:20:23.33Z") } - { "count" : 1.0 } - 1 - 10/4/2012 11:20:23 AM
{ "createdDate" : ISODate("2012-10-04T04:20:23.377Z") } - { "count" : 1.0 } - 1 - 10/4/2012 11:20:23 AM
{ "createdDate" : ISODate("2012-10-04T04:20:23.439Z") } - { "count" : 1.0 } - 1 - 10/4/2012 11:20:23 AM
{ "createdDate" : ISODate("2012-10-04T04:20:27.267Z") } - { "count" : 1.0 } - 1 - 10/4/2012 11:20:27 AM
{ "createdDate" : ISODate("2012-10-04T04:20:27.408Z") } - { "count" : 1.0 } - 1 - 10/4/2012 11:20:27 AM
{ "createdDate" : ISODate("2012-10-04T04:20:27.47Z") } - { "count" : 1.0 } - 1 - 10/4/2012 11:20:27 AM
{ "createdDate" : ISODate("2012-10-04T04:20:27.533Z") } - { "count" : 1.0 } - 1 - 10/4/2012 11:20:27 AM
{ "createdDate" : ISODate("2012-10-04T04:20:27.595Z") } - { "count" : 1.0 } - 1 - 10/4/2012 11:20:27 AM
{ "createdDate" : ISODate("2012-10-04T04:20:27.674Z") } - { "count" : 1.0 } - 1 - 10/4/2012 11:20:27 AM
{ "createdDate" : ISODate("2012-10-04T04:20:27.736Z") } - { "count" : 1.0 } - 1 - 10/4/2012 11:20:27 AM
{ "createdDate" : ISODate("2012-10-04T04:20:27.83Z") } - { "count" : 1.0 } - 1 - 10/4/2012 11:20:27 AM
{ "createdDate" : ISODate("2012-10-04T04:20:27.892Z") } - { "count" : 1.0 } - 1 - 10/4/2012 11:20:27 AM
{ "createdDate" : ISODate("2012-10-04T04:20:27.986Z") } - { "count" : 1.0 } - 1 - 10/4/2012 11:20:27 AM
{ "createdDate" : ISODate("2012-10-04T04:20:28.049Z") } - { "count" : 1.0 } - 1 - 10/4/2012 11:20:28 AM
{ "createdDate" : ISODate("2012-10-04T04:20:30.799Z") } - { "count" : 1.0 } - 1 - 10/4/2012 11:20:30 AM
{ "createdDate" : ISODate("2012-10-04T04:20:30.892Z") } - { "count" : 1.0 } - 1 - 10/4/2012 11:20:30 AM
{ "createdDate" : ISODate("2012-10-04T04:20:30.97Z") } - { "count" : 1.0 } - 1 - 10/4/2012 11:20:30 AM
{ "createdDate" : ISODate("2012-10-04T04:20:31.017Z") } - { "count" : 1.0 } - 1 - 10/4/2012 11:20:31 AM
{ "createdDate" : ISODate("2012-10-04T04:20:31.095Z") } - { "count" : 1.0 } - 1 - 10/4/2012 11:20:31 AM
{ "createdDate" : ISODate("2012-10-04T04:20:31.174Z") } - { "count" : 1.0 } - 1 - 10/4/2012 11:20:31 AM
{ "createdDate" : ISODate("2012-10-04T04:20:31.252Z") } - { "count" : 1.0 } - 1 - 10/4/2012 11:20:31 AM
{ "createdDate" : ISODate("2012-10-04T04:20:31.33Z") } - { "count" : 1.0 } - 1 - 10/4/2012 11:20:31 AM
{ "createdDate" : ISODate("2012-10-04T04:20:31.424Z") } - { "count" : 1.0 } - 1 - 10/4/2012 11:20:31 AM
{ "createdDate" : ISODate("2012-10-04T04:20:31.517Z") } - { "count" : 1.0 } - 1 - 10/4/2012 11:20:31 AM
{ "createdDate" : ISODate("2012-10-04T04:20:31.595Z") } - { "count" : 1.0 } - 1 - 10/4/2012 11:20:31 AM
{ "createdDate" : ISODate("2012-10-04T04:20:34.252Z") } - { "count" : 1.0 } - 1 - 10/4/2012 11:20:34 AM
{ "createdDate" : ISODate("2012-10-04T04:20:34.314Z") } - { "count" : 1.0 } - 1 - 10/4/2012 11:20:34 AM
{ "createdDate" : ISODate("2012-10-04T04:20:34.361Z") } - { "count" : 1.0 } - 1 - 10/4/2012 11:20:34 AM
{ "createdDate" : ISODate("2012-10-04T04:20:34.439Z") } - { "count" : 1.0 } - 1 - 10/4/2012 11:20:34 AM
{ "createdDate" : ISODate("2012-10-04T04:20:34.502Z") } - { "count" : 1.0 } - 1 - 10/4/2012 11:20:34 AM
{ "createdDate" : ISODate("2012-10-04T04:20:34.58Z") } - { "count" : 1.0 } - 1 - 10/4/2012 11:20:34 AM
{ "createdDate" : ISODate("2012-10-04T04:20:34.674Z") } - { "count" : 1.0 } - 1 - 10/4/2012 11:20:34 AM
{ "createdDate" : ISODate("2012-10-04T04:20:34.767Z") } - { "count" : 1.0 } - 1 - 10/4/2012 11:20:34 AM
{ "createdDate" : ISODate("2012-10-04T04:20:34.845Z") } - { "count" : 1.0 } - 1 - 10/4/2012 11:20:34 AM
{ "createdDate" : ISODate("2012-10-04T04:20:34.924Z") } - { "count" : 1.0 } - 1 - 10/4/2012 11:20:34 AM
{ "createdDate" : ISODate("2012-10-04T04:20:34.986Z") } - { "count" : 1.0 } - 1 - 10/4/2012 11:20:34 AM
{ "createdDate" : ISODate("2012-10-04T04:20:38.33Z") } - { "count" : 1.0 } - 1 - 10/4/2012 11:20:38 AM
{ "createdDate" : ISODate("2012-10-04T04:20:38.392Z") } - { "count" : 1.0 } - 1 - 10/4/2012 11:20:38 AM
{ "createdDate" : ISODate("2012-10-04T04:20:38.47Z") } - { "count" : 1.0 } - 1 - 10/4/2012 11:20:38 AM
{ "createdDate" : ISODate("2012-10-04T04:20:38.533Z") } - { "count" : 1.0 } - 1 - 10/4/2012 11:20:38 AM
{ "createdDate" : ISODate("2012-10-04T04:20:38.705Z") } - { "count" : 1.0 } - 1 - 10/4/2012 11:20:38 AM
{ "createdDate" : ISODate("2012-10-04T04:20:38.799Z") } - { "count" : 1.0 } - 1 - 10/4/2012 11:20:38 AM
{ "createdDate" : ISODate("2012-10-04T04:20:38.861Z") } - { "count" : 1.0 } - 1 - 10/4/2012 11:20:38 AM
{ "createdDate" : ISODate("2012-10-04T04:20:38.924Z") } - { "count" : 1.0 } - 1 - 10/4/2012 11:20:38 AM
{ "createdDate" : ISODate("2012-10-04T04:20:39.002Z") } - { "count" : 1.0 } - 1 - 10/4/2012 11:20:39 AM
{ "createdDate" : ISODate("2012-10-04T04:20:39.064Z") } - { "count" : 1.0 } - 1 - 10/4/2012 11:20:39 AM
{ "createdDate" : ISODate("2012-10-04T04:20:39.127Z") } - { "count" : 1.0 } - 1 - 10/4/2012 11:20:39 AM
{ "createdDate" : ISODate("2012-10-04T04:20:43.33Z") } - { "count" : 1.0 } - 1 - 10/4/2012 11:20:43 AM
{ "createdDate" : ISODate("2012-10-04T04:20:43.408Z") } - { "count" : 1.0 } - 1 - 10/4/2012 11:20:43 AM
{ "createdDate" : ISODate("2012-10-04T04:20:43.47Z") } - { "count" : 1.0 } - 1 - 10/4/2012 11:20:43 AM
{ "createdDate" : ISODate("2012-10-04T04:20:43.549Z") } - { "count" : 1.0 } - 1 - 10/4/2012 11:20:43 AM
{ "createdDate" : ISODate("2012-10-04T04:20:43.627Z") } - { "count" : 1.0 } - 1 - 10/4/2012 11:20:43 AM
{ "createdDate" : ISODate("2012-10-04T04:20:43.705Z") } - { "count" : 1.0 } - 1 - 10/4/2012 11:20:43 AM
{ "createdDate" : ISODate("2012-10-04T04:20:43.783Z") } - { "count" : 1.0 } - 1 - 10/4/2012 11:20:43 AM
{ "createdDate" : ISODate("2012-10-04T04:20:43.861Z") } - { "count" : 1.0 } - 1 - 10/4/2012 11:20:43 AM
{ "createdDate" : ISODate("2012-10-04T04:20:43.939Z") } - { "count" : 1.0 } - 1 - 10/4/2012 11:20:43 AM
{ "createdDate" : ISODate("2012-10-04T04:20:44.033Z") } - { "count" : 1.0 } - 1 - 10/4/2012 11:20:44 AM
{ "createdDate" : ISODate("2012-10-04T04:20:44.127Z") } - { "count" : 1.0 } - 1 - 10/4/2012 11:20:44 AM
{ "createdDate" : ISODate("2012-10-04T04:20:46.392Z") } - { "count" : 1.0 } - 1 - 10/4/2012 11:20:46 AM
{ "createdDate" : ISODate("2012-10-04T04:20:46.908Z") } - { "count" : 1.0 } - 1 - 10/4/2012 11:20:46 AM
{ "createdDate" : ISODate("2012-10-04T04:20:47.017Z") } - { "count" : 1.0 } - 1 - 10/4/2012 11:20:47 AM
{ "createdDate" : ISODate("2012-10-04T04:20:47.361Z") } - { "count" : 1.0 } - 1 - 10/4/2012 11:20:47 AM
{ "createdDate" : ISODate("2012-10-04T04:20:47.408Z") } - { "count" : 1.0 } - 1 - 10/4/2012 11:20:47 AM
{ "createdDate" : ISODate("2012-10-04T04:20:47.58Z") } - { "count" : 1.0 } - 1 - 10/4/2012 11:20:47 AM
{ "createdDate" : ISODate("2012-10-04T04:20:47.658Z") } - { "count" : 1.0 } - 1 - 10/4/2012 11:20:47 AM
{ "createdDate" : ISODate("2012-10-04T04:20:47.72Z") } - { "count" : 1.0 } - 1 - 10/4/2012 11:20:47 AM
{ "createdDate" : ISODate("2012-10-04T04:20:47.783Z") } - { "count" : 1.0 } - 1 - 10/4/2012 11:20:47 AM
{ "createdDate" : ISODate("2012-10-04T04:20:47.861Z") } - { "count" : 1.0 } - 1 - 10/4/2012 11:20:47 AM
{ "createdDate" : ISODate("2012-10-04T04:20:47.939Z") } - { "count" : 1.0 } - 1 - 10/4/2012 11:20:47 AM
{ "createdDate" : ISODate("2012-10-04T04:20:51.424Z") } - { "count" : 1.0 } - 1 - 10/4/2012 11:20:51 AM
{ "createdDate" : ISODate("2012-10-04T04:20:51.642Z") } - { "count" : 1.0 } - 1 - 10/4/2012 11:20:51 AM
{ "createdDate" : ISODate("2012-10-04T04:20:51.705Z") } - { "count" : 1.0 } - 1 - 10/4/2012 11:20:51 AM
{ "createdDate" : ISODate("2012-10-04T04:20:51.752Z") } - { "count" : 1.0 } - 1 - 10/4/2012 11:20:51 AM
{ "createdDate" : ISODate("2012-10-04T04:20:51.814Z") } - { "count" : 1.0 } - 1 - 10/4/2012 11:20:51 AM
{ "createdDate" : ISODate("2012-10-04T04:20:51.861Z") } - { "count" : 1.0 } - 1 - 10/4/2012 11:20:51 AM
{ "createdDate" : ISODate("2012-10-04T04:20:51.924Z") } - { "count" : 1.0 } - 1 - 10/4/2012 11:20:51 AM
{ "createdDate" : ISODate("2012-10-04T04:20:51.97Z") } - { "count" : 1.0 } - 1 - 10/4/2012 11:20:51 AM
{ "createdDate" : ISODate("2012-10-04T04:20:52.033Z") } - { "count" : 1.0 } - 1 - 10/4/2012 11:20:52 AM
{ "createdDate" : ISODate("2012-10-04T04:20:52.095Z") } - { "count" : 1.0 } - 1 - 10/4/2012 11:20:52 AM
{ "createdDate" : ISODate("2012-10-04T04:20:52.142Z") } - { "count" : 1.0 } - 1 - 10/4/2012 11:20:52 AM
{ "createdDate" : ISODate("2012-10-04T04:20:54.345Z") } - { "count" : 1.0 } - 1 - 10/4/2012 11:20:54 AM
{ "createdDate" : ISODate("2012-10-04T04:20:54.533Z") } - { "count" : 1.0 } - 1 - 10/4/2012 11:20:54 AM
{ "createdDate" : ISODate("2012-10-04T04:20:54.595Z") } - { "count" : 1.0 } - 1 - 10/4/2012 11:20:54 AM
{ "createdDate" : ISODate("2012-10-04T04:20:54.674Z") } - { "count" : 1.0 } - 1 - 10/4/2012 11:20:54 AM
{ "createdDate" : ISODate("2012-10-04T04:20:54.783Z") } - { "count" : 1.0 } - 1 - 10/4/2012 11:20:54 AM
{ "createdDate" : ISODate("2012-10-04T04:20:55.002Z") } - { "count" : 1.0 } - 1 - 10/4/2012 11:20:55 AM
{ "createdDate" : ISODate("2012-10-04T04:20:55.095Z") } - { "count" : 1.0 } - 1 - 10/4/2012 11:20:55 AM
{ "createdDate" : ISODate("2012-10-04T04:20:55.205Z") } - { "count" : 1.0 } - 1 - 10/4/2012 11:20:55 AM
{ "createdDate" : ISODate("2012-10-04T04:20:55.361Z") } - { "count" : 1.0 } - 1 - 10/4/2012 11:20:55 AM
{ "createdDate" : ISODate("2012-10-04T04:20:55.455Z") } - { "count" : 1.0 } - 1 - 10/4/2012 11:20:55 AM
{ "createdDate" : ISODate("2012-10-04T04:20:55.658Z") } - { "count" : 1.0 } - 1 - 10/4/2012 11:20:55 AM
{ "createdDate" : ISODate("2012-10-04T04:21:00.861Z") } - { "count" : 1.0 } - 1 - 10/4/2012 11:21:00 AM
{ "createdDate" : ISODate("2012-10-04T04:21:00.939Z") } - { "count" : 1.0 } - 1 - 10/4/2012 11:21:00 AM
{ "createdDate" : ISODate("2012-10-04T04:21:00.986Z") } - { "count" : 1.0 } - 1 - 10/4/2012 11:21:00 AM
{ "createdDate" : ISODate("2012-10-04T04:21:01.033Z") } - { "count" : 1.0 } - 1 - 10/4/2012 11:21:01 AM
{ "createdDate" : ISODate("2012-10-04T04:21:01.08Z") } - { "count" : 1.0 } - 1 - 10/4/2012 11:21:01 AM
{ "createdDate" : ISODate("2012-10-04T04:21:01.127Z") } - { "count" : 1.0 } - 1 - 10/4/2012 11:21:01 AM
{ "createdDate" : ISODate("2012-10-04T04:21:01.174Z") } - { "count" : 1.0 } - 1 - 10/4/2012 11:21:01 AM
{ "createdDate" : ISODate("2012-10-04T04:21:01.22Z") } - { "count" : 1.0 } - 1 - 10/4/2012 11:21:01 AM
{ "createdDate" : ISODate("2012-10-04T04:21:01.267Z") } - { "count" : 1.0 } - 1 - 10/4/2012 11:21:01 AM
{ "createdDate" : ISODate("2012-10-04T04:21:01.314Z") } - { "count" : 1.0 } - 1 - 10/4/2012 11:21:01 AM
{ "createdDate" : ISODate("2012-10-04T04:21:01.361Z") } - { "count" : 1.0 } - 1 - 10/4/2012 11:21:01 AM
{ "createdDate" : ISODate("2012-10-04T04:21:02.549Z") } - { "count" : 1.0 } - 1 - 10/4/2012 11:21:02 AM
{ "createdDate" : ISODate("2012-10-04T04:21:02.658Z") } - { "count" : 1.0 } - 1 - 10/4/2012 11:21:02 AM
{ "createdDate" : ISODate("2012-10-04T04:21:02.705Z") } - { "count" : 1.0 } - 1 - 10/4/2012 11:21:02 AM
{ "createdDate" : ISODate("2012-10-04T04:21:02.767Z") } - { "count" : 1.0 } - 1 - 10/4/2012 11:21:02 AM
{ "createdDate" : ISODate("2012-10-04T04:21:02.799Z") } - { "count" : 1.0 } - 1 - 10/4/2012 11:21:02 AM
{ "createdDate" : ISODate("2012-10-04T04:21:02.861Z") } - { "count" : 1.0 } - 1 - 10/4/2012 11:21:02 AM
{ "createdDate" : ISODate("2012-10-04T04:21:02.908Z") } - { "count" : 1.0 } - 1 - 10/4/2012 11:21:02 AM
{ "createdDate" : ISODate("2012-10-04T04:21:02.955Z") } - { "count" : 1.0 } - 1 - 10/4/2012 11:21:02 AM
{ "createdDate" : ISODate("2012-10-04T04:21:03.017Z") } - { "count" : 1.0 } - 1 - 10/4/2012 11:21:03 AM
{ "createdDate" : ISODate("2012-10-04T04:21:03.08Z") } - { "count" : 1.0 } - 1 - 10/4/2012 11:21:03 AM
{ "createdDate" : ISODate("2012-10-04T04:21:03.127Z") } - { "count" : 1.0 } - 1 - 10/4/2012 11:21:03 AM
{ "createdDate" : ISODate("2012-10-04T04:21:07.658Z") } - { "count" : 1.0 } - 1 - 10/4/2012 11:21:07 AM
{ "createdDate" : ISODate("2012-10-04T04:21:07.705Z") } - { "count" : 1.0 } - 1 - 10/4/2012 11:21:07 AM
{ "createdDate" : ISODate("2012-10-04T04:21:07.752Z") } - { "count" : 1.0 } - 1 - 10/4/2012 11:21:07 AM
{ "createdDate" : ISODate("2012-10-04T04:21:07.814Z") } - { "count" : 1.0 } - 1 - 10/4/2012 11:21:07 AM
{ "createdDate" : ISODate("2012-10-04T04:21:07.861Z") } - { "count" : 1.0 } - 1 - 10/4/2012 11:21:07 AM
{ "createdDate" : ISODate("2012-10-04T04:21:07.924Z") } - { "count" : 1.0 } - 1 - 10/4/2012 11:21:07 AM
{ "createdDate" : ISODate("2012-10-04T04:21:07.97Z") } - { "count" : 1.0 } - 1 - 10/4/2012 11:21:07 AM
{ "createdDate" : ISODate("2012-10-04T04:21:08.017Z") } - { "count" : 1.0 } - 1 - 10/4/2012 11:21:08 AM
{ "createdDate" : ISODate("2012-10-04T04:21:08.08Z") } - { "count" : 1.0 } - 1 - 10/4/2012 11:21:08 AM
{ "createdDate" : ISODate("2012-10-04T04:21:08.127Z") } - { "count" : 1.0 } - 1 - 10/4/2012 11:21:08 AM
{ "createdDate" : ISODate("2012-10-04T04:21:08.174Z") } - { "count" : 1.0 } - 1 - 10/4/2012 11:21:08 AM
{ "createdDate" : ISODate("2012-10-04T04:21:10.736Z") } - { "count" : 1.0 } - 1 - 10/4/2012 11:21:10 AM
{ "createdDate" : ISODate("2012-10-04T04:21:10.986Z") } - { "count" : 1.0 } - 1 - 10/4/2012 11:21:10 AM
{ "createdDate" : ISODate("2012-10-04T04:21:11.033Z") } - { "count" : 1.0 } - 1 - 10/4/2012 11:21:11 AM
{ "createdDate" : ISODate("2012-10-04T04:21:11.111Z") } - { "count" : 1.0 } - 1 - 10/4/2012 11:21:11 AM
{ "createdDate" : ISODate("2012-10-04T04:21:11.158Z") } - { "count" : 1.0 } - 1 - 10/4/2012 11:21:11 AM
{ "createdDate" : ISODate("2012-10-04T04:21:11.205Z") } - { "count" : 1.0 } - 1 - 10/4/2012 11:21:11 AM
{ "createdDate" : ISODate("2012-10-04T04:21:11.267Z") } - { "count" : 1.0 } - 1 - 10/4/2012 11:21:11 AM
{ "createdDate" : ISODate("2012-10-04T04:21:11.314Z") } - { "count" : 1.0 } - 1 - 10/4/2012 11:21:11 AM
{ "createdDate" : ISODate("2012-10-04T04:21:11.377Z") } - { "count" : 1.0 } - 1 - 10/4/2012 11:21:11 AM
{ "createdDate" : ISODate("2012-10-04T04:21:11.424Z") } - { "count" : 1.0 } - 1 - 10/4/2012 11:21:11 AM
{ "createdDate" : ISODate("2012-10-04T04:21:11.486Z") } - { "count" : 1.0 } - 1 - 10/4/2012 11:21:11 AM
{ "createdDate" : ISODate("2012-10-04T04:21:15.455Z") } - { "count" : 1.0 } - 1 - 10/4/2012 11:21:15 AM
{ "createdDate" : ISODate("2012-10-04T04:21:15.517Z") } - { "count" : 1.0 } - 1 - 10/4/2012 11:21:15 AM
{ "createdDate" : ISODate("2012-10-04T04:21:15.564Z") } - { "count" : 1.0 } - 1 - 10/4/2012 11:21:15 AM
{ "createdDate" : ISODate("2012-10-04T04:21:15.611Z") } - { "count" : 1.0 } - 1 - 10/4/2012 11:21:15 AM
{ "createdDate" : ISODate("2012-10-04T04:21:15.658Z") } - { "count" : 1.0 } - 1 - 10/4/2012 11:21:15 AM
{ "createdDate" : ISODate("2012-10-04T04:21:15.705Z") } - { "count" : 1.0 } - 1 - 10/4/2012 11:21:15 AM
{ "createdDate" : ISODate("2012-10-04T04:21:15.752Z") } - { "count" : 1.0 } - 1 - 10/4/2012 11:21:15 AM
{ "createdDate" : ISODate("2012-10-04T04:21:15.814Z") } - { "count" : 1.0 } - 1 - 10/4/2012 11:21:15 AM
{ "createdDate" : ISODate("2012-10-04T04:21:15.861Z") } - { "count" : 1.0 } - 1 - 10/4/2012 11:21:15 AM
{ "createdDate" : ISODate("2012-10-04T04:21:15.908Z") } - { "count" : 1.0 } - 1 - 10/4/2012 11:21:15 AM
{ "createdDate" : ISODate("2012-10-04T04:21:15.955Z") } - { "count" : 1.0 } - 1 - 10/4/2012 11:21:15 AM
{ "createdDate" : ISODate("2012-10-04T04:21:19.345Z") } - { "count" : 1.0 } - 1 - 10/4/2012 11:21:19 AM
{ "createdDate" : ISODate("2012-10-04T04:21:19.611Z") } - { "count" : 1.0 } - 1 - 10/4/2012 11:21:19 AM
{ "createdDate" : ISODate("2012-10-04T04:21:19.658Z") } - { "count" : 1.0 } - 1 - 10/4/2012 11:21:19 AM
{ "createdDate" : ISODate("2012-10-04T04:21:19.736Z") } - { "count" : 1.0 } - 1 - 10/4/2012 11:21:19 AM
{ "createdDate" : ISODate("2012-10-04T04:21:19.861Z") } - { "count" : 1.0 } - 1 - 10/4/2012 11:21:19 AM
{ "createdDate" : ISODate("2012-10-04T04:21:19.955Z") } - { "count" : 1.0 } - 1 - 10/4/2012 11:21:19 AM
{ "createdDate" : ISODate("2012-10-04T04:21:20.158Z") } - { "count" : 1.0 } - 1 - 10/4/2012 11:21:20 AM
{ "createdDate" : ISODate("2012-10-04T04:21:20.267Z") } - { "count" : 1.0 } - 1 - 10/4/2012 11:21:20 AM
{ "createdDate" : ISODate("2012-10-04T04:21:20.408Z") } - { "count" : 1.0 } - 1 - 10/4/2012 11:21:20 AM
{ "createdDate" : ISODate("2012-10-04T04:21:20.502Z") } - { "count" : 1.0 } - 1 - 10/4/2012 11:21:20 AM
{ "createdDate" : ISODate("2012-10-04T04:21:20.689Z") } - { "count" : 1.0 } - 1 - 10/4/2012 11:21:20 AM
{ "createdDate" : ISODate("2012-10-04T04:21:23.283Z") } - { "count" : 1.0 } - 1 - 10/4/2012 11:21:23 AM
{ "createdDate" : ISODate("2012-10-04T04:21:23.345Z") } - { "count" : 1.0 } - 1 - 10/4/2012 11:21:23 AM
{ "createdDate" : ISODate("2012-10-04T04:21:23.392Z") } - { "count" : 1.0 } - 1 - 10/4/2012 11:21:23 AM
{ "createdDate" : ISODate("2012-10-04T04:21:23.455Z") } - { "count" : 1.0 } - 1 - 10/4/2012 11:21:23 AM
{ "createdDate" : ISODate("2012-10-04T04:21:23.517Z") } - { "count" : 1.0 } - 1 - 10/4/2012 11:21:23 AM
{ "createdDate" : ISODate("2012-10-04T04:21:23.58Z") } - { "count" : 1.0 } - 1 - 10/4/2012 11:21:23 AM
{ "createdDate" : ISODate("2012-10-04T04:21:23.627Z") } - { "count" : 1.0 } - 1 - 10/4/2012 11:21:23 AM
{ "createdDate" : ISODate("2012-10-04T04:21:23.689Z") } - { "count" : 1.0 } - 1 - 10/4/2012 11:21:23 AM
{ "createdDate" : ISODate("2012-10-04T04:21:23.736Z") } - { "count" : 1.0 } - 1 - 10/4/2012 11:21:23 AM
{ "createdDate" : ISODate("2012-10-04T04:21:23.799Z") } - { "count" : 1.0 } - 1 - 10/4/2012 11:21:23 AM
{ "createdDate" : ISODate("2012-10-04T04:21:23.845Z") } - { "count" : 1.0 } - 1 - 10/4/2012 11:21:23 AM
{ "createdDate" : ISODate("2012-10-04T04:21:27.299Z") } - { "count" : 1.0 } - 1 - 10/4/2012 11:21:27 AM
{ "createdDate" : ISODate("2012-10-04T04:21:27.345Z") } - { "count" : 1.0 } - 1 - 10/4/2012 11:21:27 AM
{ "createdDate" : ISODate("2012-10-04T04:21:27.392Z") } - { "count" : 1.0 } - 1 - 10/4/2012 11:21:27 AM
{ "createdDate" : ISODate("2012-10-04T04:21:27.439Z") } - { "count" : 1.0 } - 1 - 10/4/2012 11:21:27 AM
{ "createdDate" : ISODate("2012-10-04T04:21:27.486Z") } - { "count" : 1.0 } - 1 - 10/4/2012 11:21:27 AM
{ "createdDate" : ISODate("2012-10-04T04:21:27.533Z") } - { "count" : 1.0 } - 1 - 10/4/2012 11:21:27 AM
{ "createdDate" : ISODate("2012-10-04T04:21:27.595Z") } - { "count" : 1.0 } - 1 - 10/4/2012 11:21:27 AM
{ "createdDate" : ISODate("2012-10-04T04:21:27.642Z") } - { "count" : 1.0 } - 1 - 10/4/2012 11:21:27 AM
{ "createdDate" : ISODate("2012-10-04T04:21:27.689Z") } - { "count" : 1.0 } - 1 - 10/4/2012 11:21:27 AM
{ "createdDate" : ISODate("2012-10-04T04:21:27.736Z") } - { "count" : 1.0 } - 1 - 10/4/2012 11:21:27 AM
{ "createdDate" : ISODate("2012-10-04T04:21:27.783Z") } - { "count" : 1.0 } - 1 - 10/4/2012 11:21:27 AM
{ "createdDate" : ISODate("2012-10-04T04:21:32.892Z") } - { "count" : 1.0 } - 1 - 10/4/2012 11:21:32 AM
{ "createdDate" : ISODate("2012-10-04T04:21:32.955Z") } - { "count" : 1.0 } - 1 - 10/4/2012 11:21:32 AM
{ "createdDate" : ISODate("2012-10-04T04:21:33.017Z") } - { "count" : 1.0 } - 1 - 10/4/2012 11:21:33 AM
{ "createdDate" : ISODate("2012-10-04T04:21:33.08Z") } - { "count" : 1.0 } - 1 - 10/4/2012 11:21:33 AM
{ "createdDate" : ISODate("2012-10-04T04:21:33.158Z") } - { "count" : 1.0 } - 1 - 10/4/2012 11:21:33 AM
{ "createdDate" : ISODate("2012-10-04T04:21:33.22Z") } - { "count" : 1.0 } - 1 - 10/4/2012 11:21:33 AM
{ "createdDate" : ISODate("2012-10-04T04:21:33.283Z") } - { "count" : 1.0 } - 1 - 10/4/2012 11:21:33 AM
{ "createdDate" : ISODate("2012-10-04T04:21:33.345Z") } - { "count" : 1.0 } - 1 - 10/4/2012 11:21:33 AM
{ "createdDate" : ISODate("2012-10-04T04:21:33.408Z") } - { "count" : 1.0 } - 1 - 10/4/2012 11:21:33 AM
{ "createdDate" : ISODate("2012-10-04T04:21:33.455Z") } - { "count" : 1.0 } - 1 - 10/4/2012 11:21:33 AM
{ "createdDate" : ISODate("2012-10-04T04:21:33.517Z") } - { "count" : 1.0 } - 1 - 10/4/2012 11:21:33 AM
{ "createdDate" : ISODate("2012-10-04T04:21:35.345Z") } - { "count" : 1.0 } - 1 - 10/4/2012 11:21:35 AM
{ "createdDate" : ISODate("2012-10-04T04:21:35.439Z") } - { "count" : 1.0 } - 1 - 10/4/2012 11:21:35 AM
{ "createdDate" : ISODate("2012-10-04T04:21:35.595Z") } - { "count" : 1.0 } - 1 - 10/4/2012 11:21:35 AM
{ "createdDate" : ISODate("2012-10-04T04:21:35.674Z") } - { "count" : 1.0 } - 1 - 10/4/2012 11:21:35 AM
{ "createdDate" : ISODate("2012-10-04T04:21:35.877Z") } - { "count" : 1.0 } - 1 - 10/4/2012 11:21:35 AM
{ "createdDate" : ISODate("2012-10-04T04:21:36.033Z") } - { "count" : 1.0 } - 1 - 10/4/2012 11:21:36 AM
{ "createdDate" : ISODate("2012-10-04T04:21:36.111Z") } - { "count" : 1.0 } - 1 - 10/4/2012 11:21:36 AM
{ "createdDate" : ISODate("2012-10-04T04:21:36.189Z") } - { "count" : 1.0 } - 1 - 10/4/2012 11:21:36 AM
{ "createdDate" : ISODate("2012-10-04T04:21:36.267Z") } - { "count" : 1.0 } - 1 - 10/4/2012 11:21:36 AM
{ "createdDate" : ISODate("2012-10-04T04:21:36.314Z") } - { "count" : 1.0 } - 1 - 10/4/2012 11:21:36 AM
{ "createdDate" : ISODate("2012-10-04T04:21:36.377Z") } - { "count" : 1.0 } - 1 - 10/4/2012 11:21:36 AM
{ "createdDate" : ISODate("2012-10-04T04:21:40.908Z") } - { "count" : 1.0 } - 1 - 10/4/2012 11:21:40 AM
{ "createdDate" : ISODate("2012-10-04T04:21:41.033Z") } - { "count" : 1.0 } - 1 - 10/4/2012 11:21:41 AM
{ "createdDate" : ISODate("2012-10-04T04:21:41.236Z") } - { "count" : 1.0 } - 1 - 10/4/2012 11:21:41 AM
{ "createdDate" : ISODate("2012-10-04T04:21:41.33Z") } - { "count" : 1.0 } - 1 - 10/4/2012 11:21:41 AM
{ "createdDate" : ISODate("2012-10-04T04:21:41.377Z") } - { "count" : 1.0 } - 1 - 10/4/2012 11:21:41 AM
{ "createdDate" : ISODate("2012-10-04T04:21:41.455Z") } - { "count" : 1.0 } - 1 - 10/4/2012 11:21:41 AM
{ "createdDate" : ISODate("2012-10-04T04:21:41.595Z") } - { "count" : 1.0 } - 1 - 10/4/2012 11:21:41 AM
{ "createdDate" : ISODate("2012-10-04T04:21:41.642Z") } - { "count" : 1.0 } - 1 - 10/4/2012 11:21:41 AM
{ "createdDate" : ISODate("2012-10-04T04:21:41.705Z") } - { "count" : 1.0 } - 1 - 10/4/2012 11:21:41 AM
{ "createdDate" : ISODate("2012-10-04T04:21:41.752Z") } - { "count" : 1.0 } - 1 - 10/4/2012 11:21:41 AM
{ "createdDate" : ISODate("2012-10-04T04:21:41.799Z") } - { "count" : 1.0 } - 1 - 10/4/2012 11:21:41 AM
{ "createdDate" : ISODate("2012-10-04T04:21:44.392Z") } - { "count" : 1.0 } - 1 - 10/4/2012 11:21:44 AM
{ "createdDate" : ISODate("2012-10-04T04:21:44.439Z") } - { "count" : 1.0 } - 1 - 10/4/2012 11:21:44 AM
{ "createdDate" : ISODate("2012-10-04T04:21:44.486Z") } - { "count" : 1.0 } - 1 - 10/4/2012 11:21:44 AM
{ "createdDate" : ISODate("2012-10-04T04:21:44.549Z") } - { "count" : 1.0 } - 1 - 10/4/2012 11:21:44 AM
{ "createdDate" : ISODate("2012-10-04T04:21:44.611Z") } - { "count" : 1.0 } - 1 - 10/4/2012 11:21:44 AM
{ "createdDate" : ISODate("2012-10-04T04:21:44.658Z") } - { "count" : 1.0 } - 1 - 10/4/2012 11:21:44 AM
{ "createdDate" : ISODate("2012-10-04T04:21:44.705Z") } - { "count" : 1.0 } - 1 - 10/4/2012 11:21:44 AM
{ "createdDate" : ISODate("2012-10-04T04:21:44.752Z") } - { "count" : 1.0 } - 1 - 10/4/2012 11:21:44 AM
{ "createdDate" : ISODate("2012-10-04T04:21:44.799Z") } - { "count" : 1.0 } - 1 - 10/4/2012 11:21:44 AM
{ "createdDate" : ISODate("2012-10-04T04:21:44.845Z") } - { "count" : 1.0 } - 1 - 10/4/2012 11:21:44 AM
{ "createdDate" : ISODate("2012-10-04T04:21:44.892Z") } - { "count" : 1.0 } - 1 - 10/4/2012 11:21:44 AM
{ "createdDate" : ISODate("2012-10-04T04:21:48.377Z") } - { "count" : 1.0 } - 1 - 10/4/2012 11:21:48 AM
{ "createdDate" : ISODate("2012-10-04T04:21:48.439Z") } - { "count" : 1.0 } - 1 - 10/4/2012 11:21:48 AM
{ "createdDate" : ISODate("2012-10-04T04:21:48.486Z") } - { "count" : 1.0 } - 1 - 10/4/2012 11:21:48 AM
{ "createdDate" : ISODate("2012-10-04T04:21:48.549Z") } - { "count" : 1.0 } - 1 - 10/4/2012 11:21:48 AM
{ "createdDate" : ISODate("2012-10-04T04:21:48.595Z") } - { "count" : 1.0 } - 1 - 10/4/2012 11:21:48 AM
{ "createdDate" : ISODate("2012-10-04T04:21:48.674Z") } - { "count" : 1.0 } - 1 - 10/4/2012 11:21:48 AM
{ "createdDate" : ISODate("2012-10-04T04:21:48.72Z") } - { "count" : 1.0 } - 1 - 10/4/2012 11:21:48 AM
{ "createdDate" : ISODate("2012-10-04T04:21:48.783Z") } - { "count" : 1.0 } - 1 - 10/4/2012 11:21:48 AM
{ "createdDate" : ISODate("2012-10-04T04:21:48.83Z") } - { "count" : 1.0 } - 1 - 10/4/2012 11:21:48 AM
{ "createdDate" : ISODate("2012-10-04T04:21:48.892Z") } - { "count" : 1.0 } - 1 - 10/4/2012 11:21:48 AM
{ "createdDate" : ISODate("2012-10-04T04:21:48.939Z") } - { "count" : 1.0 } - 1 - 10/4/2012 11:21:48 AM
{ "createdDate" : ISODate("2012-10-04T04:21:51.392Z") } - { "count" : 1.0 } - 1 - 10/4/2012 11:21:51 AM
{ "createdDate" : ISODate("2012-10-04T04:21:51.455Z") } - { "count" : 1.0 } - 1 - 10/4/2012 11:21:51 AM
{ "createdDate" : ISODate("2012-10-04T04:21:51.517Z") } - { "count" : 1.0 } - 1 - 10/4/2012 11:21:51 AM
{ "createdDate" : ISODate("2012-10-04T04:21:51.564Z") } - { "count" : 1.0 } - 1 - 10/4/2012 11:21:51 AM
{ "createdDate" : ISODate("2012-10-04T04:21:51.627Z") } - { "count" : 1.0 } - 1 - 10/4/2012 11:21:51 AM
{ "createdDate" : ISODate("2012-10-04T04:21:51.674Z") } - { "count" : 1.0 } - 1 - 10/4/2012 11:21:51 AM
{ "createdDate" : ISODate("2012-10-04T04:21:51.736Z") } - { "count" : 1.0 } - 1 - 10/4/2012 11:21:51 AM
{ "createdDate" : ISODate("2012-10-04T04:21:51.783Z") } - { "count" : 1.0 } - 1 - 10/4/2012 11:21:51 AM
{ "createdDate" : ISODate("2012-10-04T04:21:51.845Z") } - { "count" : 1.0 } - 1 - 10/4/2012 11:21:51 AM
{ "createdDate" : ISODate("2012-10-04T04:21:51.892Z") } - { "count" : 1.0 } - 1 - 10/4/2012 11:21:51 AM
{ "createdDate" : ISODate("2012-10-04T04:21:51.955Z") } - { "count" : 1.0 } - 1 - 10/4/2012 11:21:51 AM
{ "createdDate" : ISODate("2012-10-04T04:21:57.986Z") } - { "count" : 1.0 } - 1 - 10/4/2012 11:21:57 AM
{ "createdDate" : ISODate("2012-10-04T04:21:58.033Z") } - { "count" : 1.0 } - 1 - 10/4/2012 11:21:58 AM
{ "createdDate" : ISODate("2012-10-04T04:21:58.08Z") } - { "count" : 1.0 } - 1 - 10/4/2012 11:21:58 AM
{ "createdDate" : ISODate("2012-10-04T04:21:58.127Z") } - { "count" : 1.0 } - 1 - 10/4/2012 11:21:58 AM
{ "createdDate" : ISODate("2012-10-04T04:21:58.174Z") } - { "count" : 1.0 } - 1 - 10/4/2012 11:21:58 AM
{ "createdDate" : ISODate("2012-10-04T04:21:58.22Z") } - { "count" : 1.0 } - 1 - 10/4/2012 11:21:58 AM
{ "createdDate" : ISODate("2012-10-04T04:21:58.267Z") } - { "count" : 1.0 } - 1 - 10/4/2012 11:21:58 AM
{ "createdDate" : ISODate("2012-10-04T04:21:58.314Z") } - { "count" : 1.0 } - 1 - 10/4/2012 11:21:58 AM
{ "createdDate" : ISODate("2012-10-04T04:21:58.361Z") } - { "count" : 1.0 } - 1 - 10/4/2012 11:21:58 AM
{ "createdDate" : ISODate("2012-10-04T04:21:58.408Z") } - { "count" : 1.0 } - 1 - 10/4/2012 11:21:58 AM
{ "createdDate" : ISODate("2012-10-04T04:21:58.47Z") } - { "count" : 1.0 } - 1 - 10/4/2012 11:21:58 AM
{ "createdDate" : ISODate("2012-10-04T04:21:59.642Z") } - { "count" : 1.0 } - 1 - 10/4/2012 11:21:59 AM
{ "createdDate" : ISODate("2012-10-04T04:21:59.72Z") } - { "count" : 1.0 } - 1 - 10/4/2012 11:21:59 AM
{ "createdDate" : ISODate("2012-10-04T04:21:59.767Z") } - { "count" : 1.0 } - 1 - 10/4/2012 11:21:59 AM
{ "createdDate" : ISODate("2012-10-04T04:21:59.845Z") } - { "count" : 1.0 } - 1 - 10/4/2012 11:21:59 AM
{ "createdDate" : ISODate("2012-10-04T04:21:59.892Z") } - { "count" : 1.0 } - 1 - 10/4/2012 11:21:59 AM
{ "createdDate" : ISODate("2012-10-04T04:21:59.955Z") } - { "count" : 1.0 } - 1 - 10/4/2012 11:21:59 AM
{ "createdDate" : ISODate("2012-10-04T04:22:00.002Z") } - { "count" : 1.0 } - 1 - 10/4/2012 11:22:00 AM
{ "createdDate" : ISODate("2012-10-04T04:22:00.049Z") } - { "count" : 1.0 } - 1 - 10/4/2012 11:22:00 AM
{ "createdDate" : ISODate("2012-10-04T04:22:00.095Z") } - { "count" : 1.0 } - 1 - 10/4/2012 11:22:00 AM
{ "createdDate" : ISODate("2012-10-04T04:22:00.158Z") } - { "count" : 1.0 } - 1 - 10/4/2012 11:22:00 AM
{ "createdDate" : ISODate("2012-10-04T04:22:00.205Z") } - { "count" : 1.0 } - 1 - 10/4/2012 11:22:00 AM
{ "createdDate" : ISODate("2012-10-04T04:22:04.689Z") } - { "count" : 1.0 } - 1 - 10/4/2012 11:22:04 AM
{ "createdDate" : ISODate("2012-10-04T04:22:04.752Z") } - { "count" : 1.0 } - 1 - 10/4/2012 11:22:04 AM
{ "createdDate" : ISODate("2012-10-04T04:22:04.97Z") } - { "count" : 1.0 } - 1 - 10/4/2012 11:22:04 AM
{ "createdDate" : ISODate("2012-10-04T04:22:05.189Z") } - { "count" : 1.0 } - 1 - 10/4/2012 11:22:05 AM
{ "createdDate" : ISODate("2012-10-04T04:22:05.236Z") } - { "count" : 1.0 } - 1 - 10/4/2012 11:22:05 AM
{ "createdDate" : ISODate("2012-10-04T04:22:05.439Z") } - { "count" : 1.0 } - 1 - 10/4/2012 11:22:05 AM
{ "createdDate" : ISODate("2012-10-04T04:22:05.674Z") } - { "count" : 1.0 } - 1 - 10/4/2012 11:22:05 AM
{ "createdDate" : ISODate("2012-10-04T04:22:05.877Z") } - { "count" : 1.0 } - 1 - 10/4/2012 11:22:05 AM
{ "createdDate" : ISODate("2012-10-04T04:22:05.924Z") } - { "count" : 1.0 } - 1 - 10/4/2012 11:22:05 AM
{ "createdDate" : ISODate("2012-10-04T04:22:06.049Z") } - { "count" : 1.0 } - 1 - 10/4/2012 11:22:06 AM
{ "createdDate" : ISODate("2012-10-04T04:22:06.111Z") } - { "count" : 1.0 } - 1 - 10/4/2012 11:22:06 AM
{ "createdDate" : ISODate("2012-10-04T04:22:07.658Z") } - { "count" : 1.0 } - 1 - 10/4/2012 11:22:07 AM
{ "createdDate" : ISODate("2012-10-04T04:22:07.72Z") } - { "count" : 1.0 } - 1 - 10/4/2012 11:22:07 AM
{ "createdDate" : ISODate("2012-10-04T04:22:07.767Z") } - { "count" : 1.0 } - 1 - 10/4/2012 11:22:07 AM
{ "createdDate" : ISODate("2012-10-04T04:22:07.83Z") } - { "count" : 1.0 } - 1 - 10/4/2012 11:22:07 AM
{ "createdDate" : ISODate("2012-10-04T04:22:07.908Z") } - { "count" : 1.0 } - 1 - 10/4/2012 11:22:07 AM
{ "createdDate" : ISODate("2012-10-04T04:22:07.97Z") } - { "count" : 1.0 } - 1 - 10/4/2012 11:22:07 AM
{ "createdDate" : ISODate("2012-10-04T04:22:08.033Z") } - { "count" : 1.0 } - 1 - 10/4/2012 11:22:08 AM
{ "createdDate" : ISODate("2012-10-04T04:22:08.127Z") } - { "count" : 1.0 } - 1 - 10/4/2012 11:22:08 AM
{ "createdDate" : ISODate("2012-10-04T04:22:08.174Z") } - { "count" : 1.0 } - 1 - 10/4/2012 11:22:08 AM
{ "createdDate" : ISODate("2012-10-04T04:22:08.236Z") } - { "count" : 1.0 } - 1 - 10/4/2012 11:22:08 AM
{ "createdDate" : ISODate("2012-10-04T04:22:08.299Z") } - { "count" : 1.0 } - 1 - 10/4/2012 11:22:08 AM
{ "createdDate" : ISODate("2012-10-04T04:22:12.252Z") } - { "count" : 1.0 } - 1 - 10/4/2012 11:22:12 AM
{ "createdDate" : ISODate("2012-10-04T04:22:12.314Z") } - { "count" : 1.0 } - 1 - 10/4/2012 11:22:12 AM
{ "createdDate" : ISODate("2012-10-04T04:22:12.361Z") } - { "count" : 1.0 } - 1 - 10/4/2012 11:22:12 AM
{ "createdDate" : ISODate("2012-10-04T04:22:12.408Z") } - { "count" : 1.0 } - 1 - 10/4/2012 11:22:12 AM
{ "createdDate" : ISODate("2012-10-04T04:22:12.455Z") } - { "count" : 1.0 } - 1 - 10/4/2012 11:22:12 AM
{ "createdDate" : ISODate("2012-10-04T04:22:12.502Z") } - { "count" : 1.0 } - 1 - 10/4/2012 11:22:12 AM
{ "createdDate" : ISODate("2012-10-04T04:22:12.549Z") } - { "count" : 1.0 } - 1 - 10/4/2012 11:22:12 AM
{ "createdDate" : ISODate("2012-10-04T04:22:12.595Z") } - { "count" : 1.0 } - 1 - 10/4/2012 11:22:12 AM
{ "createdDate" : ISODate("2012-10-04T04:22:12.658Z") } - { "count" : 1.0 } - 1 - 10/4/2012 11:22:12 AM
{ "createdDate" : ISODate("2012-10-04T04:22:12.705Z") } - { "count" : 1.0 } - 1 - 10/4/2012 11:22:12 AM
{ "createdDate" : ISODate("2012-10-04T04:22:12.752Z") } - { "count" : 1.0 } - 1 - 10/4/2012 11:22:12 AM
{ "createdDate" : ISODate("2012-10-04T04:22:15.767Z") } - { "count" : 1.0 } - 1 - 10/4/2012 11:22:15 AM
{ "createdDate" : ISODate("2012-10-04T04:22:15.845Z") } - { "count" : 1.0 } - 1 - 10/4/2012 11:22:15 AM
{ "createdDate" : ISODate("2012-10-04T04:22:15.908Z") } - { "count" : 1.0 } - 1 - 10/4/2012 11:22:15 AM
{ "createdDate" : ISODate("2012-10-04T04:22:15.97Z") } - { "count" : 1.0 } - 1 - 10/4/2012 11:22:15 AM
{ "createdDate" : ISODate("2012-10-04T04:22:16.017Z") } - { "count" : 1.0 } - 1 - 10/4/2012 11:22:16 AM
{ "createdDate" : ISODate("2012-10-04T04:22:16.08Z") } - { "count" : 1.0 } - 1 - 10/4/2012 11:22:16 AM
{ "createdDate" : ISODate("2012-10-04T04:22:16.127Z") } - { "count" : 1.0 } - 1 - 10/4/2012 11:22:16 AM
{ "createdDate" : ISODate("2012-10-04T04:22:16.189Z") } - { "count" : 1.0 } - 1 - 10/4/2012 11:22:16 AM
{ "createdDate" : ISODate("2012-10-04T04:22:16.236Z") } - { "count" : 1.0 } - 1 - 10/4/2012 11:22:16 AM
{ "createdDate" : ISODate("2012-10-04T04:22:16.299Z") } - { "count" : 1.0 } - 1 - 10/4/2012 11:22:16 AM
{ "createdDate" : ISODate("2012-10-04T04:22:16.361Z") } - { "count" : 1.0 } - 1 - 10/4/2012 11:22:16 AM
{ "createdDate" : ISODate("2012-10-04T04:22:20.736Z") } - { "count" : 1.0 } - 1 - 10/4/2012 11:22:20 AM
{ "createdDate" : ISODate("2012-10-04T04:22:20.783Z") } - { "count" : 1.0 } - 1 - 10/4/2012 11:22:20 AM
{ "createdDate" : ISODate("2012-10-04T04:22:20.83Z") } - { "count" : 1.0 } - 1 - 10/4/2012 11:22:20 AM
{ "createdDate" : ISODate("2012-10-04T04:22:20.877Z") } - { "count" : 1.0 } - 1 - 10/4/2012 11:22:20 AM
{ "createdDate" : ISODate("2012-10-04T04:22:20.924Z") } - { "count" : 1.0 } - 1 - 10/4/2012 11:22:20 AM
{ "createdDate" : ISODate("2012-10-04T04:22:20.97Z") } - { "count" : 1.0 } - 1 - 10/4/2012 11:22:20 AM
{ "createdDate" : ISODate("2012-10-04T04:22:21.033Z") } - { "count" : 1.0 } - 1 - 10/4/2012 11:22:21 AM
{ "createdDate" : ISODate("2012-10-04T04:22:21.08Z") } - { "count" : 1.0 } - 1 - 10/4/2012 11:22:21 AM
{ "createdDate" : ISODate("2012-10-04T04:22:21.127Z") } - { "count" : 1.0 } - 1 - 10/4/2012 11:22:21 AM
{ "createdDate" : ISODate("2012-10-04T04:22:21.174Z") } - { "count" : 1.0 } - 1 - 10/4/2012 11:22:21 AM
{ "createdDate" : ISODate("2012-10-04T04:22:21.22Z") } - { "count" : 1.0 } - 1 - 10/4/2012 11:22:21 AM
{ "createdDate" : ISODate("2012-10-04T04:22:23.814Z") } - { "count" : 1.0 } - 1 - 10/4/2012 11:22:23 AM
{ "createdDate" : ISODate("2012-10-04T04:22:23.861Z") } - { "count" : 1.0 } - 1 - 10/4/2012 11:22:23 AM
{ "createdDate" : ISODate("2012-10-04T04:22:23.908Z") } - { "count" : 1.0 } - 1 - 10/4/2012 11:22:23 AM
{ "createdDate" : ISODate("2012-10-04T04:22:23.955Z") } - { "count" : 1.0 } - 1 - 10/4/2012 11:22:23 AM
{ "createdDate" : ISODate("2012-10-04T04:22:24.002Z") } - { "count" : 1.0 } - 1 - 10/4/2012 11:22:24 AM
{ "createdDate" : ISODate("2012-10-04T04:22:24.049Z") } - { "count" : 1.0 } - 1 - 10/4/2012 11:22:24 AM
{ "createdDate" : ISODate("2012-10-04T04:22:24.142Z") } - { "count" : 1.0 } - 1 - 10/4/2012 11:22:24 AM
{ "createdDate" : ISODate("2012-10-04T04:22:24.189Z") } - { "count" : 1.0 } - 1 - 10/4/2012 11:22:24 AM
{ "createdDate" : ISODate("2012-10-04T04:22:24.236Z") } - { "count" : 1.0 } - 1 - 10/4/2012 11:22:24 AM
{ "createdDate" : ISODate("2012-10-04T04:22:24.283Z") } - { "count" : 1.0 } - 1 - 10/4/2012 11:22:24 AM
{ "createdDate" : ISODate("2012-10-04T04:22:24.345Z") } - { "count" : 1.0 } - 1 - 10/4/2012 11:22:24 AM
{ "createdDate" : ISODate("2012-10-04T04:22:28.47Z") } - { "count" : 1.0 } - 1 - 10/4/2012 11:22:28 AM
{ "createdDate" : ISODate("2012-10-04T04:22:28.595Z") } - { "count" : 1.0 } - 1 - 10/4/2012 11:22:28 AM
{ "createdDate" : ISODate("2012-10-04T04:22:28.689Z") } - { "count" : 1.0 } - 1 - 10/4/2012 11:22:28 AM
{ "createdDate" : ISODate("2012-10-04T04:22:28.814Z") } - { "count" : 1.0 } - 1 - 10/4/2012 11:22:28 AM
{ "createdDate" : ISODate("2012-10-04T04:22:28.877Z") } - { "count" : 1.0 } - 1 - 10/4/2012 11:22:28 AM
{ "createdDate" : ISODate("2012-10-04T04:22:28.939Z") } - { "count" : 1.0 } - 1 - 10/4/2012 11:22:28 AM
{ "createdDate" : ISODate("2012-10-04T04:22:29.017Z") } - { "count" : 1.0 } - 1 - 10/4/2012 11:22:29 AM
{ "createdDate" : ISODate("2012-10-04T04:22:29.127Z") } - { "count" : 1.0 } - 1 - 10/4/2012 11:22:29 AM
{ "createdDate" : ISODate("2012-10-04T04:22:29.252Z") } - { "count" : 1.0 } - 1 - 10/4/2012 11:22:29 AM
{ "createdDate" : ISODate("2012-10-04T04:22:29.314Z") } - { "count" : 1.0 } - 1 - 10/4/2012 11:22:29 AM
{ "createdDate" : ISODate("2012-10-04T04:22:29.345Z") } - { "count" : 1.0 } - 1 - 10/4/2012 11:22:29 AM
{ "createdDate" : ISODate("2012-10-04T04:22:32.158Z") } - { "count" : 1.0 } - 1 - 10/4/2012 11:22:32 AM
{ "createdDate" : ISODate("2012-10-04T04:22:32.22Z") } - { "count" : 1.0 } - 1 - 10/4/2012 11:22:32 AM
{ "createdDate" : ISODate("2012-10-04T04:22:32.283Z") } - { "count" : 1.0 } - 1 - 10/4/2012 11:22:32 AM
{ "createdDate" : ISODate("2012-10-04T04:22:32.33Z") } - { "count" : 1.0 } - 1 - 10/4/2012 11:22:32 AM
{ "createdDate" : ISODate("2012-10-04T04:22:32.377Z") } - { "count" : 1.0 } - 1 - 10/4/2012 11:22:32 AM
{ "createdDate" : ISODate("2012-10-04T04:22:32.424Z") } - { "count" : 1.0 } - 1 - 10/4/2012 11:22:32 AM
{ "createdDate" : ISODate("2012-10-04T04:22:32.486Z") } - { "count" : 1.0 } - 1 - 10/4/2012 11:22:32 AM
{ "createdDate" : ISODate("2012-10-04T04:22:32.533Z") } - { "count" : 1.0 } - 1 - 10/4/2012 11:22:32 AM
{ "createdDate" : ISODate("2012-10-04T04:22:32.58Z") } - { "count" : 1.0 } - 1 - 10/4/2012 11:22:32 AM
{ "createdDate" : ISODate("2012-10-04T04:22:32.642Z") } - { "count" : 1.0 } - 1 - 10/4/2012 11:22:32 AM
{ "createdDate" : ISODate("2012-10-04T04:22:32.689Z") } - { "count" : 1.0 } - 1 - 10/4/2012 11:22:32 AM
{ "createdDate" : ISODate("2012-10-04T04:22:36.814Z") } - { "count" : 1.0 } - 1 - 10/4/2012 11:22:36 AM
{ "createdDate" : ISODate("2012-10-04T04:22:36.877Z") } - { "count" : 1.0 } - 1 - 10/4/2012 11:22:36 AM
{ "createdDate" : ISODate("2012-10-04T04:22:36.924Z") } - { "count" : 1.0 } - 1 - 10/4/2012 11:22:36 AM
{ "createdDate" : ISODate("2012-10-04T04:22:36.97Z") } - { "count" : 1.0 } - 1 - 10/4/2012 11:22:36 AM
{ "createdDate" : ISODate("2012-10-04T04:22:37.033Z") } - { "count" : 1.0 } - 1 - 10/4/2012 11:22:37 AM
{ "createdDate" : ISODate("2012-10-04T04:22:37.08Z") } - { "count" : 1.0 } - 1 - 10/4/2012 11:22:37 AM
{ "createdDate" : ISODate("2012-10-04T04:22:37.127Z") } - { "count" : 1.0 } - 1 - 10/4/2012 11:22:37 AM
{ "createdDate" : ISODate("2012-10-04T04:22:37.174Z") } - { "count" : 1.0 } - 1 - 10/4/2012 11:22:37 AM
{ "createdDate" : ISODate("2012-10-04T04:22:37.236Z") } - { "count" : 1.0 } - 1 - 10/4/2012 11:22:37 AM
{ "createdDate" : ISODate("2012-10-04T04:22:37.283Z") } - { "count" : 1.0 } - 1 - 10/4/2012 11:22:37 AM
{ "createdDate" : ISODate("2012-10-04T04:22:37.33Z") } - { "count" : 1.0 } - 1 - 10/4/2012 11:22:37 AM
{ "createdDate" : ISODate("2012-10-04T04:22:40.08Z") } - { "count" : 1.0 } - 1 - 10/4/2012 11:22:40 AM
{ "createdDate" : ISODate("2012-10-04T04:22:40.127Z") } - { "count" : 1.0 } - 1 - 10/4/2012 11:22:40 AM
{ "createdDate" : ISODate("2012-10-04T04:22:40.174Z") } - { "count" : 1.0 } - 1 - 10/4/2012 11:22:40 AM
{ "createdDate" : ISODate("2012-10-04T04:22:40.236Z") } - { "count" : 1.0 } - 1 - 10/4/2012 11:22:40 AM
{ "createdDate" : ISODate("2012-10-04T04:22:40.283Z") } - { "count" : 1.0 } - 1 - 10/4/2012 11:22:40 AM
{ "createdDate" : ISODate("2012-10-04T04:22:40.361Z") } - { "count" : 1.0 } - 1 - 10/4/2012 11:22:40 AM
{ "createdDate" : ISODate("2012-10-04T04:22:40.439Z") } - { "count" : 1.0 } - 1 - 10/4/2012 11:22:40 AM
{ "createdDate" : ISODate("2012-10-04T04:22:40.486Z") } - { "count" : 1.0 } - 1 - 10/4/2012 11:22:40 AM
{ "createdDate" : ISODate("2012-10-04T04:22:40.533Z") } - { "count" : 1.0 } - 1 - 10/4/2012 11:22:40 AM
{ "createdDate" : ISODate("2012-10-04T04:22:40.595Z") } - { "count" : 1.0 } - 1 - 10/4/2012 11:22:40 AM
{ "createdDate" : ISODate("2012-10-04T04:22:40.658Z") } - { "count" : 1.0 } - 1 - 10/4/2012 11:22:40 AM
{ "createdDate" : ISODate("2012-10-04T04:22:45.689Z") } - { "count" : 1.0 } - 1 - 10/4/2012 11:22:45 AM
{ "createdDate" : ISODate("2012-10-04T04:22:45.736Z") } - { "count" : 1.0 } - 1 - 10/4/2012 11:22:45 AM
{ "createdDate" : ISODate("2012-10-04T04:22:45.783Z") } - { "count" : 1.0 } - 1 - 10/4/2012 11:22:45 AM
{ "createdDate" : ISODate("2012-10-04T04:22:45.83Z") } - { "count" : 1.0 } - 1 - 10/4/2012 11:22:45 AM
{ "createdDate" : ISODate("2012-10-04T04:22:45.877Z") } - { "count" : 1.0 } - 1 - 10/4/2012 11:22:45 AM
{ "createdDate" : ISODate("2012-10-04T04:22:45.924Z") } - { "count" : 1.0 } - 1 - 10/4/2012 11:22:45 AM
{ "createdDate" : ISODate("2012-10-04T04:22:45.97Z") } - { "count" : 1.0 } - 1 - 10/4/2012 11:22:45 AM
{ "createdDate" : ISODate("2012-10-04T04:22:46.017Z") } - { "count" : 1.0 } - 1 - 10/4/2012 11:22:46 AM
{ "createdDate" : ISODate("2012-10-04T04:22:46.08Z") } - { "count" : 1.0 } - 1 - 10/4/2012 11:22:46 AM
{ "createdDate" : ISODate("2012-10-04T04:22:46.127Z") } - { "count" : 1.0 } - 1 - 10/4/2012 11:22:46 AM
{ "createdDate" : ISODate("2012-10-04T04:22:46.174Z") } - { "count" : 1.0 } - 1 - 10/4/2012 11:22:46 AM
{ "createdDate" : ISODate("2012-10-04T04:22:48.205Z") } - { "count" : 1.0 } - 1 - 10/4/2012 11:22:48 AM
{ "createdDate" : ISODate("2012-10-04T04:22:48.252Z") } - { "count" : 1.0 } - 1 - 10/4/2012 11:22:48 AM
{ "createdDate" : ISODate("2012-10-04T04:22:48.314Z") } - { "count" : 1.0 } - 1 - 10/4/2012 11:22:48 AM
{ "createdDate" : ISODate("2012-10-04T04:22:48.361Z") } - { "count" : 1.0 } - 1 - 10/4/2012 11:22:48 AM
{ "createdDate" : ISODate("2012-10-04T04:22:48.408Z") } - { "count" : 1.0 } - 1 - 10/4/2012 11:22:48 AM
{ "createdDate" : ISODate("2012-10-04T04:22:48.455Z") } - { "count" : 1.0 } - 1 - 10/4/2012 11:22:48 AM
{ "createdDate" : ISODate("2012-10-04T04:22:48.517Z") } - { "count" : 1.0 } - 1 - 10/4/2012 11:22:48 AM
{ "createdDate" : ISODate("2012-10-04T04:22:48.564Z") } - { "count" : 1.0 } - 1 - 10/4/2012 11:22:48 AM
{ "createdDate" : ISODate("2012-10-04T04:22:48.611Z") } - { "count" : 1.0 } - 1 - 10/4/2012 11:22:48 AM
{ "createdDate" : ISODate("2012-10-04T04:22:48.658Z") } - { "count" : 1.0 } - 1 - 10/4/2012 11:22:48 AM
{ "createdDate" : ISODate("2012-10-04T04:22:48.705Z") } - { "count" : 1.0 } - 1 - 10/4/2012 11:22:48 AM
{ "createdDate" : ISODate("2012-10-04T04:22:52.299Z") } - { "count" : 1.0 } - 1 - 10/4/2012 11:22:52 AM
{ "createdDate" : ISODate("2012-10-04T04:22:52.361Z") } - { "count" : 1.0 } - 1 - 10/4/2012 11:22:52 AM
{ "createdDate" : ISODate("2012-10-04T04:22:52.408Z") } - { "count" : 1.0 } - 1 - 10/4/2012 11:22:52 AM
{ "createdDate" : ISODate("2012-10-04T04:22:52.455Z") } - { "count" : 1.0 } - 1 - 10/4/2012 11:22:52 AM
{ "createdDate" : ISODate("2012-10-04T04:22:52.502Z") } - { "count" : 1.0 } - 1 - 10/4/2012 11:22:52 AM
{ "createdDate" : ISODate("2012-10-04T04:22:52.549Z") } - { "count" : 1.0 } - 1 - 10/4/2012 11:22:52 AM
{ "createdDate" : ISODate("2012-10-04T04:22:52.595Z") } - { "count" : 1.0 } - 1 - 10/4/2012 11:22:52 AM
{ "createdDate" : ISODate("2012-10-04T04:22:52.658Z") } - { "count" : 1.0 } - 1 - 10/4/2012 11:22:52 AM
{ "createdDate" : ISODate("2012-10-04T04:22:52.705Z") } - { "count" : 1.0 } - 1 - 10/4/2012 11:22:52 AM
{ "createdDate" : ISODate("2012-10-04T04:22:52.752Z") } - { "count" : 1.0 } - 1 - 10/4/2012 11:22:52 AM
{ "createdDate" : ISODate("2012-10-04T04:22:52.799Z") } - { "count" : 1.0 } - 1 - 10/4/2012 11:22:52 AM
{ "createdDate" : ISODate("2012-10-04T04:22:57.424Z") } - { "count" : 1.0 } - 1 - 10/4/2012 11:22:57 AM
{ "createdDate" : ISODate("2012-10-04T04:22:57.47Z") } - { "count" : 1.0 } - 1 - 10/4/2012 11:22:57 AM
{ "createdDate" : ISODate("2012-10-04T04:22:57.517Z") } - { "count" : 1.0 } - 1 - 10/4/2012 11:22:57 AM
{ "createdDate" : ISODate("2012-10-04T04:22:57.564Z") } - { "count" : 1.0 } - 1 - 10/4/2012 11:22:57 AM
{ "createdDate" : ISODate("2012-10-04T04:22:57.611Z") } - { "count" : 1.0 } - 1 - 10/4/2012 11:22:57 AM
{ "createdDate" : ISODate("2012-10-04T04:22:57.658Z") } - { "count" : 1.0 } - 1 - 10/4/2012 11:22:57 AM
{ "createdDate" : ISODate("2012-10-04T04:22:57.705Z") } - { "count" : 1.0 } - 1 - 10/4/2012 11:22:57 AM
{ "createdDate" : ISODate("2012-10-04T04:22:57.752Z") } - { "count" : 1.0 } - 1 - 10/4/2012 11:22:57 AM
{ "createdDate" : ISODate("2012-10-04T04:22:57.799Z") } - { "count" : 1.0 } - 1 - 10/4/2012 11:22:57 AM
{ "createdDate" : ISODate("2012-10-04T04:22:57.845Z") } - { "count" : 1.0 } - 1 - 10/4/2012 11:22:57 AM
{ "createdDate" : ISODate("2012-10-04T04:22:57.908Z") } - { "count" : 1.0 } - 1 - 10/4/2012 11:22:57 AM
{ "createdDate" : ISODate("2012-10-04T04:23:01.861Z") } - { "count" : 1.0 } - 1 - 10/4/2012 11:23:01 AM
{ "createdDate" : ISODate("2012-10-04T04:23:01.908Z") } - { "count" : 1.0 } - 1 - 10/4/2012 11:23:01 AM
{ "createdDate" : ISODate("2012-10-04T04:23:01.955Z") } - { "count" : 1.0 } - 1 - 10/4/2012 11:23:01 AM
{ "createdDate" : ISODate("2012-10-04T04:23:02.017Z") } - { "count" : 1.0 } - 1 - 10/4/2012 11:23:02 AM
{ "createdDate" : ISODate("2012-10-04T04:23:02.095Z") } - { "count" : 1.0 } - 1 - 10/4/2012 11:23:02 AM
{ "createdDate" : ISODate("2012-10-04T04:23:02.158Z") } - { "count" : 1.0 } - 1 - 10/4/2012 11:23:02 AM
{ "createdDate" : ISODate("2012-10-04T04:23:02.22Z") } - { "count" : 1.0 } - 1 - 10/4/2012 11:23:02 AM
{ "createdDate" : ISODate("2012-10-04T04:23:02.283Z") } - { "count" : 1.0 } - 1 - 10/4/2012 11:23:02 AM
{ "createdDate" : ISODate("2012-10-04T04:23:02.345Z") } - { "count" : 1.0 } - 1 - 10/4/2012 11:23:02 AM
{ "createdDate" : ISODate("2012-10-04T04:23:02.392Z") } - { "count" : 1.0 } - 1 - 10/4/2012 11:23:02 AM
{ "createdDate" : ISODate("2012-10-04T04:23:02.439Z") } - { "count" : 1.0 } - 1 - 10/4/2012 11:23:02 AM
{ "createdDate" : ISODate("2012-10-04T04:23:04.33Z") } - { "count" : 1.0 } - 1 - 10/4/2012 11:23:04 AM
{ "createdDate" : ISODate("2012-10-04T04:23:04.377Z") } - { "count" : 1.0 } - 1 - 10/4/2012 11:23:04 AM
{ "createdDate" : ISODate("2012-10-04T04:23:04.424Z") } - { "count" : 1.0 } - 1 - 10/4/2012 11:23:04 AM
{ "createdDate" : ISODate("2012-10-04T04:23:04.47Z") } - { "count" : 1.0 } - 1 - 10/4/2012 11:23:04 AM
{ "createdDate" : ISODate("2012-10-04T04:23:04.533Z") } - { "count" : 1.0 } - 1 - 10/4/2012 11:23:04 AM
{ "createdDate" : ISODate("2012-10-04T04:23:04.58Z") } - { "count" : 1.0 } - 1 - 10/4/2012 11:23:04 AM
{ "createdDate" : ISODate("2012-10-04T04:23:04.627Z") } - { "count" : 1.0 } - 1 - 10/4/2012 11:23:04 AM
{ "createdDate" : ISODate("2012-10-04T04:23:04.689Z") } - { "count" : 1.0 } - 1 - 10/4/2012 11:23:04 AM
{ "createdDate" : ISODate("2012-10-04T04:23:04.736Z") } - { "count" : 1.0 } - 1 - 10/4/2012 11:23:04 AM
{ "createdDate" : ISODate("2012-10-04T04:23:04.783Z") } - { "count" : 1.0 } - 1 - 10/4/2012 11:23:04 AM
{ "createdDate" : ISODate("2012-10-04T04:23:04.83Z") } - { "count" : 1.0 } - 1 - 10/4/2012 11:23:04 AM
{ "createdDate" : ISODate("2012-10-04T04:23:09.564Z") } - { "count" : 1.0 } - 1 - 10/4/2012 11:23:09 AM
{ "createdDate" : ISODate("2012-10-04T04:23:09.642Z") } - { "count" : 1.0 } - 1 - 10/4/2012 11:23:09 AM
{ "createdDate" : ISODate("2012-10-04T04:23:09.705Z") } - { "count" : 1.0 } - 1 - 10/4/2012 11:23:09 AM
{ "createdDate" : ISODate("2012-10-04T04:23:09.752Z") } - { "count" : 1.0 } - 1 - 10/4/2012 11:23:09 AM
{ "createdDate" : ISODate("2012-10-04T04:23:09.814Z") } - { "count" : 1.0 } - 1 - 10/4/2012 11:23:09 AM
{ "createdDate" : ISODate("2012-10-04T04:23:09.861Z") } - { "count" : 1.0 } - 1 - 10/4/2012 11:23:09 AM
{ "createdDate" : ISODate("2012-10-04T04:23:09.908Z") } - { "count" : 1.0 } - 1 - 10/4/2012 11:23:09 AM
{ "createdDate" : ISODate("2012-10-04T04:23:09.955Z") } - { "count" : 1.0 } - 1 - 10/4/2012 11:23:09 AM
{ "createdDate" : ISODate("2012-10-04T04:23:10.017Z") } - { "count" : 1.0 } - 1 - 10/4/2012 11:23:10 AM
{ "createdDate" : ISODate("2012-10-04T04:23:10.064Z") } - { "count" : 1.0 } - 1 - 10/4/2012 11:23:10 AM
{ "createdDate" : ISODate("2012-10-04T04:23:10.111Z") } - { "count" : 1.0 } - 1 - 10/4/2012 11:23:10 AM
{ "createdDate" : ISODate("2012-10-04T04:23:12.955Z") } - { "count" : 1.0 } - 1 - 10/4/2012 11:23:12 AM
{ "createdDate" : ISODate("2012-10-04T04:23:13.033Z") } - { "count" : 1.0 } - 1 - 10/4/2012 11:23:13 AM
{ "createdDate" : ISODate("2012-10-04T04:23:13.095Z") } - { "count" : 1.0 } - 1 - 10/4/2012 11:23:13 AM
{ "createdDate" : ISODate("2012-10-04T04:23:13.174Z") } - { "count" : 1.0 } - 1 - 10/4/2012 11:23:13 AM
{ "createdDate" : ISODate("2012-10-04T04:23:13.252Z") } - { "count" : 1.0 } - 1 - 10/4/2012 11:23:13 AM
{ "createdDate" : ISODate("2012-10-04T04:23:13.345Z") } - { "count" : 1.0 } - 1 - 10/4/2012 11:23:13 AM
{ "createdDate" : ISODate("2012-10-04T04:23:13.408Z") } - { "count" : 1.0 } - 1 - 10/4/2012 11:23:13 AM
{ "createdDate" : ISODate("2012-10-04T04:23:13.517Z") } - { "count" : 1.0 } - 1 - 10/4/2012 11:23:13 AM
{ "createdDate" : ISODate("2012-10-04T04:23:13.58Z") } - { "count" : 1.0 } - 1 - 10/4/2012 11:23:13 AM
{ "createdDate" : ISODate("2012-10-04T04:23:13.658Z") } - { "count" : 1.0 } - 1 - 10/4/2012 11:23:13 AM
{ "createdDate" : ISODate("2012-10-04T04:23:13.72Z") } - { "count" : 1.0 } - 1 - 10/4/2012 11:23:13 AM
{ "createdDate" : ISODate("2012-10-04T04:23:18.595Z") } - { "count" : 1.0 } - 1 - 10/4/2012 11:23:18 AM
{ "createdDate" : ISODate("2012-10-04T04:23:18.658Z") } - { "count" : 1.0 } - 1 - 10/4/2012 11:23:18 AM
{ "createdDate" : ISODate("2012-10-04T04:23:18.72Z") } - { "count" : 1.0 } - 1 - 10/4/2012 11:23:18 AM
{ "createdDate" : ISODate("2012-10-04T04:23:18.799Z") } - { "count" : 1.0 } - 1 - 10/4/2012 11:23:18 AM
{ "createdDate" : ISODate("2012-10-04T04:23:18.861Z") } - { "count" : 1.0 } - 1 - 10/4/2012 11:23:18 AM
{ "createdDate" : ISODate("2012-10-04T04:23:18.939Z") } - { "count" : 1.0 } - 1 - 10/4/2012 11:23:18 AM
{ "createdDate" : ISODate("2012-10-04T04:23:19.017Z") } - { "count" : 1.0 } - 1 - 10/4/2012 11:23:19 AM
{ "createdDate" : ISODate("2012-10-04T04:23:19.095Z") } - { "count" : 1.0 } - 1 - 10/4/2012 11:23:19 AM
{ "createdDate" : ISODate("2012-10-04T04:23:19.142Z") } - { "count" : 1.0 } - 1 - 10/4/2012 11:23:19 AM
{ "createdDate" : ISODate("2012-10-04T04:23:19.205Z") } - { "count" : 1.0 } - 1 - 10/4/2012 11:23:19 AM
{ "createdDate" : ISODate("2012-10-04T04:23:19.267Z") } - { "count" : 1.0 } - 1 - 10/4/2012 11:23:19 AM
{ "createdDate" : ISODate("2012-10-04T04:23:21.236Z") } - { "count" : 1.0 } - 1 - 10/4/2012 11:23:21 AM
{ "createdDate" : ISODate("2012-10-04T04:23:21.314Z") } - { "count" : 1.0 } - 1 - 10/4/2012 11:23:21 AM
{ "createdDate" : ISODate("2012-10-04T04:23:21.408Z") } - { "count" : 1.0 } - 1 - 10/4/2012 11:23:21 AM
{ "createdDate" : ISODate("2012-10-04T04:23:21.486Z") } - { "count" : 1.0 } - 1 - 10/4/2012 11:23:21 AM
{ "createdDate" : ISODate("2012-10-04T04:23:21.564Z") } - { "count" : 1.0 } - 1 - 10/4/2012 11:23:21 AM
{ "createdDate" : ISODate("2012-10-04T04:23:21.642Z") } - { "count" : 1.0 } - 1 - 10/4/2012 11:23:21 AM
{ "createdDate" : ISODate("2012-10-04T04:23:21.736Z") } - { "count" : 1.0 } - 1 - 10/4/2012 11:23:21 AM
{ "createdDate" : ISODate("2012-10-04T04:23:21.814Z") } - { "count" : 1.0 } - 1 - 10/4/2012 11:23:21 AM
{ "createdDate" : ISODate("2012-10-04T04:23:21.924Z") } - { "count" : 1.0 } - 1 - 10/4/2012 11:23:21 AM
{ "createdDate" : ISODate("2012-10-04T04:23:22.017Z") } - { "count" : 1.0 } - 1 - 10/4/2012 11:23:22 AM
{ "createdDate" : ISODate("2012-10-04T04:23:22.064Z") } - { "count" : 1.0 } - 1 - 10/4/2012 11:23:22 AM
{ "createdDate" : ISODate("2012-10-04T04:23:26.845Z") } - { "count" : 1.0 } - 1 - 10/4/2012 11:23:26 AM
{ "createdDate" : ISODate("2012-10-04T04:23:26.892Z") } - { "count" : 1.0 } - 1 - 10/4/2012 11:23:26 AM
{ "createdDate" : ISODate("2012-10-04T04:23:26.939Z") } - { "count" : 1.0 } - 1 - 10/4/2012 11:23:26 AM
{ "createdDate" : ISODate("2012-10-04T04:23:26.986Z") } - { "count" : 1.0 } - 1 - 10/4/2012 11:23:26 AM
{ "createdDate" : ISODate("2012-10-04T04:23:27.033Z") } - { "count" : 1.0 } - 1 - 10/4/2012 11:23:27 AM
{ "createdDate" : ISODate("2012-10-04T04:23:27.08Z") } - { "count" : 1.0 } - 1 - 10/4/2012 11:23:27 AM
{ "createdDate" : ISODate("2012-10-04T04:23:27.127Z") } - { "count" : 1.0 } - 1 - 10/4/2012 11:23:27 AM
{ "createdDate" : ISODate("2012-10-04T04:23:27.174Z") } - { "count" : 1.0 } - 1 - 10/4/2012 11:23:27 AM
{ "createdDate" : ISODate("2012-10-04T04:23:27.22Z") } - { "count" : 1.0 } - 1 - 10/4/2012 11:23:27 AM
{ "createdDate" : ISODate("2012-10-04T04:23:27.267Z") } - { "count" : 1.0 } - 1 - 10/4/2012 11:23:27 AM
{ "createdDate" : ISODate("2012-10-04T04:23:27.314Z") } - { "count" : 1.0 } - 1 - 10/4/2012 11:23:27 AM
{ "createdDate" : ISODate("2012-10-04T04:23:29.924Z") } - { "count" : 1.0 } - 1 - 10/4/2012 11:23:29 AM
{ "createdDate" : ISODate("2012-10-04T04:23:29.955Z") } - { "count" : 1.0 } - 1 - 10/4/2012 11:23:29 AM
{ "createdDate" : ISODate("2012-10-04T04:23:30.033Z") } - { "count" : 1.0 } - 1 - 10/4/2012 11:23:30 AM
{ "createdDate" : ISODate("2012-10-04T04:23:30.095Z") } - { "count" : 1.0 } - 1 - 10/4/2012 11:23:30 AM
{ "createdDate" : ISODate("2012-10-04T04:23:30.142Z") } - { "count" : 1.0 } - 1 - 10/4/2012 11:23:30 AM
{ "createdDate" : ISODate("2012-10-04T04:23:30.205Z") } - { "count" : 1.0 } - 1 - 10/4/2012 11:23:30 AM
{ "createdDate" : ISODate("2012-10-04T04:23:30.252Z") } - { "count" : 1.0 } - 1 - 10/4/2012 11:23:30 AM
{ "createdDate" : ISODate("2012-10-04T04:23:30.299Z") } - { "count" : 1.0 } - 1 - 10/4/2012 11:23:30 AM
{ "createdDate" : ISODate("2012-10-04T04:23:30.345Z") } - { "count" : 1.0 } - 1 - 10/4/2012 11:23:30 AM
{ "createdDate" : ISODate("2012-10-04T04:23:30.392Z") } - { "count" : 1.0 } - 1 - 10/4/2012 11:23:30 AM
{ "createdDate" : ISODate("2012-10-04T04:23:30.439Z") } - { "count" : 1.0 } - 1 - 10/4/2012 11:23:30 AM
{ "createdDate" : ISODate("2012-10-04T04:23:35.455Z") } - { "count" : 1.0 } - 1 - 10/4/2012 11:23:35 AM
{ "createdDate" : ISODate("2012-10-04T04:23:35.517Z") } - { "count" : 1.0 } - 1 - 10/4/2012 11:23:35 AM
{ "createdDate" : ISODate("2012-10-04T04:23:35.564Z") } - { "count" : 1.0 } - 1 - 10/4/2012 11:23:35 AM
{ "createdDate" : ISODate("2012-10-04T04:23:35.611Z") } - { "count" : 1.0 } - 1 - 10/4/2012 11:23:35 AM
{ "createdDate" : ISODate("2012-10-04T04:23:35.658Z") } - { "count" : 1.0 } - 1 - 10/4/2012 11:23:35 AM
{ "createdDate" : ISODate("2012-10-04T04:23:35.705Z") } - { "count" : 1.0 } - 1 - 10/4/2012 11:23:35 AM
{ "createdDate" : ISODate("2012-10-04T04:23:35.752Z") } - { "count" : 1.0 } - 1 - 10/4/2012 11:23:35 AM
{ "createdDate" : ISODate("2012-10-04T04:23:35.814Z") } - { "count" : 1.0 } - 1 - 10/4/2012 11:23:35 AM
{ "createdDate" : ISODate("2012-10-04T04:23:35.861Z") } - { "count" : 1.0 } - 1 - 10/4/2012 11:23:35 AM
{ "createdDate" : ISODate("2012-10-04T04:23:35.924Z") } - { "count" : 1.0 } - 1 - 10/4/2012 11:23:35 AM
{ "createdDate" : ISODate("2012-10-04T04:23:35.97Z") } - { "count" : 1.0 } - 1 - 10/4/2012 11:23:35 AM
{ "createdDate" : ISODate("2012-10-04T04:23:38.439Z") } - { "count" : 1.0 } - 1 - 10/4/2012 11:23:38 AM
{ "createdDate" : ISODate("2012-10-04T04:23:38.502Z") } - { "count" : 1.0 } - 1 - 10/4/2012 11:23:38 AM
{ "createdDate" : ISODate("2012-10-04T04:23:38.549Z") } - { "count" : 1.0 } - 1 - 10/4/2012 11:23:38 AM
{ "createdDate" : ISODate("2012-10-04T04:23:38.595Z") } - { "count" : 1.0 } - 1 - 10/4/2012 11:23:38 AM
{ "createdDate" : ISODate("2012-10-04T04:23:38.658Z") } - { "count" : 1.0 } - 1 - 10/4/2012 11:23:38 AM
{ "createdDate" : ISODate("2012-10-04T04:23:38.705Z") } - { "count" : 1.0 } - 1 - 10/4/2012 11:23:38 AM
{ "createdDate" : ISODate("2012-10-04T04:23:38.752Z") } - { "count" : 1.0 } - 1 - 10/4/2012 11:23:38 AM
{ "createdDate" : ISODate("2012-10-04T04:23:38.799Z") } - { "count" : 1.0 } - 1 - 10/4/2012 11:23:38 AM
{ "createdDate" : ISODate("2012-10-04T04:23:38.845Z") } - { "count" : 1.0 } - 1 - 10/4/2012 11:23:38 AM
{ "createdDate" : ISODate("2012-10-04T04:23:38.892Z") } - { "count" : 1.0 } - 1 - 10/4/2012 11:23:38 AM
{ "createdDate" : ISODate("2012-10-04T04:23:38.939Z") } - { "count" : 1.0 } - 1 - 10/4/2012 11:23:38 AM
{ "createdDate" : ISODate("2012-10-04T04:23:42.986Z") } - { "count" : 1.0 } - 1 - 10/4/2012 11:23:42 AM
{ "createdDate" : ISODate("2012-10-04T04:23:43.033Z") } - { "count" : 1.0 } - 1 - 10/4/2012 11:23:43 AM
{ "createdDate" : ISODate("2012-10-04T04:23:43.095Z") } - { "count" : 1.0 } - 1 - 10/4/2012 11:23:43 AM
{ "createdDate" : ISODate("2012-10-04T04:23:43.142Z") } - { "count" : 1.0 } - 1 - 10/4/2012 11:23:43 AM
{ "createdDate" : ISODate("2012-10-04T04:23:43.189Z") } - { "count" : 1.0 } - 1 - 10/4/2012 11:23:43 AM
{ "createdDate" : ISODate("2012-10-04T04:23:43.236Z") } - { "count" : 1.0 } - 1 - 10/4/2012 11:23:43 AM
{ "createdDate" : ISODate("2012-10-04T04:23:43.283Z") } - { "count" : 1.0 } - 1 - 10/4/2012 11:23:43 AM
{ "createdDate" : ISODate("2012-10-04T04:23:43.33Z") } - { "count" : 1.0 } - 1 - 10/4/2012 11:23:43 AM
{ "createdDate" : ISODate("2012-10-04T04:23:43.392Z") } - { "count" : 1.0 } - 1 - 10/4/2012 11:23:43 AM
{ "createdDate" : ISODate("2012-10-04T04:23:43.439Z") } - { "count" : 1.0 } - 1 - 10/4/2012 11:23:43 AM
{ "createdDate" : ISODate("2012-10-04T04:23:43.486Z") } - { "count" : 1.0 } - 1 - 10/4/2012 11:23:43 AM
{ "createdDate" : ISODate("2012-10-04T04:23:45.455Z") } - { "count" : 1.0 } - 1 - 10/4/2012 11:23:45 AM
{ "createdDate" : ISODate("2012-10-04T04:23:45.533Z") } - { "count" : 1.0 } - 1 - 10/4/2012 11:23:45 AM
{ "createdDate" : ISODate("2012-10-04T04:23:45.58Z") } - { "count" : 1.0 } - 1 - 10/4/2012 11:23:45 AM
{ "createdDate" : ISODate("2012-10-04T04:23:45.627Z") } - { "count" : 1.0 } - 1 - 10/4/2012 11:23:45 AM
{ "createdDate" : ISODate("2012-10-04T04:23:45.674Z") } - { "count" : 1.0 } - 1 - 10/4/2012 11:23:45 AM
{ "createdDate" : ISODate("2012-10-04T04:23:45.736Z") } - { "count" : 1.0 } - 1 - 10/4/2012 11:23:45 AM
{ "createdDate" : ISODate("2012-10-04T04:23:45.783Z") } - { "count" : 1.0 } - 1 - 10/4/2012 11:23:45 AM
{ "createdDate" : ISODate("2012-10-04T04:23:45.83Z") } - { "count" : 1.0 } - 1 - 10/4/2012 11:23:45 AM
{ "createdDate" : ISODate("2012-10-04T04:23:45.892Z") } - { "count" : 1.0 } - 1 - 10/4/2012 11:23:45 AM
{ "createdDate" : ISODate("2012-10-04T04:23:45.986Z") } - { "count" : 1.0 } - 1 - 10/4/2012 11:23:45 AM
{ "createdDate" : ISODate("2012-10-04T04:23:46.049Z") } - { "count" : 1.0 } - 1 - 10/4/2012 11:23:46 AM
{ "createdDate" : ISODate("2012-10-04T04:23:51.064Z") } - { "count" : 1.0 } - 1 - 10/4/2012 11:23:51 AM
{ "createdDate" : ISODate("2012-10-04T04:23:51.111Z") } - { "count" : 1.0 } - 1 - 10/4/2012 11:23:51 AM
{ "createdDate" : ISODate("2012-10-04T04:23:51.158Z") } - { "count" : 1.0 } - 1 - 10/4/2012 11:23:51 AM
{ "createdDate" : ISODate("2012-10-04T04:23:51.22Z") } - { "count" : 1.0 } - 1 - 10/4/2012 11:23:51 AM
{ "createdDate" : ISODate("2012-10-04T04:23:51.267Z") } - { "count" : 1.0 } - 1 - 10/4/2012 11:23:51 AM
{ "createdDate" : ISODate("2012-10-04T04:23:51.314Z") } - { "count" : 1.0 } - 1 - 10/4/2012 11:23:51 AM
{ "createdDate" : ISODate("2012-10-04T04:23:51.361Z") } - { "count" : 1.0 } - 1 - 10/4/2012 11:23:51 AM
{ "createdDate" : ISODate("2012-10-04T04:23:51.424Z") } - { "count" : 1.0 } - 1 - 10/4/2012 11:23:51 AM
{ "createdDate" : ISODate("2012-10-04T04:23:51.47Z") } - { "count" : 1.0 } - 1 - 10/4/2012 11:23:51 AM
{ "createdDate" : ISODate("2012-10-04T04:23:51.533Z") } - { "count" : 1.0 } - 1 - 10/4/2012 11:23:51 AM
{ "createdDate" : ISODate("2012-10-04T04:23:51.595Z") } - { "count" : 1.0 } - 1 - 10/4/2012 11:23:51 AM
{ "createdDate" : ISODate("2012-10-04T04:23:53.502Z") } - { "count" : 1.0 } - 1 - 10/4/2012 11:23:53 AM
{ "createdDate" : ISODate("2012-10-04T04:23:53.549Z") } - { "count" : 1.0 } - 1 - 10/4/2012 11:23:53 AM
{ "createdDate" : ISODate("2012-10-04T04:23:53.611Z") } - { "count" : 1.0 } - 1 - 10/4/2012 11:23:53 AM
{ "createdDate" : ISODate("2012-10-04T04:23:53.658Z") } - { "count" : 1.0 } - 1 - 10/4/2012 11:23:53 AM
{ "createdDate" : ISODate("2012-10-04T04:23:53.72Z") } - { "count" : 1.0 } - 1 - 10/4/2012 11:23:53 AM
{ "createdDate" : ISODate("2012-10-04T04:23:53.783Z") } - { "count" : 1.0 } - 1 - 10/4/2012 11:23:53 AM
{ "createdDate" : ISODate("2012-10-04T04:23:53.83Z") } - { "count" : 1.0 } - 1 - 10/4/2012 11:23:53 AM
{ "createdDate" : ISODate("2012-10-04T04:23:53.877Z") } - { "count" : 1.0 } - 1 - 10/4/2012 11:23:53 AM
{ "createdDate" : ISODate("2012-10-04T04:23:53.924Z") } - { "count" : 1.0 } - 1 - 10/4/2012 11:23:53 AM
{ "createdDate" : ISODate("2012-10-04T04:23:53.986Z") } - { "count" : 1.0 } - 1 - 10/4/2012 11:23:53 AM
{ "createdDate" : ISODate("2012-10-04T04:23:54.033Z") } - { "count" : 1.0 } - 1 - 10/4/2012 11:23:54 AM
{ "createdDate" : ISODate("2012-10-04T04:24:00.111Z") } - { "count" : 1.0 } - 1 - 10/4/2012 11:24:00 AM
{ "createdDate" : ISODate("2012-10-04T04:24:00.158Z") } - { "count" : 1.0 } - 1 - 10/4/2012 11:24:00 AM
{ "createdDate" : ISODate("2012-10-04T04:24:00.205Z") } - { "count" : 1.0 } - 1 - 10/4/2012 11:24:00 AM
{ "createdDate" : ISODate("2012-10-04T04:24:00.267Z") } - { "count" : 1.0 } - 1 - 10/4/2012 11:24:00 AM
{ "createdDate" : ISODate("2012-10-04T04:24:00.345Z") } - { "count" : 1.0 } - 1 - 10/4/2012 11:24:00 AM
{ "createdDate" : ISODate("2012-10-04T04:24:00.392Z") } - { "count" : 1.0 } - 1 - 10/4/2012 11:24:00 AM
{ "createdDate" : ISODate("2012-10-04T04:24:00.455Z") } - { "count" : 1.0 } - 1 - 10/4/2012 11:24:00 AM
{ "createdDate" : ISODate("2012-10-04T04:24:00.502Z") } - { "count" : 1.0 } - 1 - 10/4/2012 11:24:00 AM
{ "createdDate" : ISODate("2012-10-04T04:24:00.549Z") } - { "count" : 1.0 } - 1 - 10/4/2012 11:24:00 AM
{ "createdDate" : ISODate("2012-10-04T04:24:00.611Z") } - { "count" : 1.0 } - 1 - 10/4/2012 11:24:00 AM
{ "createdDate" : ISODate("2012-10-04T04:24:00.658Z") } - { "count" : 1.0 } - 1 - 10/4/2012 11:24:00 AM
{ "createdDate" : ISODate("2012-10-04T04:24:01.814Z") } - { "count" : 1.0 } - 1 - 10/4/2012 11:24:01 AM
{ "createdDate" : ISODate("2012-10-04T04:24:01.877Z") } - { "count" : 1.0 } - 1 - 10/4/2012 11:24:01 AM
{ "createdDate" : ISODate("2012-10-04T04:24:01.924Z") } - { "count" : 1.0 } - 1 - 10/4/2012 11:24:01 AM
{ "createdDate" : ISODate("2012-10-04T04:24:02.049Z") } - { "count" : 1.0 } - 1 - 10/4/2012 11:24:02 AM
{ "createdDate" : ISODate("2012-10-04T04:24:02.095Z") } - { "count" : 1.0 } - 1 - 10/4/2012 11:24:02 AM
{ "createdDate" : ISODate("2012-10-04T04:24:02.174Z") } - { "count" : 1.0 } - 1 - 10/4/2012 11:24:02 AM
{ "createdDate" : ISODate("2012-10-04T04:24:02.267Z") } - { "count" : 1.0 } - 1 - 10/4/2012 11:24:02 AM
{ "createdDate" : ISODate("2012-10-04T04:24:02.345Z") } - { "count" : 1.0 } - 1 - 10/4/2012 11:24:02 AM
{ "createdDate" : ISODate("2012-10-04T04:24:02.861Z") } - { "count" : 1.0 } - 1 - 10/4/2012 11:24:02 AM
{ "createdDate" : ISODate("2012-10-04T04:24:02.924Z") } - { "count" : 1.0 } - 1 - 10/4/2012 11:24:02 AM
{ "createdDate" : ISODate("2012-10-04T04:24:02.97Z") } - { "count" : 1.0 } - 1 - 10/4/2012 11:24:02 AM
{ "createdDate" : ISODate("2012-10-04T04:24:07.283Z") } - { "count" : 1.0 } - 1 - 10/4/2012 11:24:07 AM
{ "createdDate" : ISODate("2012-10-04T04:24:07.33Z") } - { "count" : 1.0 } - 1 - 10/4/2012 11:24:07 AM
{ "createdDate" : ISODate("2012-10-04T04:24:07.408Z") } - { "count" : 1.0 } - 1 - 10/4/2012 11:24:07 AM
{ "createdDate" : ISODate("2012-10-04T04:24:07.502Z") } - { "count" : 1.0 } - 1 - 10/4/2012 11:24:07 AM
{ "createdDate" : ISODate("2012-10-04T04:26:05.752Z") } - { "count" : 1.0 } - 1 - 10/4/2012 11:26:05 AM
{ "createdDate" : ISODate("2012-10-04T04:26:05.799Z") } - { "count" : 1.0 } - 1 - 10/4/2012 11:26:05 AM
{ "createdDate" : ISODate("2012-10-04T04:26:05.861Z") } - { "count" : 1.0 } - 1 - 10/4/2012 11:26:05 AM
{ "createdDate" : ISODate("2012-10-04T04:26:05.924Z") } - { "count" : 1.0 } - 1 - 10/4/2012 11:26:05 AM
{ "createdDate" : ISODate("2012-10-04T04:26:05.986Z") } - { "count" : 1.0 } - 1 - 10/4/2012 11:26:05 AM
{ "createdDate" : ISODate("2012-10-04T04:26:06.033Z") } - { "count" : 1.0 } - 1 - 10/4/2012 11:26:06 AM
{ "createdDate" : ISODate("2012-10-04T04:26:06.08Z") } - { "count" : 1.0 } - 1 - 10/4/2012 11:26:06 AM
{ "createdDate" : ISODate("2012-10-04T04:26:06.127Z") } - { "count" : 1.0 } - 1 - 10/4/2012 11:26:06 AM
{ "createdDate" : ISODate("2012-10-04T04:26:06.174Z") } - { "count" : 1.0 } - 1 - 10/4/2012 11:26:06 AM
{ "createdDate" : ISODate("2012-10-04T04:26:06.236Z") } - { "count" : 1.0 } - 1 - 10/4/2012 11:26:06 AM
{ "createdDate" : ISODate("2012-10-04T04:26:06.283Z") } - { "count" : 1.0 } - 1 - 10/4/2012 11:26:06 AM
{ "createdDate" : ISODate("2012-10-04T04:27:33.595Z") } - { "count" : 1.0 } - 1 - 10/4/2012 11:27:33 AM
{ "createdDate" : ISODate("2012-10-04T04:27:33.658Z") } - { "count" : 1.0 } - 1 - 10/4/2012 11:27:33 AM
{ "createdDate" : ISODate("2012-10-04T04:27:33.705Z") } - { "count" : 1.0 } - 1 - 10/4/2012 11:27:33 AM
{ "createdDate" : ISODate("2012-10-04T04:27:33.752Z") } - { "count" : 1.0 } - 1 - 10/4/2012 11:27:33 AM
{ "createdDate" : ISODate("2012-10-04T04:27:33.814Z") } - { "count" : 1.0 } - 1 - 10/4/2012 11:27:33 AM
{ "createdDate" : ISODate("2012-10-04T04:27:33.861Z") } - { "count" : 1.0 } - 1 - 10/4/2012 11:27:33 AM
{ "createdDate" : ISODate("2012-10-04T04:27:34.377Z") } - { "count" : 1.0 } - 1 - 10/4/2012 11:27:34 AM
{ "createdDate" : ISODate("2012-10-04T04:27:34.439Z") } - { "count" : 1.0 } - 1 - 10/4/2012 11:27:34 AM
{ "createdDate" : ISODate("2012-10-04T04:27:34.486Z") } - { "count" : 1.0 } - 1 - 10/4/2012 11:27:34 AM
{ "createdDate" : ISODate("2012-10-04T04:27:34.564Z") } - { "count" : 1.0 } - 1 - 10/4/2012 11:27:34 AM
{ "createdDate" : ISODate("2012-10-04T04:27:34.627Z") } - { "count" : 1.0 } - 1 - 10/4/2012 11:27:34 AM
{ "createdDate" : ISODate("2012-10-04T04:27:38.017Z") } - { "count" : 1.0 } - 1 - 10/4/2012 11:27:38 AM
{ "createdDate" : ISODate("2012-10-04T04:27:38.095Z") } - { "count" : 1.0 } - 1 - 10/4/2012 11:27:38 AM
{ "createdDate" : ISODate("2012-10-04T04:27:38.22Z") } - { "count" : 1.0 } - 1 - 10/4/2012 11:27:38 AM
{ "createdDate" : ISODate("2012-10-04T04:27:38.314Z") } - { "count" : 1.0 } - 1 - 10/4/2012 11:27:38 AM
{ "createdDate" : ISODate("2012-10-04T04:27:38.455Z") } - { "count" : 1.0 } - 1 - 10/4/2012 11:27:38 AM
{ "createdDate" : ISODate("2012-10-04T04:27:38.595Z") } - { "count" : 1.0 } - 1 - 10/4/2012 11:27:38 AM
{ "createdDate" : ISODate("2012-10-04T04:27:38.752Z") } - { "count" : 1.0 } - 1 - 10/4/2012 11:27:38 AM
{ "createdDate" : ISODate("2012-10-04T04:27:38.83Z") } - { "count" : 1.0 } - 1 - 10/4/2012 11:27:38 AM
{ "createdDate" : ISODate("2012-10-04T04:27:38.892Z") } - { "count" : 1.0 } - 1 - 10/4/2012 11:27:38 AM
{ "createdDate" : ISODate("2012-10-04T04:27:38.955Z") } - { "count" : 1.0 } - 1 - 10/4/2012 11:27:38 AM
{ "createdDate" : ISODate("2012-10-04T04:27:39.017Z") } - { "count" : 1.0 } - 1 - 10/4/2012 11:27:39 AM
{ "createdDate" : ISODate("2012-10-04T04:27:42.142Z") } - { "count" : 1.0 } - 1 - 10/4/2012 11:27:42 AM
{ "createdDate" : ISODate("2012-10-04T04:27:42.205Z") } - { "count" : 1.0 } - 1 - 10/4/2012 11:27:42 AM
{ "createdDate" : ISODate("2012-10-04T04:27:42.252Z") } - { "count" : 1.0 } - 1 - 10/4/2012 11:27:42 AM
{ "createdDate" : ISODate("2012-10-04T04:27:42.408Z") } - { "count" : 1.0 } - 1 - 10/4/2012 11:27:42 AM
{ "createdDate" : ISODate("2012-10-04T04:27:42.455Z") } - { "count" : 1.0 } - 1 - 10/4/2012 11:27:42 AM
{ "createdDate" : ISODate("2012-10-04T04:27:42.517Z") } - { "count" : 1.0 } - 1 - 10/4/2012 11:27:42 AM
{ "createdDate" : ISODate("2012-10-04T04:27:42.564Z") } - { "count" : 1.0 } - 1 - 10/4/2012 11:27:42 AM
{ "createdDate" : ISODate("2012-10-04T04:27:42.611Z") } - { "count" : 1.0 } - 1 - 10/4/2012 11:27:42 AM
{ "createdDate" : ISODate("2012-10-04T04:27:42.658Z") } - { "count" : 1.0 } - 1 - 10/4/2012 11:27:42 AM
{ "createdDate" : ISODate("2012-10-04T04:27:42.705Z") } - { "count" : 1.0 } - 1 - 10/4/2012 11:27:42 AM
{ "createdDate" : ISODate("2012-10-04T04:27:42.752Z") } - { "count" : 1.0 } - 1 - 10/4/2012 11:27:42 AM
{ "createdDate" : ISODate("2012-10-04T04:27:45.595Z") } - { "count" : 1.0 } - 1 - 10/4/2012 11:27:45 AM
{ "createdDate" : ISODate("2012-10-04T04:27:45.658Z") } - { "count" : 1.0 } - 1 - 10/4/2012 11:27:45 AM
{ "createdDate" : ISODate("2012-10-04T04:27:45.705Z") } - { "count" : 1.0 } - 1 - 10/4/2012 11:27:45 AM
{ "createdDate" : ISODate("2012-10-04T04:27:45.752Z") } - { "count" : 1.0 } - 1 - 10/4/2012 11:27:45 AM
{ "createdDate" : ISODate("2012-10-04T04:27:45.814Z") } - { "count" : 1.0 } - 1 - 10/4/2012 11:27:45 AM
{ "createdDate" : ISODate("2012-10-04T04:27:45.861Z") } - { "count" : 1.0 } - 1 - 10/4/2012 11:27:45 AM
{ "createdDate" : ISODate("2012-10-04T04:27:45.908Z") } - { "count" : 1.0 } - 1 - 10/4/2012 11:27:45 AM
{ "createdDate" : ISODate("2012-10-04T04:27:45.955Z") } - { "count" : 1.0 } - 1 - 10/4/2012 11:27:45 AM
{ "createdDate" : ISODate("2012-10-04T04:27:46.017Z") } - { "count" : 1.0 } - 1 - 10/4/2012 11:27:46 AM
{ "createdDate" : ISODate("2012-10-04T04:27:46.064Z") } - { "count" : 1.0 } - 1 - 10/4/2012 11:27:46 AM
{ "createdDate" : ISODate("2012-10-04T04:27:46.127Z") } - { "count" : 1.0 } - 1 - 10/4/2012 11:27:46 AM
{ "createdDate" : ISODate("2012-10-04T04:27:50.611Z") } - { "count" : 1.0 } - 1 - 10/4/2012 11:27:50 AM
{ "createdDate" : ISODate("2012-10-04T04:27:50.658Z") } - { "count" : 1.0 } - 1 - 10/4/2012 11:27:50 AM
{ "createdDate" : ISODate("2012-10-04T04:27:50.705Z") } - { "count" : 1.0 } - 1 - 10/4/2012 11:27:50 AM
{ "createdDate" : ISODate("2012-10-04T04:27:50.783Z") } - { "count" : 1.0 } - 1 - 10/4/2012 11:27:50 AM
{ "createdDate" : ISODate("2012-10-04T04:27:50.845Z") } - { "count" : 1.0 } - 1 - 10/4/2012 11:27:50 AM
{ "createdDate" : ISODate("2012-10-04T04:27:50.908Z") } - { "count" : 1.0 } - 1 - 10/4/2012 11:27:50 AM
{ "createdDate" : ISODate("2012-10-04T04:27:50.955Z") } - { "count" : 1.0 } - 1 - 10/4/2012 11:27:50 AM
{ "createdDate" : ISODate("2012-10-04T04:27:51.002Z") } - { "count" : 1.0 } - 1 - 10/4/2012 11:27:51 AM
{ "createdDate" : ISODate("2012-10-04T04:27:51.049Z") } - { "count" : 1.0 } - 1 - 10/4/2012 11:27:51 AM
{ "createdDate" : ISODate("2012-10-04T04:27:51.095Z") } - { "count" : 1.0 } - 1 - 10/4/2012 11:27:51 AM
{ "createdDate" : ISODate("2012-10-04T04:27:51.142Z") } - { "count" : 1.0 } - 1 - 10/4/2012 11:27:51 AM
{ "createdDate" : ISODate("2012-10-04T06:40:19.736Z") } - { "count" : 1.0 } - 1 - 10/4/2012 1:40:19 PM
{ "createdDate" : ISODate("2012-10-04T06:40:19.97Z") } - { "count" : 1.0 } - 1 - 10/4/2012 1:40:19 PM
{ "createdDate" : ISODate("2012-10-04T06:40:20.127Z") } - { "count" : 1.0 } - 1 - 10/4/2012 1:40:20 PM
{ "createdDate" : ISODate("2012-10-04T06:40:20.174Z") } - { "count" : 1.0 } - 1 - 10/4/2012 1:40:20 PM
{ "createdDate" : ISODate("2012-10-04T06:40:20.236Z") } - { "count" : 1.0 } - 1 - 10/4/2012 1:40:20 PM
{ "createdDate" : ISODate("2012-10-04T06:40:20.408Z") } - { "count" : 1.0 } - 1 - 10/4/2012 1:40:20 PM
{ "createdDate" : ISODate("2012-10-04T06:40:20.689Z") } - { "count" : 1.0 } - 1 - 10/4/2012 1:40:20 PM
{ "createdDate" : ISODate("2012-10-04T06:40:20.845Z") } - { "count" : 1.0 } - 1 - 10/4/2012 1:40:20 PM
{ "createdDate" : ISODate("2012-10-04T06:40:20.892Z") } - { "count" : 1.0 } - 1 - 10/4/2012 1:40:20 PM
{ "createdDate" : ISODate("2012-10-04T06:40:21.08Z") } - { "count" : 1.0 } - 1 - 10/4/2012 1:40:21 PM
{ "createdDate" : ISODate("2012-10-04T06:40:21.127Z") } - { "count" : 1.0 } - 1 - 10/4/2012 1:40:21 PM
{ "createdDate" : ISODate("2012-10-04T06:42:19.955Z") } - { "count" : 1.0 } - 1 - 10/4/2012 1:42:19 PM
{ "createdDate" : ISODate("2012-10-04T06:42:20.127Z") } - { "count" : 1.0 } - 1 - 10/4/2012 1:42:20 PM
{ "createdDate" : ISODate("2012-10-04T06:42:20.174Z") } - { "count" : 1.0 } - 1 - 10/4/2012 1:42:20 PM
{ "createdDate" : ISODate("2012-10-04T06:42:20.236Z") } - { "count" : 1.0 } - 1 - 10/4/2012 1:42:20 PM
{ "createdDate" : ISODate("2012-10-04T06:42:20.392Z") } - { "count" : 1.0 } - 1 - 10/4/2012 1:42:20 PM
{ "createdDate" : ISODate("2012-10-04T06:42:20.486Z") } - { "count" : 1.0 } - 1 - 10/4/2012 1:42:20 PM
{ "createdDate" : ISODate("2012-10-04T06:42:20.705Z") } - { "count" : 1.0 } - 1 - 10/4/2012 1:42:20 PM
{ "createdDate" : ISODate("2012-10-04T06:42:20.814Z") } - { "count" : 1.0 } - 1 - 10/4/2012 1:42:20 PM
{ "createdDate" : ISODate("2012-10-04T06:42:20.908Z") } - { "count" : 1.0 } - 1 - 10/4/2012 1:42:20 PM
{ "createdDate" : ISODate("2012-10-04T06:42:21.064Z") } - { "count" : 1.0 } - 1 - 10/4/2012 1:42:21 PM
{ "createdDate" : ISODate("2012-10-04T06:42:21.111Z") } - { "count" : 1.0 } - 1 - 10/4/2012 1:42:21 PM
{ "createdDate" : ISODate("2012-10-04T06:42:24.377Z") } - { "count" : 1.0 } - 1 - 10/4/2012 1:42:24 PM
{ "createdDate" : ISODate("2012-10-04T06:42:24.97Z") } - { "count" : 1.0 } - 1 - 10/4/2012 1:42:24 PM
{ "createdDate" : ISODate("2012-10-04T06:42:25.095Z") } - { "count" : 1.0 } - 1 - 10/4/2012 1:42:25 PM
{ "createdDate" : ISODate("2012-10-04T06:42:25.174Z") } - { "count" : 1.0 } - 1 - 10/4/2012 1:42:25 PM
{ "createdDate" : ISODate("2012-10-04T06:42:25.314Z") } - { "count" : 1.0 } - 1 - 10/4/2012 1:42:25 PM
{ "createdDate" : ISODate("2012-10-04T06:42:25.424Z") } - { "count" : 1.0 } - 1 - 10/4/2012 1:42:25 PM
{ "createdDate" : ISODate("2012-10-04T06:42:25.642Z") } - { "count" : 1.0 } - 1 - 10/4/2012 1:42:25 PM
{ "createdDate" : ISODate("2012-10-04T06:42:25.767Z") } - { "count" : 1.0 } - 1 - 10/4/2012 1:42:25 PM
{ "createdDate" : ISODate("2012-10-04T06:42:25.845Z") } - { "count" : 1.0 } - 1 - 10/4/2012 1:42:25 PM
{ "createdDate" : ISODate("2012-10-04T06:42:26.002Z") } - { "count" : 1.0 } - 1 - 10/4/2012 1:42:26 PM
{ "createdDate" : ISODate("2012-10-04T06:42:26.111Z") } - { "count" : 1.0 } - 1 - 10/4/2012 1:42:26 PM
{ "createdDate" : ISODate("2012-10-04T06:45:25.345Z") } - { "count" : 1.0 } - 1 - 10/4/2012 1:45:25 PM
{ "createdDate" : ISODate("2012-10-04T06:45:25.392Z") } - { "count" : 1.0 } - 1 - 10/4/2012 1:45:25 PM
{ "createdDate" : ISODate("2012-10-04T06:45:25.47Z") } - { "count" : 1.0 } - 1 - 10/4/2012 1:45:25 PM
{ "createdDate" : ISODate("2012-10-04T06:45:25.517Z") } - { "count" : 1.0 } - 1 - 10/4/2012 1:45:25 PM
{ "createdDate" : ISODate("2012-10-04T06:45:25.564Z") } - { "count" : 1.0 } - 1 - 10/4/2012 1:45:25 PM
{ "createdDate" : ISODate("2012-10-04T06:45:25.611Z") } - { "count" : 1.0 } - 1 - 10/4/2012 1:45:25 PM
{ "createdDate" : ISODate("2012-10-04T06:45:25.658Z") } - { "count" : 1.0 } - 1 - 10/4/2012 1:45:25 PM
{ "createdDate" : ISODate("2012-10-04T06:45:25.705Z") } - { "count" : 1.0 } - 1 - 10/4/2012 1:45:25 PM
{ "createdDate" : ISODate("2012-10-04T06:45:25.752Z") } - { "count" : 1.0 } - 1 - 10/4/2012 1:45:25 PM
{ "createdDate" : ISODate("2012-10-04T06:45:25.799Z") } - { "count" : 1.0 } - 1 - 10/4/2012 1:45:25 PM
{ "createdDate" : ISODate("2012-10-04T06:45:25.861Z") } - { "count" : 1.0 } - 1 - 10/4/2012 1:45:25 PM
{ "createdDate" : ISODate("2012-10-04T06:45:56.283Z") } - { "count" : 1.0 } - 1 - 10/4/2012 1:45:56 PM
{ "createdDate" : ISODate("2012-10-04T06:45:56.33Z") } - { "count" : 1.0 } - 1 - 10/4/2012 1:45:56 PM
{ "createdDate" : ISODate("2012-10-04T06:45:56.392Z") } - { "count" : 1.0 } - 1 - 10/4/2012 1:45:56 PM
{ "createdDate" : ISODate("2012-10-04T06:45:56.439Z") } - { "count" : 1.0 } - 1 - 10/4/2012 1:45:56 PM
{ "createdDate" : ISODate("2012-10-04T06:45:56.486Z") } - { "count" : 1.0 } - 1 - 10/4/2012 1:45:56 PM
{ "createdDate" : ISODate("2012-10-04T06:45:56.533Z") } - { "count" : 1.0 } - 1 - 10/4/2012 1:45:56 PM
{ "createdDate" : ISODate("2012-10-04T06:45:56.58Z") } - { "count" : 1.0 } - 1 - 10/4/2012 1:45:56 PM
{ "createdDate" : ISODate("2012-10-04T06:45:56.627Z") } - { "count" : 1.0 } - 1 - 10/4/2012 1:45:56 PM
{ "createdDate" : ISODate("2012-10-04T06:45:56.689Z") } - { "count" : 1.0 } - 1 - 10/4/2012 1:45:56 PM
{ "createdDate" : ISODate("2012-10-04T06:45:56.736Z") } - { "count" : 1.0 } - 1 - 10/4/2012 1:45:56 PM
{ "createdDate" : ISODate("2012-10-04T06:45:56.783Z") } - { "count" : 1.0 } - 1 - 10/4/2012 1:45:56 PM
{ "createdDate" : ISODate("2012-10-04T06:46:00.517Z") } - { "count" : 1.0 } - 1 - 10/4/2012 1:46:00 PM
{ "createdDate" : ISODate("2012-10-04T06:46:00.642Z") } - { "count" : 1.0 } - 1 - 10/4/2012 1:46:00 PM
{ "createdDate" : ISODate("2012-10-04T06:46:00.72Z") } - { "count" : 1.0 } - 1 - 10/4/2012 1:46:00 PM
{ "createdDate" : ISODate("2012-10-04T06:46:00.767Z") } - { "count" : 1.0 } - 1 - 10/4/2012 1:46:00 PM
{ "createdDate" : ISODate("2012-10-04T06:46:00.814Z") } - { "count" : 1.0 } - 1 - 10/4/2012 1:46:00 PM
{ "createdDate" : ISODate("2012-10-04T06:46:00.986Z") } - { "count" : 1.0 } - 1 - 10/4/2012 1:46:00 PM
{ "createdDate" : ISODate("2012-10-04T06:46:01.049Z") } - { "count" : 1.0 } - 1 - 10/4/2012 1:46:01 PM
{ "createdDate" : ISODate("2012-10-04T06:46:01.095Z") } - { "count" : 1.0 } - 1 - 10/4/2012 1:46:01 PM
{ "createdDate" : ISODate("2012-10-04T06:46:01.174Z") } - { "count" : 1.0 } - 1 - 10/4/2012 1:46:01 PM
{ "createdDate" : ISODate("2012-10-04T06:46:01.236Z") } - { "count" : 1.0 } - 1 - 10/4/2012 1:46:01 PM
{ "createdDate" : ISODate("2012-10-04T06:46:01.299Z") } - { "count" : 1.0 } - 1 - 10/4/2012 1:46:01 PM
{ "createdDate" : ISODate("2012-10-04T06:46:05.861Z") } - { "count" : 1.0 } - 1 - 10/4/2012 1:46:05 PM
{ "createdDate" : ISODate("2012-10-04T06:46:05.908Z") } - { "count" : 1.0 } - 1 - 10/4/2012 1:46:05 PM
{ "createdDate" : ISODate("2012-10-04T06:46:05.955Z") } - { "count" : 1.0 } - 1 - 10/4/2012 1:46:05 PM
{ "createdDate" : ISODate("2012-10-04T06:46:06.002Z") } - { "count" : 1.0 } - 1 - 10/4/2012 1:46:06 PM
{ "createdDate" : ISODate("2012-10-04T06:46:06.08Z") } - { "count" : 1.0 } - 1 - 10/4/2012 1:46:06 PM
{ "createdDate" : ISODate("2012-10-04T06:46:06.127Z") } - { "count" : 1.0 } - 1 - 10/4/2012 1:46:06 PM
{ "createdDate" : ISODate("2012-10-04T06:46:06.283Z") } - { "count" : 1.0 } - 1 - 10/4/2012 1:46:06 PM
{ "createdDate" : ISODate("2012-10-04T06:46:06.377Z") } - { "count" : 1.0 } - 1 - 10/4/2012 1:46:06 PM
{ "createdDate" : ISODate("2012-10-04T06:46:06.424Z") } - { "count" : 1.0 } - 1 - 10/4/2012 1:46:06 PM
{ "createdDate" : ISODate("2012-10-04T06:46:06.47Z") } - { "count" : 1.0 } - 1 - 10/4/2012 1:46:06 PM
{ "createdDate" : ISODate("2012-10-04T06:46:06.517Z") } - { "count" : 1.0 } - 1 - 10/4/2012 1:46:06 PM
{ "createdDate" : ISODate("2012-10-04T06:46:09.377Z") } - { "count" : 1.0 } - 1 - 10/4/2012 1:46:09 PM
{ "createdDate" : ISODate("2012-10-04T06:46:09.424Z") } - { "count" : 1.0 } - 1 - 10/4/2012 1:46:09 PM
{ "createdDate" : ISODate("2012-10-04T06:46:09.564Z") } - { "count" : 1.0 } - 1 - 10/4/2012 1:46:09 PM
{ "createdDate" : ISODate("2012-10-04T06:46:09.627Z") } - { "count" : 1.0 } - 1 - 10/4/2012 1:46:09 PM
{ "createdDate" : ISODate("2012-10-04T06:46:09.674Z") } - { "count" : 1.0 } - 1 - 10/4/2012 1:46:09 PM
{ "createdDate" : ISODate("2012-10-04T06:46:09.736Z") } - { "count" : 1.0 } - 1 - 10/4/2012 1:46:09 PM
{ "createdDate" : ISODate("2012-10-04T06:46:09.845Z") } - { "count" : 1.0 } - 1 - 10/4/2012 1:46:09 PM
{ "createdDate" : ISODate("2012-10-04T06:46:10.064Z") } - { "count" : 1.0 } - 1 - 10/4/2012 1:46:10 PM
{ "createdDate" : ISODate("2012-10-04T06:46:10.158Z") } - { "count" : 1.0 } - 1 - 10/4/2012 1:46:10 PM
{ "createdDate" : ISODate("2012-10-04T06:46:10.299Z") } - { "count" : 1.0 } - 1 - 10/4/2012 1:46:10 PM
{ "createdDate" : ISODate("2012-10-04T06:46:10.392Z") } - { "count" : 1.0 } - 1 - 10/4/2012 1:46:10 PM
{ "createdDate" : ISODate("2012-10-04T06:46:12.361Z") } - { "count" : 1.0 } - 1 - 10/4/2012 1:46:12 PM
{ "createdDate" : ISODate("2012-10-04T06:46:12.408Z") } - { "count" : 1.0 } - 1 - 10/4/2012 1:46:12 PM
{ "createdDate" : ISODate("2012-10-04T06:46:12.47Z") } - { "count" : 1.0 } - 1 - 10/4/2012 1:46:12 PM
{ "createdDate" : ISODate("2012-10-04T06:46:12.517Z") } - { "count" : 1.0 } - 1 - 10/4/2012 1:46:12 PM
{ "createdDate" : ISODate("2012-10-04T06:46:12.564Z") } - { "count" : 1.0 } - 1 - 10/4/2012 1:46:12 PM
{ "createdDate" : ISODate("2012-10-04T06:46:12.611Z") } - { "count" : 1.0 } - 1 - 10/4/2012 1:46:12 PM
{ "createdDate" : ISODate("2012-10-04T06:46:12.658Z") } - { "count" : 1.0 } - 1 - 10/4/2012 1:46:12 PM
{ "createdDate" : ISODate("2012-10-04T06:46:12.705Z") } - { "count" : 1.0 } - 1 - 10/4/2012 1:46:12 PM
{ "createdDate" : ISODate("2012-10-04T06:46:12.783Z") } - { "count" : 1.0 } - 1 - 10/4/2012 1:46:12 PM
{ "createdDate" : ISODate("2012-10-04T06:46:12.83Z") } - { "count" : 1.0 } - 1 - 10/4/2012 1:46:12 PM
{ "createdDate" : ISODate("2012-10-04T06:46:12.877Z") } - { "count" : 1.0 } - 1 - 10/4/2012 1:46:12 PM
{ "createdDate" : ISODate("2012-10-04T06:46:16.377Z") } - { "count" : 1.0 } - 1 - 10/4/2012 1:46:16 PM
{ "createdDate" : ISODate("2012-10-04T06:46:16.439Z") } - { "count" : 1.0 } - 1 - 10/4/2012 1:46:16 PM
{ "createdDate" : ISODate("2012-10-04T06:46:16.486Z") } - { "count" : 1.0 } - 1 - 10/4/2012 1:46:16 PM
{ "createdDate" : ISODate("2012-10-04T06:46:16.533Z") } - { "count" : 1.0 } - 1 - 10/4/2012 1:46:16 PM
{ "createdDate" : ISODate("2012-10-04T06:46:16.595Z") } - { "count" : 1.0 } - 1 - 10/4/2012 1:46:16 PM
{ "createdDate" : ISODate("2012-10-04T06:46:16.642Z") } - { "count" : 1.0 } - 1 - 10/4/2012 1:46:16 PM
{ "createdDate" : ISODate("2012-10-04T06:46:16.689Z") } - { "count" : 1.0 } - 1 - 10/4/2012 1:46:16 PM
{ "createdDate" : ISODate("2012-10-04T06:46:16.736Z") } - { "count" : 1.0 } - 1 - 10/4/2012 1:46:16 PM
{ "createdDate" : ISODate("2012-10-04T06:46:16.799Z") } - { "count" : 1.0 } - 1 - 10/4/2012 1:46:16 PM
{ "createdDate" : ISODate("2012-10-04T06:46:16.845Z") } - { "count" : 1.0 } - 1 - 10/4/2012 1:46:16 PM
{ "createdDate" : ISODate("2012-10-04T06:46:16.892Z") } - { "count" : 1.0 } - 1 - 10/4/2012 1:46:16 PM
{ "createdDate" : ISODate("2012-10-04T06:46:23.439Z") } - { "count" : 1.0 } - 1 - 10/4/2012 1:46:23 PM
{ "createdDate" : ISODate("2012-10-04T06:46:23.517Z") } - { "count" : 1.0 } - 1 - 10/4/2012 1:46:23 PM
{ "createdDate" : ISODate("2012-10-04T06:46:23.564Z") } - { "count" : 1.0 } - 1 - 10/4/2012 1:46:23 PM
{ "createdDate" : ISODate("2012-10-04T06:46:23.611Z") } - { "count" : 1.0 } - 1 - 10/4/2012 1:46:23 PM
{ "createdDate" : ISODate("2012-10-04T06:46:23.658Z") } - { "count" : 1.0 } - 1 - 10/4/2012 1:46:23 PM
{ "createdDate" : ISODate("2012-10-04T06:46:23.705Z") } - { "count" : 1.0 } - 1 - 10/4/2012 1:46:23 PM
{ "createdDate" : ISODate("2012-10-04T06:46:23.752Z") } - { "count" : 1.0 } - 1 - 10/4/2012 1:46:23 PM
{ "createdDate" : ISODate("2012-10-04T06:46:23.799Z") } - { "count" : 1.0 } - 1 - 10/4/2012 1:46:23 PM
{ "createdDate" : ISODate("2012-10-04T06:46:23.861Z") } - { "count" : 1.0 } - 1 - 10/4/2012 1:46:23 PM
{ "createdDate" : ISODate("2012-10-04T06:46:23.908Z") } - { "count" : 1.0 } - 1 - 10/4/2012 1:46:23 PM
{ "createdDate" : ISODate("2012-10-04T06:46:23.955Z") } - { "count" : 1.0 } - 1 - 10/4/2012 1:46:23 PM
{ "createdDate" : ISODate("2012-10-04T06:46:26.392Z") } - { "count" : 1.0 } - 1 - 10/4/2012 1:46:26 PM
{ "createdDate" : ISODate("2012-10-04T06:46:26.47Z") } - { "count" : 1.0 } - 1 - 10/4/2012 1:46:26 PM
{ "createdDate" : ISODate("2012-10-04T06:46:26.533Z") } - { "count" : 1.0 } - 1 - 10/4/2012 1:46:26 PM
{ "createdDate" : ISODate("2012-10-04T06:46:26.58Z") } - { "count" : 1.0 } - 1 - 10/4/2012 1:46:26 PM
{ "createdDate" : ISODate("2012-10-04T06:46:26.627Z") } - { "count" : 1.0 } - 1 - 10/4/2012 1:46:26 PM
{ "createdDate" : ISODate("2012-10-04T06:46:26.689Z") } - { "count" : 1.0 } - 1 - 10/4/2012 1:46:26 PM
{ "createdDate" : ISODate("2012-10-04T06:46:26.736Z") } - { "count" : 1.0 } - 1 - 10/4/2012 1:46:26 PM
{ "createdDate" : ISODate("2012-10-04T06:46:26.783Z") } - { "count" : 1.0 } - 1 - 10/4/2012 1:46:26 PM
{ "createdDate" : ISODate("2012-10-04T06:46:26.83Z") } - { "count" : 1.0 } - 1 - 10/4/2012 1:46:26 PM
{ "createdDate" : ISODate("2012-10-04T06:46:26.877Z") } - { "count" : 1.0 } - 1 - 10/4/2012 1:46:26 PM
{ "createdDate" : ISODate("2012-10-04T06:46:26.939Z") } - { "count" : 1.0 } - 1 - 10/4/2012 1:46:26 PM
{ "createdDate" : ISODate("2012-10-04T06:49:07.752Z") } - { "count" : 1.0 } - 1 - 10/4/2012 1:49:07 PM
{ "createdDate" : ISODate("2012-10-04T06:49:08.08Z") } - { "count" : 1.0 } - 1 - 10/4/2012 1:49:08 PM
{ "createdDate" : ISODate("2012-10-04T06:49:08.158Z") } - { "count" : 1.0 } - 1 - 10/4/2012 1:49:08 PM
{ "createdDate" : ISODate("2012-10-04T06:49:08.205Z") } - { "count" : 1.0 } - 1 - 10/4/2012 1:49:08 PM
{ "createdDate" : ISODate("2012-10-04T06:49:08.252Z") } - { "count" : 1.0 } - 1 - 10/4/2012 1:49:08 PM
{ "createdDate" : ISODate("2012-10-04T06:49:08.299Z") } - { "count" : 1.0 } - 1 - 10/4/2012 1:49:08 PM
{ "createdDate" : ISODate("2012-10-04T06:49:08.361Z") } - { "count" : 1.0 } - 1 - 10/4/2012 1:49:08 PM
{ "createdDate" : ISODate("2012-10-04T06:49:08.408Z") } - { "count" : 1.0 } - 1 - 10/4/2012 1:49:08 PM
{ "createdDate" : ISODate("2012-10-04T06:49:08.455Z") } - { "count" : 1.0 } - 1 - 10/4/2012 1:49:08 PM
{ "createdDate" : ISODate("2012-10-04T06:49:08.502Z") } - { "count" : 1.0 } - 1 - 10/4/2012 1:49:08 PM
{ "createdDate" : ISODate("2012-10-04T06:49:08.549Z") } - { "count" : 1.0 } - 1 - 10/4/2012 1:49:08 PM
{ "createdDate" : ISODate("2012-10-04T06:49:30.924Z") } - { "count" : 1.0 } - 1 - 10/4/2012 1:49:30 PM
{ "createdDate" : ISODate("2012-10-04T06:49:30.97Z") } - { "count" : 1.0 } - 1 - 10/4/2012 1:49:30 PM
{ "createdDate" : ISODate("2012-10-04T06:49:31.017Z") } - { "count" : 1.0 } - 1 - 10/4/2012 1:49:31 PM
{ "createdDate" : ISODate("2012-10-04T06:49:31.08Z") } - { "count" : 1.0 } - 1 - 10/4/2012 1:49:31 PM
{ "createdDate" : ISODate("2012-10-04T06:49:31.127Z") } - { "count" : 1.0 } - 1 - 10/4/2012 1:49:31 PM
{ "createdDate" : ISODate("2012-10-04T06:49:31.174Z") } - { "count" : 1.0 } - 1 - 10/4/2012 1:49:31 PM
{ "createdDate" : ISODate("2012-10-04T06:49:31.22Z") } - { "count" : 1.0 } - 1 - 10/4/2012 1:49:31 PM
{ "createdDate" : ISODate("2012-10-04T06:49:31.267Z") } - { "count" : 1.0 } - 1 - 10/4/2012 1:49:31 PM
{ "createdDate" : ISODate("2012-10-04T06:49:31.33Z") } - { "count" : 1.0 } - 1 - 10/4/2012 1:49:31 PM
{ "createdDate" : ISODate("2012-10-04T06:49:31.377Z") } - { "count" : 1.0 } - 1 - 10/4/2012 1:49:31 PM
{ "createdDate" : ISODate("2012-10-04T06:49:31.424Z") } - { "count" : 1.0 } - 1 - 10/4/2012 1:49:31 PM
{ "createdDate" : ISODate("2012-10-04T06:49:35.533Z") } - { "count" : 1.0 } - 1 - 10/4/2012 1:49:35 PM
{ "createdDate" : ISODate("2012-10-04T06:49:35.705Z") } - { "count" : 1.0 } - 1 - 10/4/2012 1:49:35 PM
{ "createdDate" : ISODate("2012-10-04T06:49:35.83Z") } - { "count" : 1.0 } - 1 - 10/4/2012 1:49:35 PM
{ "createdDate" : ISODate("2012-10-04T06:49:35.939Z") } - { "count" : 1.0 } - 1 - 10/4/2012 1:49:35 PM
{ "createdDate" : ISODate("2012-10-04T06:49:36.111Z") } - { "count" : 1.0 } - 1 - 10/4/2012 1:49:36 PM
{ "createdDate" : ISODate("2012-10-04T06:49:36.236Z") } - { "count" : 1.0 } - 1 - 10/4/2012 1:49:36 PM
{ "createdDate" : ISODate("2012-10-04T06:49:36.345Z") } - { "count" : 1.0 } - 1 - 10/4/2012 1:49:36 PM
{ "createdDate" : ISODate("2012-10-04T06:49:36.424Z") } - { "count" : 1.0 } - 1 - 10/4/2012 1:49:36 PM
{ "createdDate" : ISODate("2012-10-04T06:49:36.752Z") } - { "count" : 1.0 } - 1 - 10/4/2012 1:49:36 PM
{ "createdDate" : ISODate("2012-10-04T06:49:36.908Z") } - { "count" : 1.0 } - 1 - 10/4/2012 1:49:36 PM
{ "createdDate" : ISODate("2012-10-04T06:49:36.97Z") } - { "count" : 1.0 } - 1 - 10/4/2012 1:49:36 PM
{ "createdDate" : ISODate("2012-10-04T06:49:39.892Z") } - { "count" : 1.0 } - 1 - 10/4/2012 1:49:39 PM
{ "createdDate" : ISODate("2012-10-04T06:49:39.939Z") } - { "count" : 1.0 } - 1 - 10/4/2012 1:49:39 PM
{ "createdDate" : ISODate("2012-10-04T06:49:39.986Z") } - { "count" : 1.0 } - 1 - 10/4/2012 1:49:39 PM
{ "createdDate" : ISODate("2012-10-04T06:49:40.033Z") } - { "count" : 1.0 } - 1 - 10/4/2012 1:49:40 PM
{ "createdDate" : ISODate("2012-10-04T06:49:40.08Z") } - { "count" : 1.0 } - 1 - 10/4/2012 1:49:40 PM
{ "createdDate" : ISODate("2012-10-04T06:49:40.127Z") } - { "count" : 1.0 } - 1 - 10/4/2012 1:49:40 PM
{ "createdDate" : ISODate("2012-10-04T06:49:40.174Z") } - { "count" : 1.0 } - 1 - 10/4/2012 1:49:40 PM
{ "createdDate" : ISODate("2012-10-04T06:49:40.236Z") } - { "count" : 1.0 } - 1 - 10/4/2012 1:49:40 PM
{ "createdDate" : ISODate("2012-10-04T06:49:40.283Z") } - { "count" : 1.0 } - 1 - 10/4/2012 1:49:40 PM
{ "createdDate" : ISODate("2012-10-04T06:49:40.439Z") } - { "count" : 1.0 } - 1 - 10/4/2012 1:49:40 PM
{ "createdDate" : ISODate("2012-10-04T06:49:40.486Z") } - { "count" : 1.0 } - 1 - 10/4/2012 1:49:40 PM
{ "createdDate" : ISODate("2012-10-04T06:49:43.377Z") } - { "count" : 1.0 } - 1 - 10/4/2012 1:49:43 PM
{ "createdDate" : ISODate("2012-10-04T06:49:43.424Z") } - { "count" : 1.0 } - 1 - 10/4/2012 1:49:43 PM
{ "createdDate" : ISODate("2012-10-04T06:49:43.502Z") } - { "count" : 1.0 } - 1 - 10/4/2012 1:49:43 PM
{ "createdDate" : ISODate("2012-10-04T06:49:43.549Z") } - { "count" : 1.0 } - 1 - 10/4/2012 1:49:43 PM
{ "createdDate" : ISODate("2012-10-04T06:49:43.595Z") } - { "count" : 1.0 } - 1 - 10/4/2012 1:49:43 PM
{ "createdDate" : ISODate("2012-10-04T06:49:43.658Z") } - { "count" : 1.0 } - 1 - 10/4/2012 1:49:43 PM
{ "createdDate" : ISODate("2012-10-04T06:49:43.705Z") } - { "count" : 1.0 } - 1 - 10/4/2012 1:49:43 PM
{ "createdDate" : ISODate("2012-10-04T06:49:43.752Z") } - { "count" : 1.0 } - 1 - 10/4/2012 1:49:43 PM
{ "createdDate" : ISODate("2012-10-04T06:49:43.799Z") } - { "count" : 1.0 } - 1 - 10/4/2012 1:49:43 PM
{ "createdDate" : ISODate("2012-10-04T06:49:43.861Z") } - { "count" : 1.0 } - 1 - 10/4/2012 1:49:43 PM
{ "createdDate" : ISODate("2012-10-04T06:49:43.908Z") } - { "count" : 1.0 } - 1 - 10/4/2012 1:49:43 PM
{ "createdDate" : ISODate("2012-10-04T06:49:47.377Z") } - { "count" : 1.0 } - 1 - 10/4/2012 1:49:47 PM
{ "createdDate" : ISODate("2012-10-04T06:49:47.439Z") } - { "count" : 1.0 } - 1 - 10/4/2012 1:49:47 PM
{ "createdDate" : ISODate("2012-10-04T06:49:47.486Z") } - { "count" : 1.0 } - 1 - 10/4/2012 1:49:47 PM
{ "createdDate" : ISODate("2012-10-04T06:49:47.549Z") } - { "count" : 1.0 } - 1 - 10/4/2012 1:49:47 PM
{ "createdDate" : ISODate("2012-10-04T06:49:47.611Z") } - { "count" : 1.0 } - 1 - 10/4/2012 1:49:47 PM
{ "createdDate" : ISODate("2012-10-04T06:49:47.658Z") } - { "count" : 1.0 } - 1 - 10/4/2012 1:49:47 PM
{ "createdDate" : ISODate("2012-10-04T06:49:47.72Z") } - { "count" : 1.0 } - 1 - 10/4/2012 1:49:47 PM
{ "createdDate" : ISODate("2012-10-04T06:49:47.783Z") } - { "count" : 1.0 } - 1 - 10/4/2012 1:49:47 PM
{ "createdDate" : ISODate("2012-10-04T06:49:47.845Z") } - { "count" : 1.0 } - 1 - 10/4/2012 1:49:47 PM
{ "createdDate" : ISODate("2012-10-04T06:49:47.892Z") } - { "count" : 1.0 } - 1 - 10/4/2012 1:49:47 PM
{ "createdDate" : ISODate("2012-10-04T06:49:47.939Z") } - { "count" : 1.0 } - 1 - 10/4/2012 1:49:47 PM
{ "createdDate" : ISODate("2012-10-04T06:49:51.377Z") } - { "count" : 1.0 } - 1 - 10/4/2012 1:49:51 PM
{ "createdDate" : ISODate("2012-10-04T06:49:51.439Z") } - { "count" : 1.0 } - 1 - 10/4/2012 1:49:51 PM
{ "createdDate" : ISODate("2012-10-04T06:49:51.486Z") } - { "count" : 1.0 } - 1 - 10/4/2012 1:49:51 PM
{ "createdDate" : ISODate("2012-10-04T06:49:51.549Z") } - { "count" : 1.0 } - 1 - 10/4/2012 1:49:51 PM
{ "createdDate" : ISODate("2012-10-04T06:49:51.595Z") } - { "count" : 1.0 } - 1 - 10/4/2012 1:49:51 PM
{ "createdDate" : ISODate("2012-10-04T06:49:51.642Z") } - { "count" : 1.0 } - 1 - 10/4/2012 1:49:51 PM
{ "createdDate" : ISODate("2012-10-04T06:49:51.689Z") } - { "count" : 1.0 } - 1 - 10/4/2012 1:49:51 PM
{ "createdDate" : ISODate("2012-10-04T06:49:51.752Z") } - { "count" : 1.0 } - 1 - 10/4/2012 1:49:51 PM
{ "createdDate" : ISODate("2012-10-04T06:49:51.799Z") } - { "count" : 1.0 } - 1 - 10/4/2012 1:49:51 PM
{ "createdDate" : ISODate("2012-10-04T06:49:51.845Z") } - { "count" : 1.0 } - 1 - 10/4/2012 1:49:51 PM
{ "createdDate" : ISODate("2012-10-04T06:49:51.908Z") } - { "count" : 1.0 } - 1 - 10/4/2012 1:49:51 PM
{ "createdDate" : ISODate("2012-10-04T06:49:55.377Z") } - { "count" : 1.0 } - 1 - 10/4/2012 1:49:55 PM
{ "createdDate" : ISODate("2012-10-04T06:49:55.439Z") } - { "count" : 1.0 } - 1 - 10/4/2012 1:49:55 PM
{ "createdDate" : ISODate("2012-10-04T06:49:55.486Z") } - { "count" : 1.0 } - 1 - 10/4/2012 1:49:55 PM
{ "createdDate" : ISODate("2012-10-04T06:49:55.533Z") } - { "count" : 1.0 } - 1 - 10/4/2012 1:49:55 PM
{ "createdDate" : ISODate("2012-10-04T06:49:55.595Z") } - { "count" : 1.0 } - 1 - 10/4/2012 1:49:55 PM
{ "createdDate" : ISODate("2012-10-04T06:49:55.642Z") } - { "count" : 1.0 } - 1 - 10/4/2012 1:49:55 PM
{ "createdDate" : ISODate("2012-10-04T06:49:55.689Z") } - { "count" : 1.0 } - 1 - 10/4/2012 1:49:55 PM
{ "createdDate" : ISODate("2012-10-04T06:49:55.736Z") } - { "count" : 1.0 } - 1 - 10/4/2012 1:49:55 PM
{ "createdDate" : ISODate("2012-10-04T06:49:55.799Z") } - { "count" : 1.0 } - 1 - 10/4/2012 1:49:55 PM
{ "createdDate" : ISODate("2012-10-04T06:49:55.845Z") } - { "count" : 1.0 } - 1 - 10/4/2012 1:49:55 PM
{ "createdDate" : ISODate("2012-10-04T06:49:55.892Z") } - { "count" : 1.0 } - 1 - 10/4/2012 1:49:55 PM
{ "createdDate" : ISODate("2012-10-04T06:49:59.377Z") } - { "count" : 1.0 } - 1 - 10/4/2012 1:49:59 PM
{ "createdDate" : ISODate("2012-10-04T06:49:59.439Z") } - { "count" : 1.0 } - 1 - 10/4/2012 1:49:59 PM
{ "createdDate" : ISODate("2012-10-04T06:49:59.486Z") } - { "count" : 1.0 } - 1 - 10/4/2012 1:49:59 PM
{ "createdDate" : ISODate("2012-10-04T06:49:59.533Z") } - { "count" : 1.0 } - 1 - 10/4/2012 1:49:59 PM
{ "createdDate" : ISODate("2012-10-04T06:49:59.58Z") } - { "count" : 1.0 } - 1 - 10/4/2012 1:49:59 PM
{ "createdDate" : ISODate("2012-10-04T06:49:59.642Z") } - { "count" : 1.0 } - 1 - 10/4/2012 1:49:59 PM
{ "createdDate" : ISODate("2012-10-04T06:49:59.689Z") } - { "count" : 1.0 } - 1 - 10/4/2012 1:49:59 PM
{ "createdDate" : ISODate("2012-10-04T06:49:59.736Z") } - { "count" : 1.0 } - 1 - 10/4/2012 1:49:59 PM
{ "createdDate" : ISODate("2012-10-04T06:49:59.783Z") } - { "count" : 1.0 } - 1 - 10/4/2012 1:49:59 PM
{ "createdDate" : ISODate("2012-10-04T06:49:59.845Z") } - { "count" : 1.0 } - 1 - 10/4/2012 1:49:59 PM
{ "createdDate" : ISODate("2012-10-04T06:49:59.892Z") } - { "count" : 1.0 } - 1 - 10/4/2012 1:49:59 PM
{ "createdDate" : ISODate("2012-10-04T06:50:03.392Z") } - { "count" : 1.0 } - 1 - 10/4/2012 1:50:03 PM
{ "createdDate" : ISODate("2012-10-04T06:50:03.455Z") } - { "count" : 1.0 } - 1 - 10/4/2012 1:50:03 PM
{ "createdDate" : ISODate("2012-10-04T06:50:03.502Z") } - { "count" : 1.0 } - 1 - 10/4/2012 1:50:03 PM
{ "createdDate" : ISODate("2012-10-04T06:50:03.549Z") } - { "count" : 1.0 } - 1 - 10/4/2012 1:50:03 PM
{ "createdDate" : ISODate("2012-10-04T06:50:03.595Z") } - { "count" : 1.0 } - 1 - 10/4/2012 1:50:03 PM
{ "createdDate" : ISODate("2012-10-04T06:50:03.658Z") } - { "count" : 1.0 } - 1 - 10/4/2012 1:50:03 PM
{ "createdDate" : ISODate("2012-10-04T06:50:03.705Z") } - { "count" : 1.0 } - 1 - 10/4/2012 1:50:03 PM
{ "createdDate" : ISODate("2012-10-04T06:50:03.752Z") } - { "count" : 1.0 } - 1 - 10/4/2012 1:50:03 PM
{ "createdDate" : ISODate("2012-10-04T06:50:03.799Z") } - { "count" : 1.0 } - 1 - 10/4/2012 1:50:03 PM
{ "createdDate" : ISODate("2012-10-04T06:50:03.845Z") } - { "count" : 1.0 } - 1 - 10/4/2012 1:50:03 PM
{ "createdDate" : ISODate("2012-10-04T06:50:03.908Z") } - { "count" : 1.0 } - 1 - 10/4/2012 1:50:03 PM
{ "createdDate" : ISODate("2012-10-04T06:50:07.392Z") } - { "count" : 1.0 } - 1 - 10/4/2012 1:50:07 PM
{ "createdDate" : ISODate("2012-10-04T06:50:07.439Z") } - { "count" : 1.0 } - 1 - 10/4/2012 1:50:07 PM
{ "createdDate" : ISODate("2012-10-04T06:50:07.517Z") } - { "count" : 1.0 } - 1 - 10/4/2012 1:50:07 PM
{ "createdDate" : ISODate("2012-10-04T06:50:07.564Z") } - { "count" : 1.0 } - 1 - 10/4/2012 1:50:07 PM
{ "createdDate" : ISODate("2012-10-04T06:50:07.611Z") } - { "count" : 1.0 } - 1 - 10/4/2012 1:50:07 PM
{ "createdDate" : ISODate("2012-10-04T06:50:07.658Z") } - { "count" : 1.0 } - 1 - 10/4/2012 1:50:07 PM
{ "createdDate" : ISODate("2012-10-04T06:50:07.72Z") } - { "count" : 1.0 } - 1 - 10/4/2012 1:50:07 PM
{ "createdDate" : ISODate("2012-10-04T06:50:07.783Z") } - { "count" : 1.0 } - 1 - 10/4/2012 1:50:07 PM
{ "createdDate" : ISODate("2012-10-04T06:50:07.861Z") } - { "count" : 1.0 } - 1 - 10/4/2012 1:50:07 PM
{ "createdDate" : ISODate("2012-10-04T06:50:07.908Z") } - { "count" : 1.0 } - 1 - 10/4/2012 1:50:07 PM
{ "createdDate" : ISODate("2012-10-04T06:50:07.97Z") } - { "count" : 1.0 } - 1 - 10/4/2012 1:50:07 PM
{ "createdDate" : ISODate("2012-10-04T06:50:11.377Z") } - { "count" : 1.0 } - 1 - 10/4/2012 1:50:11 PM
{ "createdDate" : ISODate("2012-10-04T06:50:11.424Z") } - { "count" : 1.0 } - 1 - 10/4/2012 1:50:11 PM
{ "createdDate" : ISODate("2012-10-04T06:50:11.47Z") } - { "count" : 1.0 } - 1 - 10/4/2012 1:50:11 PM
{ "createdDate" : ISODate("2012-10-04T06:50:11.533Z") } - { "count" : 1.0 } - 1 - 10/4/2012 1:50:11 PM
{ "createdDate" : ISODate("2012-10-04T06:50:11.58Z") } - { "count" : 1.0 } - 1 - 10/4/2012 1:50:11 PM
{ "createdDate" : ISODate("2012-10-04T06:50:11.627Z") } - { "count" : 1.0 } - 1 - 10/4/2012 1:50:11 PM
{ "createdDate" : ISODate("2012-10-04T06:50:11.689Z") } - { "count" : 1.0 } - 1 - 10/4/2012 1:50:11 PM
{ "createdDate" : ISODate("2012-10-04T06:50:11.736Z") } - { "count" : 1.0 } - 1 - 10/4/2012 1:50:11 PM
{ "createdDate" : ISODate("2012-10-04T06:50:11.783Z") } - { "count" : 1.0 } - 1 - 10/4/2012 1:50:11 PM
{ "createdDate" : ISODate("2012-10-04T06:50:11.83Z") } - { "count" : 1.0 } - 1 - 10/4/2012 1:50:11 PM
{ "createdDate" : ISODate("2012-10-04T06:50:11.877Z") } - { "count" : 1.0 } - 1 - 10/4/2012 1:50:11 PM
{ "createdDate" : ISODate("2012-10-04T06:50:16.392Z") } - { "count" : 1.0 } - 1 - 10/4/2012 1:50:16 PM
{ "createdDate" : ISODate("2012-10-04T06:50:16.439Z") } - { "count" : 1.0 } - 1 - 10/4/2012 1:50:16 PM
{ "createdDate" : ISODate("2012-10-04T06:50:16.502Z") } - { "count" : 1.0 } - 1 - 10/4/2012 1:50:16 PM
{ "createdDate" : ISODate("2012-10-04T06:50:16.549Z") } - { "count" : 1.0 } - 1 - 10/4/2012 1:50:16 PM
{ "createdDate" : ISODate("2012-10-04T06:50:16.595Z") } - { "count" : 1.0 } - 1 - 10/4/2012 1:50:16 PM
{ "createdDate" : ISODate("2012-10-04T06:50:16.658Z") } - { "count" : 1.0 } - 1 - 10/4/2012 1:50:16 PM
{ "createdDate" : ISODate("2012-10-04T06:50:16.689Z") } - { "count" : 1.0 } - 1 - 10/4/2012 1:50:16 PM
{ "createdDate" : ISODate("2012-10-04T06:50:16.736Z") } - { "count" : 1.0 } - 1 - 10/4/2012 1:50:16 PM
{ "createdDate" : ISODate("2012-10-04T06:50:16.783Z") } - { "count" : 1.0 } - 1 - 10/4/2012 1:50:16 PM
{ "createdDate" : ISODate("2012-10-04T06:50:16.83Z") } - { "count" : 1.0 } - 1 - 10/4/2012 1:50:16 PM
{ "createdDate" : ISODate("2012-10-04T06:50:16.877Z") } - { "count" : 1.0 } - 1 - 10/4/2012 1:50:16 PM
{ "createdDate" : ISODate("2012-10-04T06:50:19.377Z") } - { "count" : 1.0 } - 1 - 10/4/2012 1:50:19 PM
{ "createdDate" : ISODate("2012-10-04T06:50:19.424Z") } - { "count" : 1.0 } - 1 - 10/4/2012 1:50:19 PM
{ "createdDate" : ISODate("2012-10-04T06:50:19.47Z") } - { "count" : 1.0 } - 1 - 10/4/2012 1:50:19 PM
{ "createdDate" : ISODate("2012-10-04T06:50:19.517Z") } - { "count" : 1.0 } - 1 - 10/4/2012 1:50:19 PM
{ "createdDate" : ISODate("2012-10-04T06:50:19.564Z") } - { "count" : 1.0 } - 1 - 10/4/2012 1:50:19 PM
{ "createdDate" : ISODate("2012-10-04T06:50:19.627Z") } - { "count" : 1.0 } - 1 - 10/4/2012 1:50:19 PM
{ "createdDate" : ISODate("2012-10-04T06:50:19.705Z") } - { "count" : 1.0 } - 1 - 10/4/2012 1:50:19 PM
{ "createdDate" : ISODate("2012-10-04T06:50:19.767Z") } - { "count" : 1.0 } - 1 - 10/4/2012 1:50:19 PM
{ "createdDate" : ISODate("2012-10-04T06:50:19.814Z") } - { "count" : 1.0 } - 1 - 10/4/2012 1:50:19 PM
{ "createdDate" : ISODate("2012-10-04T06:50:19.877Z") } - { "count" : 1.0 } - 1 - 10/4/2012 1:50:19 PM
{ "createdDate" : ISODate("2012-10-04T06:50:19.939Z") } - { "count" : 1.0 } - 1 - 10/4/2012 1:50:19 PM
{ "createdDate" : ISODate("2012-10-04T06:50:23.392Z") } - { "count" : 1.0 } - 1 - 10/4/2012 1:50:23 PM
{ "createdDate" : ISODate("2012-10-04T06:50:23.439Z") } - { "count" : 1.0 } - 1 - 10/4/2012 1:50:23 PM
{ "createdDate" : ISODate("2012-10-04T06:50:23.502Z") } - { "count" : 1.0 } - 1 - 10/4/2012 1:50:23 PM
{ "createdDate" : ISODate("2012-10-04T06:50:23.549Z") } - { "count" : 1.0 } - 1 - 10/4/2012 1:50:23 PM
{ "createdDate" : ISODate("2012-10-04T06:50:23.595Z") } - { "count" : 1.0 } - 1 - 10/4/2012 1:50:23 PM
{ "createdDate" : ISODate("2012-10-04T06:50:23.658Z") } - { "count" : 1.0 } - 1 - 10/4/2012 1:50:23 PM
{ "createdDate" : ISODate("2012-10-04T06:50:23.705Z") } - { "count" : 1.0 } - 1 - 10/4/2012 1:50:23 PM
{ "createdDate" : ISODate("2012-10-04T06:50:23.752Z") } - { "count" : 1.0 } - 1 - 10/4/2012 1:50:23 PM
{ "createdDate" : ISODate("2012-10-04T06:50:23.814Z") } - { "count" : 1.0 } - 1 - 10/4/2012 1:50:23 PM
{ "createdDate" : ISODate("2012-10-04T06:50:23.861Z") } - { "count" : 1.0 } - 1 - 10/4/2012 1:50:23 PM
{ "createdDate" : ISODate("2012-10-04T06:50:23.908Z") } - { "count" : 1.0 } - 1 - 10/4/2012 1:50:23 PM
{ "createdDate" : ISODate("2012-10-04T06:50:27.377Z") } - { "count" : 1.0 } - 1 - 10/4/2012 1:50:27 PM
{ "createdDate" : ISODate("2012-10-04T06:50:27.439Z") } - { "count" : 1.0 } - 1 - 10/4/2012 1:50:27 PM
{ "createdDate" : ISODate("2012-10-04T06:50:27.486Z") } - { "count" : 1.0 } - 1 - 10/4/2012 1:50:27 PM
{ "createdDate" : ISODate("2012-10-04T06:50:27.533Z") } - { "count" : 1.0 } - 1 - 10/4/2012 1:50:27 PM
{ "createdDate" : ISODate("2012-10-04T06:50:27.58Z") } - { "count" : 1.0 } - 1 - 10/4/2012 1:50:27 PM
{ "createdDate" : ISODate("2012-10-04T06:50:27.642Z") } - { "count" : 1.0 } - 1 - 10/4/2012 1:50:27 PM
{ "createdDate" : ISODate("2012-10-04T06:50:27.689Z") } - { "count" : 1.0 } - 1 - 10/4/2012 1:50:27 PM
{ "createdDate" : ISODate("2012-10-04T06:50:27.752Z") } - { "count" : 1.0 } - 1 - 10/4/2012 1:50:27 PM
{ "createdDate" : ISODate("2012-10-04T06:50:27.799Z") } - { "count" : 1.0 } - 1 - 10/4/2012 1:50:27 PM
{ "createdDate" : ISODate("2012-10-04T06:50:27.845Z") } - { "count" : 1.0 } - 1 - 10/4/2012 1:50:27 PM
{ "createdDate" : ISODate("2012-10-04T06:50:27.908Z") } - { "count" : 1.0 } - 1 - 10/4/2012 1:50:27 PM
{ "createdDate" : ISODate("2012-10-04T06:50:31.377Z") } - { "count" : 1.0 } - 1 - 10/4/2012 1:50:31 PM
{ "createdDate" : ISODate("2012-10-04T06:50:31.439Z") } - { "count" : 1.0 } - 1 - 10/4/2012 1:50:31 PM
{ "createdDate" : ISODate("2012-10-04T06:50:31.486Z") } - { "count" : 1.0 } - 1 - 10/4/2012 1:50:31 PM
{ "createdDate" : ISODate("2012-10-04T06:50:31.533Z") } - { "count" : 1.0 } - 1 - 10/4/2012 1:50:31 PM
{ "createdDate" : ISODate("2012-10-04T06:50:31.58Z") } - { "count" : 1.0 } - 1 - 10/4/2012 1:50:31 PM
{ "createdDate" : ISODate("2012-10-04T06:50:31.642Z") } - { "count" : 1.0 } - 1 - 10/4/2012 1:50:31 PM
{ "createdDate" : ISODate("2012-10-04T06:50:31.689Z") } - { "count" : 1.0 } - 1 - 10/4/2012 1:50:31 PM
{ "createdDate" : ISODate("2012-10-04T06:50:31.736Z") } - { "count" : 1.0 } - 1 - 10/4/2012 1:50:31 PM
{ "createdDate" : ISODate("2012-10-04T06:50:31.783Z") } - { "count" : 1.0 } - 1 - 10/4/2012 1:50:31 PM
{ "createdDate" : ISODate("2012-10-04T06:50:31.83Z") } - { "count" : 1.0 } - 1 - 10/4/2012 1:50:31 PM
{ "createdDate" : ISODate("2012-10-04T06:50:31.877Z") } - { "count" : 1.0 } - 1 - 10/4/2012 1:50:31 PM
{ "createdDate" : ISODate("2012-10-04T06:50:35.392Z") } - { "count" : 1.0 } - 1 - 10/4/2012 1:50:35 PM
{ "createdDate" : ISODate("2012-10-04T06:50:35.439Z") } - { "count" : 1.0 } - 1 - 10/4/2012 1:50:35 PM
{ "createdDate" : ISODate("2012-10-04T06:50:35.486Z") } - { "count" : 1.0 } - 1 - 10/4/2012 1:50:35 PM
{ "createdDate" : ISODate("2012-10-04T06:50:35.533Z") } - { "count" : 1.0 } - 1 - 10/4/2012 1:50:35 PM
{ "createdDate" : ISODate("2012-10-04T06:50:35.58Z") } - { "count" : 1.0 } - 1 - 10/4/2012 1:50:35 PM
{ "createdDate" : ISODate("2012-10-04T06:50:35.627Z") } - { "count" : 1.0 } - 1 - 10/4/2012 1:50:35 PM
{ "createdDate" : ISODate("2012-10-04T06:50:35.689Z") } - { "count" : 1.0 } - 1 - 10/4/2012 1:50:35 PM
{ "createdDate" : ISODate("2012-10-04T06:50:35.736Z") } - { "count" : 1.0 } - 1 - 10/4/2012 1:50:35 PM
{ "createdDate" : ISODate("2012-10-04T06:50:35.783Z") } - { "count" : 1.0 } - 1 - 10/4/2012 1:50:35 PM
{ "createdDate" : ISODate("2012-10-04T06:50:35.845Z") } - { "count" : 1.0 } - 1 - 10/4/2012 1:50:35 PM
{ "createdDate" : ISODate("2012-10-04T06:50:35.892Z") } - { "count" : 1.0 } - 1 - 10/4/2012 1:50:35 PM
{ "createdDate" : ISODate("2012-10-04T06:50:39.377Z") } - { "count" : 1.0 } - 1 - 10/4/2012 1:50:39 PM
{ "createdDate" : ISODate("2012-10-04T06:50:39.533Z") } - { "count" : 1.0 } - 1 - 10/4/2012 1:50:39 PM
{ "createdDate" : ISODate("2012-10-04T06:53:05.205Z") } - { "count" : 1.0 } - 1 - 10/4/2012 1:53:05 PM
{ "createdDate" : ISODate("2012-10-04T06:53:05.267Z") } - { "count" : 1.0 } - 1 - 10/4/2012 1:53:05 PM
{ "createdDate" : ISODate("2012-10-04T06:53:05.33Z") } - { "count" : 1.0 } - 1 - 10/4/2012 1:53:05 PM
{ "createdDate" : ISODate("2012-10-04T06:53:05.392Z") } - { "count" : 1.0 } - 1 - 10/4/2012 1:53:05 PM
{ "createdDate" : ISODate("2012-10-04T06:53:05.439Z") } - { "count" : 1.0 } - 1 - 10/4/2012 1:53:05 PM
{ "createdDate" : ISODate("2012-10-04T06:53:05.486Z") } - { "count" : 1.0 } - 1 - 10/4/2012 1:53:05 PM
{ "createdDate" : ISODate("2012-10-04T06:53:05.533Z") } - { "count" : 1.0 } - 1 - 10/4/2012 1:53:05 PM
{ "createdDate" : ISODate("2012-10-04T06:53:05.58Z") } - { "count" : 1.0 } - 1 - 10/4/2012 1:53:05 PM
{ "createdDate" : ISODate("2012-10-04T06:53:05.642Z") } - { "count" : 1.0 } - 1 - 10/4/2012 1:53:05 PM
{ "createdDate" : ISODate("2012-10-04T06:53:05.689Z") } - { "count" : 1.0 } - 1 - 10/4/2012 1:53:05 PM
{ "createdDate" : ISODate("2012-10-04T06:53:05.752Z") } - { "count" : 1.0 } - 1 - 10/4/2012 1:53:05 PM
{ "createdDate" : ISODate("2012-10-04T06:53:25.595Z") } - { "count" : 1.0 } - 1 - 10/4/2012 1:53:25 PM
{ "createdDate" : ISODate("2012-10-04T06:53:25.814Z") } - { "count" : 1.0 } - 1 - 10/4/2012 1:53:25 PM
{ "createdDate" : ISODate("2012-10-04T06:53:25.861Z") } - { "count" : 1.0 } - 1 - 10/4/2012 1:53:25 PM
{ "createdDate" : ISODate("2012-10-04T06:53:26.064Z") } - { "count" : 1.0 } - 1 - 10/4/2012 1:53:26 PM
{ "createdDate" : ISODate("2012-10-04T06:53:26.111Z") } - { "count" : 1.0 } - 1 - 10/4/2012 1:53:26 PM
{ "createdDate" : ISODate("2012-10-04T06:53:26.142Z") } - { "count" : 1.0 } - 1 - 10/4/2012 1:53:26 PM
{ "createdDate" : ISODate("2012-10-04T06:53:26.189Z") } - { "count" : 1.0 } - 1 - 10/4/2012 1:53:26 PM
{ "createdDate" : ISODate("2012-10-04T06:53:26.236Z") } - { "count" : 1.0 } - 1 - 10/4/2012 1:53:26 PM
{ "createdDate" : ISODate("2012-10-04T06:53:26.283Z") } - { "count" : 1.0 } - 1 - 10/4/2012 1:53:26 PM
{ "createdDate" : ISODate("2012-10-04T06:53:26.33Z") } - { "count" : 1.0 } - 1 - 10/4/2012 1:53:26 PM
{ "createdDate" : ISODate("2012-10-04T06:53:26.377Z") } - { "count" : 1.0 } - 1 - 10/4/2012 1:53:26 PM
{ "createdDate" : ISODate("2012-10-04T06:53:29.767Z") } - { "count" : 1.0 } - 1 - 10/4/2012 1:53:29 PM
{ "createdDate" : ISODate("2012-10-04T06:53:29.892Z") } - { "count" : 1.0 } - 1 - 10/4/2012 1:53:29 PM
{ "createdDate" : ISODate("2012-10-04T06:53:29.97Z") } - { "count" : 1.0 } - 1 - 10/4/2012 1:53:29 PM
{ "createdDate" : ISODate("2012-10-04T06:53:30.033Z") } - { "count" : 1.0 } - 1 - 10/4/2012 1:53:30 PM
{ "createdDate" : ISODate("2012-10-04T06:53:30.127Z") } - { "count" : 1.0 } - 1 - 10/4/2012 1:53:30 PM
{ "createdDate" : ISODate("2012-10-04T06:53:30.189Z") } - { "count" : 1.0 } - 1 - 10/4/2012 1:53:30 PM
{ "createdDate" : ISODate("2012-10-04T06:53:30.283Z") } - { "count" : 1.0 } - 1 - 10/4/2012 1:53:30 PM
{ "createdDate" : ISODate("2012-10-04T06:53:30.345Z") } - { "count" : 1.0 } - 1 - 10/4/2012 1:53:30 PM
{ "createdDate" : ISODate("2012-10-04T06:53:30.408Z") } - { "count" : 1.0 } - 1 - 10/4/2012 1:53:30 PM
{ "createdDate" : ISODate("2012-10-04T06:53:30.47Z") } - { "count" : 1.0 } - 1 - 10/4/2012 1:53:30 PM
{ "createdDate" : ISODate("2012-10-04T06:53:30.549Z") } - { "count" : 1.0 } - 1 - 10/4/2012 1:53:30 PM
{ "createdDate" : ISODate("2012-10-04T06:53:34.314Z") } - { "count" : 1.0 } - 1 - 10/4/2012 1:53:34 PM
{ "createdDate" : ISODate("2012-10-04T06:53:34.392Z") } - { "count" : 1.0 } - 1 - 10/4/2012 1:53:34 PM
{ "createdDate" : ISODate("2012-10-04T06:53:34.455Z") } - { "count" : 1.0 } - 1 - 10/4/2012 1:53:34 PM
{ "createdDate" : ISODate("2012-10-04T06:53:34.611Z") } - { "count" : 1.0 } - 1 - 10/4/2012 1:53:34 PM
{ "createdDate" : ISODate("2012-10-04T06:53:34.689Z") } - { "count" : 1.0 } - 1 - 10/4/2012 1:53:34 PM
{ "createdDate" : ISODate("2012-10-04T06:53:34.736Z") } - { "count" : 1.0 } - 1 - 10/4/2012 1:53:34 PM
{ "createdDate" : ISODate("2012-10-04T06:53:34.799Z") } - { "count" : 1.0 } - 1 - 10/4/2012 1:53:34 PM
{ "createdDate" : ISODate("2012-10-04T06:53:35.017Z") } - { "count" : 1.0 } - 1 - 10/4/2012 1:53:35 PM
{ "createdDate" : ISODate("2012-10-04T06:53:35.22Z") } - { "count" : 1.0 } - 1 - 10/4/2012 1:53:35 PM
{ "createdDate" : ISODate("2012-10-04T06:53:35.299Z") } - { "count" : 1.0 } - 1 - 10/4/2012 1:53:35 PM
{ "createdDate" : ISODate("2012-10-04T06:53:35.455Z") } - { "count" : 1.0 } - 1 - 10/4/2012 1:53:35 PM
{ "createdDate" : ISODate("2012-10-04T06:53:37.767Z") } - { "count" : 1.0 } - 1 - 10/4/2012 1:53:37 PM
{ "createdDate" : ISODate("2012-10-04T06:53:37.83Z") } - { "count" : 1.0 } - 1 - 10/4/2012 1:53:37 PM
{ "createdDate" : ISODate("2012-10-04T06:53:37.924Z") } - { "count" : 1.0 } - 1 - 10/4/2012 1:53:37 PM
{ "createdDate" : ISODate("2012-10-04T06:53:37.986Z") } - { "count" : 1.0 } - 1 - 10/4/2012 1:53:37 PM
{ "createdDate" : ISODate("2012-10-04T06:53:38.033Z") } - { "count" : 1.0 } - 1 - 10/4/2012 1:53:38 PM
{ "createdDate" : ISODate("2012-10-04T06:53:38.095Z") } - { "count" : 1.0 } - 1 - 10/4/2012 1:53:38 PM
{ "createdDate" : ISODate("2012-10-04T06:53:38.142Z") } - { "count" : 1.0 } - 1 - 10/4/2012 1:53:38 PM
{ "createdDate" : ISODate("2012-10-04T06:53:38.189Z") } - { "count" : 1.0 } - 1 - 10/4/2012 1:53:38 PM
{ "createdDate" : ISODate("2012-10-04T06:53:38.252Z") } - { "count" : 1.0 } - 1 - 10/4/2012 1:53:38 PM
{ "createdDate" : ISODate("2012-10-04T06:53:38.299Z") } - { "count" : 1.0 } - 1 - 10/4/2012 1:53:38 PM
{ "createdDate" : ISODate("2012-10-04T06:53:38.361Z") } - { "count" : 1.0 } - 1 - 10/4/2012 1:53:38 PM
{ "createdDate" : ISODate("2012-10-04T06:53:41.72Z") } - { "count" : 1.0 } - 1 - 10/4/2012 1:53:41 PM
{ "createdDate" : ISODate("2012-10-04T06:53:41.767Z") } - { "count" : 1.0 } - 1 - 10/4/2012 1:53:41 PM
{ "createdDate" : ISODate("2012-10-04T06:53:41.814Z") } - { "count" : 1.0 } - 1 - 10/4/2012 1:53:41 PM
{ "createdDate" : ISODate("2012-10-04T06:53:41.861Z") } - { "count" : 1.0 } - 1 - 10/4/2012 1:53:41 PM
{ "createdDate" : ISODate("2012-10-04T06:53:41.924Z") } - { "count" : 1.0 } - 1 - 10/4/2012 1:53:41 PM
{ "createdDate" : ISODate("2012-10-04T06:53:41.97Z") } - { "count" : 1.0 } - 1 - 10/4/2012 1:53:41 PM
{ "createdDate" : ISODate("2012-10-04T06:53:42.017Z") } - { "count" : 1.0 } - 1 - 10/4/2012 1:53:42 PM
{ "createdDate" : ISODate("2012-10-04T06:53:42.064Z") } - { "count" : 1.0 } - 1 - 10/4/2012 1:53:42 PM
{ "createdDate" : ISODate("2012-10-04T06:53:42.111Z") } - { "count" : 1.0 } - 1 - 10/4/2012 1:53:42 PM
{ "createdDate" : ISODate("2012-10-04T06:53:42.158Z") } - { "count" : 1.0 } - 1 - 10/4/2012 1:53:42 PM
{ "createdDate" : ISODate("2012-10-04T06:53:42.205Z") } - { "count" : 1.0 } - 1 - 10/4/2012 1:53:42 PM
{ "createdDate" : ISODate("2012-10-04T06:53:46.189Z") } - { "count" : 1.0 } - 1 - 10/4/2012 1:53:46 PM
{ "createdDate" : ISODate("2012-10-04T06:53:46.236Z") } - { "count" : 1.0 } - 1 - 10/4/2012 1:53:46 PM
{ "createdDate" : ISODate("2012-10-04T06:53:46.283Z") } - { "count" : 1.0 } - 1 - 10/4/2012 1:53:46 PM
{ "createdDate" : ISODate("2012-10-04T06:53:46.33Z") } - { "count" : 1.0 } - 1 - 10/4/2012 1:53:46 PM
{ "createdDate" : ISODate("2012-10-04T06:53:46.392Z") } - { "count" : 1.0 } - 1 - 10/4/2012 1:53:46 PM
{ "createdDate" : ISODate("2012-10-04T06:53:46.439Z") } - { "count" : 1.0 } - 1 - 10/4/2012 1:53:46 PM
{ "createdDate" : ISODate("2012-10-04T06:53:46.486Z") } - { "count" : 1.0 } - 1 - 10/4/2012 1:53:46 PM
{ "createdDate" : ISODate("2012-10-04T06:53:46.517Z") } - { "count" : 1.0 } - 1 - 10/4/2012 1:53:46 PM
{ "createdDate" : ISODate("2012-10-04T06:53:46.564Z") } - { "count" : 1.0 } - 1 - 10/4/2012 1:53:46 PM
{ "createdDate" : ISODate("2012-10-04T06:53:46.627Z") } - { "count" : 1.0 } - 1 - 10/4/2012 1:53:46 PM
{ "createdDate" : ISODate("2012-10-04T06:53:46.674Z") } - { "count" : 1.0 } - 1 - 10/4/2012 1:53:46 PM
{ "createdDate" : ISODate("2012-10-04T06:53:54.533Z") } - { "count" : 1.0 } - 1 - 10/4/2012 1:53:54 PM
{ "createdDate" : ISODate("2012-10-04T06:53:54.611Z") } - { "count" : 1.0 } - 1 - 10/4/2012 1:53:54 PM
{ "createdDate" : ISODate("2012-10-04T06:53:54.705Z") } - { "count" : 1.0 } - 1 - 10/4/2012 1:53:54 PM
{ "createdDate" : ISODate("2012-10-04T06:53:54.861Z") } - { "count" : 1.0 } - 1 - 10/4/2012 1:53:54 PM
{ "createdDate" : ISODate("2012-10-04T06:53:55.049Z") } - { "count" : 1.0 } - 1 - 10/4/2012 1:53:55 PM
{ "createdDate" : ISODate("2012-10-04T06:53:55.345Z") } - { "count" : 1.0 } - 1 - 10/4/2012 1:53:55 PM
{ "createdDate" : ISODate("2012-10-04T06:53:55.705Z") } - { "count" : 1.0 } - 1 - 10/4/2012 1:53:55 PM
{ "createdDate" : ISODate("2012-10-04T06:53:55.986Z") } - { "count" : 1.0 } - 1 - 10/4/2012 1:53:55 PM
{ "createdDate" : ISODate("2012-10-04T06:53:56.127Z") } - { "count" : 1.0 } - 1 - 10/4/2012 1:53:56 PM
{ "createdDate" : ISODate("2012-10-04T06:53:56.877Z") } - { "count" : 1.0 } - 1 - 10/4/2012 1:53:56 PM
{ "createdDate" : ISODate("2012-10-04T06:53:57.205Z") } - { "count" : 1.0 } - 1 - 10/4/2012 1:53:57 PM
{ "createdDate" : ISODate("2012-10-04T06:54:02.049Z") } - { "count" : 1.0 } - 1 - 10/4/2012 1:54:02 PM
{ "createdDate" : ISODate("2012-10-04T06:54:02.095Z") } - { "count" : 1.0 } - 1 - 10/4/2012 1:54:02 PM
{ "createdDate" : ISODate("2012-10-04T06:54:02.158Z") } - { "count" : 1.0 } - 1 - 10/4/2012 1:54:02 PM
{ "createdDate" : ISODate("2012-10-04T06:54:02.22Z") } - { "count" : 1.0 } - 1 - 10/4/2012 1:54:02 PM
{ "createdDate" : ISODate("2012-10-04T06:54:02.267Z") } - { "count" : 1.0 } - 1 - 10/4/2012 1:54:02 PM
{ "createdDate" : ISODate("2012-10-04T06:54:02.33Z") } - { "count" : 1.0 } - 1 - 10/4/2012 1:54:02 PM
{ "createdDate" : ISODate("2012-10-04T06:54:02.377Z") } - { "count" : 1.0 } - 1 - 10/4/2012 1:54:02 PM
{ "createdDate" : ISODate("2012-10-04T06:54:02.424Z") } - { "count" : 1.0 } - 1 - 10/4/2012 1:54:02 PM
{ "createdDate" : ISODate("2012-10-04T06:54:02.47Z") } - { "count" : 1.0 } - 1 - 10/4/2012 1:54:02 PM
{ "createdDate" : ISODate("2012-10-04T06:54:02.533Z") } - { "count" : 1.0 } - 1 - 10/4/2012 1:54:02 PM
{ "createdDate" : ISODate("2012-10-04T06:54:02.595Z") } - { "count" : 1.0 } - 1 - 10/4/2012 1:54:02 PM
{ "createdDate" : ISODate("2012-10-04T06:54:03.705Z") } - { "count" : 1.0 } - 1 - 10/4/2012 1:54:03 PM
{ "createdDate" : ISODate("2012-10-04T06:54:03.767Z") } - { "count" : 1.0 } - 1 - 10/4/2012 1:54:03 PM
{ "createdDate" : ISODate("2012-10-04T06:54:03.814Z") } - { "count" : 1.0 } - 1 - 10/4/2012 1:54:03 PM
{ "createdDate" : ISODate("2012-10-04T06:54:03.861Z") } - { "count" : 1.0 } - 1 - 10/4/2012 1:54:03 PM
{ "createdDate" : ISODate("2012-10-04T06:54:03.908Z") } - { "count" : 1.0 } - 1 - 10/4/2012 1:54:03 PM
{ "createdDate" : ISODate("2012-10-04T06:54:03.955Z") } - { "count" : 1.0 } - 1 - 10/4/2012 1:54:03 PM
{ "createdDate" : ISODate("2012-10-04T06:54:04.002Z") } - { "count" : 1.0 } - 1 - 10/4/2012 1:54:04 PM
{ "createdDate" : ISODate("2012-10-04T06:54:04.049Z") } - { "count" : 1.0 } - 1 - 10/4/2012 1:54:04 PM
{ "createdDate" : ISODate("2012-10-04T06:54:04.095Z") } - { "count" : 1.0 } - 1 - 10/4/2012 1:54:04 PM
{ "createdDate" : ISODate("2012-10-04T06:54:04.142Z") } - { "count" : 1.0 } - 1 - 10/4/2012 1:54:04 PM
{ "createdDate" : ISODate("2012-10-04T06:54:04.189Z") } - { "count" : 1.0 } - 1 - 10/4/2012 1:54:04 PM
{ "createdDate" : ISODate("2012-10-04T06:54:05.033Z") } - { "count" : 1.0 } - 1 - 10/4/2012 1:54:05 PM
{ "createdDate" : ISODate("2012-10-04T06:54:05.095Z") } - { "count" : 1.0 } - 1 - 10/4/2012 1:54:05 PM
{ "createdDate" : ISODate("2012-10-04T06:54:05.142Z") } - { "count" : 1.0 } - 1 - 10/4/2012 1:54:05 PM
{ "createdDate" : ISODate("2012-10-04T06:54:05.205Z") } - { "count" : 1.0 } - 1 - 10/4/2012 1:54:05 PM
{ "createdDate" : ISODate("2012-10-04T06:54:05.252Z") } - { "count" : 1.0 } - 1 - 10/4/2012 1:54:05 PM
{ "createdDate" : ISODate("2012-10-04T06:54:05.314Z") } - { "count" : 1.0 } - 1 - 10/4/2012 1:54:05 PM
{ "createdDate" : ISODate("2012-10-04T06:54:05.361Z") } - { "count" : 1.0 } - 1 - 10/4/2012 1:54:05 PM
{ "createdDate" : ISODate("2012-10-04T06:54:05.424Z") } - { "count" : 1.0 } - 1 - 10/4/2012 1:54:05 PM
{ "createdDate" : ISODate("2012-10-04T06:54:05.47Z") } - { "count" : 1.0 } - 1 - 10/4/2012 1:54:05 PM
{ "createdDate" : ISODate("2012-10-04T06:54:05.533Z") } - { "count" : 1.0 } - 1 - 10/4/2012 1:54:05 PM
{ "createdDate" : ISODate("2012-10-04T06:54:05.58Z") } - { "count" : 1.0 } - 1 - 10/4/2012 1:54:05 PM
{ "createdDate" : ISODate("2012-10-04T06:54:09.611Z") } - { "count" : 1.0 } - 1 - 10/4/2012 1:54:09 PM
{ "createdDate" : ISODate("2012-10-04T06:54:09.658Z") } - { "count" : 1.0 } - 1 - 10/4/2012 1:54:09 PM
{ "createdDate" : ISODate("2012-10-04T06:54:09.705Z") } - { "count" : 1.0 } - 1 - 10/4/2012 1:54:09 PM
{ "createdDate" : ISODate("2012-10-04T06:54:09.752Z") } - { "count" : 1.0 } - 1 - 10/4/2012 1:54:09 PM
{ "createdDate" : ISODate("2012-10-04T06:54:09.799Z") } - { "count" : 1.0 } - 1 - 10/4/2012 1:54:09 PM
{ "createdDate" : ISODate("2012-10-04T06:54:09.845Z") } - { "count" : 1.0 } - 1 - 10/4/2012 1:54:09 PM
{ "createdDate" : ISODate("2012-10-04T06:54:09.892Z") } - { "count" : 1.0 } - 1 - 10/4/2012 1:54:09 PM
{ "createdDate" : ISODate("2012-10-04T06:54:09.986Z") } - { "count" : 1.0 } - 1 - 10/4/2012 1:54:09 PM
{ "createdDate" : ISODate("2012-10-04T06:54:10.08Z") } - { "count" : 1.0 } - 1 - 10/4/2012 1:54:10 PM
{ "createdDate" : ISODate("2012-10-04T06:54:10.142Z") } - { "count" : 1.0 } - 1 - 10/4/2012 1:54:10 PM
{ "createdDate" : ISODate("2012-10-04T06:54:10.205Z") } - { "count" : 1.0 } - 1 - 10/4/2012 1:54:10 PM
{ "createdDate" : ISODate("2012-10-04T06:54:13.095Z") } - { "count" : 1.0 } - 1 - 10/4/2012 1:54:13 PM
{ "createdDate" : ISODate("2012-10-04T06:54:13.252Z") } - { "count" : 1.0 } - 1 - 10/4/2012 1:54:13 PM
{ "createdDate" : ISODate("2012-10-04T06:54:13.377Z") } - { "count" : 1.0 } - 1 - 10/4/2012 1:54:13 PM
{ "createdDate" : ISODate("2012-10-04T06:54:13.517Z") } - { "count" : 1.0 } - 1 - 10/4/2012 1:54:13 PM
{ "createdDate" : ISODate("2012-10-04T06:54:13.642Z") } - { "count" : 1.0 } - 1 - 10/4/2012 1:54:13 PM
{ "createdDate" : ISODate("2012-10-04T06:54:13.752Z") } - { "count" : 1.0 } - 1 - 10/4/2012 1:54:13 PM
{ "createdDate" : ISODate("2012-10-04T06:54:13.877Z") } - { "count" : 1.0 } - 1 - 10/4/2012 1:54:13 PM
{ "createdDate" : ISODate("2012-10-04T06:54:14.174Z") } - { "count" : 1.0 } - 1 - 10/4/2012 1:54:14 PM
{ "createdDate" : ISODate("2012-10-04T06:54:14.377Z") } - { "count" : 1.0 } - 1 - 10/4/2012 1:54:14 PM
{ "createdDate" : ISODate("2012-10-04T06:54:14.486Z") } - { "count" : 1.0 } - 1 - 10/4/2012 1:54:14 PM
{ "createdDate" : ISODate("2012-10-04T06:54:14.642Z") } - { "count" : 1.0 } - 1 - 10/4/2012 1:54:14 PM
{ "createdDate" : ISODate("2012-10-04T06:54:15.408Z") } - { "count" : 1.0 } - 1 - 10/4/2012 1:54:15 PM
{ "createdDate" : ISODate("2012-10-04T06:54:15.533Z") } - { "count" : 1.0 } - 1 - 10/4/2012 1:54:15 PM
{ "createdDate" : ISODate("2012-10-04T06:54:15.627Z") } - { "count" : 1.0 } - 1 - 10/4/2012 1:54:15 PM
{ "createdDate" : ISODate("2012-10-04T06:54:15.705Z") } - { "count" : 1.0 } - 1 - 10/4/2012 1:54:15 PM
{ "createdDate" : ISODate("2012-10-04T06:54:15.767Z") } - { "count" : 1.0 } - 1 - 10/4/2012 1:54:15 PM
{ "createdDate" : ISODate("2012-10-04T06:54:15.861Z") } - { "count" : 1.0 } - 1 - 10/4/2012 1:54:15 PM
{ "createdDate" : ISODate("2012-10-04T06:54:15.924Z") } - { "count" : 1.0 } - 1 - 10/4/2012 1:54:15 PM
{ "createdDate" : ISODate("2012-10-04T06:54:15.97Z") } - { "count" : 1.0 } - 1 - 10/4/2012 1:54:15 PM
{ "createdDate" : ISODate("2012-10-04T06:54:16.033Z") } - { "count" : 1.0 } - 1 - 10/4/2012 1:54:16 PM
{ "createdDate" : ISODate("2012-10-04T06:54:16.111Z") } - { "count" : 1.0 } - 1 - 10/4/2012 1:54:16 PM
{ "createdDate" : ISODate("2012-10-04T06:54:16.158Z") } - { "count" : 1.0 } - 1 - 10/4/2012 1:54:16 PM
{ "createdDate" : ISODate("2012-10-04T06:54:18.939Z") } - { "count" : 1.0 } - 1 - 10/4/2012 1:54:18 PM
{ "createdDate" : ISODate("2012-10-04T06:54:18.986Z") } - { "count" : 1.0 } - 1 - 10/4/2012 1:54:18 PM
{ "createdDate" : ISODate("2012-10-04T06:54:19.049Z") } - { "count" : 1.0 } - 1 - 10/4/2012 1:54:19 PM
{ "createdDate" : ISODate("2012-10-04T06:54:19.095Z") } - { "count" : 1.0 } - 1 - 10/4/2012 1:54:19 PM
{ "createdDate" : ISODate("2012-10-04T06:54:19.142Z") } - { "count" : 1.0 } - 1 - 10/4/2012 1:54:19 PM
{ "createdDate" : ISODate("2012-10-04T06:54:19.267Z") } - { "count" : 1.0 } - 1 - 10/4/2012 1:54:19 PM
{ "createdDate" : ISODate("2012-10-04T06:54:19.377Z") } - { "count" : 1.0 } - 1 - 10/4/2012 1:54:19 PM
{ "createdDate" : ISODate("2012-10-04T06:54:19.502Z") } - { "count" : 1.0 } - 1 - 10/4/2012 1:54:19 PM
{ "createdDate" : ISODate("2012-10-04T06:54:19.595Z") } - { "count" : 1.0 } - 1 - 10/4/2012 1:54:19 PM
{ "createdDate" : ISODate("2012-10-04T06:54:19.658Z") } - { "count" : 1.0 } - 1 - 10/4/2012 1:54:19 PM
{ "createdDate" : ISODate("2012-10-04T06:54:19.752Z") } - { "count" : 1.0 } - 1 - 10/4/2012 1:54:19 PM
{ "createdDate" : ISODate("2012-10-04T06:54:23.908Z") } - { "count" : 1.0 } - 1 - 10/4/2012 1:54:23 PM
{ "createdDate" : ISODate("2012-10-04T06:54:23.955Z") } - { "count" : 1.0 } - 1 - 10/4/2012 1:54:23 PM
{ "createdDate" : ISODate("2012-10-04T06:54:24.002Z") } - { "count" : 1.0 } - 1 - 10/4/2012 1:54:24 PM
{ "createdDate" : ISODate("2012-10-04T06:54:24.049Z") } - { "count" : 1.0 } - 1 - 10/4/2012 1:54:24 PM
{ "createdDate" : ISODate("2012-10-04T06:54:24.095Z") } - { "count" : 1.0 } - 1 - 10/4/2012 1:54:24 PM
{ "createdDate" : ISODate("2012-10-04T06:54:24.174Z") } - { "count" : 1.0 } - 1 - 10/4/2012 1:54:24 PM
{ "createdDate" : ISODate("2012-10-04T06:54:24.252Z") } - { "count" : 1.0 } - 1 - 10/4/2012 1:54:24 PM
{ "createdDate" : ISODate("2012-10-04T06:54:24.392Z") } - { "count" : 1.0 } - 1 - 10/4/2012 1:54:24 PM
{ "createdDate" : ISODate("2012-10-04T06:54:24.58Z") } - { "count" : 1.0 } - 1 - 10/4/2012 1:54:24 PM
{ "createdDate" : ISODate("2012-10-04T06:54:24.658Z") } - { "count" : 1.0 } - 1 - 10/4/2012 1:54:24 PM
{ "createdDate" : ISODate("2012-10-04T06:54:24.72Z") } - { "count" : 1.0 } - 1 - 10/4/2012 1:54:24 PM
{ "createdDate" : ISODate("2012-10-04T06:54:26.486Z") } - { "count" : 1.0 } - 1 - 10/4/2012 1:54:26 PM
{ "createdDate" : ISODate("2012-10-04T06:54:26.564Z") } - { "count" : 1.0 } - 1 - 10/4/2012 1:54:26 PM
{ "createdDate" : ISODate("2012-10-04T06:54:26.658Z") } - { "count" : 1.0 } - 1 - 10/4/2012 1:54:26 PM
{ "createdDate" : ISODate("2012-10-04T06:54:26.72Z") } - { "count" : 1.0 } - 1 - 10/4/2012 1:54:26 PM
{ "createdDate" : ISODate("2012-10-04T06:54:26.783Z") } - { "count" : 1.0 } - 1 - 10/4/2012 1:54:26 PM
{ "createdDate" : ISODate("2012-10-04T06:54:26.877Z") } - { "count" : 1.0 } - 1 - 10/4/2012 1:54:26 PM
{ "createdDate" : ISODate("2012-10-04T06:54:26.955Z") } - { "count" : 1.0 } - 1 - 10/4/2012 1:54:26 PM
{ "createdDate" : ISODate("2012-10-04T06:54:27.017Z") } - { "count" : 1.0 } - 1 - 10/4/2012 1:54:27 PM
{ "createdDate" : ISODate("2012-10-04T06:54:27.08Z") } - { "count" : 1.0 } - 1 - 10/4/2012 1:54:27 PM
{ "createdDate" : ISODate("2012-10-04T06:54:27.158Z") } - { "count" : 1.0 } - 1 - 10/4/2012 1:54:27 PM
{ "createdDate" : ISODate("2012-10-04T06:54:27.236Z") } - { "count" : 1.0 } - 1 - 10/4/2012 1:54:27 PM
{ "createdDate" : ISODate("2012-10-04T06:54:33.392Z") } - { "count" : 1.0 } - 1 - 10/4/2012 1:54:33 PM
{ "createdDate" : ISODate("2012-10-04T06:54:33.486Z") } - { "count" : 1.0 } - 1 - 10/4/2012 1:54:33 PM
{ "createdDate" : ISODate("2012-10-04T06:54:33.549Z") } - { "count" : 1.0 } - 1 - 10/4/2012 1:54:33 PM
{ "createdDate" : ISODate("2012-10-04T06:54:33.627Z") } - { "count" : 1.0 } - 1 - 10/4/2012 1:54:33 PM
{ "createdDate" : ISODate("2012-10-04T06:54:33.72Z") } - { "count" : 1.0 } - 1 - 10/4/2012 1:54:33 PM
{ "createdDate" : ISODate("2012-10-04T06:54:33.814Z") } - { "count" : 1.0 } - 1 - 10/4/2012 1:54:33 PM
{ "createdDate" : ISODate("2012-10-04T06:54:33.877Z") } - { "count" : 1.0 } - 1 - 10/4/2012 1:54:33 PM
{ "createdDate" : ISODate("2012-10-04T06:54:33.955Z") } - { "count" : 1.0 } - 1 - 10/4/2012 1:54:33 PM
{ "createdDate" : ISODate("2012-10-04T06:54:34.033Z") } - { "count" : 1.0 } - 1 - 10/4/2012 1:54:34 PM
{ "createdDate" : ISODate("2012-10-04T06:54:34.111Z") } - { "count" : 1.0 } - 1 - 10/4/2012 1:54:34 PM
{ "createdDate" : ISODate("2012-10-04T06:54:34.205Z") } - { "count" : 1.0 } - 1 - 10/4/2012 1:54:34 PM
{ "createdDate" : ISODate("2012-10-04T06:54:36.189Z") } - { "count" : 1.0 } - 1 - 10/4/2012 1:54:36 PM
{ "createdDate" : ISODate("2012-10-04T06:54:36.252Z") } - { "count" : 1.0 } - 1 - 10/4/2012 1:54:36 PM
{ "createdDate" : ISODate("2012-10-04T06:54:36.314Z") } - { "count" : 1.0 } - 1 - 10/4/2012 1:54:36 PM
{ "createdDate" : ISODate("2012-10-04T06:54:36.377Z") } - { "count" : 1.0 } - 1 - 10/4/2012 1:54:36 PM
{ "createdDate" : ISODate("2012-10-04T06:54:36.424Z") } - { "count" : 1.0 } - 1 - 10/4/2012 1:54:36 PM
{ "createdDate" : ISODate("2012-10-04T06:54:36.486Z") } - { "count" : 1.0 } - 1 - 10/4/2012 1:54:36 PM
{ "createdDate" : ISODate("2012-10-04T06:54:36.533Z") } - { "count" : 1.0 } - 1 - 10/4/2012 1:54:36 PM
{ "createdDate" : ISODate("2012-10-04T06:54:36.595Z") } - { "count" : 1.0 } - 1 - 10/4/2012 1:54:36 PM
{ "createdDate" : ISODate("2012-10-04T06:54:36.658Z") } - { "count" : 1.0 } - 1 - 10/4/2012 1:54:36 PM
{ "createdDate" : ISODate("2012-10-04T06:54:36.736Z") } - { "count" : 1.0 } - 1 - 10/4/2012 1:54:36 PM
{ "createdDate" : ISODate("2012-10-04T06:54:36.783Z") } - { "count" : 1.0 } - 1 - 10/4/2012 1:54:36 PM
{ "createdDate" : ISODate("2012-10-04T06:55:55.549Z") } - { "count" : 1.0 } - 1 - 10/4/2012 1:55:55 PM
{ "createdDate" : ISODate("2012-10-04T06:55:55.595Z") } - { "count" : 1.0 } - 1 - 10/4/2012 1:55:55 PM
{ "createdDate" : ISODate("2012-10-04T06:55:55.783Z") } - { "count" : 1.0 } - 1 - 10/4/2012 1:55:55 PM
{ "createdDate" : ISODate("2012-10-04T06:55:55.83Z") } - { "count" : 1.0 } - 1 - 10/4/2012 1:55:55 PM
{ "createdDate" : ISODate("2012-10-04T06:55:55.877Z") } - { "count" : 1.0 } - 1 - 10/4/2012 1:55:55 PM
{ "createdDate" : ISODate("2012-10-04T06:55:55.924Z") } - { "count" : 1.0 } - 1 - 10/4/2012 1:55:55 PM
{ "createdDate" : ISODate("2012-10-04T06:55:55.986Z") } - { "count" : 1.0 } - 1 - 10/4/2012 1:55:55 PM
{ "createdDate" : ISODate("2012-10-04T06:55:56.033Z") } - { "count" : 1.0 } - 1 - 10/4/2012 1:55:56 PM
{ "createdDate" : ISODate("2012-10-04T06:55:56.095Z") } - { "count" : 1.0 } - 1 - 10/4/2012 1:55:56 PM
{ "createdDate" : ISODate("2012-10-04T06:55:56.158Z") } - { "count" : 1.0 } - 1 - 10/4/2012 1:55:56 PM
{ "createdDate" : ISODate("2012-10-04T06:55:56.205Z") } - { "count" : 1.0 } - 1 - 10/4/2012 1:55:56 PM
{ "createdDate" : ISODate("2012-10-04T06:56:18.486Z") } - { "count" : 1.0 } - 1 - 10/4/2012 1:56:18 PM
{ "createdDate" : ISODate("2012-10-04T06:56:18.533Z") } - { "count" : 1.0 } - 1 - 10/4/2012 1:56:18 PM
{ "createdDate" : ISODate("2012-10-04T06:56:18.595Z") } - { "count" : 1.0 } - 1 - 10/4/2012 1:56:18 PM
{ "createdDate" : ISODate("2012-10-04T06:56:18.658Z") } - { "count" : 1.0 } - 1 - 10/4/2012 1:56:18 PM
{ "createdDate" : ISODate("2012-10-04T06:56:18.72Z") } - { "count" : 1.0 } - 1 - 10/4/2012 1:56:18 PM
{ "createdDate" : ISODate("2012-10-04T06:56:18.799Z") } - { "count" : 1.0 } - 1 - 10/4/2012 1:56:18 PM
{ "createdDate" : ISODate("2012-10-04T06:56:18.892Z") } - { "count" : 1.0 } - 1 - 10/4/2012 1:56:18 PM
{ "createdDate" : ISODate("2012-10-04T06:56:18.955Z") } - { "count" : 1.0 } - 1 - 10/4/2012 1:56:18 PM
{ "createdDate" : ISODate("2012-10-04T06:56:19.033Z") } - { "count" : 1.0 } - 1 - 10/4/2012 1:56:19 PM
{ "createdDate" : ISODate("2012-10-04T06:56:19.095Z") } - { "count" : 1.0 } - 1 - 10/4/2012 1:56:19 PM
{ "createdDate" : ISODate("2012-10-04T06:56:19.158Z") } - { "count" : 1.0 } - 1 - 10/4/2012 1:56:19 PM
{ "createdDate" : ISODate("2012-10-04T06:56:22.502Z") } - { "count" : 1.0 } - 1 - 10/4/2012 1:56:22 PM
{ "createdDate" : ISODate("2012-10-04T06:56:22.595Z") } - { "count" : 1.0 } - 1 - 10/4/2012 1:56:22 PM
{ "createdDate" : ISODate("2012-10-04T06:56:22.658Z") } - { "count" : 1.0 } - 1 - 10/4/2012 1:56:22 PM
{ "createdDate" : ISODate("2012-10-04T06:56:22.736Z") } - { "count" : 1.0 } - 1 - 10/4/2012 1:56:22 PM
{ "createdDate" : ISODate("2012-10-04T06:56:22.783Z") } - { "count" : 1.0 } - 1 - 10/4/2012 1:56:22 PM
{ "createdDate" : ISODate("2012-10-04T06:56:22.892Z") } - { "count" : 1.0 } - 1 - 10/4/2012 1:56:22 PM
{ "createdDate" : ISODate("2012-10-04T06:56:22.955Z") } - { "count" : 1.0 } - 1 - 10/4/2012 1:56:22 PM
{ "createdDate" : ISODate("2012-10-04T06:56:23.002Z") } - { "count" : 1.0 } - 1 - 10/4/2012 1:56:23 PM
{ "createdDate" : ISODate("2012-10-04T06:56:23.064Z") } - { "count" : 1.0 } - 1 - 10/4/2012 1:56:23 PM
{ "createdDate" : ISODate("2012-10-04T06:56:23.111Z") } - { "count" : 1.0 } - 1 - 10/4/2012 1:56:23 PM
{ "createdDate" : ISODate("2012-10-04T06:56:23.174Z") } - { "count" : 1.0 } - 1 - 10/4/2012 1:56:23 PM
{ "createdDate" : ISODate("2012-10-04T06:56:27.595Z") } - { "count" : 1.0 } - 1 - 10/4/2012 1:56:27 PM
{ "createdDate" : ISODate("2012-10-04T06:56:27.689Z") } - { "count" : 1.0 } - 1 - 10/4/2012 1:56:27 PM
{ "createdDate" : ISODate("2012-10-04T06:56:27.752Z") } - { "count" : 1.0 } - 1 - 10/4/2012 1:56:27 PM
{ "createdDate" : ISODate("2012-10-04T06:56:27.814Z") } - { "count" : 1.0 } - 1 - 10/4/2012 1:56:27 PM
{ "createdDate" : ISODate("2012-10-04T06:56:27.877Z") } - { "count" : 1.0 } - 1 - 10/4/2012 1:56:27 PM
{ "createdDate" : ISODate("2012-10-04T06:56:27.939Z") } - { "count" : 1.0 } - 1 - 10/4/2012 1:56:27 PM
{ "createdDate" : ISODate("2012-10-04T06:56:28.017Z") } - { "count" : 1.0 } - 1 - 10/4/2012 1:56:28 PM
{ "createdDate" : ISODate("2012-10-04T06:56:28.08Z") } - { "count" : 1.0 } - 1 - 10/4/2012 1:56:28 PM
{ "createdDate" : ISODate("2012-10-04T06:56:28.127Z") } - { "count" : 1.0 } - 1 - 10/4/2012 1:56:28 PM
{ "createdDate" : ISODate("2012-10-04T06:56:28.174Z") } - { "count" : 1.0 } - 1 - 10/4/2012 1:56:28 PM
{ "createdDate" : ISODate("2012-10-04T06:56:28.22Z") } - { "count" : 1.0 } - 1 - 10/4/2012 1:56:28 PM
{ "createdDate" : ISODate("2012-10-04T06:56:30.533Z") } - { "count" : 1.0 } - 1 - 10/4/2012 1:56:30 PM
{ "createdDate" : ISODate("2012-10-04T06:56:30.595Z") } - { "count" : 1.0 } - 1 - 10/4/2012 1:56:30 PM
{ "createdDate" : ISODate("2012-10-04T06:56:30.642Z") } - { "count" : 1.0 } - 1 - 10/4/2012 1:56:30 PM
{ "createdDate" : ISODate("2012-10-04T06:56:30.72Z") } - { "count" : 1.0 } - 1 - 10/4/2012 1:56:30 PM
{ "createdDate" : ISODate("2012-10-04T06:56:30.783Z") } - { "count" : 1.0 } - 1 - 10/4/2012 1:56:30 PM
{ "createdDate" : ISODate("2012-10-04T06:56:30.83Z") } - { "count" : 1.0 } - 1 - 10/4/2012 1:56:30 PM
{ "createdDate" : ISODate("2012-10-04T06:56:30.892Z") } - { "count" : 1.0 } - 1 - 10/4/2012 1:56:30 PM
{ "createdDate" : ISODate("2012-10-04T06:56:30.955Z") } - { "count" : 1.0 } - 1 - 10/4/2012 1:56:30 PM
{ "createdDate" : ISODate("2012-10-04T06:56:31.002Z") } - { "count" : 1.0 } - 1 - 10/4/2012 1:56:31 PM
{ "createdDate" : ISODate("2012-10-04T06:56:31.064Z") } - { "count" : 1.0 } - 1 - 10/4/2012 1:56:31 PM
{ "createdDate" : ISODate("2012-10-04T06:56:31.127Z") } - { "count" : 1.0 } - 1 - 10/4/2012 1:56:31 PM
{ "createdDate" : ISODate("2012-10-04T06:56:34.47Z") } - { "count" : 1.0 } - 1 - 10/4/2012 1:56:34 PM
{ "createdDate" : ISODate("2012-10-04T06:56:34.533Z") } - { "count" : 1.0 } - 1 - 10/4/2012 1:56:34 PM
{ "createdDate" : ISODate("2012-10-04T06:56:34.595Z") } - { "count" : 1.0 } - 1 - 10/4/2012 1:56:34 PM
{ "createdDate" : ISODate("2012-10-04T06:56:34.658Z") } - { "count" : 1.0 } - 1 - 10/4/2012 1:56:34 PM
{ "createdDate" : ISODate("2012-10-04T06:56:34.705Z") } - { "count" : 1.0 } - 1 - 10/4/2012 1:56:34 PM
{ "createdDate" : ISODate("2012-10-04T06:56:34.767Z") } - { "count" : 1.0 } - 1 - 10/4/2012 1:56:34 PM
{ "createdDate" : ISODate("2012-10-04T06:56:34.814Z") } - { "count" : 1.0 } - 1 - 10/4/2012 1:56:34 PM
{ "createdDate" : ISODate("2012-10-04T06:56:34.877Z") } - { "count" : 1.0 } - 1 - 10/4/2012 1:56:34 PM
{ "createdDate" : ISODate("2012-10-04T06:56:34.939Z") } - { "count" : 1.0 } - 1 - 10/4/2012 1:56:34 PM
{ "createdDate" : ISODate("2012-10-04T06:56:35.002Z") } - { "count" : 1.0 } - 1 - 10/4/2012 1:56:35 PM
{ "createdDate" : ISODate("2012-10-04T06:56:35.049Z") } - { "count" : 1.0 } - 1 - 10/4/2012 1:56:35 PM
{ "createdDate" : ISODate("2012-10-04T06:56:40.189Z") } - { "count" : 1.0 } - 1 - 10/4/2012 1:56:40 PM
{ "createdDate" : ISODate("2012-10-04T06:56:40.439Z") } - { "count" : 1.0 } - 1 - 10/4/2012 1:56:40 PM
{ "createdDate" : ISODate("2012-10-04T06:56:40.533Z") } - { "count" : 1.0 } - 1 - 10/4/2012 1:56:40 PM
{ "createdDate" : ISODate("2012-10-04T06:56:40.642Z") } - { "count" : 1.0 } - 1 - 10/4/2012 1:56:40 PM
{ "createdDate" : ISODate("2012-10-04T06:56:40.72Z") } - { "count" : 1.0 } - 1 - 10/4/2012 1:56:40 PM
{ "createdDate" : ISODate("2012-10-04T06:56:40.799Z") } - { "count" : 1.0 } - 1 - 10/4/2012 1:56:40 PM
{ "createdDate" : ISODate("2012-10-04T06:56:40.861Z") } - { "count" : 1.0 } - 1 - 10/4/2012 1:56:40 PM
{ "createdDate" : ISODate("2012-10-04T06:56:40.908Z") } - { "count" : 1.0 } - 1 - 10/4/2012 1:56:40 PM
{ "createdDate" : ISODate("2012-10-04T06:56:40.955Z") } - { "count" : 1.0 } - 1 - 10/4/2012 1:56:40 PM
{ "createdDate" : ISODate("2012-10-04T06:56:41.002Z") } - { "count" : 1.0 } - 1 - 10/4/2012 1:56:41 PM
{ "createdDate" : ISODate("2012-10-04T06:56:41.049Z") } - { "count" : 1.0 } - 1 - 10/4/2012 1:56:41 PM
{ "createdDate" : ISODate("2012-10-04T06:56:43.627Z") } - { "count" : 1.0 } - 1 - 10/4/2012 1:56:43 PM
{ "createdDate" : ISODate("2012-10-04T06:56:43.705Z") } - { "count" : 1.0 } - 1 - 10/4/2012 1:56:43 PM
{ "createdDate" : ISODate("2012-10-04T06:56:43.767Z") } - { "count" : 1.0 } - 1 - 10/4/2012 1:56:43 PM
{ "createdDate" : ISODate("2012-10-04T06:56:43.845Z") } - { "count" : 1.0 } - 1 - 10/4/2012 1:56:43 PM
{ "createdDate" : ISODate("2012-10-04T06:56:43.908Z") } - { "count" : 1.0 } - 1 - 10/4/2012 1:56:43 PM
{ "createdDate" : ISODate("2012-10-04T06:56:43.97Z") } - { "count" : 1.0 } - 1 - 10/4/2012 1:56:43 PM
{ "createdDate" : ISODate("2012-10-04T06:56:44.033Z") } - { "count" : 1.0 } - 1 - 10/4/2012 1:56:44 PM
{ "createdDate" : ISODate("2012-10-04T06:56:44.095Z") } - { "count" : 1.0 } - 1 - 10/4/2012 1:56:44 PM
{ "createdDate" : ISODate("2012-10-04T06:56:44.205Z") } - { "count" : 1.0 } - 1 - 10/4/2012 1:56:44 PM
{ "createdDate" : ISODate("2012-10-04T06:56:44.267Z") } - { "count" : 1.0 } - 1 - 10/4/2012 1:56:44 PM
{ "createdDate" : ISODate("2012-10-04T06:56:44.33Z") } - { "count" : 1.0 } - 1 - 10/4/2012 1:56:44 PM
{ "createdDate" : ISODate("2012-10-04T06:56:48.642Z") } - { "count" : 1.0 } - 1 - 10/4/2012 1:56:48 PM
{ "createdDate" : ISODate("2012-10-04T06:56:48.689Z") } - { "count" : 1.0 } - 1 - 10/4/2012 1:56:48 PM
{ "createdDate" : ISODate("2012-10-04T06:56:48.752Z") } - { "count" : 1.0 } - 1 - 10/4/2012 1:56:48 PM
{ "createdDate" : ISODate("2012-10-04T06:56:48.783Z") } - { "count" : 1.0 } - 1 - 10/4/2012 1:56:48 PM
{ "createdDate" : ISODate("2012-10-04T06:56:48.845Z") } - { "count" : 1.0 } - 1 - 10/4/2012 1:56:48 PM
{ "createdDate" : ISODate("2012-10-04T06:56:48.892Z") } - { "count" : 1.0 } - 1 - 10/4/2012 1:56:48 PM
{ "createdDate" : ISODate("2012-10-04T06:56:48.939Z") } - { "count" : 1.0 } - 1 - 10/4/2012 1:56:48 PM
{ "createdDate" : ISODate("2012-10-04T06:56:48.986Z") } - { "count" : 1.0 } - 1 - 10/4/2012 1:56:48 PM
{ "createdDate" : ISODate("2012-10-04T06:56:49.033Z") } - { "count" : 1.0 } - 1 - 10/4/2012 1:56:49 PM
{ "createdDate" : ISODate("2012-10-04T06:56:49.08Z") } - { "count" : 1.0 } - 1 - 10/4/2012 1:56:49 PM
{ "createdDate" : ISODate("2012-10-04T06:56:49.142Z") } - { "count" : 1.0 } - 1 - 10/4/2012 1:56:49 PM
{ "createdDate" : ISODate("2012-10-04T06:56:52.111Z") } - { "count" : 1.0 } - 1 - 10/4/2012 1:56:52 PM
{ "createdDate" : ISODate("2012-10-04T06:56:52.189Z") } - { "count" : 1.0 } - 1 - 10/4/2012 1:56:52 PM
{ "createdDate" : ISODate("2012-10-04T06:56:52.252Z") } - { "count" : 1.0 } - 1 - 10/4/2012 1:56:52 PM
{ "createdDate" : ISODate("2012-10-04T06:56:52.299Z") } - { "count" : 1.0 } - 1 - 10/4/2012 1:56:52 PM
{ "createdDate" : ISODate("2012-10-04T06:56:52.345Z") } - { "count" : 1.0 } - 1 - 10/4/2012 1:56:52 PM
{ "createdDate" : ISODate("2012-10-04T06:56:52.408Z") } - { "count" : 1.0 } - 1 - 10/4/2012 1:56:52 PM
{ "createdDate" : ISODate("2012-10-04T06:56:52.455Z") } - { "count" : 1.0 } - 1 - 10/4/2012 1:56:52 PM
{ "createdDate" : ISODate("2012-10-04T06:56:52.502Z") } - { "count" : 1.0 } - 1 - 10/4/2012 1:56:52 PM
{ "createdDate" : ISODate("2012-10-04T06:56:52.58Z") } - { "count" : 1.0 } - 1 - 10/4/2012 1:56:52 PM
{ "createdDate" : ISODate("2012-10-04T06:56:52.642Z") } - { "count" : 1.0 } - 1 - 10/4/2012 1:56:52 PM
{ "createdDate" : ISODate("2012-10-04T06:56:52.705Z") } - { "count" : 1.0 } - 1 - 10/4/2012 1:56:52 PM
{ "createdDate" : ISODate("2012-10-04T06:56:55.642Z") } - { "count" : 1.0 } - 1 - 10/4/2012 1:56:55 PM
{ "createdDate" : ISODate("2012-10-04T06:56:55.689Z") } - { "count" : 1.0 } - 1 - 10/4/2012 1:56:55 PM
{ "createdDate" : ISODate("2012-10-04T06:56:55.752Z") } - { "count" : 1.0 } - 1 - 10/4/2012 1:56:55 PM
{ "createdDate" : ISODate("2012-10-04T06:56:55.799Z") } - { "count" : 1.0 } - 1 - 10/4/2012 1:56:55 PM
{ "createdDate" : ISODate("2012-10-04T06:56:55.845Z") } - { "count" : 1.0 } - 1 - 10/4/2012 1:56:55 PM
{ "createdDate" : ISODate("2012-10-04T06:56:55.892Z") } - { "count" : 1.0 } - 1 - 10/4/2012 1:56:55 PM
{ "createdDate" : ISODate("2012-10-04T06:56:55.939Z") } - { "count" : 1.0 } - 1 - 10/4/2012 1:56:55 PM
{ "createdDate" : ISODate("2012-10-04T06:56:56.002Z") } - { "count" : 1.0 } - 1 - 10/4/2012 1:56:56 PM
{ "createdDate" : ISODate("2012-10-04T06:56:56.049Z") } - { "count" : 1.0 } - 1 - 10/4/2012 1:56:56 PM
{ "createdDate" : ISODate("2012-10-04T06:56:56.111Z") } - { "count" : 1.0 } - 1 - 10/4/2012 1:56:56 PM
{ "createdDate" : ISODate("2012-10-04T06:56:56.174Z") } - { "count" : 1.0 } - 1 - 10/4/2012 1:56:56 PM
{ "createdDate" : ISODate("2012-10-04T06:56:59.611Z") } - { "count" : 1.0 } - 1 - 10/4/2012 1:56:59 PM
{ "createdDate" : ISODate("2012-10-04T06:56:59.674Z") } - { "count" : 1.0 } - 1 - 10/4/2012 1:56:59 PM
{ "createdDate" : ISODate("2012-10-04T06:56:59.736Z") } - { "count" : 1.0 } - 1 - 10/4/2012 1:56:59 PM
{ "createdDate" : ISODate("2012-10-04T06:56:59.799Z") } - { "count" : 1.0 } - 1 - 10/4/2012 1:56:59 PM
{ "createdDate" : ISODate("2012-10-04T06:56:59.877Z") } - { "count" : 1.0 } - 1 - 10/4/2012 1:56:59 PM
{ "createdDate" : ISODate("2012-10-04T06:56:59.939Z") } - { "count" : 1.0 } - 1 - 10/4/2012 1:56:59 PM
{ "createdDate" : ISODate("2012-10-04T06:57:00.002Z") } - { "count" : 1.0 } - 1 - 10/4/2012 1:57:00 PM
{ "createdDate" : ISODate("2012-10-04T06:57:00.08Z") } - { "count" : 1.0 } - 1 - 10/4/2012 1:57:00 PM
{ "createdDate" : ISODate("2012-10-04T06:57:00.174Z") } - { "count" : 1.0 } - 1 - 10/4/2012 1:57:00 PM
{ "createdDate" : ISODate("2012-10-04T06:57:00.314Z") } - { "count" : 1.0 } - 1 - 10/4/2012 1:57:00 PM
{ "createdDate" : ISODate("2012-10-04T06:57:00.392Z") } - { "count" : 1.0 } - 1 - 10/4/2012 1:57:00 PM
{ "createdDate" : ISODate("2012-10-04T06:57:03.595Z") } - { "count" : 1.0 } - 1 - 10/4/2012 1:57:03 PM
{ "createdDate" : ISODate("2012-10-04T06:57:03.658Z") } - { "count" : 1.0 } - 1 - 10/4/2012 1:57:03 PM
{ "createdDate" : ISODate("2012-10-04T06:57:03.705Z") } - { "count" : 1.0 } - 1 - 10/4/2012 1:57:03 PM
{ "createdDate" : ISODate("2012-10-04T06:57:03.767Z") } - { "count" : 1.0 } - 1 - 10/4/2012 1:57:03 PM
{ "createdDate" : ISODate("2012-10-04T06:57:03.814Z") } - { "count" : 1.0 } - 1 - 10/4/2012 1:57:03 PM
{ "createdDate" : ISODate("2012-10-04T06:57:03.877Z") } - { "count" : 1.0 } - 1 - 10/4/2012 1:57:03 PM
{ "createdDate" : ISODate("2012-10-04T06:57:03.924Z") } - { "count" : 1.0 } - 1 - 10/4/2012 1:57:03 PM
{ "createdDate" : ISODate("2012-10-04T06:57:04.002Z") } - { "count" : 1.0 } - 1 - 10/4/2012 1:57:04 PM
{ "createdDate" : ISODate("2012-10-04T06:57:04.064Z") } - { "count" : 1.0 } - 1 - 10/4/2012 1:57:04 PM
{ "createdDate" : ISODate("2012-10-04T06:57:04.111Z") } - { "count" : 1.0 } - 1 - 10/4/2012 1:57:04 PM
{ "createdDate" : ISODate("2012-10-04T06:57:04.189Z") } - { "count" : 1.0 } - 1 - 10/4/2012 1:57:04 PM
{ "createdDate" : ISODate("2012-10-04T06:57:07.611Z") } - { "count" : 1.0 } - 1 - 10/4/2012 1:57:07 PM
{ "createdDate" : ISODate("2012-10-04T06:57:07.658Z") } - { "count" : 1.0 } - 1 - 10/4/2012 1:57:07 PM
{ "createdDate" : ISODate("2012-10-04T06:57:07.72Z") } - { "count" : 1.0 } - 1 - 10/4/2012 1:57:07 PM
{ "createdDate" : ISODate("2012-10-04T06:57:07.767Z") } - { "count" : 1.0 } - 1 - 10/4/2012 1:57:07 PM
{ "createdDate" : ISODate("2012-10-04T06:57:07.83Z") } - { "count" : 1.0 } - 1 - 10/4/2012 1:57:07 PM
{ "createdDate" : ISODate("2012-10-04T06:57:07.892Z") } - { "count" : 1.0 } - 1 - 10/4/2012 1:57:07 PM
{ "createdDate" : ISODate("2012-10-04T06:57:07.939Z") } - { "count" : 1.0 } - 1 - 10/4/2012 1:57:07 PM
{ "createdDate" : ISODate("2012-10-04T06:57:08.002Z") } - { "count" : 1.0 } - 1 - 10/4/2012 1:57:08 PM
{ "createdDate" : ISODate("2012-10-04T06:57:08.049Z") } - { "count" : 1.0 } - 1 - 10/4/2012 1:57:08 PM
{ "createdDate" : ISODate("2012-10-04T06:57:08.111Z") } - { "count" : 1.0 } - 1 - 10/4/2012 1:57:08 PM
{ "createdDate" : ISODate("2012-10-04T06:57:08.158Z") } - { "count" : 1.0 } - 1 - 10/4/2012 1:57:08 PM
{ "createdDate" : ISODate("2012-10-04T06:57:11.611Z") } - { "count" : 1.0 } - 1 - 10/4/2012 1:57:11 PM
{ "createdDate" : ISODate("2012-10-04T06:57:11.674Z") } - { "count" : 1.0 } - 1 - 10/4/2012 1:57:11 PM
{ "createdDate" : ISODate("2012-10-04T06:57:11.736Z") } - { "count" : 1.0 } - 1 - 10/4/2012 1:57:11 PM
{ "createdDate" : ISODate("2012-10-04T06:57:11.799Z") } - { "count" : 1.0 } - 1 - 10/4/2012 1:57:11 PM
{ "createdDate" : ISODate("2012-10-04T06:57:11.877Z") } - { "count" : 1.0 } - 1 - 10/4/2012 1:57:11 PM
{ "createdDate" : ISODate("2012-10-04T06:57:12.017Z") } - { "count" : 1.0 } - 1 - 10/4/2012 1:57:12 PM
{ "createdDate" : ISODate("2012-10-04T06:57:12.095Z") } - { "count" : 1.0 } - 1 - 10/4/2012 1:57:12 PM
{ "createdDate" : ISODate("2012-10-04T06:57:12.158Z") } - { "count" : 1.0 } - 1 - 10/4/2012 1:57:12 PM
{ "createdDate" : ISODate("2012-10-04T06:57:12.252Z") } - { "count" : 1.0 } - 1 - 10/4/2012 1:57:12 PM
{ "createdDate" : ISODate("2012-10-04T06:57:12.314Z") } - { "count" : 1.0 } - 1 - 10/4/2012 1:57:12 PM
{ "createdDate" : ISODate("2012-10-04T06:57:12.377Z") } - { "count" : 1.0 } - 1 - 10/4/2012 1:57:12 PM
{ "createdDate" : ISODate("2012-10-04T06:57:15.611Z") } - { "count" : 1.0 } - 1 - 10/4/2012 1:57:15 PM
{ "createdDate" : ISODate("2012-10-04T06:57:15.689Z") } - { "count" : 1.0 } - 1 - 10/4/2012 1:57:15 PM
{ "createdDate" : ISODate("2012-10-04T06:57:15.767Z") } - { "count" : 1.0 } - 1 - 10/4/2012 1:57:15 PM
{ "createdDate" : ISODate("2012-10-04T06:57:15.845Z") } - { "count" : 1.0 } - 1 - 10/4/2012 1:57:15 PM
{ "createdDate" : ISODate("2012-10-04T06:57:15.892Z") } - { "count" : 1.0 } - 1 - 10/4/2012 1:57:15 PM
{ "createdDate" : ISODate("2012-10-04T06:57:15.955Z") } - { "count" : 1.0 } - 1 - 10/4/2012 1:57:15 PM
{ "createdDate" : ISODate("2012-10-04T06:57:16.017Z") } - { "count" : 1.0 } - 1 - 10/4/2012 1:57:16 PM
{ "createdDate" : ISODate("2012-10-04T06:57:16.095Z") } - { "count" : 1.0 } - 1 - 10/4/2012 1:57:16 PM
{ "createdDate" : ISODate("2012-10-04T06:57:16.158Z") } - { "count" : 1.0 } - 1 - 10/4/2012 1:57:16 PM
{ "createdDate" : ISODate("2012-10-04T06:57:16.267Z") } - { "count" : 1.0 } - 1 - 10/4/2012 1:57:16 PM
{ "createdDate" : ISODate("2012-10-04T06:57:16.377Z") } - { "count" : 1.0 } - 1 - 10/4/2012 1:57:16 PM
{ "createdDate" : ISODate("2012-10-04T06:57:20.174Z") } - { "count" : 1.0 } - 1 - 10/4/2012 1:57:20 PM
{ "createdDate" : ISODate("2012-10-04T06:57:20.236Z") } - { "count" : 1.0 } - 1 - 10/4/2012 1:57:20 PM
{ "createdDate" : ISODate("2012-10-04T06:57:20.314Z") } - { "count" : 1.0 } - 1 - 10/4/2012 1:57:20 PM
{ "createdDate" : ISODate("2012-10-04T06:57:20.392Z") } - { "count" : 1.0 } - 1 - 10/4/2012 1:57:20 PM
{ "createdDate" : ISODate("2012-10-04T06:57:20.439Z") } - { "count" : 1.0 } - 1 - 10/4/2012 1:57:20 PM
{ "createdDate" : ISODate("2012-10-04T06:57:20.486Z") } - { "count" : 1.0 } - 1 - 10/4/2012 1:57:20 PM
{ "createdDate" : ISODate("2012-10-04T06:57:20.533Z") } - { "count" : 1.0 } - 1 - 10/4/2012 1:57:20 PM
{ "createdDate" : ISODate("2012-10-04T06:57:20.595Z") } - { "count" : 1.0 } - 1 - 10/4/2012 1:57:20 PM
{ "createdDate" : ISODate("2012-10-04T06:57:20.642Z") } - { "count" : 1.0 } - 1 - 10/4/2012 1:57:20 PM
{ "createdDate" : ISODate("2012-10-04T06:57:20.689Z") } - { "count" : 1.0 } - 1 - 10/4/2012 1:57:20 PM
{ "createdDate" : ISODate("2012-10-04T06:57:20.736Z") } - { "count" : 1.0 } - 1 - 10/4/2012 1:57:20 PM
{ "createdDate" : ISODate("2012-10-04T06:57:23.658Z") } - { "count" : 1.0 } - 1 - 10/4/2012 1:57:23 PM
{ "createdDate" : ISODate("2012-10-04T06:57:23.72Z") } - { "count" : 1.0 } - 1 - 10/4/2012 1:57:23 PM
{ "createdDate" : ISODate("2012-10-04T06:57:23.799Z") } - { "count" : 1.0 } - 1 - 10/4/2012 1:57:23 PM
{ "createdDate" : ISODate("2012-10-04T06:57:23.861Z") } - { "count" : 1.0 } - 1 - 10/4/2012 1:57:23 PM
{ "createdDate" : ISODate("2012-10-04T06:57:23.924Z") } - { "count" : 1.0 } - 1 - 10/4/2012 1:57:23 PM
{ "createdDate" : ISODate("2012-10-04T06:57:24.017Z") } - { "count" : 1.0 } - 1 - 10/4/2012 1:57:24 PM
{ "createdDate" : ISODate("2012-10-04T06:57:24.08Z") } - { "count" : 1.0 } - 1 - 10/4/2012 1:57:24 PM
{ "createdDate" : ISODate("2012-10-04T06:57:24.158Z") } - { "count" : 1.0 } - 1 - 10/4/2012 1:57:24 PM
{ "createdDate" : ISODate("2012-10-04T06:57:24.252Z") } - { "count" : 1.0 } - 1 - 10/4/2012 1:57:24 PM
{ "createdDate" : ISODate("2012-10-04T06:57:24.345Z") } - { "count" : 1.0 } - 1 - 10/4/2012 1:57:24 PM
{ "createdDate" : ISODate("2012-10-04T06:57:24.424Z") } - { "count" : 1.0 } - 1 - 10/4/2012 1:57:24 PM
{ "createdDate" : ISODate("2012-10-04T07:06:01.33Z") } - { "count" : 1.0 } - 1 - 10/4/2012 2:06:01 PM
{ "createdDate" : ISODate("2012-10-04T07:06:01.486Z") } - { "count" : 1.0 } - 1 - 10/4/2012 2:06:01 PM
{ "createdDate" : ISODate("2012-10-04T07:06:01.549Z") } - { "count" : 1.0 } - 1 - 10/4/2012 2:06:01 PM
{ "createdDate" : ISODate("2012-10-04T07:06:01.595Z") } - { "count" : 1.0 } - 1 - 10/4/2012 2:06:01 PM
{ "createdDate" : ISODate("2012-10-04T07:06:01.642Z") } - { "count" : 1.0 } - 1 - 10/4/2012 2:06:01 PM
{ "createdDate" : ISODate("2012-10-04T07:06:01.705Z") } - { "count" : 1.0 } - 1 - 10/4/2012 2:06:01 PM
{ "createdDate" : ISODate("2012-10-04T07:06:01.752Z") } - { "count" : 1.0 } - 1 - 10/4/2012 2:06:01 PM
{ "createdDate" : ISODate("2012-10-04T07:06:01.799Z") } - { "count" : 1.0 } - 1 - 10/4/2012 2:06:01 PM
{ "createdDate" : ISODate("2012-10-04T07:06:01.845Z") } - { "count" : 1.0 } - 1 - 10/4/2012 2:06:01 PM
{ "createdDate" : ISODate("2012-10-04T07:06:01.892Z") } - { "count" : 1.0 } - 1 - 10/4/2012 2:06:01 PM
{ "createdDate" : ISODate("2012-10-04T07:06:01.939Z") } - { "count" : 1.0 } - 1 - 10/4/2012 2:06:01 PM
{ "createdDate" : ISODate("2012-10-04T07:10:45.064Z") } - { "count" : 1.0 } - 1 - 10/4/2012 2:10:45 PM
{ "createdDate" : ISODate("2012-10-04T07:10:45.267Z") } - { "count" : 1.0 } - 1 - 10/4/2012 2:10:45 PM
{ "createdDate" : ISODate("2012-10-04T07:10:45.502Z") } - { "count" : 1.0 } - 1 - 10/4/2012 2:10:45 PM
{ "createdDate" : ISODate("2012-10-04T07:10:45.705Z") } - { "count" : 1.0 } - 1 - 10/4/2012 2:10:45 PM
{ "createdDate" : ISODate("2012-10-04T07:10:46.142Z") } - { "count" : 1.0 } - 1 - 10/4/2012 2:10:46 PM
{ "createdDate" : ISODate("2012-10-04T07:10:46.189Z") } - { "count" : 1.0 } - 1 - 10/4/2012 2:10:46 PM
{ "createdDate" : ISODate("2012-10-04T07:10:46.392Z") } - { "count" : 1.0 } - 1 - 10/4/2012 2:10:46 PM
{ "createdDate" : ISODate("2012-10-04T07:10:46.455Z") } - { "count" : 1.0 } - 1 - 10/4/2012 2:10:46 PM
{ "createdDate" : ISODate("2012-10-04T07:10:46.595Z") } - { "count" : 1.0 } - 1 - 10/4/2012 2:10:46 PM
{ "createdDate" : ISODate("2012-10-04T07:10:46.72Z") } - { "count" : 1.0 } - 1 - 10/4/2012 2:10:46 PM
{ "createdDate" : ISODate("2012-10-04T07:10:46.767Z") } - { "count" : 1.0 } - 1 - 10/4/2012 2:10:46 PM
{ "createdDate" : ISODate("2012-10-04T07:11:21.408Z") } - { "count" : 1.0 } - 1 - 10/4/2012 2:11:21 PM
{ "createdDate" : ISODate("2012-10-04T07:11:21.533Z") } - { "count" : 1.0 } - 1 - 10/4/2012 2:11:21 PM
{ "createdDate" : ISODate("2012-10-04T07:11:21.595Z") } - { "count" : 1.0 } - 1 - 10/4/2012 2:11:21 PM
{ "createdDate" : ISODate("2012-10-04T07:11:21.674Z") } - { "count" : 1.0 } - 1 - 10/4/2012 2:11:21 PM
{ "createdDate" : ISODate("2012-10-04T07:11:21.72Z") } - { "count" : 1.0 } - 1 - 10/4/2012 2:11:21 PM
{ "createdDate" : ISODate("2012-10-04T07:11:21.767Z") } - { "count" : 1.0 } - 1 - 10/4/2012 2:11:21 PM
{ "createdDate" : ISODate("2012-10-04T07:11:21.814Z") } - { "count" : 1.0 } - 1 - 10/4/2012 2:11:21 PM
{ "createdDate" : ISODate("2012-10-04T07:11:21.861Z") } - { "count" : 1.0 } - 1 - 10/4/2012 2:11:21 PM
{ "createdDate" : ISODate("2012-10-04T07:11:21.908Z") } - { "count" : 1.0 } - 1 - 10/4/2012 2:11:21 PM
{ "createdDate" : ISODate("2012-10-04T07:11:21.955Z") } - { "count" : 1.0 } - 1 - 10/4/2012 2:11:21 PM
{ "createdDate" : ISODate("2012-10-04T07:11:22.002Z") } - { "count" : 1.0 } - 1 - 10/4/2012 2:11:22 PM
{ "createdDate" : ISODate("2012-10-04T07:11:23.939Z") } - { "count" : 1.0 } - 1 - 10/4/2012 2:11:23 PM
{ "createdDate" : ISODate("2012-10-04T07:11:24.002Z") } - { "count" : 1.0 } - 1 - 10/4/2012 2:11:24 PM
{ "createdDate" : ISODate("2012-10-04T07:11:24.049Z") } - { "count" : 1.0 } - 1 - 10/4/2012 2:11:24 PM
{ "createdDate" : ISODate("2012-10-04T07:11:24.095Z") } - { "count" : 1.0 } - 1 - 10/4/2012 2:11:24 PM
{ "createdDate" : ISODate("2012-10-04T07:11:24.127Z") } - { "count" : 1.0 } - 1 - 10/4/2012 2:11:24 PM
{ "createdDate" : ISODate("2012-10-04T07:11:24.174Z") } - { "count" : 1.0 } - 1 - 10/4/2012 2:11:24 PM
{ "createdDate" : ISODate("2012-10-04T07:11:24.22Z") } - { "count" : 1.0 } - 1 - 10/4/2012 2:11:24 PM
{ "createdDate" : ISODate("2012-10-04T07:11:24.267Z") } - { "count" : 1.0 } - 1 - 10/4/2012 2:11:24 PM
{ "createdDate" : ISODate("2012-10-04T07:11:24.33Z") } - { "count" : 1.0 } - 1 - 10/4/2012 2:11:24 PM
{ "createdDate" : ISODate("2012-10-04T07:11:24.377Z") } - { "count" : 1.0 } - 1 - 10/4/2012 2:11:24 PM
{ "createdDate" : ISODate("2012-10-04T07:11:24.424Z") } - { "count" : 1.0 } - 1 - 10/4/2012 2:11:24 PM
{ "createdDate" : ISODate("2012-10-04T07:11:38.799Z") } - { "count" : 1.0 } - 1 - 10/4/2012 2:11:38 PM
{ "createdDate" : ISODate("2012-10-04T07:11:41.252Z") } - { "count" : 1.0 } - 1 - 10/4/2012 2:11:41 PM
{ "createdDate" : ISODate("2012-10-04T07:11:47.095Z") } - { "count" : 1.0 } - 1 - 10/4/2012 2:11:47 PM
{ "createdDate" : ISODate("2012-10-04T07:11:48.642Z") } - { "count" : 1.0 } - 1 - 10/4/2012 2:11:48 PM
{ "createdDate" : ISODate("2012-10-04T07:11:48.783Z") } - { "count" : 1.0 } - 1 - 10/4/2012 2:11:48 PM
{ "createdDate" : ISODate("2012-10-04T07:11:48.83Z") } - { "count" : 1.0 } - 1 - 10/4/2012 2:11:48 PM
{ "createdDate" : ISODate("2012-10-04T07:11:48.892Z") } - { "count" : 1.0 } - 1 - 10/4/2012 2:11:48 PM
{ "createdDate" : ISODate("2012-10-04T07:11:48.939Z") } - { "count" : 1.0 } - 1 - 10/4/2012 2:11:48 PM
{ "createdDate" : ISODate("2012-10-04T07:11:48.986Z") } - { "count" : 1.0 } - 1 - 10/4/2012 2:11:48 PM
{ "createdDate" : ISODate("2012-10-04T07:11:49.033Z") } - { "count" : 1.0 } - 1 - 10/4/2012 2:11:49 PM
{ "createdDate" : ISODate("2012-10-04T07:11:49.08Z") } - { "count" : 1.0 } - 1 - 10/4/2012 2:11:49 PM
{ "createdDate" : ISODate("2012-10-04T07:11:50.314Z") } - { "count" : 1.0 } - 1 - 10/4/2012 2:11:50 PM
{ "createdDate" : ISODate("2012-10-04T07:11:50.377Z") } - { "count" : 1.0 } - 1 - 10/4/2012 2:11:50 PM
{ "createdDate" : ISODate("2012-10-04T07:11:50.424Z") } - { "count" : 1.0 } - 1 - 10/4/2012 2:11:50 PM
{ "createdDate" : ISODate("2012-10-04T07:11:50.47Z") } - { "count" : 1.0 } - 1 - 10/4/2012 2:11:50 PM
{ "createdDate" : ISODate("2012-10-04T07:11:50.517Z") } - { "count" : 1.0 } - 1 - 10/4/2012 2:11:50 PM
{ "createdDate" : ISODate("2012-10-04T07:11:50.58Z") } - { "count" : 1.0 } - 1 - 10/4/2012 2:11:50 PM
{ "createdDate" : ISODate("2012-10-04T07:11:50.627Z") } - { "count" : 1.0 } - 1 - 10/4/2012 2:11:50 PM
{ "createdDate" : ISODate("2012-10-04T07:11:50.674Z") } - { "count" : 1.0 } - 1 - 10/4/2012 2:11:50 PM
{ "createdDate" : ISODate("2012-10-04T07:11:50.72Z") } - { "count" : 1.0 } - 1 - 10/4/2012 2:11:50 PM
{ "createdDate" : ISODate("2012-10-04T07:11:50.767Z") } - { "count" : 1.0 } - 1 - 10/4/2012 2:11:50 PM
{ "createdDate" : ISODate("2012-10-04T07:11:50.814Z") } - { "count" : 1.0 } - 1 - 10/4/2012 2:11:50 PM
{ "createdDate" : ISODate("2012-10-04T07:12:04.33Z") } - { "count" : 1.0 } - 1 - 10/4/2012 2:12:04 PM
{ "createdDate" : ISODate("2012-10-04T07:12:04.924Z") } - { "count" : 1.0 } - 1 - 10/4/2012 2:12:04 PM
{ "createdDate" : ISODate("2012-10-04T07:12:05.189Z") } - { "count" : 1.0 } - 1 - 10/4/2012 2:12:05 PM
{ "createdDate" : ISODate("2012-10-04T07:12:05.283Z") } - { "count" : 1.0 } - 1 - 10/4/2012 2:12:05 PM
{ "createdDate" : ISODate("2012-10-04T07:12:05.408Z") } - { "count" : 1.0 } - 1 - 10/4/2012 2:12:05 PM
{ "createdDate" : ISODate("2012-10-04T07:12:05.47Z") } - { "count" : 1.0 } - 1 - 10/4/2012 2:12:05 PM
{ "createdDate" : ISODate("2012-10-04T07:12:05.533Z") } - { "count" : 1.0 } - 1 - 10/4/2012 2:12:05 PM
{ "createdDate" : ISODate("2012-10-04T07:12:05.595Z") } - { "count" : 1.0 } - 1 - 10/4/2012 2:12:05 PM
{ "createdDate" : ISODate("2012-10-04T07:12:05.658Z") } - { "count" : 1.0 } - 1 - 10/4/2012 2:12:05 PM
{ "createdDate" : ISODate("2012-10-04T07:12:05.72Z") } - { "count" : 1.0 } - 1 - 10/4/2012 2:12:05 PM
{ "createdDate" : ISODate("2012-10-04T07:12:05.783Z") } - { "count" : 1.0 } - 1 - 10/4/2012 2:12:05 PM
{ "createdDate" : ISODate("2012-10-04T07:12:06.924Z") } - { "count" : 1.0 } - 1 - 10/4/2012 2:12:06 PM
{ "createdDate" : ISODate("2012-10-04T07:12:06.986Z") } - { "count" : 1.0 } - 1 - 10/4/2012 2:12:06 PM
{ "createdDate" : ISODate("2012-10-04T07:12:07.033Z") } - { "count" : 1.0 } - 1 - 10/4/2012 2:12:07 PM
{ "createdDate" : ISODate("2012-10-04T07:12:07.095Z") } - { "count" : 1.0 } - 1 - 10/4/2012 2:12:07 PM
{ "createdDate" : ISODate("2012-10-04T07:12:07.142Z") } - { "count" : 1.0 } - 1 - 10/4/2012 2:12:07 PM
{ "createdDate" : ISODate("2012-10-04T07:12:07.189Z") } - { "count" : 1.0 } - 1 - 10/4/2012 2:12:07 PM
{ "createdDate" : ISODate("2012-10-04T07:12:07.252Z") } - { "count" : 1.0 } - 1 - 10/4/2012 2:12:07 PM
{ "createdDate" : ISODate("2012-10-04T07:12:07.314Z") } - { "count" : 1.0 } - 1 - 10/4/2012 2:12:07 PM
{ "createdDate" : ISODate("2012-10-04T07:12:07.361Z") } - { "count" : 1.0 } - 1 - 10/4/2012 2:12:07 PM
{ "createdDate" : ISODate("2012-10-04T07:12:07.424Z") } - { "count" : 1.0 } - 1 - 10/4/2012 2:12:07 PM
{ "createdDate" : ISODate("2012-10-04T07:12:07.502Z") } - { "count" : 1.0 } - 1 - 10/4/2012 2:12:07 PM
{ "createdDate" : ISODate("2012-10-04T07:12:12.72Z") } - { "count" : 1.0 } - 1 - 10/4/2012 2:12:12 PM
{ "createdDate" : ISODate("2012-10-04T07:12:12.767Z") } - { "count" : 1.0 } - 1 - 10/4/2012 2:12:12 PM
{ "createdDate" : ISODate("2012-10-04T07:12:12.814Z") } - { "count" : 1.0 } - 1 - 10/4/2012 2:12:12 PM
{ "createdDate" : ISODate("2012-10-04T07:12:12.861Z") } - { "count" : 1.0 } - 1 - 10/4/2012 2:12:12 PM
{ "createdDate" : ISODate("2012-10-04T07:12:12.924Z") } - { "count" : 1.0 } - 1 - 10/4/2012 2:12:12 PM
{ "createdDate" : ISODate("2012-10-04T07:12:12.97Z") } - { "count" : 1.0 } - 1 - 10/4/2012 2:12:12 PM
{ "createdDate" : ISODate("2012-10-04T07:12:13.017Z") } - { "count" : 1.0 } - 1 - 10/4/2012 2:12:13 PM
{ "createdDate" : ISODate("2012-10-04T07:12:13.064Z") } - { "count" : 1.0 } - 1 - 10/4/2012 2:12:13 PM
{ "createdDate" : ISODate("2012-10-04T07:12:13.111Z") } - { "count" : 1.0 } - 1 - 10/4/2012 2:12:13 PM
{ "createdDate" : ISODate("2012-10-04T07:12:13.158Z") } - { "count" : 1.0 } - 1 - 10/4/2012 2:12:13 PM
{ "createdDate" : ISODate("2012-10-04T07:12:13.205Z") } - { "count" : 1.0 } - 1 - 10/4/2012 2:12:13 PM
{ "createdDate" : ISODate("2012-10-04T07:12:16.408Z") } - { "count" : 1.0 } - 1 - 10/4/2012 2:12:16 PM
{ "createdDate" : ISODate("2012-10-04T07:12:16.564Z") } - { "count" : 1.0 } - 1 - 10/4/2012 2:12:16 PM
{ "createdDate" : ISODate("2012-10-04T07:12:16.845Z") } - { "count" : 1.0 } - 1 - 10/4/2012 2:12:16 PM
{ "createdDate" : ISODate("2012-10-04T07:12:16.908Z") } - { "count" : 1.0 } - 1 - 10/4/2012 2:12:16 PM
{ "createdDate" : ISODate("2012-10-04T07:12:16.97Z") } - { "count" : 1.0 } - 1 - 10/4/2012 2:12:16 PM
{ "createdDate" : ISODate("2012-10-04T07:12:17.033Z") } - { "count" : 1.0 } - 1 - 10/4/2012 2:12:17 PM
{ "createdDate" : ISODate("2012-10-04T07:12:17.095Z") } - { "count" : 1.0 } - 1 - 10/4/2012 2:12:17 PM
{ "createdDate" : ISODate("2012-10-04T07:12:17.158Z") } - { "count" : 1.0 } - 1 - 10/4/2012 2:12:17 PM
{ "createdDate" : ISODate("2012-10-04T07:12:17.22Z") } - { "count" : 1.0 } - 1 - 10/4/2012 2:12:17 PM
{ "createdDate" : ISODate("2012-10-04T07:12:17.283Z") } - { "count" : 1.0 } - 1 - 10/4/2012 2:12:17 PM
{ "createdDate" : ISODate("2012-10-04T07:12:17.361Z") } - { "count" : 1.0 } - 1 - 10/4/2012 2:12:17 PM
{ "createdDate" : ISODate("2012-10-04T07:12:20.267Z") } - { "count" : 1.0 } - 1 - 10/4/2012 2:12:20 PM
{ "createdDate" : ISODate("2012-10-04T07:12:20.549Z") } - { "count" : 1.0 } - 1 - 10/4/2012 2:12:20 PM
{ "createdDate" : ISODate("2012-10-04T07:12:20.705Z") } - { "count" : 1.0 } - 1 - 10/4/2012 2:12:20 PM
{ "createdDate" : ISODate("2012-10-04T07:12:20.97Z") } - { "count" : 1.0 } - 1 - 10/4/2012 2:12:20 PM
{ "createdDate" : ISODate("2012-10-04T07:12:21.033Z") } - { "count" : 1.0 } - 1 - 10/4/2012 2:12:21 PM
{ "createdDate" : ISODate("2012-10-04T07:12:21.111Z") } - { "count" : 1.0 } - 1 - 10/4/2012 2:12:21 PM
{ "createdDate" : ISODate("2012-10-04T07:12:21.174Z") } - { "count" : 1.0 } - 1 - 10/4/2012 2:12:21 PM
{ "createdDate" : ISODate("2012-10-04T07:12:21.236Z") } - { "count" : 1.0 } - 1 - 10/4/2012 2:12:21 PM
{ "createdDate" : ISODate("2012-10-04T07:12:21.299Z") } - { "count" : 1.0 } - 1 - 10/4/2012 2:12:21 PM
{ "createdDate" : ISODate("2012-10-04T07:12:21.392Z") } - { "count" : 1.0 } - 1 - 10/4/2012 2:12:21 PM
{ "createdDate" : ISODate("2012-10-04T07:12:21.439Z") } - { "count" : 1.0 } - 1 - 10/4/2012 2:12:21 PM
{ "createdDate" : ISODate("2012-10-04T07:12:24.361Z") } - { "count" : 1.0 } - 1 - 10/4/2012 2:12:24 PM
{ "createdDate" : ISODate("2012-10-04T07:12:24.455Z") } - { "count" : 1.0 } - 1 - 10/4/2012 2:12:24 PM
{ "createdDate" : ISODate("2012-10-04T07:12:24.564Z") } - { "count" : 1.0 } - 1 - 10/4/2012 2:12:24 PM
{ "createdDate" : ISODate("2012-10-04T07:12:24.627Z") } - { "count" : 1.0 } - 1 - 10/4/2012 2:12:24 PM
{ "createdDate" : ISODate("2012-10-04T07:12:24.689Z") } - { "count" : 1.0 } - 1 - 10/4/2012 2:12:24 PM
{ "createdDate" : ISODate("2012-10-04T07:12:24.752Z") } - { "count" : 1.0 } - 1 - 10/4/2012 2:12:24 PM
{ "createdDate" : ISODate("2012-10-04T07:12:24.83Z") } - { "count" : 1.0 } - 1 - 10/4/2012 2:12:24 PM
{ "createdDate" : ISODate("2012-10-04T07:12:24.877Z") } - { "count" : 1.0 } - 1 - 10/4/2012 2:12:24 PM
{ "createdDate" : ISODate("2012-10-04T07:12:24.924Z") } - { "count" : 1.0 } - 1 - 10/4/2012 2:12:24 PM
{ "createdDate" : ISODate("2012-10-04T07:12:24.97Z") } - { "count" : 1.0 } - 1 - 10/4/2012 2:12:24 PM
{ "createdDate" : ISODate("2012-10-04T07:12:25.017Z") } - { "count" : 1.0 } - 1 - 10/4/2012 2:12:25 PM
{ "createdDate" : ISODate("2012-10-04T07:12:29.283Z") } - { "count" : 1.0 } - 1 - 10/4/2012 2:12:29 PM
{ "createdDate" : ISODate("2012-10-04T07:12:29.33Z") } - { "count" : 1.0 } - 1 - 10/4/2012 2:12:29 PM
{ "createdDate" : ISODate("2012-10-04T07:12:29.377Z") } - { "count" : 1.0 } - 1 - 10/4/2012 2:12:29 PM
{ "createdDate" : ISODate("2012-10-04T07:12:29.439Z") } - { "count" : 1.0 } - 1 - 10/4/2012 2:12:29 PM
{ "createdDate" : ISODate("2012-10-04T07:12:29.517Z") } - { "count" : 1.0 } - 1 - 10/4/2012 2:12:29 PM
{ "createdDate" : ISODate("2012-10-04T07:12:29.564Z") } - { "count" : 1.0 } - 1 - 10/4/2012 2:12:29 PM
{ "createdDate" : ISODate("2012-10-04T07:12:29.611Z") } - { "count" : 1.0 } - 1 - 10/4/2012 2:12:29 PM
{ "createdDate" : ISODate("2012-10-04T07:12:29.658Z") } - { "count" : 1.0 } - 1 - 10/4/2012 2:12:29 PM
{ "createdDate" : ISODate("2012-10-04T07:12:29.705Z") } - { "count" : 1.0 } - 1 - 10/4/2012 2:12:29 PM
{ "createdDate" : ISODate("2012-10-04T07:12:29.752Z") } - { "count" : 1.0 } - 1 - 10/4/2012 2:12:29 PM
{ "createdDate" : ISODate("2012-10-04T07:12:29.814Z") } - { "count" : 1.0 } - 1 - 10/4/2012 2:12:29 PM
{ "createdDate" : ISODate("2012-10-04T07:12:31.267Z") } - { "count" : 1.0 } - 1 - 10/4/2012 2:12:31 PM
{ "createdDate" : ISODate("2012-10-04T07:12:31.314Z") } - { "count" : 1.0 } - 1 - 10/4/2012 2:12:31 PM
{ "createdDate" : ISODate("2012-10-04T07:12:31.361Z") } - { "count" : 1.0 } - 1 - 10/4/2012 2:12:31 PM
{ "createdDate" : ISODate("2012-10-04T07:12:31.424Z") } - { "count" : 1.0 } - 1 - 10/4/2012 2:12:31 PM
{ "createdDate" : ISODate("2012-10-04T07:12:31.47Z") } - { "count" : 1.0 } - 1 - 10/4/2012 2:12:31 PM
{ "createdDate" : ISODate("2012-10-04T07:12:31.517Z") } - { "count" : 1.0 } - 1 - 10/4/2012 2:12:31 PM
{ "createdDate" : ISODate("2012-10-04T07:12:31.564Z") } - { "count" : 1.0 } - 1 - 10/4/2012 2:12:31 PM
{ "createdDate" : ISODate("2012-10-04T07:12:31.611Z") } - { "count" : 1.0 } - 1 - 10/4/2012 2:12:31 PM
{ "createdDate" : ISODate("2012-10-04T07:12:31.658Z") } - { "count" : 1.0 } - 1 - 10/4/2012 2:12:31 PM
{ "createdDate" : ISODate("2012-10-04T07:12:31.72Z") } - { "count" : 1.0 } - 1 - 10/4/2012 2:12:31 PM
{ "createdDate" : ISODate("2012-10-04T07:12:31.767Z") } - { "count" : 1.0 } - 1 - 10/4/2012 2:12:31 PM
{ "createdDate" : ISODate("2012-10-04T07:12:36.283Z") } - { "count" : 1.0 } - 1 - 10/4/2012 2:12:36 PM
{ "createdDate" : ISODate("2012-10-04T07:12:36.377Z") } - { "count" : 1.0 } - 1 - 10/4/2012 2:12:36 PM
{ "createdDate" : ISODate("2012-10-04T07:12:36.47Z") } - { "count" : 1.0 } - 1 - 10/4/2012 2:12:36 PM
{ "createdDate" : ISODate("2012-10-04T07:12:36.549Z") } - { "count" : 1.0 } - 1 - 10/4/2012 2:12:36 PM
{ "createdDate" : ISODate("2012-10-04T07:12:36.658Z") } - { "count" : 1.0 } - 1 - 10/4/2012 2:12:36 PM
{ "createdDate" : ISODate("2012-10-04T07:12:36.767Z") } - { "count" : 1.0 } - 1 - 10/4/2012 2:12:36 PM
{ "createdDate" : ISODate("2012-10-04T07:12:36.845Z") } - { "count" : 1.0 } - 1 - 10/4/2012 2:12:36 PM
{ "createdDate" : ISODate("2012-10-04T07:12:36.892Z") } - { "count" : 1.0 } - 1 - 10/4/2012 2:12:36 PM
{ "createdDate" : ISODate("2012-10-04T07:12:36.955Z") } - { "count" : 1.0 } - 1 - 10/4/2012 2:12:36 PM
{ "createdDate" : ISODate("2012-10-04T07:12:37.002Z") } - { "count" : 1.0 } - 1 - 10/4/2012 2:12:37 PM
{ "createdDate" : ISODate("2012-10-04T07:12:37.049Z") } - { "count" : 1.0 } - 1 - 10/4/2012 2:12:37 PM
{ "createdDate" : ISODate("2012-10-04T07:12:39.283Z") } - { "count" : 1.0 } - 1 - 10/4/2012 2:12:39 PM
{ "createdDate" : ISODate("2012-10-04T07:12:39.33Z") } - { "count" : 1.0 } - 1 - 10/4/2012 2:12:39 PM
{ "createdDate" : ISODate("2012-10-04T07:12:39.392Z") } - { "count" : 1.0 } - 1 - 10/4/2012 2:12:39 PM
{ "createdDate" : ISODate("2012-10-04T07:12:39.439Z") } - { "count" : 1.0 } - 1 - 10/4/2012 2:12:39 PM
{ "createdDate" : ISODate("2012-10-04T07:12:39.486Z") } - { "count" : 1.0 } - 1 - 10/4/2012 2:12:39 PM
{ "createdDate" : ISODate("2012-10-04T07:12:39.533Z") } - { "count" : 1.0 } - 1 - 10/4/2012 2:12:39 PM
{ "createdDate" : ISODate("2012-10-04T07:12:39.58Z") } - { "count" : 1.0 } - 1 - 10/4/2012 2:12:39 PM
{ "createdDate" : ISODate("2012-10-04T07:12:39.627Z") } - { "count" : 1.0 } - 1 - 10/4/2012 2:12:39 PM
{ "createdDate" : ISODate("2012-10-04T07:12:39.674Z") } - { "count" : 1.0 } - 1 - 10/4/2012 2:12:39 PM
{ "createdDate" : ISODate("2012-10-04T07:12:39.736Z") } - { "count" : 1.0 } - 1 - 10/4/2012 2:12:39 PM
{ "createdDate" : ISODate("2012-10-04T07:12:39.799Z") } - { "count" : 1.0 } - 1 - 10/4/2012 2:12:39 PM
{ "createdDate" : ISODate("2012-10-04T07:12:44.861Z") } - { "count" : 1.0 } - 1 - 10/4/2012 2:12:44 PM
{ "createdDate" : ISODate("2012-10-04T07:12:44.924Z") } - { "count" : 1.0 } - 1 - 10/4/2012 2:12:44 PM
{ "createdDate" : ISODate("2012-10-04T07:12:44.97Z") } - { "count" : 1.0 } - 1 - 10/4/2012 2:12:44 PM
{ "createdDate" : ISODate("2012-10-04T07:12:45.017Z") } - { "count" : 1.0 } - 1 - 10/4/2012 2:12:45 PM
{ "createdDate" : ISODate("2012-10-04T07:12:45.064Z") } - { "count" : 1.0 } - 1 - 10/4/2012 2:12:45 PM
{ "createdDate" : ISODate("2012-10-04T07:12:45.111Z") } - { "count" : 1.0 } - 1 - 10/4/2012 2:12:45 PM
{ "createdDate" : ISODate("2012-10-04T07:12:45.158Z") } - { "count" : 1.0 } - 1 - 10/4/2012 2:12:45 PM
{ "createdDate" : ISODate("2012-10-04T07:12:45.189Z") } - { "count" : 1.0 } - 1 - 10/4/2012 2:12:45 PM
{ "createdDate" : ISODate("2012-10-04T07:12:45.236Z") } - { "count" : 1.0 } - 1 - 10/4/2012 2:12:45 PM
{ "createdDate" : ISODate("2012-10-04T07:12:45.283Z") } - { "count" : 1.0 } - 1 - 10/4/2012 2:12:45 PM
{ "createdDate" : ISODate("2012-10-04T07:12:45.33Z") } - { "count" : 1.0 } - 1 - 10/4/2012 2:12:45 PM
{ "createdDate" : ISODate("2012-10-04T07:12:48.439Z") } - { "count" : 1.0 } - 1 - 10/4/2012 2:12:48 PM
{ "createdDate" : ISODate("2012-10-04T07:12:48.549Z") } - { "count" : 1.0 } - 1 - 10/4/2012 2:12:48 PM
{ "createdDate" : ISODate("2012-10-04T07:12:48.627Z") } - { "count" : 1.0 } - 1 - 10/4/2012 2:12:48 PM
{ "createdDate" : ISODate("2012-10-04T07:12:48.72Z") } - { "count" : 1.0 } - 1 - 10/4/2012 2:12:48 PM
{ "createdDate" : ISODate("2012-10-04T07:12:48.814Z") } - { "count" : 1.0 } - 1 - 10/4/2012 2:12:48 PM
{ "createdDate" : ISODate("2012-10-04T07:12:48.892Z") } - { "count" : 1.0 } - 1 - 10/4/2012 2:12:48 PM
{ "createdDate" : ISODate("2012-10-04T07:12:48.986Z") } - { "count" : 1.0 } - 1 - 10/4/2012 2:12:48 PM
{ "createdDate" : ISODate("2012-10-04T07:12:49.064Z") } - { "count" : 1.0 } - 1 - 10/4/2012 2:12:49 PM
{ "createdDate" : ISODate("2012-10-04T07:12:49.142Z") } - { "count" : 1.0 } - 1 - 10/4/2012 2:12:49 PM
{ "createdDate" : ISODate("2012-10-04T07:12:49.205Z") } - { "count" : 1.0 } - 1 - 10/4/2012 2:12:49 PM
{ "createdDate" : ISODate("2012-10-04T07:12:49.252Z") } - { "count" : 1.0 } - 1 - 10/4/2012 2:12:49 PM
{ "createdDate" : ISODate("2012-10-04T07:43:31.017Z") } - { "count" : 1.0 } - 1 - 10/4/2012 2:43:31 PM
{ "createdDate" : ISODate("2012-10-04T07:43:31.064Z") } - { "count" : 1.0 } - 1 - 10/4/2012 2:43:31 PM
{ "createdDate" : ISODate("2012-10-04T07:43:31.127Z") } - { "count" : 1.0 } - 1 - 10/4/2012 2:43:31 PM
{ "createdDate" : ISODate("2012-10-04T07:43:31.174Z") } - { "count" : 1.0 } - 1 - 10/4/2012 2:43:31 PM
{ "createdDate" : ISODate("2012-10-04T07:43:31.22Z") } - { "count" : 1.0 } - 1 - 10/4/2012 2:43:31 PM
{ "createdDate" : ISODate("2012-10-04T07:43:31.267Z") } - { "count" : 1.0 } - 1 - 10/4/2012 2:43:31 PM
{ "createdDate" : ISODate("2012-10-04T07:43:31.314Z") } - { "count" : 1.0 } - 1 - 10/4/2012 2:43:31 PM
{ "createdDate" : ISODate("2012-10-04T07:43:31.361Z") } - { "count" : 1.0 } - 1 - 10/4/2012 2:43:31 PM
{ "createdDate" : ISODate("2012-10-04T07:43:31.408Z") } - { "count" : 1.0 } - 1 - 10/4/2012 2:43:31 PM
{ "createdDate" : ISODate("2012-10-04T07:43:31.455Z") } - { "count" : 1.0 } - 1 - 10/4/2012 2:43:31 PM
{ "createdDate" : ISODate("2012-10-04T07:43:31.502Z") } - { "count" : 1.0 } - 1 - 10/4/2012 2:43:31 PM
{ "createdDate" : ISODate("2012-10-04T07:43:57.752Z") } - { "count" : 1.0 } - 1 - 10/4/2012 2:43:57 PM
{ "createdDate" : ISODate("2012-10-04T07:43:57.799Z") } - { "count" : 1.0 } - 1 - 10/4/2012 2:43:57 PM
{ "createdDate" : ISODate("2012-10-04T07:43:57.845Z") } - { "count" : 1.0 } - 1 - 10/4/2012 2:43:57 PM
{ "createdDate" : ISODate("2012-10-04T07:43:57.892Z") } - { "count" : 1.0 } - 1 - 10/4/2012 2:43:57 PM
{ "createdDate" : ISODate("2012-10-04T07:43:57.939Z") } - { "count" : 1.0 } - 1 - 10/4/2012 2:43:57 PM
{ "createdDate" : ISODate("2012-10-04T07:43:57.986Z") } - { "count" : 1.0 } - 1 - 10/4/2012 2:43:57 PM
{ "createdDate" : ISODate("2012-10-04T07:43:58.033Z") } - { "count" : 1.0 } - 1 - 10/4/2012 2:43:58 PM
{ "createdDate" : ISODate("2012-10-04T07:43:58.08Z") } - { "count" : 1.0 } - 1 - 10/4/2012 2:43:58 PM
{ "createdDate" : ISODate("2012-10-04T07:43:58.127Z") } - { "count" : 1.0 } - 1 - 10/4/2012 2:43:58 PM
{ "createdDate" : ISODate("2012-10-04T07:43:58.174Z") } - { "count" : 1.0 } - 1 - 10/4/2012 2:43:58 PM
{ "createdDate" : ISODate("2012-10-04T07:43:58.22Z") } - { "count" : 1.0 } - 1 - 10/4/2012 2:43:58 PM
{ "createdDate" : ISODate("2012-10-04T07:43:59.752Z") } - { "count" : 1.0 } - 1 - 10/4/2012 2:43:59 PM
{ "createdDate" : ISODate("2012-10-04T07:43:59.799Z") } - { "count" : 1.0 } - 1 - 10/4/2012 2:43:59 PM
{ "createdDate" : ISODate("2012-10-04T07:43:59.845Z") } - { "count" : 1.0 } - 1 - 10/4/2012 2:43:59 PM
{ "createdDate" : ISODate("2012-10-04T07:43:59.908Z") } - { "count" : 1.0 } - 1 - 10/4/2012 2:43:59 PM
{ "createdDate" : ISODate("2012-10-04T07:43:59.955Z") } - { "count" : 1.0 } - 1 - 10/4/2012 2:43:59 PM
{ "createdDate" : ISODate("2012-10-04T07:44:00.002Z") } - { "count" : 1.0 } - 1 - 10/4/2012 2:44:00 PM
{ "createdDate" : ISODate("2012-10-04T07:44:00.064Z") } - { "count" : 1.0 } - 1 - 10/4/2012 2:44:00 PM
{ "createdDate" : ISODate("2012-10-04T07:44:00.111Z") } - { "count" : 1.0 } - 1 - 10/4/2012 2:44:00 PM
{ "createdDate" : ISODate("2012-10-04T07:44:00.174Z") } - { "count" : 1.0 } - 1 - 10/4/2012 2:44:00 PM
{ "createdDate" : ISODate("2012-10-04T07:44:00.22Z") } - { "count" : 1.0 } - 1 - 10/4/2012 2:44:00 PM
{ "createdDate" : ISODate("2012-10-04T07:44:00.267Z") } - { "count" : 1.0 } - 1 - 10/4/2012 2:44:00 PM
{ "createdDate" : ISODate("2012-10-04T07:44:03.924Z") } - { "count" : 1.0 } - 1 - 10/4/2012 2:44:03 PM
{ "createdDate" : ISODate("2012-10-04T07:44:03.986Z") } - { "count" : 1.0 } - 1 - 10/4/2012 2:44:03 PM
{ "createdDate" : ISODate("2012-10-04T07:44:04.049Z") } - { "count" : 1.0 } - 1 - 10/4/2012 2:44:04 PM
{ "createdDate" : ISODate("2012-10-04T07:44:04.095Z") } - { "count" : 1.0 } - 1 - 10/4/2012 2:44:04 PM
{ "createdDate" : ISODate("2012-10-04T07:44:04.142Z") } - { "count" : 1.0 } - 1 - 10/4/2012 2:44:04 PM
{ "createdDate" : ISODate("2012-10-04T07:44:04.189Z") } - { "count" : 1.0 } - 1 - 10/4/2012 2:44:04 PM
{ "createdDate" : ISODate("2012-10-04T07:44:04.392Z") } - { "count" : 1.0 } - 1 - 10/4/2012 2:44:04 PM
{ "createdDate" : ISODate("2012-10-04T07:44:04.611Z") } - { "count" : 1.0 } - 1 - 10/4/2012 2:44:04 PM
{ "createdDate" : ISODate("2012-10-04T07:44:04.674Z") } - { "count" : 1.0 } - 1 - 10/4/2012 2:44:04 PM
{ "createdDate" : ISODate("2012-10-04T07:44:04.767Z") } - { "count" : 1.0 } - 1 - 10/4/2012 2:44:04 PM
{ "createdDate" : ISODate("2012-10-04T07:44:05.002Z") } - { "count" : 1.0 } - 1 - 10/4/2012 2:44:05 PM
{ "createdDate" : ISODate("2012-10-04T07:44:07.783Z") } - { "count" : 1.0 } - 1 - 10/4/2012 2:44:07 PM
{ "createdDate" : ISODate("2012-10-04T07:44:07.861Z") } - { "count" : 1.0 } - 1 - 10/4/2012 2:44:07 PM
{ "createdDate" : ISODate("2012-10-04T07:44:07.924Z") } - { "count" : 1.0 } - 1 - 10/4/2012 2:44:07 PM
{ "createdDate" : ISODate("2012-10-04T07:44:07.986Z") } - { "count" : 1.0 } - 1 - 10/4/2012 2:44:07 PM
{ "createdDate" : ISODate("2012-10-04T07:44:08.064Z") } - { "count" : 1.0 } - 1 - 10/4/2012 2:44:08 PM
{ "createdDate" : ISODate("2012-10-04T07:44:08.127Z") } - { "count" : 1.0 } - 1 - 10/4/2012 2:44:08 PM
{ "createdDate" : ISODate("2012-10-04T07:44:08.189Z") } - { "count" : 1.0 } - 1 - 10/4/2012 2:44:08 PM
{ "createdDate" : ISODate("2012-10-04T07:44:08.252Z") } - { "count" : 1.0 } - 1 - 10/4/2012 2:44:08 PM
{ "createdDate" : ISODate("2012-10-04T07:44:08.314Z") } - { "count" : 1.0 } - 1 - 10/4/2012 2:44:08 PM
{ "createdDate" : ISODate("2012-10-04T07:44:08.377Z") } - { "count" : 1.0 } - 1 - 10/4/2012 2:44:08 PM
{ "createdDate" : ISODate("2012-10-04T07:44:08.424Z") } - { "count" : 1.0 } - 1 - 10/4/2012 2:44:08 PM
{ "createdDate" : ISODate("2012-10-04T07:44:11.424Z") } - { "count" : 1.0 } - 1 - 10/4/2012 2:44:11 PM
{ "createdDate" : ISODate("2012-10-04T07:44:11.486Z") } - { "count" : 1.0 } - 1 - 10/4/2012 2:44:11 PM
{ "createdDate" : ISODate("2012-10-04T07:44:11.564Z") } - { "count" : 1.0 } - 1 - 10/4/2012 2:44:11 PM
{ "createdDate" : ISODate("2012-10-04T07:44:11.658Z") } - { "count" : 1.0 } - 1 - 10/4/2012 2:44:11 PM
{ "createdDate" : ISODate("2012-10-04T07:44:11.799Z") } - { "count" : 1.0 } - 1 - 10/4/2012 2:44:11 PM
{ "createdDate" : ISODate("2012-10-04T07:44:11.892Z") } - { "count" : 1.0 } - 1 - 10/4/2012 2:44:11 PM
{ "createdDate" : ISODate("2012-10-04T07:44:11.986Z") } - { "count" : 1.0 } - 1 - 10/4/2012 2:44:11 PM
{ "createdDate" : ISODate("2012-10-04T07:44:12.111Z") } - { "count" : 1.0 } - 1 - 10/4/2012 2:44:12 PM
{ "createdDate" : ISODate("2012-10-04T07:44:12.252Z") } - { "count" : 1.0 } - 1 - 10/4/2012 2:44:12 PM
{ "createdDate" : ISODate("2012-10-04T07:44:12.392Z") } - { "count" : 1.0 } - 1 - 10/4/2012 2:44:12 PM
{ "createdDate" : ISODate("2012-10-04T07:44:12.502Z") } - { "count" : 1.0 } - 1 - 10/4/2012 2:44:12 PM
{ "createdDate" : ISODate("2012-10-04T07:44:15.814Z") } - { "count" : 1.0 } - 1 - 10/4/2012 2:44:15 PM
{ "createdDate" : ISODate("2012-10-04T07:44:15.955Z") } - { "count" : 1.0 } - 1 - 10/4/2012 2:44:15 PM
{ "createdDate" : ISODate("2012-10-04T07:44:16.033Z") } - { "count" : 1.0 } - 1 - 10/4/2012 2:44:16 PM
{ "createdDate" : ISODate("2012-10-04T07:44:16.127Z") } - { "count" : 1.0 } - 1 - 10/4/2012 2:44:16 PM
{ "createdDate" : ISODate("2012-10-04T07:44:16.189Z") } - { "count" : 1.0 } - 1 - 10/4/2012 2:44:16 PM
{ "createdDate" : ISODate("2012-10-04T07:44:16.252Z") } - { "count" : 1.0 } - 1 - 10/4/2012 2:44:16 PM
{ "createdDate" : ISODate("2012-10-04T07:44:16.299Z") } - { "count" : 1.0 } - 1 - 10/4/2012 2:44:16 PM
{ "createdDate" : ISODate("2012-10-04T07:44:16.345Z") } - { "count" : 1.0 } - 1 - 10/4/2012 2:44:16 PM
{ "createdDate" : ISODate("2012-10-04T07:44:16.408Z") } - { "count" : 1.0 } - 1 - 10/4/2012 2:44:16 PM
{ "createdDate" : ISODate("2012-10-04T07:44:16.455Z") } - { "count" : 1.0 } - 1 - 10/4/2012 2:44:16 PM
{ "createdDate" : ISODate("2012-10-04T07:44:16.517Z") } - { "count" : 1.0 } - 1 - 10/4/2012 2:44:16 PM
{ "createdDate" : ISODate("2012-10-04T07:44:19.345Z") } - { "count" : 1.0 } - 1 - 10/4/2012 2:44:19 PM
{ "createdDate" : ISODate("2012-10-04T07:44:19.408Z") } - { "count" : 1.0 } - 1 - 10/4/2012 2:44:19 PM
{ "createdDate" : ISODate("2012-10-04T07:44:19.486Z") } - { "count" : 1.0 } - 1 - 10/4/2012 2:44:19 PM
{ "createdDate" : ISODate("2012-10-04T07:44:19.549Z") } - { "count" : 1.0 } - 1 - 10/4/2012 2:44:19 PM
{ "createdDate" : ISODate("2012-10-04T07:44:19.627Z") } - { "count" : 1.0 } - 1 - 10/4/2012 2:44:19 PM
{ "createdDate" : ISODate("2012-10-04T07:44:19.705Z") } - { "count" : 1.0 } - 1 - 10/4/2012 2:44:19 PM
{ "createdDate" : ISODate("2012-10-04T07:44:19.767Z") } - { "count" : 1.0 } - 1 - 10/4/2012 2:44:19 PM
{ "createdDate" : ISODate("2012-10-04T07:44:19.814Z") } - { "count" : 1.0 } - 1 - 10/4/2012 2:44:19 PM
{ "createdDate" : ISODate("2012-10-04T07:44:19.861Z") } - { "count" : 1.0 } - 1 - 10/4/2012 2:44:19 PM
{ "createdDate" : ISODate("2012-10-04T07:44:19.908Z") } - { "count" : 1.0 } - 1 - 10/4/2012 2:44:19 PM
{ "createdDate" : ISODate("2012-10-04T07:44:19.955Z") } - { "count" : 1.0 } - 1 - 10/4/2012 2:44:19 PM
{ "createdDate" : ISODate("2012-10-04T07:44:26.299Z") } - { "count" : 1.0 } - 1 - 10/4/2012 2:44:26 PM
{ "createdDate" : ISODate("2012-10-04T07:44:26.502Z") } - { "count" : 1.0 } - 1 - 10/4/2012 2:44:26 PM
{ "createdDate" : ISODate("2012-10-04T07:44:26.611Z") } - { "count" : 1.0 } - 1 - 10/4/2012 2:44:26 PM
{ "createdDate" : ISODate("2012-10-04T07:44:26.861Z") } - { "count" : 1.0 } - 1 - 10/4/2012 2:44:26 PM
{ "createdDate" : ISODate("2012-10-04T07:44:27.142Z") } - { "count" : 1.0 } - 1 - 10/4/2012 2:44:27 PM
{ "createdDate" : ISODate("2012-10-04T07:44:27.267Z") } - { "count" : 1.0 } - 1 - 10/4/2012 2:44:27 PM
{ "createdDate" : ISODate("2012-10-04T07:44:27.392Z") } - { "count" : 1.0 } - 1 - 10/4/2012 2:44:27 PM
{ "createdDate" : ISODate("2012-10-04T07:44:27.517Z") } - { "count" : 1.0 } - 1 - 10/4/2012 2:44:27 PM
{ "createdDate" : ISODate("2012-10-04T07:44:27.611Z") } - { "count" : 1.0 } - 1 - 10/4/2012 2:44:27 PM
{ "createdDate" : ISODate("2012-10-04T07:44:27.705Z") } - { "count" : 1.0 } - 1 - 10/4/2012 2:44:27 PM
{ "createdDate" : ISODate("2012-10-04T07:44:27.799Z") } - { "count" : 1.0 } - 1 - 10/4/2012 2:44:27 PM
{ "createdDate" : ISODate("2012-10-04T07:44:30.095Z") } - { "count" : 1.0 } - 1 - 10/4/2012 2:44:30 PM
{ "createdDate" : ISODate("2012-10-04T07:44:30.142Z") } - { "count" : 1.0 } - 1 - 10/4/2012 2:44:30 PM
{ "createdDate" : ISODate("2012-10-04T07:44:30.267Z") } - { "count" : 1.0 } - 1 - 10/4/2012 2:44:30 PM
{ "createdDate" : ISODate("2012-10-04T07:44:30.361Z") } - { "count" : 1.0 } - 1 - 10/4/2012 2:44:30 PM
{ "createdDate" : ISODate("2012-10-04T07:44:30.502Z") } - { "count" : 1.0 } - 1 - 10/4/2012 2:44:30 PM
{ "createdDate" : ISODate("2012-10-04T07:44:30.642Z") } - { "count" : 1.0 } - 1 - 10/4/2012 2:44:30 PM
{ "createdDate" : ISODate("2012-10-04T07:44:30.783Z") } - { "count" : 1.0 } - 1 - 10/4/2012 2:44:30 PM
{ "createdDate" : ISODate("2012-10-04T07:44:30.939Z") } - { "count" : 1.0 } - 1 - 10/4/2012 2:44:30 PM
{ "createdDate" : ISODate("2012-10-04T07:44:31.017Z") } - { "count" : 1.0 } - 1 - 10/4/2012 2:44:31 PM
{ "createdDate" : ISODate("2012-10-04T07:44:31.174Z") } - { "count" : 1.0 } - 1 - 10/4/2012 2:44:31 PM
{ "createdDate" : ISODate("2012-10-04T07:44:31.236Z") } - { "count" : 1.0 } - 1 - 10/4/2012 2:44:31 PM
{ "createdDate" : ISODate("2012-10-04T07:44:35.783Z") } - { "count" : 1.0 } - 1 - 10/4/2012 2:44:35 PM
{ "createdDate" : ISODate("2012-10-04T07:44:35.83Z") } - { "count" : 1.0 } - 1 - 10/4/2012 2:44:35 PM
{ "createdDate" : ISODate("2012-10-04T07:44:35.892Z") } - { "count" : 1.0 } - 1 - 10/4/2012 2:44:35 PM
{ "createdDate" : ISODate("2012-10-04T07:44:35.939Z") } - { "count" : 1.0 } - 1 - 10/4/2012 2:44:35 PM
{ "createdDate" : ISODate("2012-10-04T07:44:36.002Z") } - { "count" : 1.0 } - 1 - 10/4/2012 2:44:36 PM
{ "createdDate" : ISODate("2012-10-04T07:44:36.049Z") } - { "count" : 1.0 } - 1 - 10/4/2012 2:44:36 PM
{ "createdDate" : ISODate("2012-10-04T07:44:36.095Z") } - { "count" : 1.0 } - 1 - 10/4/2012 2:44:36 PM
{ "createdDate" : ISODate("2012-10-04T07:44:36.127Z") } - { "count" : 1.0 } - 1 - 10/4/2012 2:44:36 PM
{ "createdDate" : ISODate("2012-10-04T07:44:36.174Z") } - { "count" : 1.0 } - 1 - 10/4/2012 2:44:36 PM
{ "createdDate" : ISODate("2012-10-04T07:44:36.22Z") } - { "count" : 1.0 } - 1 - 10/4/2012 2:44:36 PM
{ "createdDate" : ISODate("2012-10-04T07:44:36.267Z") } - { "count" : 1.0 } - 1 - 10/4/2012 2:44:36 PM
{ "createdDate" : ISODate("2012-10-04T07:44:37.799Z") } - { "count" : 1.0 } - 1 - 10/4/2012 2:44:37 PM
{ "createdDate" : ISODate("2012-10-04T07:44:37.861Z") } - { "count" : 1.0 } - 1 - 10/4/2012 2:44:37 PM
{ "createdDate" : ISODate("2012-10-04T07:44:37.924Z") } - { "count" : 1.0 } - 1 - 10/4/2012 2:44:37 PM
{ "createdDate" : ISODate("2012-10-04T07:44:37.986Z") } - { "count" : 1.0 } - 1 - 10/4/2012 2:44:37 PM
{ "createdDate" : ISODate("2012-10-04T07:44:38.033Z") } - { "count" : 1.0 } - 1 - 10/4/2012 2:44:38 PM
{ "createdDate" : ISODate("2012-10-04T07:44:38.08Z") } - { "count" : 1.0 } - 1 - 10/4/2012 2:44:38 PM
{ "createdDate" : ISODate("2012-10-04T07:44:38.142Z") } - { "count" : 1.0 } - 1 - 10/4/2012 2:44:38 PM
{ "createdDate" : ISODate("2012-10-04T07:44:38.189Z") } - { "count" : 1.0 } - 1 - 10/4/2012 2:44:38 PM
{ "createdDate" : ISODate("2012-10-04T07:44:38.236Z") } - { "count" : 1.0 } - 1 - 10/4/2012 2:44:38 PM
{ "createdDate" : ISODate("2012-10-04T07:44:38.283Z") } - { "count" : 1.0 } - 1 - 10/4/2012 2:44:38 PM
{ "createdDate" : ISODate("2012-10-04T07:44:38.345Z") } - { "count" : 1.0 } - 1 - 10/4/2012 2:44:38 PM
{ "createdDate" : ISODate("2012-10-04T07:44:43.377Z") } - { "count" : 1.0 } - 1 - 10/4/2012 2:44:43 PM
{ "createdDate" : ISODate("2012-10-04T07:44:43.439Z") } - { "count" : 1.0 } - 1 - 10/4/2012 2:44:43 PM
{ "createdDate" : ISODate("2012-10-04T07:44:43.502Z") } - { "count" : 1.0 } - 1 - 10/4/2012 2:44:43 PM
{ "createdDate" : ISODate("2012-10-04T07:44:43.564Z") } - { "count" : 1.0 } - 1 - 10/4/2012 2:44:43 PM
{ "createdDate" : ISODate("2012-10-04T07:44:43.642Z") } - { "count" : 1.0 } - 1 - 10/4/2012 2:44:43 PM
{ "createdDate" : ISODate("2012-10-04T07:44:43.72Z") } - { "count" : 1.0 } - 1 - 10/4/2012 2:44:43 PM
{ "createdDate" : ISODate("2012-10-04T07:44:43.767Z") } - { "count" : 1.0 } - 1 - 10/4/2012 2:44:43 PM
{ "createdDate" : ISODate("2012-10-04T07:44:43.845Z") } - { "count" : 1.0 } - 1 - 10/4/2012 2:44:43 PM
{ "createdDate" : ISODate("2012-10-04T07:44:43.908Z") } - { "count" : 1.0 } - 1 - 10/4/2012 2:44:43 PM
{ "createdDate" : ISODate("2012-10-04T07:44:43.97Z") } - { "count" : 1.0 } - 1 - 10/4/2012 2:44:43 PM
{ "createdDate" : ISODate("2012-10-04T07:44:44.033Z") } - { "count" : 1.0 } - 1 - 10/4/2012 2:44:44 PM
{ "createdDate" : ISODate("2012-10-04T07:44:46.033Z") } - { "count" : 1.0 } - 1 - 10/4/2012 2:44:46 PM
{ "createdDate" : ISODate("2012-10-04T07:44:46.252Z") } - { "count" : 1.0 } - 1 - 10/4/2012 2:44:46 PM
{ "createdDate" : ISODate("2012-10-04T07:44:46.486Z") } - { "count" : 1.0 } - 1 - 10/4/2012 2:44:46 PM
{ "createdDate" : ISODate("2012-10-04T07:44:46.627Z") } - { "count" : 1.0 } - 1 - 10/4/2012 2:44:46 PM
{ "createdDate" : ISODate("2012-10-04T07:44:46.705Z") } - { "count" : 1.0 } - 1 - 10/4/2012 2:44:46 PM
{ "createdDate" : ISODate("2012-10-04T07:44:46.783Z") } - { "count" : 1.0 } - 1 - 10/4/2012 2:44:46 PM
{ "createdDate" : ISODate("2012-10-04T07:44:46.955Z") } - { "count" : 1.0 } - 1 - 10/4/2012 2:44:46 PM
{ "createdDate" : ISODate("2012-10-04T07:44:47.158Z") } - { "count" : 1.0 } - 1 - 10/4/2012 2:44:47 PM
{ "createdDate" : ISODate("2012-10-04T07:44:47.314Z") } - { "count" : 1.0 } - 1 - 10/4/2012 2:44:47 PM
{ "createdDate" : ISODate("2012-10-04T07:44:47.627Z") } - { "count" : 1.0 } - 1 - 10/4/2012 2:44:47 PM
{ "createdDate" : ISODate("2012-10-04T07:44:47.892Z") } - { "count" : 1.0 } - 1 - 10/4/2012 2:44:47 PM
{ "createdDate" : ISODate("2012-10-05T02:42:49.502Z") } - { "count" : 1.0 } - 1 - 10/5/2012 9:42:49 AM
{ "createdDate" : ISODate("2012-10-05T02:42:49.58Z") } - { "count" : 1.0 } - 1 - 10/5/2012 9:42:49 AM
{ "createdDate" : ISODate("2012-10-05T02:42:49.611Z") } - { "count" : 1.0 } - 1 - 10/5/2012 9:42:49 AM
{ "createdDate" : ISODate("2012-10-05T02:42:49.642Z") } - { "count" : 1.0 } - 1 - 10/5/2012 9:42:49 AM
{ "createdDate" : ISODate("2012-10-05T02:42:49.674Z") } - { "count" : 1.0 } - 1 - 10/5/2012 9:42:49 AM
{ "createdDate" : ISODate("2012-10-05T02:42:49.72Z") } - { "count" : 1.0 } - 1 - 10/5/2012 9:42:49 AM
{ "createdDate" : ISODate("2012-10-05T02:42:49.752Z") } - { "count" : 1.0 } - 1 - 10/5/2012 9:42:49 AM
{ "createdDate" : ISODate("2012-10-05T02:42:49.799Z") } - { "count" : 1.0 } - 1 - 10/5/2012 9:42:49 AM
{ "createdDate" : ISODate("2012-10-05T02:42:49.845Z") } - { "count" : 1.0 } - 1 - 10/5/2012 9:42:49 AM
{ "createdDate" : ISODate("2012-10-05T02:42:49.877Z") } - { "count" : 1.0 } - 1 - 10/5/2012 9:42:49 AM
{ "createdDate" : ISODate("2012-10-05T02:42:49.924Z") } - { "count" : 1.0 } - 1 - 10/5/2012 9:42:49 AM
{ "createdDate" : ISODate("2012-10-05T02:44:52.783Z") } - { "count" : 1.0 } - 1 - 10/5/2012 9:44:52 AM
{ "createdDate" : ISODate("2012-10-05T02:44:52.814Z") } - { "count" : 1.0 } - 1 - 10/5/2012 9:44:52 AM
{ "createdDate" : ISODate("2012-10-05T02:44:52.861Z") } - { "count" : 1.0 } - 1 - 10/5/2012 9:44:52 AM
{ "createdDate" : ISODate("2012-10-05T02:44:52.892Z") } - { "count" : 1.0 } - 1 - 10/5/2012 9:44:52 AM
{ "createdDate" : ISODate("2012-10-05T02:44:52.939Z") } - { "count" : 1.0 } - 1 - 10/5/2012 9:44:52 AM
{ "createdDate" : ISODate("2012-10-05T02:44:53.002Z") } - { "count" : 1.0 } - 1 - 10/5/2012 9:44:53 AM
{ "createdDate" : ISODate("2012-10-05T02:44:53.064Z") } - { "count" : 1.0 } - 1 - 10/5/2012 9:44:53 AM
{ "createdDate" : ISODate("2012-10-05T02:44:53.095Z") } - { "count" : 1.0 } - 1 - 10/5/2012 9:44:53 AM
{ "createdDate" : ISODate("2012-10-05T02:44:53.142Z") } - { "count" : 1.0 } - 1 - 10/5/2012 9:44:53 AM
{ "createdDate" : ISODate("2012-10-05T02:44:53.174Z") } - { "count" : 1.0 } - 1 - 10/5/2012 9:44:53 AM
{ "createdDate" : ISODate("2012-10-05T02:44:53.22Z") } - { "count" : 1.0 } - 1 - 10/5/2012 9:44:53 AM</StdOut>
      </Output>
    </UnitTestResult>
  </Results>
</TestRun>