<?xml version="1.0" encoding="UTF-8"?>
<TestRun id="ad17d738-22e4-406e-a47a-2a8f29045725" name="parinya.c@PC_004 2012-10-05 10:14:15" runUser="CARPASSAD\parinya.c" xmlns="http://microsoft.com/schemas/VisualStudio/TeamTest/2010">
  <TestSettings name="Local" id="ef382cb5-c94e-4630-beb4-c28e26d8ecd3">
    <Description>These are default test settings for a local test run.</Description>
    <Deployment enabled="false" runDeploymentRoot="parinya.c_PC_004 2012-10-05 10_14_15">
      <DeploymentItem filename="D:\GithubRepositories\AdminChavp\AdminChavp.Test\lib\Newtonsoft.Json.dll" />
      <DeploymentItem filename="D:\GithubRepositories\AdminChavp\AdminChavp.Test\lib\MongoDB.Bson.dll" />
      <DeploymentItem filename="D:\GithubRepositories\AdminChavp\AdminChavp.Test\lib\MongoDB.Driver.dll" />
    </Deployment>
    <Execution>
      <TestTypeSpecific />
      <AgentRule name="Execution Agents">
      </AgentRule>
    </Execution>
  </TestSettings>
  <Times creation="2012-10-05T10:14:15.3193177+07:00" queuing="2012-10-05T10:14:15.3817581+07:00" start="2012-10-05T10:14:15.3973682+07:00" finish="2012-10-05T10:14:16.6930065+07:00" />
  <ResultSummary outcome="Failed">
    <Counters total="1" executed="1" error="0" failed="1" timeout="0" aborted="0" inconclusive="0" passedButRunAborted="0" notRunnable="0" notExecuted="0" disconnected="0" warning="0" passed="0" completed="0" inProgress="0" pending="0" />
  </ResultSummary>
  <TestDefinitions>
    <UnitTest name="GetDetailOfMethod" storage="d:\githubrepositories\adminchavp\adminchavp.test\bin\debug\adminchavp.test.dll" id="ac4dd233-1222-c5c0-194c-46d8d7f0a600">
      <Execution id="fd35cffc-3e3e-4c77-8c17-0660273eaa3d" />
      <TestMethod codeBase="D:/GithubRepositories/AdminChavp/AdminChavp.Test/bin/Debug/AdminChavp.Test.DLL" adapterTypeName="Microsoft.VisualStudio.TestTools.TestTypes.Unit.UnitTestAdapter, Microsoft.VisualStudio.QualityTools.Tips.UnitTest.Adapter, Version=10.0.0.0, Culture=neutral, PublicKeyToken=b03f5f7f11d50a3a" className="AdminChavp.Test.UnitTest1, AdminChavp.Test, Version=1.0.0.0, Culture=neutral, PublicKeyToken=null" name="GetDetailOfMethod" />
    </UnitTest>
  </TestDefinitions>
  <TestLists>
    <TestList name="Results Not in a List" id="8c84fa94-04c1-424b-9868-57a2d4851a1d" />
    <TestList name="All Loaded Results" id="19431567-8539-422a-85d7-44ee4e166bda" />
  </TestLists>
  <TestEntries>
    <TestEntry testId="ac4dd233-1222-c5c0-194c-46d8d7f0a600" executionId="fd35cffc-3e3e-4c77-8c17-0660273eaa3d" testListId="8c84fa94-04c1-424b-9868-57a2d4851a1d" />
  </TestEntries>
  <Results>
    <UnitTestResult executionId="fd35cffc-3e3e-4c77-8c17-0660273eaa3d" testId="ac4dd233-1222-c5c0-194c-46d8d7f0a600" testName="GetDetailOfMethod" computerName="PC_004" duration="00:00:01.0881522" startTime="2012-10-05T10:14:15.3973682+07:00" endTime="2012-10-05T10:14:16.6773964+07:00" testType="13cdc9d9-ddb5-4fa4-a97d-d965ccfc6d4b" outcome="Failed" testListId="8c84fa94-04c1-424b-9868-57a2d4851a1d" relativeResultsDirectory="fd35cffc-3e3e-4c77-8c17-0660273eaa3d">
      <Output>
        <ErrorInfo>
          <Message>Test method AdminChavp.Test.UnitTest1.GetDetailOfMethod threw exception: 
MongoDB.Driver.MongoCommandException: Command 'mapreduce' failed: db assertion failure (response: { "assertion" : "invoke failed: JS Error: ReferenceError: result is not defined nofile_b:1", "assertionCode" : 9004, "errmsg" : "db assertion failure", "ok" : 0.0 })</Message>
          <StackTrace>    at MongoDB.Driver.MongoDatabase.RunCommandAs(Type commandResultType, IMongoCommand command)
   at MongoDB.Driver.MongoDatabase.RunCommandAs[TCommandResult](IMongoCommand command)
   at MongoDB.Driver.MongoCollection.MapReduce(BsonJavaScript map, BsonJavaScript reduce, IMongoMapReduceOptions options)
   at AdminChavp.Test.UnitTest1.GetDetailOfMethod() in D:\GithubRepositories\AdminChavp\AdminChavp.Test\UnitTest1.cs:line 123
</StackTrace>
        </ErrorInfo>
      </Output>
    </UnitTestResult>
  </Results>
</TestRun>