<?xml version="1.0" encoding="UTF-8"?>
<TestRun id="5b1072e6-8c97-4528-a858-75666ad886e6" name="parinya.c@PC_004 2012-10-05 09:39:36" runUser="CARPASSAD\parinya.c" xmlns="http://microsoft.com/schemas/VisualStudio/TeamTest/2010">
  <TestSettings name="Local" id="ef382cb5-c94e-4630-beb4-c28e26d8ecd3">
    <Description>These are default test settings for a local test run.</Description>
    <Deployment enabled="false" runDeploymentRoot="parinya.c_PC_004 2012-10-05 09_39_36">
      <DeploymentItem filename="D:\GithubRepositories\AdminChavp\AdminChavp.Test\lib\Newtonsoft.Json.dll" />
      <DeploymentItem filename="D:\GithubRepositories\AdminChavp\AdminChavp.Test\lib\MongoDB.Bson.dll" />
      <DeploymentItem filename="D:\GithubRepositories\AdminChavp\AdminChavp.Test\lib\MongoDB.Driver.dll" />
    </Deployment>
    <Execution>
      <TestTypeSpecific />
      <AgentRule name="Execution Agents">
      </AgentRule>
    </Execution>
  </TestSettings>
  <Times creation="2012-10-05T09:39:36.1759802+07:00" queuing="2012-10-05T09:39:36.4100822+07:00" start="2012-10-05T09:39:36.4100822+07:00" finish="2012-10-05T09:39:37.4713446+07:00" />
  <ResultSummary outcome="Completed">
    <Counters total="2" executed="2" passed="2" error="0" failed="0" timeout="0" aborted="0" inconclusive="0" passedButRunAborted="0" notRunnable="0" notExecuted="0" disconnected="0" warning="0" completed="0" inProgress="0" pending="0" />
  </ResultSummary>
  <TestDefinitions>
    <UnitTest name="GetPerformance" storage="d:\githubrepositories\adminchavp\adminchavp.test\bin\debug\adminchavp.test.dll" id="17255675-58b2-e2a4-c0b0-aca67dff8b69">
      <Execution id="c6b764b0-c667-4f99-9c8e-ca529042bb7c" />
      <TestMethod codeBase="D:/GithubRepositories/AdminChavp/AdminChavp.Test/bin/Debug/AdminChavp.Test.DLL" adapterTypeName="Microsoft.VisualStudio.TestTools.TestTypes.Unit.UnitTestAdapter, Microsoft.VisualStudio.QualityTools.Tips.UnitTest.Adapter, Version=10.0.0.0, Culture=neutral, PublicKeyToken=b03f5f7f11d50a3a" className="AdminChavp.Test.UnitTest1, AdminChavp.Test, Version=1.0.0.0, Culture=neutral, PublicKeyToken=null" name="GetPerformance" />
    </UnitTest>
    <UnitTest name="GetDetailOfMethod" storage="d:\githubrepositories\adminchavp\adminchavp.test\bin\debug\adminchavp.test.dll" id="ac4dd233-1222-c5c0-194c-46d8d7f0a600">
      <Execution id="478daec5-c635-4492-bce5-cdfd749ea5e2" />
      <TestMethod codeBase="D:/GithubRepositories/AdminChavp/AdminChavp.Test/bin/Debug/AdminChavp.Test.DLL" adapterTypeName="Microsoft.VisualStudio.TestTools.TestTypes.Unit.UnitTestAdapter, Microsoft.VisualStudio.QualityTools.Tips.UnitTest.Adapter, Version=10.0.0.0, Culture=neutral, PublicKeyToken=b03f5f7f11d50a3a" className="AdminChavp.Test.UnitTest1, AdminChavp.Test, Version=1.0.0.0, Culture=neutral, PublicKeyToken=null" name="GetDetailOfMethod" />
    </UnitTest>
  </TestDefinitions>
  <TestLists>
    <TestList name="Results Not in a List" id="8c84fa94-04c1-424b-9868-57a2d4851a1d" />
    <TestList name="All Loaded Results" id="19431567-8539-422a-85d7-44ee4e166bda" />
  </TestLists>
  <TestEntries>
    <TestEntry testId="17255675-58b2-e2a4-c0b0-aca67dff8b69" executionId="c6b764b0-c667-4f99-9c8e-ca529042bb7c" testListId="8c84fa94-04c1-424b-9868-57a2d4851a1d" />
    <TestEntry testId="ac4dd233-1222-c5c0-194c-46d8d7f0a600" executionId="478daec5-c635-4492-bce5-cdfd749ea5e2" testListId="8c84fa94-04c1-424b-9868-57a2d4851a1d" />
  </TestEntries>
  <Results>
    <UnitTestResult executionId="c6b764b0-c667-4f99-9c8e-ca529042bb7c" testId="17255675-58b2-e2a4-c0b0-aca67dff8b69" testName="GetPerformance" computerName="PC_004" duration="00:00:00.8339833" startTime="2012-10-05T09:39:36.4100822+07:00" endTime="2012-10-05T09:39:37.4401310+07:00" testType="13cdc9d9-ddb5-4fa4-a97d-d965ccfc6d4b" outcome="Passed" testListId="8c84fa94-04c1-424b-9868-57a2d4851a1d" relativeResultsDirectory="c6b764b0-c667-4f99-9c8e-ca529042bb7c">
    </UnitTestResult>
    <UnitTestResult executionId="478daec5-c635-4492-bce5-cdfd749ea5e2" testId="ac4dd233-1222-c5c0-194c-46d8d7f0a600" testName="GetDetailOfMethod" computerName="PC_004" duration="00:00:00.0052504" startTime="2012-10-05T09:39:37.4557378+07:00" endTime="2012-10-05T09:39:37.4557378+07:00" testType="13cdc9d9-ddb5-4fa4-a97d-d965ccfc6d4b" outcome="Passed" testListId="8c84fa94-04c1-424b-9868-57a2d4851a1d" relativeResultsDirectory="478daec5-c635-4492-bce5-cdfd749ea5e2">
    </UnitTestResult>
  </Results>
</TestRun>